2012-10-13T15:34:15.505-04:00: Exception in thread "AWT-EventQueue-0" java.lang.Error: Unresolved compilation problems: 
	The import gnu cannot be resolved
	CommPortIdentifier cannot be resolved to a type
	The method getSelectedPort() from the type CommPortComboBox refers to the missing type CommPortIdentifier
	The method getSelectedPort() from the type Ts2000ControlPanel refers to the missing type CommPortIdentifier
	The method getSelectedPort() from the type Ts2000ControlPanel refers to the missing type CommPortIdentifier
	CommPortIdentifier cannot be resolved

2012-10-13T15:34:15.505-04:00: 	at edu.cusat.gs.gui.Ts2000ControlPanel.<init>(Ts2000ControlPanel.java:23)
2012-10-13T15:34:15.505-04:00: 	at edu.cusat.gs.gui.GroundSystemsPanel.initCustomComponents(GroundSystemsPanel.java:351)
2012-10-13T15:34:15.505-04:00: 	at edu.cusat.gs.gui.GroundSystemsPanel.<init>(GroundSystemsPanel.java:76)
2012-10-13T15:34:15.505-04:00: 	at jsattrak.gui.JSatTrak.showTritonInternalFrame(JSatTrak.java:2699)
2012-10-13T15:34:15.521-04:00: 	at jsattrak.gui.JSatTrak.jButtonTritonActionPerformed(JSatTrak.java:1557)
2012-10-13T15:34:15.521-04:00: 	at jsattrak.gui.JSatTrak.access$8(JSatTrak.java:1556)
2012-10-13T15:34:15.521-04:00: 	at jsattrak.gui.JSatTrak$8.actionPerformed(JSatTrak.java:877)
2012-10-13T15:34:15.521-04:00: 	at javax.swing.AbstractButton.fireActionPerformed(Unknown Source)
2012-10-13T15:34:15.521-04:00: 	at javax.swing.AbstractButton$Handler.actionPerformed(Unknown Source)
2012-10-13T15:34:15.521-04:00: 	at javax.swing.DefaultButtonModel.fireActionPerformed(Unknown Source)
2012-10-13T15:34:15.521-04:00: 	at javax.swing.DefaultButtonModel.setPressed(Unknown Source)
2012-10-13T15:34:15.521-04:00: 	at javax.swing.plaf.basic.BasicButtonListener.mouseReleased(Unknown Source)
2012-10-13T15:34:15.521-04:00: 	at org.jvnet.substance.utils.RolloverButtonListener.mouseReleased(RolloverButtonListener.java:111)
2012-10-13T15:34:15.521-04:00: 	at java.awt.AWTEventMulticaster.mouseReleased(Unknown Source)
2012-10-13T15:34:15.521-04:00: 	at java.awt.Component.processMouseEvent(Unknown Source)
2012-10-13T15:34:15.521-04:00: 	at javax.swing.JComponent.processMouseEvent(Unknown Source)
2012-10-13T15:34:15.521-04:00: 	at java.awt.Component.processEvent(Unknown Source)
2012-10-13T15:34:15.521-04:00: 	at java.awt.Container.processEvent(Unknown Source)
2012-10-13T15:34:15.521-04:00: 	at java.awt.Component.dispatchEventImpl(Unknown Source)
2012-10-13T15:34:15.521-04:00: 	at java.awt.Container.dispatchEventImpl(Unknown Source)
2012-10-13T15:34:15.521-04:00: 	at java.awt.Component.dispatchEvent(Unknown Source)
2012-10-13T15:34:15.521-04:00: 	at java.awt.LightweightDispatcher.retargetMouseEvent(Unknown Source)
2012-10-13T15:34:15.521-04:00: 	at java.awt.LightweightDispatcher.processMouseEvent(Unknown Source)
2012-10-13T15:34:15.521-04:00: 	at java.awt.LightweightDispatcher.dispatchEvent(Unknown Source)
2012-10-13T15:34:15.521-04:00: 	at java.awt.Container.dispatchEventImpl(Unknown Source)
2012-10-13T15:34:15.521-04:00: 	at java.awt.Window.dispatchEventImpl(Unknown Source)
2012-10-13T15:34:15.521-04:00: 	at java.awt.Component.dispatchEvent(Unknown Source)
2012-10-13T15:34:15.521-04:00: 	at java.awt.EventQueue.dispatchEventImpl(Unknown Source)
2012-10-13T15:34:15.521-04:00: 	at java.awt.EventQueue.access$000(Unknown Source)
2012-10-13T15:34:15.521-04:00: 	at java.awt.EventQueue$3.run(Unknown Source)
2012-10-13T15:34:15.521-04:00: 	at java.awt.EventQueue$3.run(Unknown Source)
2012-10-13T15:34:15.521-04:00: 	at java.security.AccessController.doPrivileged(Native Method)
2012-10-13T15:34:15.521-04:00: 	at java.security.ProtectionDomain$1.doIntersectionPrivilege(Unknown Source)
2012-10-13T15:34:15.521-04:00: 	at java.security.ProtectionDomain$1.doIntersectionPrivilege(Unknown Source)
2012-10-13T15:34:15.521-04:00: 	at java.awt.EventQueue$4.run(Unknown Source)
2012-10-13T15:34:15.521-04:00: 	at java.awt.EventQueue$4.run(Unknown Source)
2012-10-13T15:34:15.521-04:00: 	at java.security.AccessController.doPrivileged(Native Method)
2012-10-13T15:34:15.521-04:00: 	at java.security.ProtectionDomain$1.doIntersectionPrivilege(Unknown Source)
2012-10-13T15:34:15.521-04:00: 	at java.awt.EventQueue.dispatchEvent(Unknown Source)
2012-10-13T15:34:15.521-04:00: 	at java.awt.EventDispatchThread.pumpOneEventForFilters(Unknown Source)
2012-10-13T15:34:15.521-04:00: 	at java.awt.EventDispatchThread.pumpEventsForFilter(Unknown Source)
2012-10-13T15:34:15.521-04:00: 	at java.awt.EventDispatchThread.pumpEventsForHierarchy(Unknown Source)
2012-10-13T15:34:15.521-04:00: 	at java.awt.EventDispatchThread.pumpEvents(Unknown Source)
2012-10-13T15:34:15.521-04:00: 	at java.awt.EventDispatchThread.pumpEvents(Unknown Source)
2012-10-13T15:34:15.521-04:00: 	at java.awt.EventDispatchThread.run(Unknown Source)
2012-10-13T15:34:17.037-04:00: Exception in thread "AWT-EventQueue-0" java.lang.Error: Unresolved compilation problems: 
	The import gnu cannot be resolved
	CommPortIdentifier cannot be resolved to a type
	The method getSelectedPort() from the type CommPortComboBox refers to the missing type CommPortIdentifier
	The method getSelectedPort() from the type Ts2000ControlPanel refers to the missing type CommPortIdentifier
	The method getSelectedPort() from the type Ts2000ControlPanel refers to the missing type CommPortIdentifier
	CommPortIdentifier cannot be resolved

2012-10-13T15:34:17.037-04:00: 	at edu.cusat.gs.gui.Ts2000ControlPanel.<init>(Ts2000ControlPanel.java:23)
2012-10-13T15:34:17.037-04:00: 	at edu.cusat.gs.gui.GroundSystemsPanel.initCustomComponents(GroundSystemsPanel.java:351)
2012-10-13T15:34:17.037-04:00: 	at edu.cusat.gs.gui.GroundSystemsPanel.<init>(GroundSystemsPanel.java:76)
2012-10-13T15:34:17.037-04:00: 	at jsattrak.gui.JSatTrak.showTritonInternalFrame(JSatTrak.java:2699)
2012-10-13T15:34:17.037-04:00: 	at jsattrak.gui.JSatTrak.jButtonTritonActionPerformed(JSatTrak.java:1557)
2012-10-13T15:34:17.037-04:00: 	at jsattrak.gui.JSatTrak.access$8(JSatTrak.java:1556)
2012-10-13T15:34:17.052-04:00: 	at jsattrak.gui.JSatTrak$8.actionPerformed(JSatTrak.java:877)
2012-10-13T15:34:17.052-04:00: 	at javax.swing.AbstractButton.fireActionPerformed(Unknown Source)
2012-10-13T15:34:17.052-04:00: 	at javax.swing.AbstractButton$Handler.actionPerformed(Unknown Source)
2012-10-13T15:34:17.052-04:00: 	at javax.swing.DefaultButtonModel.fireActionPerformed(Unknown Source)
2012-10-13T15:34:17.052-04:00: 	at javax.swing.DefaultButtonModel.setPressed(Unknown Source)
2012-10-13T15:34:17.052-04:00: 	at javax.swing.plaf.basic.BasicButtonListener.mouseReleased(Unknown Source)
2012-10-13T15:34:17.052-04:00: 	at org.jvnet.substance.utils.RolloverButtonListener.mouseReleased(RolloverButtonListener.java:111)
2012-10-13T15:34:17.052-04:00: 	at java.awt.AWTEventMulticaster.mouseReleased(Unknown Source)
2012-10-13T15:34:17.052-04:00: 	at java.awt.Component.processMouseEvent(Unknown Source)
2012-10-13T15:34:17.052-04:00: 	at javax.swing.JComponent.processMouseEvent(Unknown Source)
2012-10-13T15:34:17.052-04:00: 	at java.awt.Component.processEvent(Unknown Source)
2012-10-13T15:34:17.052-04:00: 	at java.awt.Container.processEvent(Unknown Source)
2012-10-13T15:34:17.052-04:00: 	at java.awt.Component.dispatchEventImpl(Unknown Source)
2012-10-13T15:34:17.052-04:00: 	at java.awt.Container.dispatchEventImpl(Unknown Source)
2012-10-13T15:34:17.052-04:00: 	at java.awt.Component.dispatchEvent(Unknown Source)
2012-10-13T15:34:17.052-04:00: 	at java.awt.LightweightDispatcher.retargetMouseEvent(Unknown Source)
2012-10-13T15:34:17.052-04:00: 	at java.awt.LightweightDispatcher.processMouseEvent(Unknown Source)
2012-10-13T15:34:17.052-04:00: 	at java.awt.LightweightDispatcher.dispatchEvent(Unknown Source)
2012-10-13T15:34:17.052-04:00: 	at java.awt.Container.dispatchEventImpl(Unknown Source)
2012-10-13T15:34:17.052-04:00: 	at java.awt.Window.dispatchEventImpl(Unknown Source)
2012-10-13T15:34:17.052-04:00: 	at java.awt.Component.dispatchEvent(Unknown Source)
2012-10-13T15:34:17.068-04:00: 	at java.awt.EventQueue.dispatchEventImpl(Unknown Source)
2012-10-13T15:34:17.068-04:00: 	at java.awt.EventQueue.access$000(Unknown Source)
2012-10-13T15:34:17.068-04:00: 	at java.awt.EventQueue$3.run(Unknown Source)
2012-10-13T15:34:17.068-04:00: 	at java.awt.EventQueue$3.run(Unknown Source)
2012-10-13T15:34:17.068-04:00: 	at java.security.AccessController.doPrivileged(Native Method)
2012-10-13T15:34:17.068-04:00: 	at java.security.ProtectionDomain$1.doIntersectionPrivilege(Unknown Source)
2012-10-13T15:34:17.068-04:00: 	at java.security.ProtectionDomain$1.doIntersectionPrivilege(Unknown Source)
2012-10-13T15:34:17.068-04:00: 	at java.awt.EventQueue$4.run(Unknown Source)
2012-10-13T15:34:17.068-04:00: 	at java.awt.EventQueue$4.run(Unknown Source)
2012-10-13T15:34:17.068-04:00: 	at java.security.AccessController.doPrivileged(Native Method)
2012-10-13T15:34:17.068-04:00: 	at java.security.ProtectionDomain$1.doIntersectionPrivilege(Unknown Source)
2012-10-13T15:34:17.068-04:00: 	at java.awt.EventQueue.dispatchEvent(Unknown Source)
2012-10-13T15:34:17.068-04:00: 	at java.awt.EventDispatchThread.pumpOneEventForFilters(Unknown Source)
2012-10-13T15:34:17.068-04:00: 	at java.awt.EventDispatchThread.pumpEventsForFilter(Unknown Source)
2012-10-13T15:34:17.068-04:00: 	at java.awt.EventDispatchThread.pumpEventsForHierarchy(Unknown Source)
2012-10-13T15:34:17.068-04:00: 	at java.awt.EventDispatchThread.pumpEvents(Unknown Source)
2012-10-13T15:34:17.068-04:00: 	at java.awt.EventDispatchThread.pumpEvents(Unknown Source)
2012-10-13T15:34:17.068-04:00: 	at java.awt.EventDispatchThread.run(Unknown Source)
2012-10-13T15:34:17.537-04:00: Exception in thread "AWT-EventQueue-0" java.lang.Error: Unresolved compilation problems: 
	The import gnu cannot be resolved
	CommPortIdentifier cannot be resolved to a type
	The method getSelectedPort() from the type CommPortComboBox refers to the missing type CommPortIdentifier
	The method getSelectedPort() from the type Ts2000ControlPanel refers to the missing type CommPortIdentifier
	The method getSelectedPort() from the type Ts2000ControlPanel refers to the missing type CommPortIdentifier
	CommPortIdentifier cannot be resolved

2012-10-13T15:34:17.537-04:00: 	at edu.cusat.gs.gui.Ts2000ControlPanel.<init>(Ts2000ControlPanel.java:23)
2012-10-13T15:34:17.537-04:00: 	at edu.cusat.gs.gui.GroundSystemsPanel.initCustomComponents(GroundSystemsPanel.java:351)
2012-10-13T15:34:17.537-04:00: 	at edu.cusat.gs.gui.GroundSystemsPanel.<init>(GroundSystemsPanel.java:76)
2012-10-13T15:34:17.537-04:00: 	at jsattrak.gui.JSatTrak.showTritonInternalFrame(JSatTrak.java:2699)
2012-10-13T15:34:17.537-04:00: 	at jsattrak.gui.JSatTrak.jButtonTritonActionPerformed(JSatTrak.java:1557)
2012-10-13T15:34:17.537-04:00: 	at jsattrak.gui.JSatTrak.access$8(JSatTrak.java:1556)
2012-10-13T15:34:17.537-04:00: 	at jsattrak.gui.JSatTrak$8.actionPerformed(JSatTrak.java:877)
2012-10-13T15:34:17.537-04:00: 	at javax.swing.AbstractButton.fireActionPerformed(Unknown Source)
2012-10-13T15:34:17.537-04:00: 	at javax.swing.AbstractButton$Handler.actionPerformed(Unknown Source)
2012-10-13T15:34:17.552-04:00: 	at javax.swing.DefaultButtonModel.fireActionPerformed(Unknown Source)
2012-10-13T15:34:17.552-04:00: 	at javax.swing.DefaultButtonModel.setPressed(Unknown Source)
2012-10-13T15:34:17.552-04:00: 	at javax.swing.plaf.basic.BasicButtonListener.mouseReleased(Unknown Source)
2012-10-13T15:34:17.552-04:00: 	at org.jvnet.substance.utils.RolloverButtonListener.mouseReleased(RolloverButtonListener.java:111)
2012-10-13T15:34:17.552-04:00: 	at java.awt.AWTEventMulticaster.mouseReleased(Unknown Source)
2012-10-13T15:34:17.552-04:00: 	at java.awt.Component.processMouseEvent(Unknown Source)
2012-10-13T15:34:17.552-04:00: 	at javax.swing.JComponent.processMouseEvent(Unknown Source)
2012-10-13T15:34:17.552-04:00: 	at java.awt.Component.processEvent(Unknown Source)
2012-10-13T15:34:17.552-04:00: 	at java.awt.Container.processEvent(Unknown Source)
2012-10-13T15:34:17.552-04:00: 	at java.awt.Component.dispatchEventImpl(Unknown Source)
2012-10-13T15:34:17.552-04:00: 	at java.awt.Container.dispatchEventImpl(Unknown Source)
2012-10-13T15:34:17.552-04:00: 	at java.awt.Component.dispatchEvent(Unknown Source)
2012-10-13T15:34:17.552-04:00: 	at java.awt.LightweightDispatcher.retargetMouseEvent(Unknown Source)
2012-10-13T15:34:17.552-04:00: 	at java.awt.LightweightDispatcher.processMouseEvent(Unknown Source)
2012-10-13T15:34:17.552-04:00: 	at java.awt.LightweightDispatcher.dispatchEvent(Unknown Source)
2012-10-13T15:34:17.552-04:00: 	at java.awt.Container.dispatchEventImpl(Unknown Source)
2012-10-13T15:34:17.552-04:00: 	at java.awt.Window.dispatchEventImpl(Unknown Source)
2012-10-13T15:34:17.552-04:00: 	at java.awt.Component.dispatchEvent(Unknown Source)
2012-10-13T15:34:17.552-04:00: 	at java.awt.EventQueue.dispatchEventImpl(Unknown Source)
2012-10-13T15:34:17.552-04:00: 	at java.awt.EventQueue.access$000(Unknown Source)
2012-10-13T15:34:17.552-04:00: 	at java.awt.EventQueue$3.run(Unknown Source)
2012-10-13T15:34:17.552-04:00: 	at java.awt.EventQueue$3.run(Unknown Source)
2012-10-13T15:34:17.552-04:00: 	at java.security.AccessController.doPrivileged(Native Method)
2012-10-13T15:34:17.552-04:00: 	at java.security.ProtectionDomain$1.doIntersectionPrivilege(Unknown Source)
2012-10-13T15:34:17.552-04:00: 	at java.security.ProtectionDomain$1.doIntersectionPrivilege(Unknown Source)
2012-10-13T15:34:17.552-04:00: 	at java.awt.EventQueue$4.run(Unknown Source)
2012-10-13T15:34:17.552-04:00: 	at java.awt.EventQueue$4.run(Unknown Source)
2012-10-13T15:34:17.552-04:00: 	at java.security.AccessController.doPrivileged(Native Method)
2012-10-13T15:34:17.552-04:00: 	at java.security.ProtectionDomain$1.doIntersectionPrivilege(Unknown Source)
2012-10-13T15:34:17.552-04:00: 	at java.awt.EventQueue.dispatchEvent(Unknown Source)
2012-10-13T15:34:17.552-04:00: 	at java.awt.EventDispatchThread.pumpOneEventForFilters(Unknown Source)
2012-10-13T15:34:17.552-04:00: 	at java.awt.EventDispatchThread.pumpEventsForFilter(Unknown Source)
2012-10-13T15:34:17.552-04:00: 	at java.awt.EventDispatchThread.pumpEventsForHierarchy(Unknown Source)
2012-10-13T15:34:17.552-04:00: 	at java.awt.EventDispatchThread.pumpEvents(Unknown Source)
2012-10-13T15:34:17.552-04:00: 	at java.awt.EventDispatchThread.pumpEvents(Unknown Source)
2012-10-13T15:34:17.552-04:00: 	at java.awt.EventDispatchThread.run(Unknown Source)
