2012-10-26T16:44:23.670-04:00: Stable Library
2012-10-26T16:44:23.686-04:00: =========================================
2012-10-26T16:44:23.686-04:00: Native lib Version = RXTX-2.1-7
2012-10-26T16:44:23.686-04:00: Java lib Version   = RXTX-2.1-7
2012-10-26T16:44:38.358-04:00: Sending to TS-2000: SQ1050;
2012-10-26T16:44:38.358-04:00: Sending to TS-2000: DC;
2012-10-26T16:44:38.358-04:00: Sending to TS-2000: AG0050;
2012-10-26T16:44:38.358-04:00: Sending to TS-2000: FR;
2012-10-26T16:44:38.358-04:00: Sending to TS-2000: AG;
2012-10-26T16:44:38.358-04:00: Sending to TS-2000: FT;
2012-10-26T16:44:38.358-04:00: Sending to TS-2000: RG050;
2012-10-26T16:44:38.374-04:00: Sending to TS-2000: FA;
2012-10-26T16:44:38.374-04:00: Sending to TS-2000: RG;
2012-10-26T16:44:38.374-04:00: Sending to TS-2000: FB;
2012-10-26T16:44:38.374-04:00: Sending to TS-2000: FC;
2012-10-26T16:44:38.374-04:00: Sending to TS-2000: MD;
2012-10-26T16:44:38.374-04:00: Sending to TS-2000: BY;
2012-10-26T16:44:38.389-04:00: Sending to TS-2000: SM0;
2012-10-26T16:44:48.358-04:00: Sending to TS-2000: DC;
2012-10-26T16:44:48.358-04:00: Sending to TS-2000: FR;
2012-10-26T16:44:48.358-04:00: Sending to TS-2000: FT;
2012-10-26T16:44:48.358-04:00: Sending to TS-2000: FA;
2012-10-26T16:44:48.358-04:00: Sending to TS-2000: FB;
2012-10-26T16:44:48.358-04:00: Sending to TS-2000: FC;
2012-10-26T16:44:48.374-04:00: Sending to TS-2000: MD;
2012-10-26T16:44:48.374-04:00: Sending to TS-2000: BY;
2012-10-26T16:44:48.374-04:00: Sending to TS-2000: SM0;
2012-10-26T16:44:58.420-04:00: Sending to TS-2000: SQ1050;
2012-10-26T16:44:58.420-04:00: Sending to TS-2000: DC;
2012-10-26T16:44:58.436-04:00: Sending to TS-2000: AG0050;
2012-10-26T16:44:58.436-04:00: Sending to TS-2000: FR;
2012-10-26T16:44:58.436-04:00: Sending to TS-2000: AG;
2012-10-26T16:44:58.436-04:00: Sending to TS-2000: FT;
2012-10-26T16:44:58.436-04:00: Sending to TS-2000: RG050;
2012-10-26T16:44:58.436-04:00: Sending to TS-2000: FA;
2012-10-26T16:44:58.436-04:00: Sending to TS-2000: RG;
2012-10-26T16:44:58.436-04:00: Sending to TS-2000: FB;
2012-10-26T16:44:58.436-04:00: Sending to TS-2000: FC;
2012-10-26T16:44:58.436-04:00: Sending to TS-2000: MD;
2012-10-26T16:44:58.436-04:00: Sending to TS-2000: BY;
2012-10-26T16:44:58.452-04:00: Sending to TS-2000: SM0;
2012-10-26T16:45:21.202-04:00: Sending to TS-2000: SQ1050;
2012-10-26T16:45:21.202-04:00: Sending to TS-2000: DC;
2012-10-26T16:45:21.202-04:00: Sending to TS-2000: AG0050;
2012-10-26T16:45:21.202-04:00: Sending to TS-2000: AG;
2012-10-26T16:45:21.217-04:00: Sending to TS-2000: RG050;
2012-10-26T16:45:21.217-04:00: Sending to TS-2000: RG;
2012-10-26T16:45:21.217-04:00: Sending to TS-2000: FR;
2012-10-26T16:45:21.217-04:00: Sending to TS-2000: FT;
2012-10-26T16:45:21.217-04:00: Sending to TS-2000: FA;
2012-10-26T16:45:21.217-04:00: Sending to TS-2000: FB;
2012-10-26T16:45:21.233-04:00: Sending to TS-2000: FC;
2012-10-26T16:45:21.233-04:00: Sending to TS-2000: MD;
2012-10-26T16:45:21.233-04:00: Sending to TS-2000: BY;
2012-10-26T16:45:21.233-04:00: Sending to TS-2000: SM0;
