2012-10-13T15:57:53.427-04:00: Stable Library
2012-10-13T15:57:53.427-04:00: =========================================
2012-10-13T15:57:53.427-04:00: Native lib Version = RXTX-2.1-7
2012-10-13T15:57:53.427-04:00: Java lib Version   = RXTX-2.1-7
2012-10-13T16:05:32.130-04:00: java.net.BindException: Address already in use: JVM_Bind
2012-10-13T16:05:32.130-04:00: 	at java.net.TwoStacksPlainSocketImpl.socketBind(Native Method)
2012-10-13T16:05:32.130-04:00: 	at java.net.AbstractPlainSocketImpl.bind(Unknown Source)
2012-10-13T16:05:32.130-04:00: 	at java.net.TwoStacksPlainSocketImpl.bind(Unknown Source)
2012-10-13T16:05:32.130-04:00: 	at java.net.PlainSocketImpl.bind(Unknown Source)
2012-10-13T16:05:32.130-04:00: 	at java.net.ServerSocket.bind(Unknown Source)
2012-10-13T16:05:32.130-04:00: 	at java.net.ServerSocket.<init>(Unknown Source)
2012-10-13T16:05:32.130-04:00: 	at java.net.ServerSocket.<init>(Unknown Source)
2012-10-13T16:05:32.130-04:00: 	at edu.cusat.gs.rfgateway.SimServer.<init>(SimServer.java:34)
2012-10-13T16:05:32.130-04:00: 	at edu.cusat.gs.rfgateway.GatewayMgr.connectToSim(GatewayMgr.java:290)
2012-10-13T16:05:32.146-04:00: 	at edu.cusat.gs.gui.RfGatewayPanel.simConnectBtnActionPerformed(RfGatewayPanel.java:115)
2012-10-13T16:05:32.146-04:00: 	at edu.cusat.gs.gui.RfGatewayPanel.access$3(RfGatewayPanel.java:113)
2012-10-13T16:05:32.146-04:00: 	at edu.cusat.gs.gui.RfGatewayPanel$3.actionPerformed(RfGatewayPanel.java:310)
2012-10-13T16:05:32.146-04:00: 	at javax.swing.AbstractButton.fireActionPerformed(Unknown Source)
2012-10-13T16:05:32.146-04:00: 	at javax.swing.AbstractButton$Handler.actionPerformed(Unknown Source)
2012-10-13T16:05:32.146-04:00: 	at javax.swing.DefaultButtonModel.fireActionPerformed(Unknown Source)
2012-10-13T16:05:32.146-04:00: 	at javax.swing.DefaultButtonModel.setPressed(Unknown Source)
2012-10-13T16:05:32.146-04:00: 	at javax.swing.plaf.basic.BasicButtonListener.mouseReleased(Unknown Source)
2012-10-13T16:05:32.146-04:00: 	at org.jvnet.substance.utils.RolloverButtonListener.mouseReleased(RolloverButtonListener.java:111)
2012-10-13T16:05:32.146-04:00: 	at java.awt.Component.processMouseEvent(Unknown Source)
2012-10-13T16:05:32.146-04:00: 	at javax.swing.JComponent.processMouseEvent(Unknown Source)
2012-10-13T16:05:32.146-04:00: 	at java.awt.Component.processEvent(Unknown Source)
2012-10-13T16:05:32.146-04:00: 	at java.awt.Container.processEvent(Unknown Source)
2012-10-13T16:05:32.146-04:00: 	at java.awt.Component.dispatchEventImpl(Unknown Source)
2012-10-13T16:05:32.146-04:00: 	at java.awt.Container.dispatchEventImpl(Unknown Source)
2012-10-13T16:05:32.146-04:00: 	at java.awt.Component.dispatchEvent(Unknown Source)
2012-10-13T16:05:32.146-04:00: 	at java.awt.LightweightDispatcher.retargetMouseEvent(Unknown Source)
2012-10-13T16:05:32.146-04:00: 	at java.awt.LightweightDispatcher.processMouseEvent(Unknown Source)
2012-10-13T16:05:32.146-04:00: 	at java.awt.LightweightDispatcher.dispatchEvent(Unknown Source)
2012-10-13T16:05:32.146-04:00: 	at java.awt.Container.dispatchEventImpl(Unknown Source)
2012-10-13T16:05:32.146-04:00: 	at java.awt.Window.dispatchEventImpl(Unknown Source)
2012-10-13T16:05:32.146-04:00: 	at java.awt.Component.dispatchEvent(Unknown Source)
2012-10-13T16:05:32.146-04:00: 	at java.awt.EventQueue.dispatchEventImpl(Unknown Source)
2012-10-13T16:05:32.146-04:00: 	at java.awt.EventQueue.access$000(Unknown Source)
2012-10-13T16:05:32.146-04:00: 	at java.awt.EventQueue$3.run(Unknown Source)
2012-10-13T16:05:32.146-04:00: 	at java.awt.EventQueue$3.run(Unknown Source)
2012-10-13T16:05:32.146-04:00: 	at java.security.AccessController.doPrivileged(Native Method)
2012-10-13T16:05:32.162-04:00: 	at java.security.ProtectionDomain$1.doIntersectionPrivilege(Unknown Source)
2012-10-13T16:05:32.162-04:00: 	at java.security.ProtectionDomain$1.doIntersectionPrivilege(Unknown Source)
2012-10-13T16:05:32.162-04:00: 	at java.awt.EventQueue$4.run(Unknown Source)
2012-10-13T16:05:32.162-04:00: 	at java.awt.EventQueue$4.run(Unknown Source)
2012-10-13T16:05:32.162-04:00: 	at java.security.AccessController.doPrivileged(Native Method)
2012-10-13T16:05:32.162-04:00: 	at java.security.ProtectionDomain$1.doIntersectionPrivilege(Unknown Source)
2012-10-13T16:05:32.162-04:00: 	at java.awt.EventQueue.dispatchEvent(Unknown Source)
2012-10-13T16:05:32.162-04:00: 	at java.awt.EventDispatchThread.pumpOneEventForFilters(Unknown Source)
2012-10-13T16:05:32.162-04:00: 	at java.awt.EventDispatchThread.pumpEventsForFilter(Unknown Source)
2012-10-13T16:05:32.162-04:00: 	at java.awt.EventDispatchThread.pumpEventsForHierarchy(Unknown Source)
2012-10-13T16:05:32.162-04:00: 	at java.awt.EventDispatchThread.pumpEvents(Unknown Source)
2012-10-13T16:05:32.162-04:00: 	at java.awt.EventDispatchThread.pumpEvents(Unknown Source)
2012-10-13T16:05:32.162-04:00: 	at java.awt.EventDispatchThread.run(Unknown Source)
2012-10-13T16:06:06.505-04:00: java.net.BindException: Address already in use: JVM_Bind
2012-10-13T16:06:06.505-04:00: 	at java.net.TwoStacksPlainSocketImpl.socketBind(Native Method)
2012-10-13T16:06:06.505-04:00: 	at java.net.AbstractPlainSocketImpl.bind(Unknown Source)
2012-10-13T16:06:06.505-04:00: 	at java.net.TwoStacksPlainSocketImpl.bind(Unknown Source)
2012-10-13T16:06:06.505-04:00: 	at java.net.PlainSocketImpl.bind(Unknown Source)
2012-10-13T16:06:06.505-04:00: 	at java.net.ServerSocket.bind(Unknown Source)
2012-10-13T16:06:06.505-04:00: 	at java.net.ServerSocket.<init>(Unknown Source)
2012-10-13T16:06:06.505-04:00: 	at java.net.ServerSocket.<init>(Unknown Source)
2012-10-13T16:06:06.505-04:00: 	at edu.cusat.gs.rfgateway.SimServer.<init>(SimServer.java:34)
2012-10-13T16:06:06.505-04:00: 	at edu.cusat.gs.rfgateway.GatewayMgr.connectToSim(GatewayMgr.java:290)
2012-10-13T16:06:06.505-04:00: 	at edu.cusat.gs.gui.RfGatewayPanel.simConnectBtnActionPerformed(RfGatewayPanel.java:115)
2012-10-13T16:06:06.505-04:00: 	at edu.cusat.gs.gui.RfGatewayPanel.access$3(RfGatewayPanel.java:113)
2012-10-13T16:06:06.505-04:00: 	at edu.cusat.gs.gui.RfGatewayPanel$3.actionPerformed(RfGatewayPanel.java:310)
2012-10-13T16:06:06.505-04:00: 	at javax.swing.AbstractButton.fireActionPerformed(Unknown Source)
2012-10-13T16:06:06.505-04:00: 	at javax.swing.AbstractButton$Handler.actionPerformed(Unknown Source)
2012-10-13T16:06:06.505-04:00: 	at javax.swing.DefaultButtonModel.fireActionPerformed(Unknown Source)
2012-10-13T16:06:06.505-04:00: 	at javax.swing.DefaultButtonModel.setPressed(Unknown Source)
2012-10-13T16:06:06.505-04:00: 	at javax.swing.plaf.basic.BasicButtonListener.mouseReleased(Unknown Source)
2012-10-13T16:06:06.505-04:00: 	at org.jvnet.substance.utils.RolloverButtonListener.mouseReleased(RolloverButtonListener.java:111)
2012-10-13T16:06:06.505-04:00: 	at java.awt.Component.processMouseEvent(Unknown Source)
2012-10-13T16:06:06.505-04:00: 	at javax.swing.JComponent.processMouseEvent(Unknown Source)
2012-10-13T16:06:06.505-04:00: 	at java.awt.Component.processEvent(Unknown Source)
2012-10-13T16:06:06.521-04:00: 	at java.awt.Container.processEvent(Unknown Source)
2012-10-13T16:06:06.521-04:00: 	at java.awt.Component.dispatchEventImpl(Unknown Source)
2012-10-13T16:06:06.521-04:00: 	at java.awt.Container.dispatchEventImpl(Unknown Source)
2012-10-13T16:06:06.521-04:00: 	at java.awt.Component.dispatchEvent(Unknown Source)
2012-10-13T16:06:06.521-04:00: 	at java.awt.LightweightDispatcher.retargetMouseEvent(Unknown Source)
2012-10-13T16:06:06.521-04:00: 	at java.awt.LightweightDispatcher.processMouseEvent(Unknown Source)
2012-10-13T16:06:06.521-04:00: 	at java.awt.LightweightDispatcher.dispatchEvent(Unknown Source)
2012-10-13T16:06:06.521-04:00: 	at java.awt.Container.dispatchEventImpl(Unknown Source)
2012-10-13T16:06:06.521-04:00: 	at java.awt.Window.dispatchEventImpl(Unknown Source)
2012-10-13T16:06:06.521-04:00: 	at java.awt.Component.dispatchEvent(Unknown Source)
2012-10-13T16:06:06.521-04:00: 	at java.awt.EventQueue.dispatchEventImpl(Unknown Source)
2012-10-13T16:06:06.521-04:00: 	at java.awt.EventQueue.access$000(Unknown Source)
2012-10-13T16:06:06.521-04:00: 	at java.awt.EventQueue$3.run(Unknown Source)
2012-10-13T16:06:06.521-04:00: 	at java.awt.EventQueue$3.run(Unknown Source)
2012-10-13T16:06:06.521-04:00: 	at java.security.AccessController.doPrivileged(Native Method)
2012-10-13T16:06:06.521-04:00: 	at java.security.ProtectionDomain$1.doIntersectionPrivilege(Unknown Source)
2012-10-13T16:06:06.521-04:00: 	at java.security.ProtectionDomain$1.doIntersectionPrivilege(Unknown Source)
2012-10-13T16:06:06.521-04:00: 	at java.awt.EventQueue$4.run(Unknown Source)
2012-10-13T16:06:06.521-04:00: 	at java.awt.EventQueue$4.run(Unknown Source)
2012-10-13T16:06:06.521-04:00: 	at java.security.AccessController.doPrivileged(Native Method)
2012-10-13T16:06:06.521-04:00: 	at java.security.ProtectionDomain$1.doIntersectionPrivilege(Unknown Source)
2012-10-13T16:06:06.521-04:00: 	at java.awt.EventQueue.dispatchEvent(Unknown Source)
2012-10-13T16:06:06.521-04:00: 	at java.awt.EventDispatchThread.pumpOneEventForFilters(Unknown Source)
2012-10-13T16:06:06.521-04:00: 	at java.awt.EventDispatchThread.pumpEventsForFilter(Unknown Source)
2012-10-13T16:06:06.521-04:00: 	at java.awt.EventDispatchThread.pumpEventsForHierarchy(Unknown Source)
2012-10-13T16:06:06.521-04:00: 	at java.awt.EventDispatchThread.pumpEvents(Unknown Source)
2012-10-13T16:06:06.521-04:00: 	at java.awt.EventDispatchThread.pumpEvents(Unknown Source)
2012-10-13T16:06:06.521-04:00: 	at java.awt.EventDispatchThread.run(Unknown Source)
