2012-11-10T17:39:36.984-05:00: Stable Library
2012-11-10T17:39:37.000-05:00: =========================================
2012-11-10T17:39:37.000-05:00: Native lib Version = RXTX-2.1-7
2012-11-10T17:39:37.000-05:00: Java lib Version   = RXTX-2.1-7
2012-11-10T17:40:23.062-05:00: ?
?ETS 1?BC 1DTB 1PC 1,3FQ 00437405000,6SV 0DL 0?


bbRAM loaded with defaults



TASCO Radio Modem
AX.25 Level 2 Version 2.0
Release 09/15/99 2Chip ver 2.00
Checksum $CF
cmd:RESET



bbRAM loaded with defaults



TASCO Radio Modem
AX.25 Level 2 Version 2.0
Release 09/15/99 2Chip ver 2.00
Checksum $CF
cmd:
cmd:HB 1200
HBAUD    was 1200
cmd:
cmd:F OFF
FLOW     was ON
cmd:
cmd:XFLOW OFF
XFLOW    was ON
cmd:
cmd:PACLEN 0
PACLEN   was 128
cmd:
cmd:MAXFRAME 1
MAXFRAME was 4
cmd:
cmd:PPERSIST OFF
PPERSIST was ON
cmd:
cmd:KISS ON
KISS     was OFF
cmd:RESTART
TS 1APO 0BC 1DTB 1PC 1,3FQ 00437405000,6SV 0DL 0?


bbRAM loaded with defaults



TASCO Radio Modem
AX.25 Level 2 Version 2.0
Release 09/15/99 2Chip ver 2.00
Checksum $CF
cmd:RESET



bbRAM loaded with defaults



TASCO Radio Modem
AX.25 Level 2 Version 2.0
Release 09/15/99 2Chip ver 2.00
Checksum $CF
cmd:
cmd:HB 1200
HBAUD    was 1200
cmd:
cmd:F OFF
FLOW     was ON
cmd:
cmd:XFLOW OFF
XFLOW    was ON
cmd:
cmd:PACLEN 0
PACLEN   was 128
cmd:
cmd:MAXFRAME 1
MAXFRAME was 4
cmd:
cmd:PPERSIST OFF
PPERSIST was ON
cmd:
cmd:KISS ON
KISS     was OFF
cmd:RESTART
