2012-10-26T16:46:12.358-04:00: Stable Library
2012-10-26T16:46:12.358-04:00: =========================================
2012-10-26T16:46:12.358-04:00: Native lib Version = RXTX-2.1-7
2012-10-26T16:46:12.374-04:00: Java lib Version   = RXTX-2.1-7
2012-10-26T16:46:20.702-04:00: Sending to TS-2000: SQ1050;
2012-10-26T16:46:20.702-04:00: Sending to TS-2000: DC;
2012-10-26T16:46:20.702-04:00: Sending to TS-2000: AG0050;
2012-10-26T16:46:20.702-04:00: Sending to TS-2000: FR;
2012-10-26T16:46:20.702-04:00: Sending to TS-2000: FT;
2012-10-26T16:46:20.717-04:00: Sending to TS-2000: AG;
2012-10-26T16:46:20.733-04:00: Sending to TS-2000: FA;
2012-10-26T16:46:20.733-04:00: Sending to TS-2000: RG050;
2012-10-26T16:46:20.733-04:00: Sending to TS-2000: FB;
2012-10-26T16:46:20.733-04:00: Sending to TS-2000: RG;
2012-10-26T16:46:20.764-04:00: Sending to TS-2000: FC;
2012-10-26T16:46:20.780-04:00: Sending to TS-2000: MD;
2012-10-26T16:46:20.780-04:00: Sending to TS-2000: BY;
2012-10-26T16:46:20.780-04:00: Sending to TS-2000: SM0;
2012-10-26T16:46:30.499-04:00: Sending to TS-2000: SQ1050;
2012-10-26T16:46:30.499-04:00: Sending to TS-2000: DC;
2012-10-26T16:46:30.514-04:00: Sending to TS-2000: AG0050;
2012-10-26T16:46:30.514-04:00: Sending to TS-2000: FR;
2012-10-26T16:46:30.514-04:00: Sending to TS-2000: AG;
2012-10-26T16:46:30.514-04:00: Sending to TS-2000: FT;
2012-10-26T16:46:30.514-04:00: Sending to TS-2000: RG050;
2012-10-26T16:46:30.514-04:00: Sending to TS-2000: FA;
2012-10-26T16:46:30.514-04:00: Sending to TS-2000: RG;
2012-10-26T16:46:30.530-04:00: Sending to TS-2000: FB;
2012-10-26T16:46:30.530-04:00: Sending to TS-2000: FC;
2012-10-26T16:46:30.530-04:00: Sending to TS-2000: MD;
2012-10-26T16:46:30.530-04:00: Sending to TS-2000: BY;
2012-10-26T16:46:30.530-04:00: Sending to TS-2000: SM0;
2012-10-26T16:46:30.702-04:00: Sending to TS-2000: DC;
2012-10-26T16:46:30.702-04:00: Sending to TS-2000: FR;
2012-10-26T16:46:30.702-04:00: Sending to TS-2000: FT;
2012-10-26T16:46:30.702-04:00: Sending to TS-2000: FA;
2012-10-26T16:46:30.702-04:00: Sending to TS-2000: FB;
2012-10-26T16:46:30.702-04:00: Sending to TS-2000: FC;
2012-10-26T16:46:30.702-04:00: Sending to TS-2000: MD;
2012-10-26T16:46:30.717-04:00: Sending to TS-2000: BY;
2012-10-26T16:46:30.717-04:00: Sending to TS-2000: SM0;
2012-10-26T16:47:03.124-04:00: Sending to TS-2000: SQ1050;
2012-10-26T16:47:03.124-04:00: Sending to TS-2000: DC;
2012-10-26T16:47:03.124-04:00: Sending to TS-2000: FR;
2012-10-26T16:47:03.124-04:00: Sending to TS-2000: FT;
2012-10-26T16:47:03.124-04:00: Sending to TS-2000: FA;
2012-10-26T16:47:03.124-04:00: Sending to TS-2000: FB;
2012-10-26T16:47:03.124-04:00: Sending to TS-2000: FC;
2012-10-26T16:47:03.124-04:00: Sending to TS-2000: MD;
2012-10-26T16:47:03.139-04:00: Sending to TS-2000: BY;
2012-10-26T16:47:03.139-04:00: Sending to TS-2000: SM0;
2012-10-26T16:47:03.139-04:00: Sending to TS-2000: AG0050;
2012-10-26T16:47:03.139-04:00: Sending to TS-2000: AG;
2012-10-26T16:47:03.139-04:00: Sending to TS-2000: RG050;
2012-10-26T16:47:03.139-04:00: Sending to TS-2000: RG;
2012-10-26T16:47:08.124-04:00: Sending to TS-2000: SQ1050;
2012-10-26T16:47:08.124-04:00: Sending to TS-2000: DC;
2012-10-26T16:47:52.749-04:00: Sending to TS-2000: AG0050;
2012-10-26T16:47:52.749-04:00: Sending to TS-2000: FR;
2012-10-26T16:47:52.749-04:00: Sending to TS-2000: AG;
2012-10-26T16:47:52.764-04:00: Sending to TS-2000: FT;
2012-10-26T16:47:52.764-04:00: Sending to TS-2000: RG050;
2012-10-26T16:47:52.764-04:00: Sending to TS-2000: FA;
2012-10-26T16:47:52.764-04:00: Sending to TS-2000: RG;
2012-10-26T16:47:52.780-04:00: Sending to TS-2000: FB;
2012-10-26T16:47:52.780-04:00: Sending to TS-2000: FC;
2012-10-26T16:47:52.780-04:00: Sending to TS-2000: MD;
2012-10-26T16:47:52.795-04:00: Sending to TS-2000: BY;
2012-10-26T16:47:52.795-04:00: Sending to TS-2000: SM0;
2012-10-26T16:47:52.795-04:00: Sending to TS-2000: DC;
2012-10-26T16:47:52.795-04:00: Sending to TS-2000: FR;
2012-10-26T16:47:52.795-04:00: Sending to TS-2000: FT;
2012-10-26T16:47:52.811-04:00: Sending to TS-2000: FA;
2012-10-26T16:47:52.811-04:00: Sending to TS-2000: FB;
2012-10-26T16:47:52.811-04:00: Sending to TS-2000: FC;
2012-10-26T16:47:52.811-04:00: Sending to TS-2000: MD;
2012-10-26T16:47:52.811-04:00: Sending to TS-2000: BY;
2012-10-26T16:47:52.827-04:00: Sending to TS-2000: SM0;
2012-10-26T16:47:52.827-04:00: Sending to TS-2000: DC;
2012-10-26T16:47:52.827-04:00: Sending to TS-2000: FR;
2012-10-26T16:47:52.827-04:00: Sending to TS-2000: FT;
2012-10-26T16:47:52.842-04:00: Sending to TS-2000: FA;
2012-10-26T16:47:52.842-04:00: Sending to TS-2000: FB;
2012-10-26T16:47:52.842-04:00: Sending to TS-2000: FC;
2012-10-26T16:47:52.842-04:00: Sending to TS-2000: MD;
2012-10-26T16:47:52.842-04:00: Sending to TS-2000: BY;
2012-10-26T16:47:52.842-04:00: Sending to TS-2000: SM0;
2012-10-26T16:47:52.858-04:00: Sending to TS-2000: DC;
2012-10-26T16:47:52.858-04:00: Sending to TS-2000: FR;
2012-10-26T16:47:52.858-04:00: Sending to TS-2000: FT;
2012-10-26T16:47:52.858-04:00: Sending to TS-2000: FA;
2012-10-26T16:47:52.874-04:00: Sending to TS-2000: FB;
2012-10-26T16:47:52.874-04:00: Sending to TS-2000: FC;
2012-10-26T16:47:52.874-04:00: Sending to TS-2000: MD;
2012-10-26T16:47:52.874-04:00: Sending to TS-2000: BY;
2012-10-26T16:47:52.874-04:00: Sending to TS-2000: SM0;
2012-10-26T16:47:52.889-04:00: Sending to TS-2000: DC;
2012-10-26T16:47:52.889-04:00: Sending to TS-2000: FR;
2012-10-26T16:47:52.889-04:00: Sending to TS-2000: FT;
2012-10-26T16:47:52.889-04:00: Sending to TS-2000: FA;
2012-10-26T16:47:52.889-04:00: Sending to TS-2000: FB;
2012-10-26T16:47:52.905-04:00: Sending to TS-2000: FC;
2012-10-26T16:47:52.905-04:00: Sending to TS-2000: MD;
2012-10-26T16:47:52.905-04:00: Sending to TS-2000: BY;
2012-10-26T16:47:52.905-04:00: Sending to TS-2000: SM0;
2012-10-26T16:47:53.327-04:00: Sending to TS-2000: SQ1050;
2012-10-26T16:47:53.327-04:00: Sending to TS-2000: DC;
2012-10-26T16:47:53.327-04:00: Sending to TS-2000: AG0050;
2012-10-26T16:47:53.342-04:00: Sending to TS-2000: FR;
2012-10-26T16:47:53.342-04:00: Sending to TS-2000: AG;
2012-10-26T16:47:53.342-04:00: Sending to TS-2000: FT;
2012-10-26T16:47:53.358-04:00: Sending to TS-2000: RG050;
2012-10-26T16:47:53.358-04:00: Sending to TS-2000: FA;
2012-10-26T16:47:53.358-04:00: Sending to TS-2000: RG;
2012-10-26T16:47:53.358-04:00: Sending to TS-2000: FB;
2012-10-26T16:47:53.374-04:00: Sending to TS-2000: FC;
2012-10-26T16:47:53.374-04:00: Sending to TS-2000: MD;
2012-10-26T16:47:53.374-04:00: Sending to TS-2000: BY;
2012-10-26T16:47:53.374-04:00: Sending to TS-2000: SM0;
2012-10-26T16:48:02.795-04:00: Sending to TS-2000: DC;
2012-10-26T16:48:02.795-04:00: Sending to TS-2000: FR;
2012-10-26T16:48:02.795-04:00: Sending to TS-2000: FT;
2012-10-26T16:48:02.795-04:00: Sending to TS-2000: FA;
2012-10-26T16:48:02.795-04:00: Sending to TS-2000: FB;
2012-10-26T16:48:02.795-04:00: Sending to TS-2000: FC;
2012-10-26T16:48:02.811-04:00: Sending to TS-2000: MD;
2012-10-26T16:48:02.811-04:00: Sending to TS-2000: BY;
2012-10-26T16:48:02.811-04:00: Sending to TS-2000: SM0;
2012-10-26T16:48:02.827-04:00: Sending to TS-2000: DC;
2012-10-26T16:48:02.827-04:00: Sending to TS-2000: FR;
2012-10-26T16:48:02.827-04:00: Sending to TS-2000: FT;
2012-10-26T16:48:02.842-04:00: Sending to TS-2000: FA;
2012-10-26T16:48:02.842-04:00: Sending to TS-2000: FB;
2012-10-26T16:48:02.842-04:00: Sending to TS-2000: FC;
2012-10-26T16:48:02.842-04:00: Sending to TS-2000: MD;
2012-10-26T16:48:02.842-04:00: Sending to TS-2000: BY;
2012-10-26T16:48:02.858-04:00: Sending to TS-2000: SM0;
2012-10-26T16:48:02.858-04:00: Sending to TS-2000: DC;
2012-10-26T16:48:02.858-04:00: Sending to TS-2000: FR;
2012-10-26T16:48:02.858-04:00: Sending to TS-2000: FT;
2012-10-26T16:48:02.858-04:00: Sending to TS-2000: FA;
2012-10-26T16:48:02.874-04:00: Sending to TS-2000: FB;
2012-10-26T16:48:02.874-04:00: Sending to TS-2000: FC;
2012-10-26T16:48:02.874-04:00: Sending to TS-2000: MD;
2012-10-26T16:48:02.874-04:00: Sending to TS-2000: BY;
2012-10-26T16:48:02.874-04:00: Sending to TS-2000: SM0;
2012-10-26T16:48:02.889-04:00: Sending to TS-2000: DC;
2012-10-26T16:48:02.889-04:00: Sending to TS-2000: FR;
2012-10-26T16:48:02.889-04:00: Sending to TS-2000: FT;
2012-10-26T16:48:02.889-04:00: Sending to TS-2000: FA;
2012-10-26T16:48:02.905-04:00: Sending to TS-2000: FB;
2012-10-26T16:48:02.905-04:00: Sending to TS-2000: FC;
2012-10-26T16:48:02.905-04:00: Sending to TS-2000: MD;
2012-10-26T16:48:02.905-04:00: Sending to TS-2000: BY;
2012-10-26T16:48:02.905-04:00: Sending to TS-2000: SM0;
2012-10-26T16:48:03.327-04:00: Sending to TS-2000: DC;
2012-10-26T16:48:03.327-04:00: Sending to TS-2000: FR;
2012-10-26T16:48:03.327-04:00: Sending to TS-2000: FT;
2012-10-26T16:48:03.327-04:00: Sending to TS-2000: FA;
2012-10-26T16:48:03.327-04:00: Sending to TS-2000: FB;
2012-10-26T16:48:03.327-04:00: Sending to TS-2000: FC;
2012-10-26T16:48:03.342-04:00: Sending to TS-2000: MD;
2012-10-26T16:48:03.342-04:00: Sending to TS-2000: BY;
2012-10-26T16:48:03.342-04:00: Sending to TS-2000: SM0;
