2012-10-13T15:37:47.552-04:00: java.lang.UnsatisfiedLinkError: no rxtxSerial in java.library.path thrown while loading gnu.io.RXTXCommDriver
2012-10-13T15:37:47.552-04:00: Exception in thread "AWT-EventQueue-0" java.lang.UnsatisfiedLinkError: no rxtxSerial in java.library.path
2012-10-13T15:37:47.552-04:00: 	at java.lang.ClassLoader.loadLibrary(Unknown Source)
2012-10-13T15:37:47.552-04:00: 	at java.lang.Runtime.loadLibrary0(Unknown Source)
2012-10-13T15:37:47.552-04:00: 	at java.lang.System.loadLibrary(Unknown Source)
2012-10-13T15:37:47.552-04:00: 	at gnu.io.CommPortIdentifier.<clinit>(CommPortIdentifier.java:83)
2012-10-13T15:37:47.552-04:00: 	at jsattrak.gui.CommPortComboBox.<init>(CommPortComboBox.java:30)
2012-10-13T15:37:47.552-04:00: 	at edu.cusat.gs.gui.Ts2000ControlPanel.initComponents(Ts2000ControlPanel.java:302)
2012-10-13T15:37:47.552-04:00: 	at edu.cusat.gs.gui.Ts2000ControlPanel.<init>(Ts2000ControlPanel.java:44)
2012-10-13T15:37:47.552-04:00: 	at edu.cusat.gs.gui.GroundSystemsPanel.initCustomComponents(GroundSystemsPanel.java:351)
2012-10-13T15:37:47.552-04:00: 	at edu.cusat.gs.gui.GroundSystemsPanel.<init>(GroundSystemsPanel.java:76)
2012-10-13T15:37:47.552-04:00: 	at jsattrak.gui.JSatTrak.showTritonInternalFrame(JSatTrak.java:2699)
2012-10-13T15:37:47.552-04:00: 	at jsattrak.gui.JSatTrak.jButtonTritonActionPerformed(JSatTrak.java:1557)
2012-10-13T15:37:47.552-04:00: 	at jsattrak.gui.JSatTrak.access$8(JSatTrak.java:1556)
2012-10-13T15:37:47.552-04:00: 	at jsattrak.gui.JSatTrak$8.actionPerformed(JSatTrak.java:877)
2012-10-13T15:37:47.552-04:00: 	at javax.swing.AbstractButton.fireActionPerformed(Unknown Source)
2012-10-13T15:37:47.552-04:00: 	at javax.swing.AbstractButton$Handler.actionPerformed(Unknown Source)
2012-10-13T15:37:47.552-04:00: 	at javax.swing.DefaultButtonModel.fireActionPerformed(Unknown Source)
2012-10-13T15:37:47.552-04:00: 	at javax.swing.DefaultButtonModel.setPressed(Unknown Source)
2012-10-13T15:37:47.552-04:00: 	at javax.swing.plaf.basic.BasicButtonListener.mouseReleased(Unknown Source)
2012-10-13T15:37:47.552-04:00: 	at org.jvnet.substance.utils.RolloverButtonListener.mouseReleased(RolloverButtonListener.java:111)
2012-10-13T15:37:47.552-04:00: 	at java.awt.AWTEventMulticaster.mouseReleased(Unknown Source)
2012-10-13T15:37:47.552-04:00: 	at java.awt.Component.processMouseEvent(Unknown Source)
2012-10-13T15:37:47.552-04:00: 	at javax.swing.JComponent.processMouseEvent(Unknown Source)
2012-10-13T15:37:47.552-04:00: 	at java.awt.Component.processEvent(Unknown Source)
2012-10-13T15:37:47.552-04:00: 	at java.awt.Container.processEvent(Unknown Source)
2012-10-13T15:37:47.552-04:00: 	at java.awt.Component.dispatchEventImpl(Unknown Source)
2012-10-13T15:37:47.552-04:00: 	at java.awt.Container.dispatchEventImpl(Unknown Source)
2012-10-13T15:37:47.568-04:00: 	at java.awt.Component.dispatchEvent(Unknown Source)
2012-10-13T15:37:47.568-04:00: 	at java.awt.LightweightDispatcher.retargetMouseEvent(Unknown Source)
2012-10-13T15:37:47.568-04:00: 	at java.awt.LightweightDispatcher.processMouseEvent(Unknown Source)
2012-10-13T15:37:47.568-04:00: 	at java.awt.LightweightDispatcher.dispatchEvent(Unknown Source)
2012-10-13T15:37:47.568-04:00: 	at java.awt.Container.dispatchEventImpl(Unknown Source)
2012-10-13T15:37:47.568-04:00: 	at java.awt.Window.dispatchEventImpl(Unknown Source)
2012-10-13T15:37:47.568-04:00: 	at java.awt.Component.dispatchEvent(Unknown Source)
2012-10-13T15:37:47.568-04:00: 	at java.awt.EventQueue.dispatchEventImpl(Unknown Source)
2012-10-13T15:37:47.568-04:00: 	at java.awt.EventQueue.access$000(Unknown Source)
2012-10-13T15:37:47.568-04:00: 	at java.awt.EventQueue$3.run(Unknown Source)
2012-10-13T15:37:47.568-04:00: 	at java.awt.EventQueue$3.run(Unknown Source)
2012-10-13T15:37:47.568-04:00: 	at java.security.AccessController.doPrivileged(Native Method)
2012-10-13T15:37:47.568-04:00: 	at java.security.ProtectionDomain$1.doIntersectionPrivilege(Unknown Source)
2012-10-13T15:37:47.568-04:00: 	at java.security.ProtectionDomain$1.doIntersectionPrivilege(Unknown Source)
2012-10-13T15:37:47.568-04:00: 	at java.awt.EventQueue$4.run(Unknown Source)
2012-10-13T15:37:47.568-04:00: 	at java.awt.EventQueue$4.run(Unknown Source)
2012-10-13T15:37:47.568-04:00: 	at java.security.AccessController.doPrivileged(Native Method)
2012-10-13T15:37:47.568-04:00: 	at java.security.ProtectionDomain$1.doIntersectionPrivilege(Unknown Source)
2012-10-13T15:37:47.568-04:00: 	at java.awt.EventQueue.dispatchEvent(Unknown Source)
2012-10-13T15:37:47.568-04:00: 	at java.awt.EventDispatchThread.pumpOneEventForFilters(Unknown Source)
2012-10-13T15:37:47.568-04:00: 	at java.awt.EventDispatchThread.pumpEventsForFilter(Unknown Source)
2012-10-13T15:37:47.568-04:00: 	at java.awt.EventDispatchThread.pumpEventsForHierarchy(Unknown Source)
2012-10-13T15:37:47.568-04:00: 	at java.awt.EventDispatchThread.pumpEvents(Unknown Source)
2012-10-13T15:37:47.568-04:00: 	at java.awt.EventDispatchThread.pumpEvents(Unknown Source)
2012-10-13T15:37:47.568-04:00: 	at java.awt.EventDispatchThread.run(Unknown Source)
2012-10-13T15:37:47.849-04:00: Exception in thread "AWT-EventQueue-0" java.lang.NoClassDefFoundError: Could not initialize class gnu.io.CommPortIdentifier
2012-10-13T15:37:47.849-04:00: 	at jsattrak.gui.CommPortComboBox.<init>(CommPortComboBox.java:30)
2012-10-13T15:37:47.849-04:00: 	at edu.cusat.gs.gui.Ts2000ControlPanel.initComponents(Ts2000ControlPanel.java:302)
2012-10-13T15:37:47.849-04:00: 	at edu.cusat.gs.gui.Ts2000ControlPanel.<init>(Ts2000ControlPanel.java:44)
2012-10-13T15:37:47.849-04:00: 	at edu.cusat.gs.gui.GroundSystemsPanel.initCustomComponents(GroundSystemsPanel.java:351)
2012-10-13T15:37:47.849-04:00: 	at edu.cusat.gs.gui.GroundSystemsPanel.<init>(GroundSystemsPanel.java:76)
2012-10-13T15:37:47.849-04:00: 	at jsattrak.gui.JSatTrak.showTritonInternalFrame(JSatTrak.java:2699)
2012-10-13T15:37:47.849-04:00: 	at jsattrak.gui.JSatTrak.jButtonTritonActionPerformed(JSatTrak.java:1557)
2012-10-13T15:37:47.849-04:00: 	at jsattrak.gui.JSatTrak.access$8(JSatTrak.java:1556)
2012-10-13T15:37:47.849-04:00: 	at jsattrak.gui.JSatTrak$8.actionPerformed(JSatTrak.java:877)
2012-10-13T15:37:47.849-04:00: 	at javax.swing.AbstractButton.fireActionPerformed(Unknown Source)
2012-10-13T15:37:47.849-04:00: 	at javax.swing.AbstractButton$Handler.actionPerformed(Unknown Source)
2012-10-13T15:37:47.849-04:00: 	at javax.swing.DefaultButtonModel.fireActionPerformed(Unknown Source)
2012-10-13T15:37:47.849-04:00: 	at javax.swing.DefaultButtonModel.setPressed(Unknown Source)
2012-10-13T15:37:47.849-04:00: 	at javax.swing.plaf.basic.BasicButtonListener.mouseReleased(Unknown Source)
2012-10-13T15:37:47.849-04:00: 	at org.jvnet.substance.utils.RolloverButtonListener.mouseReleased(RolloverButtonListener.java:111)
2012-10-13T15:37:47.849-04:00: 	at java.awt.AWTEventMulticaster.mouseReleased(Unknown Source)
2012-10-13T15:37:47.849-04:00: 	at java.awt.Component.processMouseEvent(Unknown Source)
2012-10-13T15:37:47.849-04:00: 	at javax.swing.JComponent.processMouseEvent(Unknown Source)
2012-10-13T15:37:47.849-04:00: 	at java.awt.Component.processEvent(Unknown Source)
2012-10-13T15:37:47.849-04:00: 	at java.awt.Container.processEvent(Unknown Source)
2012-10-13T15:37:47.849-04:00: 	at java.awt.Component.dispatchEventImpl(Unknown Source)
2012-10-13T15:37:47.849-04:00: 	at java.awt.Container.dispatchEventImpl(Unknown Source)
2012-10-13T15:37:47.849-04:00: 	at java.awt.Component.dispatchEvent(Unknown Source)
2012-10-13T15:37:47.865-04:00: 	at java.awt.LightweightDispatcher.retargetMouseEvent(Unknown Source)
2012-10-13T15:37:47.865-04:00: 	at java.awt.LightweightDispatcher.processMouseEvent(Unknown Source)
2012-10-13T15:37:47.865-04:00: 	at java.awt.LightweightDispatcher.dispatchEvent(Unknown Source)
2012-10-13T15:37:47.865-04:00: 	at java.awt.Container.dispatchEventImpl(Unknown Source)
2012-10-13T15:37:47.865-04:00: 	at java.awt.Window.dispatchEventImpl(Unknown Source)
2012-10-13T15:37:47.865-04:00: 	at java.awt.Component.dispatchEvent(Unknown Source)
2012-10-13T15:37:47.865-04:00: 	at java.awt.EventQueue.dispatchEventImpl(Unknown Source)
2012-10-13T15:37:47.865-04:00: 	at java.awt.EventQueue.access$000(Unknown Source)
2012-10-13T15:37:47.865-04:00: 	at java.awt.EventQueue$3.run(Unknown Source)
2012-10-13T15:37:47.865-04:00: 	at java.awt.EventQueue$3.run(Unknown Source)
2012-10-13T15:37:47.865-04:00: 	at java.security.AccessController.doPrivileged(Native Method)
2012-10-13T15:37:47.865-04:00: 	at java.security.ProtectionDomain$1.doIntersectionPrivilege(Unknown Source)
2012-10-13T15:37:47.865-04:00: 	at java.security.ProtectionDomain$1.doIntersectionPrivilege(Unknown Source)
2012-10-13T15:37:47.865-04:00: 	at java.awt.EventQueue$4.run(Unknown Source)
2012-10-13T15:37:47.865-04:00: 	at java.awt.EventQueue$4.run(Unknown Source)
2012-10-13T15:37:47.865-04:00: 	at java.security.AccessController.doPrivileged(Native Method)
2012-10-13T15:37:47.865-04:00: 	at java.security.ProtectionDomain$1.doIntersectionPrivilege(Unknown Source)
2012-10-13T15:37:47.865-04:00: 	at java.awt.EventQueue.dispatchEvent(Unknown Source)
2012-10-13T15:37:47.865-04:00: 	at java.awt.EventDispatchThread.pumpOneEventForFilters(Unknown Source)
2012-10-13T15:37:47.865-04:00: 	at java.awt.EventDispatchThread.pumpEventsForFilter(Unknown Source)
2012-10-13T15:37:47.865-04:00: 	at java.awt.EventDispatchThread.pumpEventsForHierarchy(Unknown Source)
2012-10-13T15:37:47.865-04:00: 	at java.awt.EventDispatchThread.pumpEvents(Unknown Source)
2012-10-13T15:37:47.865-04:00: 	at java.awt.EventDispatchThread.pumpEvents(Unknown Source)
2012-10-13T15:37:47.865-04:00: 	at java.awt.EventDispatchThread.run(Unknown Source)
2012-10-13T15:37:48.083-04:00: Exception in thread "AWT-EventQueue-0" java.lang.NoClassDefFoundError: Could not initialize class gnu.io.CommPortIdentifier
2012-10-13T15:37:48.083-04:00: 	at jsattrak.gui.CommPortComboBox.<init>(CommPortComboBox.java:30)
2012-10-13T15:37:48.083-04:00: 	at edu.cusat.gs.gui.Ts2000ControlPanel.initComponents(Ts2000ControlPanel.java:302)
2012-10-13T15:37:48.083-04:00: 	at edu.cusat.gs.gui.Ts2000ControlPanel.<init>(Ts2000ControlPanel.java:44)
2012-10-13T15:37:48.083-04:00: 	at edu.cusat.gs.gui.GroundSystemsPanel.initCustomComponents(GroundSystemsPanel.java:351)
2012-10-13T15:37:48.083-04:00: 	at edu.cusat.gs.gui.GroundSystemsPanel.<init>(GroundSystemsPanel.java:76)
2012-10-13T15:37:48.083-04:00: 	at jsattrak.gui.JSatTrak.showTritonInternalFrame(JSatTrak.java:2699)
2012-10-13T15:37:48.083-04:00: 	at jsattrak.gui.JSatTrak.jButtonTritonActionPerformed(JSatTrak.java:1557)
2012-10-13T15:37:48.099-04:00: 	at jsattrak.gui.JSatTrak.access$8(JSatTrak.java:1556)
2012-10-13T15:37:48.099-04:00: 	at jsattrak.gui.JSatTrak$8.actionPerformed(JSatTrak.java:877)
2012-10-13T15:37:48.099-04:00: 	at javax.swing.AbstractButton.fireActionPerformed(Unknown Source)
2012-10-13T15:37:48.099-04:00: 	at javax.swing.AbstractButton$Handler.actionPerformed(Unknown Source)
2012-10-13T15:37:48.099-04:00: 	at javax.swing.DefaultButtonModel.fireActionPerformed(Unknown Source)
2012-10-13T15:37:48.099-04:00: 	at javax.swing.DefaultButtonModel.setPressed(Unknown Source)
2012-10-13T15:37:48.099-04:00: 	at javax.swing.plaf.basic.BasicButtonListener.mouseReleased(Unknown Source)
2012-10-13T15:37:48.099-04:00: 	at org.jvnet.substance.utils.RolloverButtonListener.mouseReleased(RolloverButtonListener.java:111)
2012-10-13T15:37:48.099-04:00: 	at java.awt.AWTEventMulticaster.mouseReleased(Unknown Source)
2012-10-13T15:37:48.099-04:00: 	at java.awt.Component.processMouseEvent(Unknown Source)
2012-10-13T15:37:48.099-04:00: 	at javax.swing.JComponent.processMouseEvent(Unknown Source)
2012-10-13T15:37:48.099-04:00: 	at java.awt.Component.processEvent(Unknown Source)
2012-10-13T15:37:48.099-04:00: 	at java.awt.Container.processEvent(Unknown Source)
2012-10-13T15:37:48.099-04:00: 	at java.awt.Component.dispatchEventImpl(Unknown Source)
2012-10-13T15:37:48.099-04:00: 	at java.awt.Container.dispatchEventImpl(Unknown Source)
2012-10-13T15:37:48.099-04:00: 	at java.awt.Component.dispatchEvent(Unknown Source)
2012-10-13T15:37:48.099-04:00: 	at java.awt.LightweightDispatcher.retargetMouseEvent(Unknown Source)
2012-10-13T15:37:48.099-04:00: 	at java.awt.LightweightDispatcher.processMouseEvent(Unknown Source)
2012-10-13T15:37:48.099-04:00: 	at java.awt.LightweightDispatcher.dispatchEvent(Unknown Source)
2012-10-13T15:37:48.099-04:00: 	at java.awt.Container.dispatchEventImpl(Unknown Source)
2012-10-13T15:37:48.099-04:00: 	at java.awt.Window.dispatchEventImpl(Unknown Source)
2012-10-13T15:37:48.099-04:00: 	at java.awt.Component.dispatchEvent(Unknown Source)
2012-10-13T15:37:48.099-04:00: 	at java.awt.EventQueue.dispatchEventImpl(Unknown Source)
2012-10-13T15:37:48.099-04:00: 	at java.awt.EventQueue.access$000(Unknown Source)
2012-10-13T15:37:48.099-04:00: 	at java.awt.EventQueue$3.run(Unknown Source)
2012-10-13T15:37:48.099-04:00: 	at java.awt.EventQueue$3.run(Unknown Source)
2012-10-13T15:37:48.099-04:00: 	at java.security.AccessController.doPrivileged(Native Method)
2012-10-13T15:37:48.099-04:00: 	at java.security.ProtectionDomain$1.doIntersectionPrivilege(Unknown Source)
2012-10-13T15:37:48.099-04:00: 	at java.security.ProtectionDomain$1.doIntersectionPrivilege(Unknown Source)
2012-10-13T15:37:48.099-04:00: 	at java.awt.EventQueue$4.run(Unknown Source)
2012-10-13T15:37:48.099-04:00: 	at java.awt.EventQueue$4.run(Unknown Source)
2012-10-13T15:37:48.099-04:00: 	at java.security.AccessController.doPrivileged(Native Method)
2012-10-13T15:37:48.099-04:00: 	at java.security.ProtectionDomain$1.doIntersectionPrivilege(Unknown Source)
2012-10-13T15:37:48.099-04:00: 	at java.awt.EventQueue.dispatchEvent(Unknown Source)
2012-10-13T15:37:48.115-04:00: 	at java.awt.EventDispatchThread.pumpOneEventForFilters(Unknown Source)
2012-10-13T15:37:48.115-04:00: 	at java.awt.EventDispatchThread.pumpEventsForFilter(Unknown Source)
2012-10-13T15:37:48.115-04:00: 	at java.awt.EventDispatchThread.pumpEventsForHierarchy(Unknown Source)
2012-10-13T15:37:48.115-04:00: 	at java.awt.EventDispatchThread.pumpEvents(Unknown Source)
2012-10-13T15:37:48.115-04:00: 	at java.awt.EventDispatchThread.pumpEvents(Unknown Source)
2012-10-13T15:37:48.115-04:00: 	at java.awt.EventDispatchThread.run(Unknown Source)
2012-10-13T15:38:01.255-04:00: Exception in thread "AWT-EventQueue-0" java.lang.NoClassDefFoundError: Could not initialize class gnu.io.CommPortIdentifier
2012-10-13T15:38:01.255-04:00: 	at jsattrak.gui.CommPortComboBox.<init>(CommPortComboBox.java:30)
2012-10-13T15:38:01.255-04:00: 	at edu.cusat.gs.gui.Ts2000ControlPanel.initComponents(Ts2000ControlPanel.java:302)
2012-10-13T15:38:01.255-04:00: 	at edu.cusat.gs.gui.Ts2000ControlPanel.<init>(Ts2000ControlPanel.java:44)
2012-10-13T15:38:01.255-04:00: 	at edu.cusat.gs.gui.GroundSystemsPanel.initCustomComponents(GroundSystemsPanel.java:351)
2012-10-13T15:38:01.255-04:00: 	at edu.cusat.gs.gui.GroundSystemsPanel.<init>(GroundSystemsPanel.java:76)
2012-10-13T15:38:01.255-04:00: 	at jsattrak.gui.JSatTrak.showTritonInternalFrame(JSatTrak.java:2699)
2012-10-13T15:38:01.255-04:00: 	at jsattrak.gui.JSatTrak.jButtonTritonActionPerformed(JSatTrak.java:1557)
2012-10-13T15:38:01.255-04:00: 	at jsattrak.gui.JSatTrak.access$8(JSatTrak.java:1556)
2012-10-13T15:38:01.255-04:00: 	at jsattrak.gui.JSatTrak$8.actionPerformed(JSatTrak.java:877)
2012-10-13T15:38:01.255-04:00: 	at javax.swing.AbstractButton.fireActionPerformed(Unknown Source)
2012-10-13T15:38:01.255-04:00: 	at javax.swing.AbstractButton$Handler.actionPerformed(Unknown Source)
2012-10-13T15:38:01.255-04:00: 	at javax.swing.DefaultButtonModel.fireActionPerformed(Unknown Source)
2012-10-13T15:38:01.255-04:00: 	at javax.swing.DefaultButtonModel.setPressed(Unknown Source)
2012-10-13T15:38:01.255-04:00: 	at javax.swing.plaf.basic.BasicButtonListener.mouseReleased(Unknown Source)
2012-10-13T15:38:01.255-04:00: 	at org.jvnet.substance.utils.RolloverButtonListener.mouseReleased(RolloverButtonListener.java:111)
2012-10-13T15:38:01.255-04:00: 	at java.awt.AWTEventMulticaster.mouseReleased(Unknown Source)
2012-10-13T15:38:01.255-04:00: 	at java.awt.Component.processMouseEvent(Unknown Source)
2012-10-13T15:38:01.255-04:00: 	at javax.swing.JComponent.processMouseEvent(Unknown Source)
2012-10-13T15:38:01.255-04:00: 	at java.awt.Component.processEvent(Unknown Source)
2012-10-13T15:38:01.255-04:00: 	at java.awt.Container.processEvent(Unknown Source)
2012-10-13T15:38:01.255-04:00: 	at java.awt.Component.dispatchEventImpl(Unknown Source)
2012-10-13T15:38:01.255-04:00: 	at java.awt.Container.dispatchEventImpl(Unknown Source)
2012-10-13T15:38:01.255-04:00: 	at java.awt.Component.dispatchEvent(Unknown Source)
2012-10-13T15:38:01.255-04:00: 	at java.awt.LightweightDispatcher.retargetMouseEvent(Unknown Source)
2012-10-13T15:38:01.255-04:00: 	at java.awt.LightweightDispatcher.processMouseEvent(Unknown Source)
2012-10-13T15:38:01.255-04:00: 	at java.awt.LightweightDispatcher.dispatchEvent(Unknown Source)
2012-10-13T15:38:01.255-04:00: 	at java.awt.Container.dispatchEventImpl(Unknown Source)
2012-10-13T15:38:01.255-04:00: 	at java.awt.Window.dispatchEventImpl(Unknown Source)
2012-10-13T15:38:01.255-04:00: 	at java.awt.Component.dispatchEvent(Unknown Source)
2012-10-13T15:38:01.255-04:00: 	at java.awt.EventQueue.dispatchEventImpl(Unknown Source)
2012-10-13T15:38:01.255-04:00: 	at java.awt.EventQueue.access$000(Unknown Source)
2012-10-13T15:38:01.255-04:00: 	at java.awt.EventQueue$3.run(Unknown Source)
2012-10-13T15:38:01.255-04:00: 	at java.awt.EventQueue$3.run(Unknown Source)
2012-10-13T15:38:01.255-04:00: 	at java.security.AccessController.doPrivileged(Native Method)
2012-10-13T15:38:01.255-04:00: 	at java.security.ProtectionDomain$1.doIntersectionPrivilege(Unknown Source)
2012-10-13T15:38:01.255-04:00: 	at java.security.ProtectionDomain$1.doIntersectionPrivilege(Unknown Source)
2012-10-13T15:38:01.255-04:00: 	at java.awt.EventQueue$4.run(Unknown Source)
2012-10-13T15:38:01.255-04:00: 	at java.awt.EventQueue$4.run(Unknown Source)
2012-10-13T15:38:01.255-04:00: 	at java.security.AccessController.doPrivileged(Native Method)
2012-10-13T15:38:01.255-04:00: 	at java.security.ProtectionDomain$1.doIntersectionPrivilege(Unknown Source)
2012-10-13T15:38:01.255-04:00: 	at java.awt.EventQueue.dispatchEvent(Unknown Source)
2012-10-13T15:38:01.255-04:00: 	at java.awt.EventDispatchThread.pumpOneEventForFilters(Unknown Source)
2012-10-13T15:38:01.255-04:00: 	at java.awt.EventDispatchThread.pumpEventsForFilter(Unknown Source)
2012-10-13T15:38:01.255-04:00: 	at java.awt.EventDispatchThread.pumpEventsForHierarchy(Unknown Source)
2012-10-13T15:38:01.255-04:00: 	at java.awt.EventDispatchThread.pumpEvents(Unknown Source)
2012-10-13T15:38:01.255-04:00: 	at java.awt.EventDispatchThread.pumpEvents(Unknown Source)
2012-10-13T15:38:01.255-04:00: 	at java.awt.EventDispatchThread.run(Unknown Source)
2012-10-13T15:39:33.583-04:00: Exception in thread "AWT-EventQueue-0" java.lang.NoClassDefFoundError: Could not initialize class gnu.io.CommPortIdentifier
2012-10-13T15:39:33.583-04:00: 	at jsattrak.gui.CommPortComboBox.<init>(CommPortComboBox.java:30)
2012-10-13T15:39:33.583-04:00: 	at edu.cusat.gs.gui.Ts2000ControlPanel.initComponents(Ts2000ControlPanel.java:302)
2012-10-13T15:39:33.583-04:00: 	at edu.cusat.gs.gui.Ts2000ControlPanel.<init>(Ts2000ControlPanel.java:44)
2012-10-13T15:39:33.583-04:00: 	at edu.cusat.gs.gui.GroundSystemsPanel.initCustomComponents(GroundSystemsPanel.java:351)
2012-10-13T15:39:33.583-04:00: 	at edu.cusat.gs.gui.GroundSystemsPanel.<init>(GroundSystemsPanel.java:76)
2012-10-13T15:39:33.583-04:00: 	at jsattrak.gui.JSatTrak.showTritonInternalFrame(JSatTrak.java:2699)
2012-10-13T15:39:33.583-04:00: 	at jsattrak.gui.JSatTrak.jButtonTritonActionPerformed(JSatTrak.java:1557)
2012-10-13T15:39:33.583-04:00: 	at jsattrak.gui.JSatTrak.access$8(JSatTrak.java:1556)
2012-10-13T15:39:33.583-04:00: 	at jsattrak.gui.JSatTrak$8.actionPerformed(JSatTrak.java:877)
2012-10-13T15:39:33.583-04:00: 	at javax.swing.AbstractButton.fireActionPerformed(Unknown Source)
2012-10-13T15:39:33.583-04:00: 	at javax.swing.AbstractButton$Handler.actionPerformed(Unknown Source)
2012-10-13T15:39:33.583-04:00: 	at javax.swing.DefaultButtonModel.fireActionPerformed(Unknown Source)
2012-10-13T15:39:33.583-04:00: 	at javax.swing.DefaultButtonModel.setPressed(Unknown Source)
2012-10-13T15:39:33.583-04:00: 	at javax.swing.plaf.basic.BasicButtonListener.mouseReleased(Unknown Source)
2012-10-13T15:39:33.583-04:00: 	at org.jvnet.substance.utils.RolloverButtonListener.mouseReleased(RolloverButtonListener.java:111)
2012-10-13T15:39:33.583-04:00: 	at java.awt.AWTEventMulticaster.mouseReleased(Unknown Source)
2012-10-13T15:39:33.583-04:00: 	at java.awt.Component.processMouseEvent(Unknown Source)
2012-10-13T15:39:33.583-04:00: 	at javax.swing.JComponent.processMouseEvent(Unknown Source)
2012-10-13T15:39:33.583-04:00: 	at java.awt.Component.processEvent(Unknown Source)
2012-10-13T15:39:33.583-04:00: 	at java.awt.Container.processEvent(Unknown Source)
2012-10-13T15:39:33.583-04:00: 	at java.awt.Component.dispatchEventImpl(Unknown Source)
2012-10-13T15:39:33.583-04:00: 	at java.awt.Container.dispatchEventImpl(Unknown Source)
2012-10-13T15:39:33.583-04:00: 	at java.awt.Component.dispatchEvent(Unknown Source)
2012-10-13T15:39:33.583-04:00: 	at java.awt.LightweightDispatcher.retargetMouseEvent(Unknown Source)
2012-10-13T15:39:33.583-04:00: 	at java.awt.LightweightDispatcher.processMouseEvent(Unknown Source)
2012-10-13T15:39:33.583-04:00: 	at java.awt.LightweightDispatcher.dispatchEvent(Unknown Source)
2012-10-13T15:39:33.583-04:00: 	at java.awt.Container.dispatchEventImpl(Unknown Source)
2012-10-13T15:39:33.583-04:00: 	at java.awt.Window.dispatchEventImpl(Unknown Source)
2012-10-13T15:39:33.583-04:00: 	at java.awt.Component.dispatchEvent(Unknown Source)
2012-10-13T15:39:33.583-04:00: 	at java.awt.EventQueue.dispatchEventImpl(Unknown Source)
2012-10-13T15:39:33.583-04:00: 	at java.awt.EventQueue.access$000(Unknown Source)
2012-10-13T15:39:33.599-04:00: 	at java.awt.EventQueue$3.run(Unknown Source)
2012-10-13T15:39:33.599-04:00: 	at java.awt.EventQueue$3.run(Unknown Source)
2012-10-13T15:39:33.599-04:00: 	at java.security.AccessController.doPrivileged(Native Method)
2012-10-13T15:39:33.599-04:00: 	at java.security.ProtectionDomain$1.doIntersectionPrivilege(Unknown Source)
2012-10-13T15:39:33.599-04:00: 	at java.security.ProtectionDomain$1.doIntersectionPrivilege(Unknown Source)
2012-10-13T15:39:33.599-04:00: 	at java.awt.EventQueue$4.run(Unknown Source)
2012-10-13T15:39:33.599-04:00: 	at java.awt.EventQueue$4.run(Unknown Source)
2012-10-13T15:39:33.599-04:00: 	at java.security.AccessController.doPrivileged(Native Method)
2012-10-13T15:39:33.599-04:00: 	at java.security.ProtectionDomain$1.doIntersectionPrivilege(Unknown Source)
2012-10-13T15:39:33.599-04:00: 	at java.awt.EventQueue.dispatchEvent(Unknown Source)
2012-10-13T15:39:33.599-04:00: 	at java.awt.EventDispatchThread.pumpOneEventForFilters(Unknown Source)
2012-10-13T15:39:33.599-04:00: 	at java.awt.EventDispatchThread.pumpEventsForFilter(Unknown Source)
2012-10-13T15:39:33.599-04:00: 	at java.awt.EventDispatchThread.pumpEventsForHierarchy(Unknown Source)
2012-10-13T15:39:33.599-04:00: 	at java.awt.EventDispatchThread.pumpEvents(Unknown Source)
2012-10-13T15:39:33.599-04:00: 	at java.awt.EventDispatchThread.pumpEvents(Unknown Source)
2012-10-13T15:39:33.599-04:00: 	at java.awt.EventDispatchThread.run(Unknown Source)
2012-10-13T15:39:45.255-04:00: Exception in thread "AWT-EventQueue-0" java.lang.NoClassDefFoundError: Could not initialize class gnu.io.CommPortIdentifier
2012-10-13T15:39:45.255-04:00: 	at jsattrak.gui.CommPortComboBox.<init>(CommPortComboBox.java:30)
2012-10-13T15:39:45.255-04:00: 	at edu.cusat.gs.gui.Ts2000ControlPanel.initComponents(Ts2000ControlPanel.java:302)
2012-10-13T15:39:45.255-04:00: 	at edu.cusat.gs.gui.Ts2000ControlPanel.<init>(Ts2000ControlPanel.java:44)
2012-10-13T15:39:45.255-04:00: 	at edu.cusat.gs.gui.GroundSystemsPanel.initCustomComponents(GroundSystemsPanel.java:351)
2012-10-13T15:39:45.255-04:00: 	at edu.cusat.gs.gui.GroundSystemsPanel.<init>(GroundSystemsPanel.java:76)
2012-10-13T15:39:45.255-04:00: 	at jsattrak.gui.JSatTrak.showTritonInternalFrame(JSatTrak.java:2699)
2012-10-13T15:39:45.255-04:00: 	at jsattrak.gui.JSatTrak.jButtonTritonActionPerformed(JSatTrak.java:1557)
2012-10-13T15:39:45.255-04:00: 	at jsattrak.gui.JSatTrak.access$8(JSatTrak.java:1556)
2012-10-13T15:39:45.255-04:00: 	at jsattrak.gui.JSatTrak$8.actionPerformed(JSatTrak.java:877)
2012-10-13T15:39:45.255-04:00: 	at javax.swing.AbstractButton.fireActionPerformed(Unknown Source)
2012-10-13T15:39:45.255-04:00: 	at javax.swing.AbstractButton$Handler.actionPerformed(Unknown Source)
2012-10-13T15:39:45.255-04:00: 	at javax.swing.DefaultButtonModel.fireActionPerformed(Unknown Source)
2012-10-13T15:39:45.255-04:00: 	at javax.swing.DefaultButtonModel.setPressed(Unknown Source)
2012-10-13T15:39:45.255-04:00: 	at javax.swing.plaf.basic.BasicButtonListener.mouseReleased(Unknown Source)
2012-10-13T15:39:45.255-04:00: 	at org.jvnet.substance.utils.RolloverButtonListener.mouseReleased(RolloverButtonListener.java:111)
2012-10-13T15:39:45.255-04:00: 	at java.awt.AWTEventMulticaster.mouseReleased(Unknown Source)
2012-10-13T15:39:45.255-04:00: 	at java.awt.Component.processMouseEvent(Unknown Source)
2012-10-13T15:39:45.255-04:00: 	at javax.swing.JComponent.processMouseEvent(Unknown Source)
2012-10-13T15:39:45.255-04:00: 	at java.awt.Component.processEvent(Unknown Source)
2012-10-13T15:39:45.255-04:00: 	at java.awt.Container.processEvent(Unknown Source)
2012-10-13T15:39:45.255-04:00: 	at java.awt.Component.dispatchEventImpl(Unknown Source)
2012-10-13T15:39:45.255-04:00: 	at java.awt.Container.dispatchEventImpl(Unknown Source)
2012-10-13T15:39:45.255-04:00: 	at java.awt.Component.dispatchEvent(Unknown Source)
2012-10-13T15:39:45.255-04:00: 	at java.awt.LightweightDispatcher.retargetMouseEvent(Unknown Source)
2012-10-13T15:39:45.255-04:00: 	at java.awt.LightweightDispatcher.processMouseEvent(Unknown Source)
2012-10-13T15:39:45.255-04:00: 	at java.awt.LightweightDispatcher.dispatchEvent(Unknown Source)
2012-10-13T15:39:45.255-04:00: 	at java.awt.Container.dispatchEventImpl(Unknown Source)
2012-10-13T15:39:45.255-04:00: 	at java.awt.Window.dispatchEventImpl(Unknown Source)
2012-10-13T15:39:45.255-04:00: 	at java.awt.Component.dispatchEvent(Unknown Source)
2012-10-13T15:39:45.255-04:00: 	at java.awt.EventQueue.dispatchEventImpl(Unknown Source)
2012-10-13T15:39:45.255-04:00: 	at java.awt.EventQueue.access$000(Unknown Source)
2012-10-13T15:39:45.255-04:00: 	at java.awt.EventQueue$3.run(Unknown Source)
2012-10-13T15:39:45.255-04:00: 	at java.awt.EventQueue$3.run(Unknown Source)
2012-10-13T15:39:45.255-04:00: 	at java.security.AccessController.doPrivileged(Native Method)
2012-10-13T15:39:45.255-04:00: 	at java.security.ProtectionDomain$1.doIntersectionPrivilege(Unknown Source)
2012-10-13T15:39:45.255-04:00: 	at java.security.ProtectionDomain$1.doIntersectionPrivilege(Unknown Source)
2012-10-13T15:39:45.255-04:00: 	at java.awt.EventQueue$4.run(Unknown Source)
2012-10-13T15:39:45.255-04:00: 	at java.awt.EventQueue$4.run(Unknown Source)
2012-10-13T15:39:45.255-04:00: 	at java.security.AccessController.doPrivileged(Native Method)
2012-10-13T15:39:45.255-04:00: 	at java.security.ProtectionDomain$1.doIntersectionPrivilege(Unknown Source)
2012-10-13T15:39:45.255-04:00: 	at java.awt.EventQueue.dispatchEvent(Unknown Source)
2012-10-13T15:39:45.255-04:00: 	at java.awt.EventDispatchThread.pumpOneEventForFilters(Unknown Source)
2012-10-13T15:39:45.255-04:00: 	at java.awt.EventDispatchThread.pumpEventsForFilter(Unknown Source)
2012-10-13T15:39:45.255-04:00: 	at java.awt.EventDispatchThread.pumpEventsForHierarchy(Unknown Source)
2012-10-13T15:39:45.255-04:00: 	at java.awt.EventDispatchThread.pumpEvents(Unknown Source)
2012-10-13T15:39:45.255-04:00: 	at java.awt.EventDispatchThread.pumpEvents(Unknown Source)
2012-10-13T15:39:45.255-04:00: 	at java.awt.EventDispatchThread.run(Unknown Source)
2012-10-13T15:39:46.162-04:00: Exception in thread "AWT-EventQueue-0" java.lang.NoClassDefFoundError: Could not initialize class gnu.io.CommPortIdentifier
2012-10-13T15:39:46.162-04:00: 	at jsattrak.gui.CommPortComboBox.<init>(CommPortComboBox.java:30)
2012-10-13T15:39:46.162-04:00: 	at edu.cusat.gs.gui.Ts2000ControlPanel.initComponents(Ts2000ControlPanel.java:302)
2012-10-13T15:39:46.162-04:00: 	at edu.cusat.gs.gui.Ts2000ControlPanel.<init>(Ts2000ControlPanel.java:44)
2012-10-13T15:39:46.162-04:00: 	at edu.cusat.gs.gui.GroundSystemsPanel.initCustomComponents(GroundSystemsPanel.java:351)
2012-10-13T15:39:46.162-04:00: 	at edu.cusat.gs.gui.GroundSystemsPanel.<init>(GroundSystemsPanel.java:76)
2012-10-13T15:39:46.162-04:00: 	at jsattrak.gui.JSatTrak.showTritonInternalFrame(JSatTrak.java:2699)
2012-10-13T15:39:46.162-04:00: 	at jsattrak.gui.JSatTrak.jButtonTritonActionPerformed(JSatTrak.java:1557)
2012-10-13T15:39:46.162-04:00: 	at jsattrak.gui.JSatTrak.access$8(JSatTrak.java:1556)
2012-10-13T15:39:46.162-04:00: 	at jsattrak.gui.JSatTrak$8.actionPerformed(JSatTrak.java:877)
2012-10-13T15:39:46.162-04:00: 	at javax.swing.AbstractButton.fireActionPerformed(Unknown Source)
2012-10-13T15:39:46.162-04:00: 	at javax.swing.AbstractButton$Handler.actionPerformed(Unknown Source)
2012-10-13T15:39:46.162-04:00: 	at javax.swing.DefaultButtonModel.fireActionPerformed(Unknown Source)
2012-10-13T15:39:46.162-04:00: 	at javax.swing.DefaultButtonModel.setPressed(Unknown Source)
2012-10-13T15:39:46.162-04:00: 	at javax.swing.plaf.basic.BasicButtonListener.mouseReleased(Unknown Source)
2012-10-13T15:39:46.162-04:00: 	at org.jvnet.substance.utils.RolloverButtonListener.mouseReleased(RolloverButtonListener.java:111)
2012-10-13T15:39:46.162-04:00: 	at java.awt.AWTEventMulticaster.mouseReleased(Unknown Source)
2012-10-13T15:39:46.162-04:00: 	at java.awt.Component.processMouseEvent(Unknown Source)
2012-10-13T15:39:46.162-04:00: 	at javax.swing.JComponent.processMouseEvent(Unknown Source)
2012-10-13T15:39:46.162-04:00: 	at java.awt.Component.processEvent(Unknown Source)
2012-10-13T15:39:46.162-04:00: 	at java.awt.Container.processEvent(Unknown Source)
2012-10-13T15:39:46.162-04:00: 	at java.awt.Component.dispatchEventImpl(Unknown Source)
2012-10-13T15:39:46.162-04:00: 	at java.awt.Container.dispatchEventImpl(Unknown Source)
2012-10-13T15:39:46.162-04:00: 	at java.awt.Component.dispatchEvent(Unknown Source)
2012-10-13T15:39:46.162-04:00: 	at java.awt.LightweightDispatcher.retargetMouseEvent(Unknown Source)
2012-10-13T15:39:46.162-04:00: 	at java.awt.LightweightDispatcher.processMouseEvent(Unknown Source)
2012-10-13T15:39:46.162-04:00: 	at java.awt.LightweightDispatcher.dispatchEvent(Unknown Source)
2012-10-13T15:39:46.162-04:00: 	at java.awt.Container.dispatchEventImpl(Unknown Source)
2012-10-13T15:39:46.162-04:00: 	at java.awt.Window.dispatchEventImpl(Unknown Source)
2012-10-13T15:39:46.162-04:00: 	at java.awt.Component.dispatchEvent(Unknown Source)
2012-10-13T15:39:46.162-04:00: 	at java.awt.EventQueue.dispatchEventImpl(Unknown Source)
2012-10-13T15:39:46.162-04:00: 	at java.awt.EventQueue.access$000(Unknown Source)
2012-10-13T15:39:46.162-04:00: 	at java.awt.EventQueue$3.run(Unknown Source)
2012-10-13T15:39:46.162-04:00: 	at java.awt.EventQueue$3.run(Unknown Source)
2012-10-13T15:39:46.162-04:00: 	at java.security.AccessController.doPrivileged(Native Method)
2012-10-13T15:39:46.162-04:00: 	at java.security.ProtectionDomain$1.doIntersectionPrivilege(Unknown Source)
2012-10-13T15:39:46.162-04:00: 	at java.security.ProtectionDomain$1.doIntersectionPrivilege(Unknown Source)
2012-10-13T15:39:46.162-04:00: 	at java.awt.EventQueue$4.run(Unknown Source)
2012-10-13T15:39:46.162-04:00: 	at java.awt.EventQueue$4.run(Unknown Source)
2012-10-13T15:39:46.162-04:00: 	at java.security.AccessController.doPrivileged(Native Method)
2012-10-13T15:39:46.177-04:00: 	at java.security.ProtectionDomain$1.doIntersectionPrivilege(Unknown Source)
2012-10-13T15:39:46.177-04:00: 	at java.awt.EventQueue.dispatchEvent(Unknown Source)
2012-10-13T15:39:46.177-04:00: 	at java.awt.EventDispatchThread.pumpOneEventForFilters(Unknown Source)
2012-10-13T15:39:46.177-04:00: 	at java.awt.EventDispatchThread.pumpEventsForFilter(Unknown Source)
2012-10-13T15:39:46.177-04:00: 	at java.awt.EventDispatchThread.pumpEventsForHierarchy(Unknown Source)
2012-10-13T15:39:46.177-04:00: 	at java.awt.EventDispatchThread.pumpEvents(Unknown Source)
2012-10-13T15:39:46.177-04:00: 	at java.awt.EventDispatchThread.pumpEvents(Unknown Source)
2012-10-13T15:39:46.177-04:00: 	at java.awt.EventDispatchThread.run(Unknown Source)
2012-10-13T15:39:51.271-04:00: Exception in thread "AWT-EventQueue-0" java.lang.NoClassDefFoundError: Could not initialize class gnu.io.CommPortIdentifier
2012-10-13T15:39:51.271-04:00: 	at jsattrak.gui.CommPortComboBox.<init>(CommPortComboBox.java:30)
2012-10-13T15:39:51.271-04:00: 	at edu.cusat.gs.gui.Ts2000ControlPanel.initComponents(Ts2000ControlPanel.java:302)
2012-10-13T15:39:51.271-04:00: 	at edu.cusat.gs.gui.Ts2000ControlPanel.<init>(Ts2000ControlPanel.java:44)
2012-10-13T15:39:51.271-04:00: 	at edu.cusat.gs.gui.GroundSystemsPanel.initCustomComponents(GroundSystemsPanel.java:351)
2012-10-13T15:39:51.271-04:00: 	at edu.cusat.gs.gui.GroundSystemsPanel.<init>(GroundSystemsPanel.java:76)
2012-10-13T15:39:51.271-04:00: 	at jsattrak.gui.JSatTrak.showTritonInternalFrame(JSatTrak.java:2699)
2012-10-13T15:39:51.287-04:00: 	at jsattrak.gui.JSatTrak.jButtonTritonActionPerformed(JSatTrak.java:1557)
2012-10-13T15:39:51.287-04:00: 	at jsattrak.gui.JSatTrak.access$8(JSatTrak.java:1556)
2012-10-13T15:39:51.287-04:00: 	at jsattrak.gui.JSatTrak$8.actionPerformed(JSatTrak.java:877)
2012-10-13T15:39:51.287-04:00: 	at javax.swing.AbstractButton.fireActionPerformed(Unknown Source)
2012-10-13T15:39:51.287-04:00: 	at javax.swing.AbstractButton$Handler.actionPerformed(Unknown Source)
2012-10-13T15:39:51.287-04:00: 	at javax.swing.DefaultButtonModel.fireActionPerformed(Unknown Source)
2012-10-13T15:39:51.287-04:00: 	at javax.swing.DefaultButtonModel.setPressed(Unknown Source)
2012-10-13T15:39:51.287-04:00: 	at javax.swing.plaf.basic.BasicButtonListener.mouseReleased(Unknown Source)
2012-10-13T15:39:51.287-04:00: 	at org.jvnet.substance.utils.RolloverButtonListener.mouseReleased(RolloverButtonListener.java:111)
2012-10-13T15:39:51.287-04:00: 	at java.awt.AWTEventMulticaster.mouseReleased(Unknown Source)
2012-10-13T15:39:51.287-04:00: 	at java.awt.Component.processMouseEvent(Unknown Source)
2012-10-13T15:39:51.287-04:00: 	at javax.swing.JComponent.processMouseEvent(Unknown Source)
2012-10-13T15:39:51.287-04:00: 	at java.awt.Component.processEvent(Unknown Source)
2012-10-13T15:39:51.287-04:00: 	at java.awt.Container.processEvent(Unknown Source)
2012-10-13T15:39:51.287-04:00: 	at java.awt.Component.dispatchEventImpl(Unknown Source)
2012-10-13T15:39:51.287-04:00: 	at java.awt.Container.dispatchEventImpl(Unknown Source)
2012-10-13T15:39:51.287-04:00: 	at java.awt.Component.dispatchEvent(Unknown Source)
2012-10-13T15:39:51.287-04:00: 	at java.awt.LightweightDispatcher.retargetMouseEvent(Unknown Source)
2012-10-13T15:39:51.287-04:00: 	at java.awt.LightweightDispatcher.processMouseEvent(Unknown Source)
2012-10-13T15:39:51.287-04:00: 	at java.awt.LightweightDispatcher.dispatchEvent(Unknown Source)
2012-10-13T15:39:51.287-04:00: 	at java.awt.Container.dispatchEventImpl(Unknown Source)
2012-10-13T15:39:51.287-04:00: 	at java.awt.Window.dispatchEventImpl(Unknown Source)
2012-10-13T15:39:51.287-04:00: 	at java.awt.Component.dispatchEvent(Unknown Source)
2012-10-13T15:39:51.287-04:00: 	at java.awt.EventQueue.dispatchEventImpl(Unknown Source)
2012-10-13T15:39:51.287-04:00: 	at java.awt.EventQueue.access$000(Unknown Source)
2012-10-13T15:39:51.287-04:00: 	at java.awt.EventQueue$3.run(Unknown Source)
2012-10-13T15:39:51.302-04:00: 	at java.awt.EventQueue$3.run(Unknown Source)
2012-10-13T15:39:51.302-04:00: 	at java.security.AccessController.doPrivileged(Native Method)
2012-10-13T15:39:51.302-04:00: 	at java.security.ProtectionDomain$1.doIntersectionPrivilege(Unknown Source)
2012-10-13T15:39:51.302-04:00: 	at java.security.ProtectionDomain$1.doIntersectionPrivilege(Unknown Source)
2012-10-13T15:39:51.302-04:00: 	at java.awt.EventQueue$4.run(Unknown Source)
2012-10-13T15:39:51.302-04:00: 	at java.awt.EventQueue$4.run(Unknown Source)
2012-10-13T15:39:51.302-04:00: 	at java.security.AccessController.doPrivileged(Native Method)
2012-10-13T15:39:51.302-04:00: 	at java.security.ProtectionDomain$1.doIntersectionPrivilege(Unknown Source)
2012-10-13T15:39:51.302-04:00: 	at java.awt.EventQueue.dispatchEvent(Unknown Source)
2012-10-13T15:39:51.302-04:00: 	at java.awt.EventDispatchThread.pumpOneEventForFilters(Unknown Source)
2012-10-13T15:39:51.302-04:00: 	at java.awt.EventDispatchThread.pumpEventsForFilter(Unknown Source)
2012-10-13T15:39:51.302-04:00: 	at java.awt.EventDispatchThread.pumpEventsForHierarchy(Unknown Source)
2012-10-13T15:39:51.302-04:00: 	at java.awt.EventDispatchThread.pumpEvents(Unknown Source)
2012-10-13T15:39:51.302-04:00: 	at java.awt.EventDispatchThread.pumpEvents(Unknown Source)
2012-10-13T15:39:51.302-04:00: 	at java.awt.EventDispatchThread.run(Unknown Source)
2012-10-13T15:39:51.427-04:00: Exception in thread "AWT-EventQueue-0" java.lang.NoClassDefFoundError: Could not initialize class gnu.io.CommPortIdentifier
2012-10-13T15:39:51.427-04:00: 	at jsattrak.gui.CommPortComboBox.<init>(CommPortComboBox.java:30)
2012-10-13T15:39:51.427-04:00: 	at edu.cusat.gs.gui.Ts2000ControlPanel.initComponents(Ts2000ControlPanel.java:302)
2012-10-13T15:39:51.427-04:00: 	at edu.cusat.gs.gui.Ts2000ControlPanel.<init>(Ts2000ControlPanel.java:44)
2012-10-13T15:39:51.427-04:00: 	at edu.cusat.gs.gui.GroundSystemsPanel.initCustomComponents(GroundSystemsPanel.java:351)
2012-10-13T15:39:51.427-04:00: 	at edu.cusat.gs.gui.GroundSystemsPanel.<init>(GroundSystemsPanel.java:76)
2012-10-13T15:39:51.427-04:00: 	at jsattrak.gui.JSatTrak.showTritonInternalFrame(JSatTrak.java:2699)
2012-10-13T15:39:51.427-04:00: 	at jsattrak.gui.JSatTrak.jButtonTritonActionPerformed(JSatTrak.java:1557)
2012-10-13T15:39:51.427-04:00: 	at jsattrak.gui.JSatTrak.access$8(JSatTrak.java:1556)
2012-10-13T15:39:51.427-04:00: 	at jsattrak.gui.JSatTrak$8.actionPerformed(JSatTrak.java:877)
2012-10-13T15:39:51.427-04:00: 	at javax.swing.AbstractButton.fireActionPerformed(Unknown Source)
2012-10-13T15:39:51.427-04:00: 	at javax.swing.AbstractButton$Handler.actionPerformed(Unknown Source)
2012-10-13T15:39:51.427-04:00: 	at javax.swing.DefaultButtonModel.fireActionPerformed(Unknown Source)
2012-10-13T15:39:51.427-04:00: 	at javax.swing.DefaultButtonModel.setPressed(Unknown Source)
2012-10-13T15:39:51.427-04:00: 	at javax.swing.plaf.basic.BasicButtonListener.mouseReleased(Unknown Source)
2012-10-13T15:39:51.427-04:00: 	at org.jvnet.substance.utils.RolloverButtonListener.mouseReleased(RolloverButtonListener.java:111)
2012-10-13T15:39:51.427-04:00: 	at java.awt.AWTEventMulticaster.mouseReleased(Unknown Source)
2012-10-13T15:39:51.427-04:00: 	at java.awt.Component.processMouseEvent(Unknown Source)
2012-10-13T15:39:51.427-04:00: 	at javax.swing.JComponent.processMouseEvent(Unknown Source)
2012-10-13T15:39:51.427-04:00: 	at java.awt.Component.processEvent(Unknown Source)
2012-10-13T15:39:51.427-04:00: 	at java.awt.Container.processEvent(Unknown Source)
2012-10-13T15:39:51.427-04:00: 	at java.awt.Component.dispatchEventImpl(Unknown Source)
2012-10-13T15:39:51.427-04:00: 	at java.awt.Container.dispatchEventImpl(Unknown Source)
2012-10-13T15:39:51.427-04:00: 	at java.awt.Component.dispatchEvent(Unknown Source)
2012-10-13T15:39:51.427-04:00: 	at java.awt.LightweightDispatcher.retargetMouseEvent(Unknown Source)
2012-10-13T15:39:51.427-04:00: 	at java.awt.LightweightDispatcher.processMouseEvent(Unknown Source)
2012-10-13T15:39:51.427-04:00: 	at java.awt.LightweightDispatcher.dispatchEvent(Unknown Source)
2012-10-13T15:39:51.427-04:00: 	at java.awt.Container.dispatchEventImpl(Unknown Source)
2012-10-13T15:39:51.443-04:00: 	at java.awt.Window.dispatchEventImpl(Unknown Source)
2012-10-13T15:39:51.443-04:00: 	at java.awt.Component.dispatchEvent(Unknown Source)
2012-10-13T15:39:51.443-04:00: 	at java.awt.EventQueue.dispatchEventImpl(Unknown Source)
2012-10-13T15:39:51.443-04:00: 	at java.awt.EventQueue.access$000(Unknown Source)
2012-10-13T15:39:51.443-04:00: 	at java.awt.EventQueue$3.run(Unknown Source)
2012-10-13T15:39:51.443-04:00: 	at java.awt.EventQueue$3.run(Unknown Source)
2012-10-13T15:39:51.443-04:00: 	at java.security.AccessController.doPrivileged(Native Method)
2012-10-13T15:39:51.443-04:00: 	at java.security.ProtectionDomain$1.doIntersectionPrivilege(Unknown Source)
2012-10-13T15:39:51.443-04:00: 	at java.security.ProtectionDomain$1.doIntersectionPrivilege(Unknown Source)
2012-10-13T15:39:51.443-04:00: 	at java.awt.EventQueue$4.run(Unknown Source)
2012-10-13T15:39:51.443-04:00: 	at java.awt.EventQueue$4.run(Unknown Source)
2012-10-13T15:39:51.443-04:00: 	at java.security.AccessController.doPrivileged(Native Method)
2012-10-13T15:39:51.443-04:00: 	at java.security.ProtectionDomain$1.doIntersectionPrivilege(Unknown Source)
2012-10-13T15:39:51.443-04:00: 	at java.awt.EventQueue.dispatchEvent(Unknown Source)
2012-10-13T15:39:51.443-04:00: 	at java.awt.EventDispatchThread.pumpOneEventForFilters(Unknown Source)
2012-10-13T15:39:51.443-04:00: 	at java.awt.EventDispatchThread.pumpEventsForFilter(Unknown Source)
2012-10-13T15:39:51.443-04:00: 	at java.awt.EventDispatchThread.pumpEventsForHierarchy(Unknown Source)
2012-10-13T15:39:51.443-04:00: 	at java.awt.EventDispatchThread.pumpEvents(Unknown Source)
2012-10-13T15:39:51.443-04:00: 	at java.awt.EventDispatchThread.pumpEvents(Unknown Source)
2012-10-13T15:39:51.443-04:00: 	at java.awt.EventDispatchThread.run(Unknown Source)
2012-10-13T15:39:51.662-04:00: Exception in thread "AWT-EventQueue-0" java.lang.NoClassDefFoundError: Could not initialize class gnu.io.CommPortIdentifier
2012-10-13T15:39:51.662-04:00: 	at jsattrak.gui.CommPortComboBox.<init>(CommPortComboBox.java:30)
2012-10-13T15:39:51.662-04:00: 	at edu.cusat.gs.gui.Ts2000ControlPanel.initComponents(Ts2000ControlPanel.java:302)
2012-10-13T15:39:51.662-04:00: 	at edu.cusat.gs.gui.Ts2000ControlPanel.<init>(Ts2000ControlPanel.java:44)
2012-10-13T15:39:51.662-04:00: 	at edu.cusat.gs.gui.GroundSystemsPanel.initCustomComponents(GroundSystemsPanel.java:351)
2012-10-13T15:39:51.662-04:00: 	at edu.cusat.gs.gui.GroundSystemsPanel.<init>(GroundSystemsPanel.java:76)
2012-10-13T15:39:51.662-04:00: 	at jsattrak.gui.JSatTrak.showTritonInternalFrame(JSatTrak.java:2699)
2012-10-13T15:39:51.662-04:00: 	at jsattrak.gui.JSatTrak.jButtonTritonActionPerformed(JSatTrak.java:1557)
2012-10-13T15:39:51.662-04:00: 	at jsattrak.gui.JSatTrak.access$8(JSatTrak.java:1556)
2012-10-13T15:39:51.662-04:00: 	at jsattrak.gui.JSatTrak$8.actionPerformed(JSatTrak.java:877)
2012-10-13T15:39:51.662-04:00: 	at javax.swing.AbstractButton.fireActionPerformed(Unknown Source)
2012-10-13T15:39:51.677-04:00: 	at javax.swing.AbstractButton$Handler.actionPerformed(Unknown Source)
2012-10-13T15:39:51.677-04:00: 	at javax.swing.DefaultButtonModel.fireActionPerformed(Unknown Source)
2012-10-13T15:39:51.677-04:00: 	at javax.swing.DefaultButtonModel.setPressed(Unknown Source)
2012-10-13T15:39:51.677-04:00: 	at javax.swing.plaf.basic.BasicButtonListener.mouseReleased(Unknown Source)
2012-10-13T15:39:51.677-04:00: 	at org.jvnet.substance.utils.RolloverButtonListener.mouseReleased(RolloverButtonListener.java:111)
2012-10-13T15:39:51.677-04:00: 	at java.awt.AWTEventMulticaster.mouseReleased(Unknown Source)
2012-10-13T15:39:51.677-04:00: 	at java.awt.Component.processMouseEvent(Unknown Source)
2012-10-13T15:39:51.677-04:00: 	at javax.swing.JComponent.processMouseEvent(Unknown Source)
2012-10-13T15:39:51.677-04:00: 	at java.awt.Component.processEvent(Unknown Source)
2012-10-13T15:39:51.677-04:00: 	at java.awt.Container.processEvent(Unknown Source)
2012-10-13T15:39:51.677-04:00: 	at java.awt.Component.dispatchEventImpl(Unknown Source)
2012-10-13T15:39:51.677-04:00: 	at java.awt.Container.dispatchEventImpl(Unknown Source)
2012-10-13T15:39:51.677-04:00: 	at java.awt.Component.dispatchEvent(Unknown Source)
2012-10-13T15:39:51.677-04:00: 	at java.awt.LightweightDispatcher.retargetMouseEvent(Unknown Source)
2012-10-13T15:39:51.677-04:00: 	at java.awt.LightweightDispatcher.processMouseEvent(Unknown Source)
2012-10-13T15:39:51.677-04:00: 	at java.awt.LightweightDispatcher.dispatchEvent(Unknown Source)
2012-10-13T15:39:51.677-04:00: 	at java.awt.Container.dispatchEventImpl(Unknown Source)
2012-10-13T15:39:51.677-04:00: 	at java.awt.Window.dispatchEventImpl(Unknown Source)
2012-10-13T15:39:51.677-04:00: 	at java.awt.Component.dispatchEvent(Unknown Source)
2012-10-13T15:39:51.677-04:00: 	at java.awt.EventQueue.dispatchEventImpl(Unknown Source)
2012-10-13T15:39:51.677-04:00: 	at java.awt.EventQueue.access$000(Unknown Source)
2012-10-13T15:39:51.677-04:00: 	at java.awt.EventQueue$3.run(Unknown Source)
2012-10-13T15:39:51.677-04:00: 	at java.awt.EventQueue$3.run(Unknown Source)
2012-10-13T15:39:51.677-04:00: 	at java.security.AccessController.doPrivileged(Native Method)
2012-10-13T15:39:51.677-04:00: 	at java.security.ProtectionDomain$1.doIntersectionPrivilege(Unknown Source)
2012-10-13T15:39:51.677-04:00: 	at java.security.ProtectionDomain$1.doIntersectionPrivilege(Unknown Source)
2012-10-13T15:39:51.677-04:00: 	at java.awt.EventQueue$4.run(Unknown Source)
2012-10-13T15:39:51.677-04:00: 	at java.awt.EventQueue$4.run(Unknown Source)
2012-10-13T15:39:51.677-04:00: 	at java.security.AccessController.doPrivileged(Native Method)
2012-10-13T15:39:51.677-04:00: 	at java.security.ProtectionDomain$1.doIntersectionPrivilege(Unknown Source)
2012-10-13T15:39:51.677-04:00: 	at java.awt.EventQueue.dispatchEvent(Unknown Source)
2012-10-13T15:39:51.677-04:00: 	at java.awt.EventDispatchThread.pumpOneEventForFilters(Unknown Source)
2012-10-13T15:39:51.677-04:00: 	at java.awt.EventDispatchThread.pumpEventsForFilter(Unknown Source)
2012-10-13T15:39:51.677-04:00: 	at java.awt.EventDispatchThread.pumpEventsForHierarchy(Unknown Source)
2012-10-13T15:39:51.677-04:00: 	at java.awt.EventDispatchThread.pumpEvents(Unknown Source)
2012-10-13T15:39:51.677-04:00: 	at java.awt.EventDispatchThread.pumpEvents(Unknown Source)
2012-10-13T15:39:51.677-04:00: 	at java.awt.EventDispatchThread.run(Unknown Source)
