2012-12-07T20:16:24.365-05:00: Stable Library
2012-12-07T20:16:24.365-05:00: =========================================
2012-12-07T20:16:24.365-05:00: Native lib Version = RXTX-2.1-7
2012-12-07T20:16:24.365-05:00: Java lib Version   = RXTX-2.1-7
2012-12-07T20:16:28.584-05:00: Sending to TS-2000: SQ1050;
2012-12-07T20:16:28.584-05:00: Sending to TS-2000: DC;
2012-12-07T20:16:28.584-05:00: Sending to TS-2000: AG0050;
2012-12-07T20:16:28.584-05:00: Sending to TS-2000: FR;
2012-12-07T20:16:28.599-05:00: Sending to TS-2000: AG;
2012-12-07T20:16:28.599-05:00: Sending to TS-2000: FT;
2012-12-07T20:16:28.599-05:00: Sending to TS-2000: RG050;
2012-12-07T20:16:28.615-05:00: Sending to TS-2000: FA;
2012-12-07T20:16:28.615-05:00: Sending to TS-2000: RG;
2012-12-07T20:16:28.615-05:00: Sending to TS-2000: FB;
2012-12-07T20:16:28.631-05:00: Sending to TS-2000: FC;
2012-12-07T20:16:28.631-05:00: Sending to TS-2000: MD;
2012-12-07T20:16:28.631-05:00: Sending to TS-2000: BY;
2012-12-07T20:16:28.631-05:00: Sending to TS-2000: SM0;
2012-12-07T20:16:34.974-05:00: Sending to TS-2000: FR0;
2012-12-07T20:16:34.974-05:00: Sending to TS-2000: FR;
2012-12-07T20:16:34.974-05:00: Sending to TS-2000: FT1;
2012-12-07T20:16:34.974-05:00: Sending to TS-2000: FT;
2012-12-07T20:16:35.068-05:00: Sending to TS-2000: FB00437405000;
2012-12-07T20:16:35.068-05:00: Sending to TS-2000: FB;
2012-12-07T20:16:35.084-05:00: Sending to TS-2000: FA00437405000;
2012-12-07T20:16:35.084-05:00: Sending to TS-2000: FA;
2012-12-07T20:16:38.584-05:00: Sending to TS-2000: DC;
2012-12-07T20:16:38.584-05:00: Sending to TS-2000: FR;
2012-12-07T20:16:38.599-05:00: Sending to TS-2000: FT;
2012-12-07T20:16:38.599-05:00: Sending to TS-2000: FA;
2012-12-07T20:16:38.599-05:00: Sending to TS-2000: FB;
2012-12-07T20:16:38.599-05:00: Sending to TS-2000: FC;
2012-12-07T20:16:38.599-05:00: Sending to TS-2000: MD;
2012-12-07T20:16:38.615-05:00: Sending to TS-2000: BY;
2012-12-07T20:16:38.615-05:00: Sending to TS-2000: SM0;
2012-12-07T20:16:45.053-05:00: Sending to TS-2000: FR0;
2012-12-07T20:16:45.053-05:00: Sending to TS-2000: FR;
2012-12-07T20:16:45.053-05:00: Sending to TS-2000: FT1;
2012-12-07T20:16:45.068-05:00: Sending to TS-2000: FT;
2012-12-07T20:16:45.068-05:00: Sending to TS-2000: MD2;
2012-12-07T20:16:45.068-05:00: Sending to TS-2000: MD;
2012-12-07T20:16:45.068-05:00: Sending to TS-2000: FR1;
2012-12-07T20:16:45.068-05:00: Sending to TS-2000: FR;
2012-12-07T20:16:45.084-05:00: Sending to TS-2000: FT0;
2012-12-07T20:16:45.084-05:00: Sending to TS-2000: FT;
2012-12-07T20:16:45.084-05:00: Sending to TS-2000: MD2;
2012-12-07T20:16:45.084-05:00: Sending to TS-2000: MD;
2012-12-07T20:16:45.099-05:00: Sending to TS-2000: FR0;
2012-12-07T20:16:45.099-05:00: Sending to TS-2000: FR;
2012-12-07T20:16:45.099-05:00: Sending to TS-2000: FT1;
2012-12-07T20:16:45.099-05:00: Sending to TS-2000: FT;
2012-12-07T20:16:47.396-05:00: Sending to TS-2000: FR0;
2012-12-07T20:16:47.396-05:00: Sending to TS-2000: FR;
2012-12-07T20:16:47.396-05:00: Sending to TS-2000: FT1;
2012-12-07T20:16:47.412-05:00: Sending to TS-2000: FT;
2012-12-07T20:16:47.412-05:00: Sending to TS-2000: MD3;
2012-12-07T20:16:47.412-05:00: Sending to TS-2000: MD;
2012-12-07T20:16:47.412-05:00: Sending to TS-2000: FR1;
2012-12-07T20:16:47.412-05:00: Sending to TS-2000: FR;
2012-12-07T20:16:47.428-05:00: Sending to TS-2000: FT0;
2012-12-07T20:16:47.428-05:00: Sending to TS-2000: FT;
2012-12-07T20:16:47.428-05:00: Sending to TS-2000: MD3;
2012-12-07T20:16:47.428-05:00: Sending to TS-2000: MD;
2012-12-07T20:16:47.443-05:00: Sending to TS-2000: FR0;
2012-12-07T20:16:47.443-05:00: Sending to TS-2000: FR;
2012-12-07T20:16:47.443-05:00: Sending to TS-2000: FT1;
2012-12-07T20:16:47.443-05:00: Sending to TS-2000: FT;
2012-12-07T20:16:48.584-05:00: Sending to TS-2000: DC;
2012-12-07T20:16:48.584-05:00: Sending to TS-2000: FR;
2012-12-07T20:16:48.584-05:00: Sending to TS-2000: FT;
2012-12-07T20:16:48.584-05:00: Sending to TS-2000: FA;
2012-12-07T20:16:48.599-05:00: Sending to TS-2000: FB;
2012-12-07T20:16:48.599-05:00: Sending to TS-2000: FC;
2012-12-07T20:16:48.599-05:00: Sending to TS-2000: MD;
2012-12-07T20:16:48.599-05:00: Sending to TS-2000: BY;
2012-12-07T20:16:48.599-05:00: Sending to TS-2000: SM0;
2012-12-07T20:16:50.912-05:00: Sending to TS-2000: FR0;
2012-12-07T20:16:50.912-05:00: Sending to TS-2000: FR;
2012-12-07T20:16:50.912-05:00: Sending to TS-2000: FT1;
2012-12-07T20:16:50.928-05:00: Sending to TS-2000: FT;
2012-12-07T20:16:50.928-05:00: Sending to TS-2000: MD4;
2012-12-07T20:16:50.928-05:00: Sending to TS-2000: MD;
2012-12-07T20:16:50.928-05:00: Sending to TS-2000: FR1;
2012-12-07T20:16:50.943-05:00: Sending to TS-2000: FR;
2012-12-07T20:16:50.943-05:00: Sending to TS-2000: FT0;
2012-12-07T20:16:50.943-05:00: Sending to TS-2000: FT;
2012-12-07T20:16:50.943-05:00: Sending to TS-2000: MD4;
2012-12-07T20:16:50.959-05:00: Sending to TS-2000: MD;
2012-12-07T20:16:50.959-05:00: Sending to TS-2000: FR0;
2012-12-07T20:16:50.959-05:00: Sending to TS-2000: FR;
2012-12-07T20:16:50.959-05:00: Sending to TS-2000: FT1;
2012-12-07T20:16:50.959-05:00: Sending to TS-2000: FT;
2012-12-07T20:16:58.584-05:00: Sending to TS-2000: DC;
2012-12-07T20:16:58.584-05:00: Sending to TS-2000: FR;
2012-12-07T20:16:58.584-05:00: Sending to TS-2000: FT;
2012-12-07T20:16:58.584-05:00: Sending to TS-2000: FA;
2012-12-07T20:16:58.584-05:00: Sending to TS-2000: FB;
2012-12-07T20:16:58.584-05:00: Sending to TS-2000: FC;
2012-12-07T20:16:58.599-05:00: Sending to TS-2000: MD;
2012-12-07T20:16:58.599-05:00: Sending to TS-2000: BY;
2012-12-07T20:16:58.599-05:00: Sending to TS-2000: SM0;
2012-12-07T20:17:08.584-05:00: Sending to TS-2000: DC;
2012-12-07T20:17:08.584-05:00: Sending to TS-2000: FR;
2012-12-07T20:17:08.599-05:00: Sending to TS-2000: FT;
2012-12-07T20:17:08.599-05:00: Sending to TS-2000: FA;
2012-12-07T20:17:08.599-05:00: Sending to TS-2000: FB;
2012-12-07T20:17:08.599-05:00: Sending to TS-2000: FC;
2012-12-07T20:17:08.599-05:00: Sending to TS-2000: MD;
2012-12-07T20:17:08.615-05:00: Sending to TS-2000: BY;
2012-12-07T20:17:08.615-05:00: Sending to TS-2000: SM0;
2012-12-07T20:17:18.584-05:00: Sending to TS-2000: DC;
2012-12-07T20:17:18.584-05:00: Sending to TS-2000: FR;
2012-12-07T20:17:18.584-05:00: Sending to TS-2000: FT;
2012-12-07T20:17:18.584-05:00: Sending to TS-2000: FA;
2012-12-07T20:17:18.599-05:00: Sending to TS-2000: FB;
2012-12-07T20:17:18.599-05:00: Sending to TS-2000: FC;
2012-12-07T20:17:18.599-05:00: Sending to TS-2000: MD;
2012-12-07T20:17:18.599-05:00: Sending to TS-2000: BY;
2012-12-07T20:17:18.599-05:00: Sending to TS-2000: SM0;
2012-12-07T20:17:28.584-05:00: Sending to TS-2000: DC;
2012-12-07T20:17:28.584-05:00: Sending to TS-2000: FR;
2012-12-07T20:17:28.584-05:00: Sending to TS-2000: FT;
2012-12-07T20:17:28.584-05:00: Sending to TS-2000: FA;
2012-12-07T20:17:28.584-05:00: Sending to TS-2000: FB;
2012-12-07T20:17:28.599-05:00: Sending to TS-2000: FC;
2012-12-07T20:17:28.599-05:00: Sending to TS-2000: MD;
2012-12-07T20:17:28.599-05:00: Sending to TS-2000: BY;
2012-12-07T20:17:28.599-05:00: Sending to TS-2000: SM0;
2012-12-07T20:17:38.584-05:00: Sending to TS-2000: DC;
2012-12-07T20:17:38.584-05:00: Sending to TS-2000: FR;
2012-12-07T20:17:38.599-05:00: Sending to TS-2000: FT;
2012-12-07T20:17:38.599-05:00: Sending to TS-2000: FA;
2012-12-07T20:17:38.599-05:00: Sending to TS-2000: FB;
2012-12-07T20:17:38.599-05:00: Sending to TS-2000: FC;
2012-12-07T20:17:38.599-05:00: Sending to TS-2000: MD;
2012-12-07T20:17:38.615-05:00: Sending to TS-2000: BY;
2012-12-07T20:17:38.615-05:00: Sending to TS-2000: SM0;
2012-12-07T20:17:48.584-05:00: Sending to TS-2000: DC;
2012-12-07T20:17:48.584-05:00: Sending to TS-2000: FR;
2012-12-07T20:17:48.584-05:00: Sending to TS-2000: FT;
2012-12-07T20:17:48.599-05:00: Sending to TS-2000: FA;
2012-12-07T20:17:48.599-05:00: Sending to TS-2000: FB;
2012-12-07T20:17:48.599-05:00: Sending to TS-2000: FC;
2012-12-07T20:17:48.599-05:00: Sending to TS-2000: MD;
2012-12-07T20:17:48.599-05:00: Sending to TS-2000: BY;
2012-12-07T20:17:48.615-05:00: Sending to TS-2000: SM0;
2012-12-07T20:17:58.584-05:00: Sending to TS-2000: DC;
2012-12-07T20:17:58.584-05:00: Sending to TS-2000: FR;
2012-12-07T20:17:58.584-05:00: Sending to TS-2000: FT;
2012-12-07T20:17:58.584-05:00: Sending to TS-2000: FA;
2012-12-07T20:17:58.584-05:00: Sending to TS-2000: FB;
2012-12-07T20:17:58.599-05:00: Sending to TS-2000: FC;
2012-12-07T20:17:58.599-05:00: Sending to TS-2000: MD;
2012-12-07T20:17:58.599-05:00: Sending to TS-2000: BY;
2012-12-07T20:17:58.599-05:00: Sending to TS-2000: SM0;
2012-12-07T20:18:03.256-05:00: Sending to TS-2000: RG050;
2012-12-07T20:18:03.256-05:00: Sending to TS-2000: RG;
2012-12-07T20:18:03.256-05:00: Sending to TS-2000: RG051;
2012-12-07T20:18:03.256-05:00: Sending to TS-2000: RG;
2012-12-07T20:18:03.287-05:00: Sending to TS-2000: RG064;
2012-12-07T20:18:03.287-05:00: Sending to TS-2000: RG;
2012-12-07T20:18:03.303-05:00: Sending to TS-2000: RG118;
2012-12-07T20:18:03.303-05:00: Sending to TS-2000: RG;
2012-12-07T20:18:03.334-05:00: Sending to TS-2000: RG153;
2012-12-07T20:18:03.334-05:00: Sending to TS-2000: RG;
2012-12-07T20:18:03.334-05:00: Sending to TS-2000: RG173;
2012-12-07T20:18:03.349-05:00: Sending to TS-2000: RG;
2012-12-07T20:18:03.365-05:00: Sending to TS-2000: RG188;
2012-12-07T20:18:03.365-05:00: Sending to TS-2000: RG;
2012-12-07T20:18:03.396-05:00: Sending to TS-2000: RG198;
2012-12-07T20:18:03.396-05:00: Sending to TS-2000: RG;
2012-12-07T20:18:03.412-05:00: Sending to TS-2000: RG220;
2012-12-07T20:18:03.412-05:00: Sending to TS-2000: RG;
2012-12-07T20:18:03.428-05:00: Sending to TS-2000: RG224;
2012-12-07T20:18:03.428-05:00: Sending to TS-2000: RG;
2012-12-07T20:18:03.459-05:00: Sending to TS-2000: RG227;
2012-12-07T20:18:03.459-05:00: Sending to TS-2000: RG;
2012-12-07T20:18:03.490-05:00: Sending to TS-2000: RG230;
2012-12-07T20:18:03.490-05:00: Sending to TS-2000: RG;
2012-12-07T20:18:03.506-05:00: Sending to TS-2000: RG237;
2012-12-07T20:18:03.506-05:00: Sending to TS-2000: RG;
2012-12-07T20:18:03.521-05:00: Sending to TS-2000: RG247;
2012-12-07T20:18:03.521-05:00: Sending to TS-2000: RG;
2012-12-07T20:18:03.537-05:00: Sending to TS-2000: RG255;
2012-12-07T20:18:03.537-05:00: Sending to TS-2000: RG;
2012-12-07T20:18:04.381-05:00: Sending to TS-2000: RG224;
2012-12-07T20:18:04.381-05:00: Sending to TS-2000: RG;
2012-12-07T20:18:04.396-05:00: Sending to TS-2000: RG197;
2012-12-07T20:18:04.396-05:00: Sending to TS-2000: RG;
2012-12-07T20:18:04.412-05:00: Sending to TS-2000: RG187;
2012-12-07T20:18:04.412-05:00: Sending to TS-2000: RG;
2012-12-07T20:18:04.428-05:00: Sending to TS-2000: RG183;
2012-12-07T20:18:04.428-05:00: Sending to TS-2000: RG;
2012-12-07T20:18:04.443-05:00: Sending to TS-2000: RG179;
2012-12-07T20:18:04.443-05:00: Sending to TS-2000: RG;
2012-12-07T20:18:04.474-05:00: Sending to TS-2000: RG177;
2012-12-07T20:18:04.474-05:00: Sending to TS-2000: RG;
2012-12-07T20:18:04.896-05:00: Sending to TS-2000: RG184;
2012-12-07T20:18:04.896-05:00: Sending to TS-2000: RG;
2012-12-07T20:18:04.912-05:00: Sending to TS-2000: RG196;
2012-12-07T20:18:04.912-05:00: Sending to TS-2000: RG;
2012-12-07T20:18:04.928-05:00: Sending to TS-2000: RG215;
2012-12-07T20:18:04.928-05:00: Sending to TS-2000: RG;
2012-12-07T20:18:04.943-05:00: Sending to TS-2000: RG225;
2012-12-07T20:18:04.959-05:00: Sending to TS-2000: RG;
2012-12-07T20:18:04.974-05:00: Sending to TS-2000: RG249;
2012-12-07T20:18:04.974-05:00: Sending to TS-2000: RG;
2012-12-07T20:18:04.990-05:00: Sending to TS-2000: RG255;
2012-12-07T20:18:04.990-05:00: Sending to TS-2000: RG;
2012-12-07T20:18:05.443-05:00: Sending to TS-2000: RG255;
2012-12-07T20:18:05.443-05:00: Sending to TS-2000: RG;
2012-12-07T20:18:08.381-05:00: Sending to TS-2000: AG0050;
2012-12-07T20:18:08.381-05:00: Sending to TS-2000: AG;
2012-12-07T20:18:08.381-05:00: Sending to TS-2000: AG0051;
2012-12-07T20:18:08.396-05:00: Sending to TS-2000: AG;
2012-12-07T20:18:08.428-05:00: Sending to TS-2000: AG0052;
2012-12-07T20:18:08.428-05:00: Sending to TS-2000: AG;
2012-12-07T20:18:08.474-05:00: Sending to TS-2000: AG0054;
2012-12-07T20:18:08.474-05:00: Sending to TS-2000: AG;
2012-12-07T20:18:08.506-05:00: Sending to TS-2000: AG0055;
2012-12-07T20:18:08.506-05:00: Sending to TS-2000: AG;
2012-12-07T20:18:08.521-05:00: Sending to TS-2000: AG0057;
2012-12-07T20:18:08.521-05:00: Sending to TS-2000: AG;
2012-12-07T20:18:08.568-05:00: Sending to TS-2000: AG0058;
2012-12-07T20:18:08.584-05:00: Sending to TS-2000: AG;
2012-12-07T20:18:08.584-05:00: Sending to TS-2000: DC;
2012-12-07T20:18:08.599-05:00: Sending to TS-2000: FR;
2012-12-07T20:18:08.599-05:00: Sending to TS-2000: FT;
2012-12-07T20:18:08.599-05:00: Sending to TS-2000: FA;
2012-12-07T20:18:08.599-05:00: Sending to TS-2000: FB;
2012-12-07T20:18:08.599-05:00: Sending to TS-2000: FC;
2012-12-07T20:18:08.599-05:00: Sending to TS-2000: MD;
2012-12-07T20:18:08.615-05:00: Sending to TS-2000: BY;
2012-12-07T20:18:08.615-05:00: Sending to TS-2000: SM0;
2012-12-07T20:18:08.631-05:00: Sending to TS-2000: AG0060;
2012-12-07T20:18:08.631-05:00: Sending to TS-2000: AG;
2012-12-07T20:18:08.959-05:00: Sending to TS-2000: AG0057;
2012-12-07T20:18:08.974-05:00: Sending to TS-2000: AG;
2012-12-07T20:18:08.990-05:00: Sending to TS-2000: AG0055;
2012-12-07T20:18:08.990-05:00: Sending to TS-2000: AG;
2012-12-07T20:18:09.006-05:00: Sending to TS-2000: AG0054;
2012-12-07T20:18:09.006-05:00: Sending to TS-2000: AG;
2012-12-07T20:18:09.037-05:00: Sending to TS-2000: AG0052;
2012-12-07T20:18:09.037-05:00: Sending to TS-2000: AG;
2012-12-07T20:18:09.053-05:00: Sending to TS-2000: AG0051;
2012-12-07T20:18:09.053-05:00: Sending to TS-2000: AG;
2012-12-07T20:18:09.084-05:00: Sending to TS-2000: AG0048;
2012-12-07T20:18:09.084-05:00: Sending to TS-2000: AG;
2012-12-07T20:18:09.115-05:00: Sending to TS-2000: AG0047;
2012-12-07T20:18:09.115-05:00: Sending to TS-2000: AG;
2012-12-07T20:18:09.131-05:00: Sending to TS-2000: AG0045;
2012-12-07T20:18:09.131-05:00: Sending to TS-2000: AG;
2012-12-07T20:18:09.146-05:00: Sending to TS-2000: AG0044;
2012-12-07T20:18:09.146-05:00: Sending to TS-2000: AG;
2012-12-07T20:18:09.178-05:00: Sending to TS-2000: AG0043;
2012-12-07T20:18:09.178-05:00: Sending to TS-2000: AG;
2012-12-07T20:18:09.193-05:00: Sending to TS-2000: AG0041;
2012-12-07T20:18:09.193-05:00: Sending to TS-2000: AG;
2012-12-07T20:18:09.209-05:00: Sending to TS-2000: AG0040;
2012-12-07T20:18:09.209-05:00: Sending to TS-2000: AG;
2012-12-07T20:18:09.240-05:00: Sending to TS-2000: AG0038;
2012-12-07T20:18:09.240-05:00: Sending to TS-2000: AG;
2012-12-07T20:18:09.474-05:00: Sending to TS-2000: AG0040;
2012-12-07T20:18:09.474-05:00: Sending to TS-2000: AG;
2012-12-07T20:18:09.490-05:00: Sending to TS-2000: AG0041;
2012-12-07T20:18:09.490-05:00: Sending to TS-2000: AG;
2012-12-07T20:18:09.521-05:00: Sending to TS-2000: AG0044;
2012-12-07T20:18:09.521-05:00: Sending to TS-2000: AG;
2012-12-07T20:18:09.537-05:00: Sending to TS-2000: AG0045;
2012-12-07T20:18:09.537-05:00: Sending to TS-2000: AG;
2012-12-07T20:18:09.553-05:00: Sending to TS-2000: AG0047;
2012-12-07T20:18:09.553-05:00: Sending to TS-2000: AG;
2012-12-07T20:18:09.568-05:00: Sending to TS-2000: AG0048;
2012-12-07T20:18:09.568-05:00: Sending to TS-2000: AG;
2012-12-07T20:18:09.584-05:00: Sending to TS-2000: AG0050;
2012-12-07T20:18:09.584-05:00: Sending to TS-2000: AG;
2012-12-07T20:18:09.599-05:00: Sending to TS-2000: AG0051;
2012-12-07T20:18:09.599-05:00: Sending to TS-2000: AG;
2012-12-07T20:18:09.631-05:00: Sending to TS-2000: AG0052;
2012-12-07T20:18:09.631-05:00: Sending to TS-2000: AG;
2012-12-07T20:18:09.662-05:00: Sending to TS-2000: AG0054;
2012-12-07T20:18:09.662-05:00: Sending to TS-2000: AG;
2012-12-07T20:18:09.678-05:00: Sending to TS-2000: AG0055;
2012-12-07T20:18:09.678-05:00: Sending to TS-2000: AG;
2012-12-07T20:18:10.084-05:00: Sending to TS-2000: AG0054;
2012-12-07T20:18:10.084-05:00: Sending to TS-2000: AG;
2012-12-07T20:18:10.115-05:00: Sending to TS-2000: AG0052;
2012-12-07T20:18:10.115-05:00: Sending to TS-2000: AG;
2012-12-07T20:18:10.162-05:00: Sending to TS-2000: AG0051;
2012-12-07T20:18:10.162-05:00: Sending to TS-2000: AG;
2012-12-07T20:18:10.224-05:00: Sending to TS-2000: AG0050;
2012-12-07T20:18:10.224-05:00: Sending to TS-2000: AG;
2012-12-07T20:18:11.287-05:00: Sending to TS-2000: AG0050;
2012-12-07T20:18:11.287-05:00: Sending to TS-2000: AG;
2012-12-07T20:18:18.584-05:00: Sending to TS-2000: DC;
2012-12-07T20:18:18.584-05:00: Sending to TS-2000: FR;
2012-12-07T20:18:18.584-05:00: Sending to TS-2000: FT;
2012-12-07T20:18:18.599-05:00: Sending to TS-2000: FA;
2012-12-07T20:18:18.599-05:00: Sending to TS-2000: FB;
2012-12-07T20:18:18.599-05:00: Sending to TS-2000: FC;
2012-12-07T20:18:18.599-05:00: Sending to TS-2000: MD;
2012-12-07T20:18:18.599-05:00: Sending to TS-2000: BY;
2012-12-07T20:18:18.615-05:00: Sending to TS-2000: SM0;
2012-12-07T20:18:28.584-05:00: Sending to TS-2000: DC;
2012-12-07T20:18:28.584-05:00: Sending to TS-2000: FR;
2012-12-07T20:18:28.584-05:00: Sending to TS-2000: FT;
2012-12-07T20:18:28.584-05:00: Sending to TS-2000: FA;
2012-12-07T20:18:28.584-05:00: Sending to TS-2000: FB;
2012-12-07T20:18:28.599-05:00: Sending to TS-2000: FC;
2012-12-07T20:18:28.599-05:00: Sending to TS-2000: MD;
2012-12-07T20:18:28.599-05:00: Sending to TS-2000: BY;
2012-12-07T20:18:28.599-05:00: Sending to TS-2000: SM0;
2012-12-07T20:18:38.584-05:00: Sending to TS-2000: DC;
2012-12-07T20:18:38.584-05:00: Sending to TS-2000: FR;
2012-12-07T20:18:38.599-05:00: Sending to TS-2000: FT;
2012-12-07T20:18:38.599-05:00: Sending to TS-2000: FA;
2012-12-07T20:18:38.599-05:00: Sending to TS-2000: FB;
2012-12-07T20:18:38.599-05:00: Sending to TS-2000: FC;
2012-12-07T20:18:38.599-05:00: Sending to TS-2000: MD;
2012-12-07T20:18:38.615-05:00: Sending to TS-2000: BY;
2012-12-07T20:18:38.615-05:00: Sending to TS-2000: SM0;
2012-12-07T20:18:48.584-05:00: Sending to TS-2000: DC;
2012-12-07T20:18:48.584-05:00: Sending to TS-2000: FR;
2012-12-07T20:18:48.584-05:00: Sending to TS-2000: FT;
2012-12-07T20:18:48.599-05:00: Sending to TS-2000: FA;
2012-12-07T20:18:48.599-05:00: Sending to TS-2000: FB;
2012-12-07T20:18:48.599-05:00: Sending to TS-2000: FC;
2012-12-07T20:18:48.599-05:00: Sending to TS-2000: MD;
2012-12-07T20:18:48.599-05:00: Sending to TS-2000: BY;
2012-12-07T20:18:48.615-05:00: Sending to TS-2000: SM0;
2012-12-07T20:18:58.584-05:00: Sending to TS-2000: DC;
2012-12-07T20:18:58.584-05:00: Sending to TS-2000: FR;
2012-12-07T20:18:58.584-05:00: Sending to TS-2000: FT;
2012-12-07T20:18:58.584-05:00: Sending to TS-2000: FA;
2012-12-07T20:18:58.584-05:00: Sending to TS-2000: FB;
2012-12-07T20:18:58.599-05:00: Sending to TS-2000: FC;
2012-12-07T20:18:58.599-05:00: Sending to TS-2000: MD;
2012-12-07T20:18:58.599-05:00: Sending to TS-2000: BY;
2012-12-07T20:18:58.599-05:00: Sending to TS-2000: SM0;
2012-12-07T20:19:08.584-05:00: Sending to TS-2000: DC;
2012-12-07T20:19:08.584-05:00: Sending to TS-2000: FR;
2012-12-07T20:19:08.599-05:00: Sending to TS-2000: FT;
2012-12-07T20:19:08.599-05:00: Sending to TS-2000: FA;
2012-12-07T20:19:08.599-05:00: Sending to TS-2000: FB;
2012-12-07T20:19:08.599-05:00: Sending to TS-2000: FC;
2012-12-07T20:19:08.599-05:00: Sending to TS-2000: MD;
2012-12-07T20:19:08.615-05:00: Sending to TS-2000: BY;
2012-12-07T20:19:08.615-05:00: Sending to TS-2000: SM0;
2012-12-07T20:19:18.584-05:00: Sending to TS-2000: DC;
2012-12-07T20:19:18.584-05:00: Sending to TS-2000: FR;
2012-12-07T20:19:18.584-05:00: Sending to TS-2000: FT;
2012-12-07T20:19:18.599-05:00: Sending to TS-2000: FA;
2012-12-07T20:19:18.599-05:00: Sending to TS-2000: FB;
2012-12-07T20:19:18.599-05:00: Sending to TS-2000: FC;
2012-12-07T20:19:18.599-05:00: Sending to TS-2000: MD;
2012-12-07T20:19:18.599-05:00: Sending to TS-2000: BY;
2012-12-07T20:19:18.615-05:00: Sending to TS-2000: SM0;
2012-12-07T20:19:28.584-05:00: Sending to TS-2000: DC;
2012-12-07T20:19:28.584-05:00: Sending to TS-2000: FR;
2012-12-07T20:19:28.584-05:00: Sending to TS-2000: FT;
2012-12-07T20:19:28.584-05:00: Sending to TS-2000: FA;
2012-12-07T20:19:28.584-05:00: Sending to TS-2000: FB;
2012-12-07T20:19:28.599-05:00: Sending to TS-2000: FC;
2012-12-07T20:19:28.599-05:00: Sending to TS-2000: MD;
2012-12-07T20:19:28.599-05:00: Sending to TS-2000: BY;
2012-12-07T20:19:28.599-05:00: Sending to TS-2000: SM0;
2012-12-07T20:19:38.584-05:00: Sending to TS-2000: DC;
2012-12-07T20:19:38.584-05:00: Sending to TS-2000: FR;
2012-12-07T20:19:38.599-05:00: Sending to TS-2000: FT;
2012-12-07T20:19:38.599-05:00: Sending to TS-2000: FA;
2012-12-07T20:19:38.599-05:00: Sending to TS-2000: FB;
2012-12-07T20:19:38.599-05:00: Sending to TS-2000: FC;
2012-12-07T20:19:38.599-05:00: Sending to TS-2000: MD;
2012-12-07T20:19:38.615-05:00: Sending to TS-2000: BY;
2012-12-07T20:19:38.615-05:00: Sending to TS-2000: SM0;
2012-12-07T20:19:48.584-05:00: Sending to TS-2000: DC;
2012-12-07T20:19:48.584-05:00: Sending to TS-2000: FR;
2012-12-07T20:19:48.584-05:00: Sending to TS-2000: FT;
2012-12-07T20:19:48.599-05:00: Sending to TS-2000: FA;
2012-12-07T20:19:48.599-05:00: Sending to TS-2000: FB;
2012-12-07T20:19:48.599-05:00: Sending to TS-2000: FC;
2012-12-07T20:19:48.599-05:00: Sending to TS-2000: MD;
2012-12-07T20:19:48.599-05:00: Sending to TS-2000: BY;
2012-12-07T20:19:48.615-05:00: Sending to TS-2000: SM0;
2012-12-07T20:19:58.584-05:00: Sending to TS-2000: DC;
2012-12-07T20:19:58.584-05:00: Sending to TS-2000: FR;
2012-12-07T20:19:58.584-05:00: Sending to TS-2000: FT;
2012-12-07T20:19:58.584-05:00: Sending to TS-2000: FA;
2012-12-07T20:19:58.584-05:00: Sending to TS-2000: FB;
2012-12-07T20:19:58.599-05:00: Sending to TS-2000: FC;
2012-12-07T20:19:58.599-05:00: Sending to TS-2000: MD;
2012-12-07T20:19:58.599-05:00: Sending to TS-2000: BY;
2012-12-07T20:19:58.599-05:00: Sending to TS-2000: SM0;
2012-12-07T20:20:08.584-05:00: Sending to TS-2000: DC;
2012-12-07T20:20:08.584-05:00: Sending to TS-2000: FR;
2012-12-07T20:20:08.599-05:00: Sending to TS-2000: FT;
2012-12-07T20:20:08.599-05:00: Sending to TS-2000: FA;
2012-12-07T20:20:08.599-05:00: Sending to TS-2000: FB;
2012-12-07T20:20:08.599-05:00: Sending to TS-2000: FC;
2012-12-07T20:20:08.599-05:00: Sending to TS-2000: MD;
2012-12-07T20:20:08.615-05:00: Sending to TS-2000: BY;
2012-12-07T20:20:08.615-05:00: Sending to TS-2000: SM0;
2012-12-07T20:20:18.584-05:00: Sending to TS-2000: DC;
2012-12-07T20:20:18.584-05:00: Sending to TS-2000: FR;
2012-12-07T20:20:18.584-05:00: Sending to TS-2000: FT;
2012-12-07T20:20:18.599-05:00: Sending to TS-2000: FA;
2012-12-07T20:20:18.599-05:00: Sending to TS-2000: FB;
2012-12-07T20:20:18.599-05:00: Sending to TS-2000: FC;
2012-12-07T20:20:18.599-05:00: Sending to TS-2000: MD;
2012-12-07T20:20:18.599-05:00: Sending to TS-2000: BY;
2012-12-07T20:20:18.615-05:00: Sending to TS-2000: SM0;
2012-12-07T20:20:28.584-05:00: Sending to TS-2000: DC;
2012-12-07T20:20:28.584-05:00: Sending to TS-2000: FR;
2012-12-07T20:20:28.584-05:00: Sending to TS-2000: FT;
2012-12-07T20:20:28.584-05:00: Sending to TS-2000: FA;
2012-12-07T20:20:28.584-05:00: Sending to TS-2000: FB;
2012-12-07T20:20:28.599-05:00: Sending to TS-2000: FC;
2012-12-07T20:20:28.599-05:00: Sending to TS-2000: MD;
2012-12-07T20:20:28.599-05:00: Sending to TS-2000: BY;
2012-12-07T20:20:28.599-05:00: Sending to TS-2000: SM0;
2012-12-07T20:20:38.584-05:00: Sending to TS-2000: DC;
2012-12-07T20:20:38.584-05:00: Sending to TS-2000: FR;
2012-12-07T20:20:38.599-05:00: Sending to TS-2000: FT;
2012-12-07T20:20:38.599-05:00: Sending to TS-2000: FA;
2012-12-07T20:20:38.599-05:00: Sending to TS-2000: FB;
2012-12-07T20:20:38.599-05:00: Sending to TS-2000: FC;
2012-12-07T20:20:38.599-05:00: Sending to TS-2000: MD;
2012-12-07T20:20:38.615-05:00: Sending to TS-2000: BY;
2012-12-07T20:20:38.615-05:00: Sending to TS-2000: SM0;
2012-12-07T20:20:48.584-05:00: Sending to TS-2000: DC;
2012-12-07T20:20:48.584-05:00: Sending to TS-2000: FR;
2012-12-07T20:20:48.584-05:00: Sending to TS-2000: FT;
2012-12-07T20:20:48.599-05:00: Sending to TS-2000: FA;
2012-12-07T20:20:48.599-05:00: Sending to TS-2000: FB;
2012-12-07T20:20:48.599-05:00: Sending to TS-2000: FC;
2012-12-07T20:20:48.599-05:00: Sending to TS-2000: MD;
2012-12-07T20:20:48.599-05:00: Sending to TS-2000: BY;
2012-12-07T20:20:48.615-05:00: Sending to TS-2000: SM0;
2012-12-07T20:20:58.584-05:00: Sending to TS-2000: DC;
2012-12-07T20:20:58.584-05:00: Sending to TS-2000: FR;
2012-12-07T20:20:58.584-05:00: Sending to TS-2000: FT;
2012-12-07T20:20:58.584-05:00: Sending to TS-2000: FA;
2012-12-07T20:20:58.584-05:00: Sending to TS-2000: FB;
2012-12-07T20:20:58.599-05:00: Sending to TS-2000: FC;
2012-12-07T20:20:58.599-05:00: Sending to TS-2000: MD;
2012-12-07T20:20:58.599-05:00: Sending to TS-2000: BY;
2012-12-07T20:20:58.599-05:00: Sending to TS-2000: SM0;
2012-12-07T20:21:08.584-05:00: Sending to TS-2000: DC;
2012-12-07T20:21:08.584-05:00: Sending to TS-2000: FR;
2012-12-07T20:21:08.599-05:00: Sending to TS-2000: FT;
2012-12-07T20:21:08.599-05:00: Sending to TS-2000: FA;
2012-12-07T20:21:08.599-05:00: Sending to TS-2000: FB;
2012-12-07T20:21:08.599-05:00: Sending to TS-2000: FC;
2012-12-07T20:21:08.599-05:00: Sending to TS-2000: MD;
2012-12-07T20:21:08.615-05:00: Sending to TS-2000: BY;
2012-12-07T20:21:08.615-05:00: Sending to TS-2000: SM0;
2012-12-07T20:21:18.584-05:00: Sending to TS-2000: DC;
2012-12-07T20:21:18.584-05:00: Sending to TS-2000: FR;
2012-12-07T20:21:18.584-05:00: Sending to TS-2000: FT;
2012-12-07T20:21:18.584-05:00: Sending to TS-2000: FA;
2012-12-07T20:21:18.599-05:00: Sending to TS-2000: FB;
2012-12-07T20:21:18.599-05:00: Sending to TS-2000: FC;
2012-12-07T20:21:18.599-05:00: Sending to TS-2000: MD;
2012-12-07T20:21:18.599-05:00: Sending to TS-2000: BY;
2012-12-07T20:21:18.599-05:00: Sending to TS-2000: SM0;
2012-12-07T20:21:28.584-05:00: Sending to TS-2000: DC;
2012-12-07T20:21:28.584-05:00: Sending to TS-2000: FR;
2012-12-07T20:21:28.584-05:00: Sending to TS-2000: FT;
2012-12-07T20:21:28.584-05:00: Sending to TS-2000: FA;
2012-12-07T20:21:28.584-05:00: Sending to TS-2000: FB;
2012-12-07T20:21:28.599-05:00: Sending to TS-2000: FC;
2012-12-07T20:21:28.599-05:00: Sending to TS-2000: MD;
2012-12-07T20:21:28.599-05:00: Sending to TS-2000: BY;
2012-12-07T20:21:28.599-05:00: Sending to TS-2000: SM0;
2012-12-07T20:21:38.584-05:00: Sending to TS-2000: DC;
2012-12-07T20:21:38.584-05:00: Sending to TS-2000: FR;
2012-12-07T20:21:38.599-05:00: Sending to TS-2000: FT;
2012-12-07T20:21:38.599-05:00: Sending to TS-2000: FA;
2012-12-07T20:21:38.599-05:00: Sending to TS-2000: FB;
2012-12-07T20:21:38.599-05:00: Sending to TS-2000: FC;
2012-12-07T20:21:38.599-05:00: Sending to TS-2000: MD;
2012-12-07T20:21:38.615-05:00: Sending to TS-2000: BY;
2012-12-07T20:21:38.615-05:00: Sending to TS-2000: SM0;
2012-12-07T20:21:48.584-05:00: Sending to TS-2000: DC;
2012-12-07T20:21:48.584-05:00: Sending to TS-2000: FR;
2012-12-07T20:21:48.584-05:00: Sending to TS-2000: FT;
2012-12-07T20:21:48.584-05:00: Sending to TS-2000: FA;
2012-12-07T20:21:48.599-05:00: Sending to TS-2000: FB;
2012-12-07T20:21:48.599-05:00: Sending to TS-2000: FC;
2012-12-07T20:21:48.599-05:00: Sending to TS-2000: MD;
2012-12-07T20:21:48.599-05:00: Sending to TS-2000: BY;
2012-12-07T20:21:48.599-05:00: Sending to TS-2000: SM0;
2012-12-07T20:21:58.584-05:00: Sending to TS-2000: DC;
2012-12-07T20:21:58.584-05:00: Sending to TS-2000: FR;
2012-12-07T20:21:58.584-05:00: Sending to TS-2000: FT;
2012-12-07T20:21:58.584-05:00: Sending to TS-2000: FA;
2012-12-07T20:21:58.584-05:00: Sending to TS-2000: FB;
2012-12-07T20:21:58.584-05:00: Sending to TS-2000: FC;
2012-12-07T20:21:58.599-05:00: Sending to TS-2000: MD;
2012-12-07T20:21:58.599-05:00: Sending to TS-2000: BY;
2012-12-07T20:21:58.599-05:00: Sending to TS-2000: SM0;
2012-12-07T20:22:08.584-05:00: Sending to TS-2000: DC;
2012-12-07T20:22:08.584-05:00: Sending to TS-2000: FR;
2012-12-07T20:22:08.599-05:00: Sending to TS-2000: FT;
2012-12-07T20:22:08.599-05:00: Sending to TS-2000: FA;
2012-12-07T20:22:08.599-05:00: Sending to TS-2000: FB;
2012-12-07T20:22:08.599-05:00: Sending to TS-2000: FC;
2012-12-07T20:22:08.599-05:00: Sending to TS-2000: MD;
2012-12-07T20:22:08.615-05:00: Sending to TS-2000: BY;
2012-12-07T20:22:08.615-05:00: Sending to TS-2000: SM0;
2012-12-07T20:22:18.584-05:00: Sending to TS-2000: DC;
2012-12-07T20:22:18.584-05:00: Sending to TS-2000: FR;
2012-12-07T20:22:18.584-05:00: Sending to TS-2000: FT;
2012-12-07T20:22:18.584-05:00: Sending to TS-2000: FA;
2012-12-07T20:22:18.599-05:00: Sending to TS-2000: FB;
2012-12-07T20:22:18.599-05:00: Sending to TS-2000: FC;
2012-12-07T20:22:18.599-05:00: Sending to TS-2000: MD;
2012-12-07T20:22:18.599-05:00: Sending to TS-2000: BY;
2012-12-07T20:22:18.599-05:00: Sending to TS-2000: SM0;
2012-12-07T20:22:28.584-05:00: Sending to TS-2000: DC;
2012-12-07T20:22:28.584-05:00: Sending to TS-2000: FR;
2012-12-07T20:22:28.584-05:00: Sending to TS-2000: FT;
2012-12-07T20:22:28.584-05:00: Sending to TS-2000: FA;
2012-12-07T20:22:28.584-05:00: Sending to TS-2000: FB;
2012-12-07T20:22:28.584-05:00: Sending to TS-2000: FC;
2012-12-07T20:22:28.599-05:00: Sending to TS-2000: MD;
2012-12-07T20:22:28.599-05:00: Sending to TS-2000: BY;
2012-12-07T20:22:28.599-05:00: Sending to TS-2000: SM0;
2012-12-07T20:22:38.584-05:00: Sending to TS-2000: DC;
2012-12-07T20:22:38.584-05:00: Sending to TS-2000: FR;
2012-12-07T20:22:38.599-05:00: Sending to TS-2000: FT;
2012-12-07T20:22:38.599-05:00: Sending to TS-2000: FA;
2012-12-07T20:22:38.599-05:00: Sending to TS-2000: FB;
2012-12-07T20:22:38.599-05:00: Sending to TS-2000: FC;
2012-12-07T20:22:38.599-05:00: Sending to TS-2000: MD;
2012-12-07T20:22:38.615-05:00: Sending to TS-2000: BY;
2012-12-07T20:22:38.615-05:00: Sending to TS-2000: SM0;
2012-12-07T20:22:48.584-05:00: Sending to TS-2000: DC;
2012-12-07T20:22:48.584-05:00: Sending to TS-2000: FR;
2012-12-07T20:22:48.584-05:00: Sending to TS-2000: FT;
2012-12-07T20:22:48.584-05:00: Sending to TS-2000: FA;
2012-12-07T20:22:48.599-05:00: Sending to TS-2000: FB;
2012-12-07T20:22:48.599-05:00: Sending to TS-2000: FC;
2012-12-07T20:22:48.599-05:00: Sending to TS-2000: MD;
2012-12-07T20:22:48.599-05:00: Sending to TS-2000: BY;
2012-12-07T20:22:48.599-05:00: Sending to TS-2000: SM0;
2012-12-07T20:22:58.584-05:00: Sending to TS-2000: DC;
2012-12-07T20:22:58.584-05:00: Sending to TS-2000: FR;
2012-12-07T20:22:58.584-05:00: Sending to TS-2000: FT;
2012-12-07T20:22:58.584-05:00: Sending to TS-2000: FA;
2012-12-07T20:22:58.584-05:00: Sending to TS-2000: FB;
2012-12-07T20:22:58.584-05:00: Sending to TS-2000: FC;
2012-12-07T20:22:58.599-05:00: Sending to TS-2000: MD;
2012-12-07T20:22:58.599-05:00: Sending to TS-2000: BY;
2012-12-07T20:22:58.599-05:00: Sending to TS-2000: SM0;
2012-12-07T20:23:28.053-05:00: 
KANTRONICS ALL MODE COMMUNICATOR KAM-XL VERSION 1.07050
(C) COPYRIGHT 2006 BY KANTRONICS INC.  ALL RIGHTS RESERVED.
DUPLICATION PROHIBITED WITHOUT PERMISSION OF KANTRONICS.
cmd:
INTFACE KISS
RESET

KANTRONICS ALL MODE COMMUNICATOR KAM-XL VERSION 1.07050
(C) COPYRIGHT 2006 BY KANTRONICS INC.  ALL RIGHTS RESERVED.
DUPLICATION PROHIBITED WITHOUT PERMISSION OF KANTRONICS.
cmd:
INTFACE KISS
RESET
c
KANTRONICS ALL MODE COMMUNICATOR KAM-XL VERSION 1.07050
(C) COPYRIGHT 2006 BY KANTRONICS INC.  ALL RIGHTS RESERVED.
DUPLICATION PROHIBITED WITHOUT PERMISSION OF KANTRONICS.
cmd:
INTFACE KISS
RESET
cmd