2012-11-17T14:19:17.310-05:00: Stable Library
2012-11-17T14:19:17.310-05:00: =========================================
2012-11-17T14:19:17.310-05:00: Native lib Version = RXTX-2.1-7
2012-11-17T14:19:17.310-05:00: Java lib Version   = RXTX-2.1-7
2012-11-17T14:19:30.779-05:00: Sending to TS-2000: SQ1050;
2012-11-17T14:19:30.779-05:00: Sending to TS-2000: DC;
2012-11-17T14:19:30.779-05:00: Sending to TS-2000: AG0050;
2012-11-17T14:19:30.779-05:00: Sending to TS-2000: FR;
2012-11-17T14:19:30.794-05:00: Sending to TS-2000: AG;
2012-11-17T14:19:30.794-05:00: Sending to TS-2000: FT;
2012-11-17T14:19:30.794-05:00: Sending to TS-2000: RG050;
2012-11-17T14:19:30.794-05:00: Sending to TS-2000: FA;
2012-11-17T14:19:30.810-05:00: Sending to TS-2000: RG;
2012-11-17T14:19:30.810-05:00: Sending to TS-2000: FB;
2012-11-17T14:19:30.810-05:00: Sending to TS-2000: FC;
2012-11-17T14:19:30.825-05:00: Sending to TS-2000: MD;
2012-11-17T14:19:30.825-05:00: Sending to TS-2000: BY;
2012-11-17T14:19:30.825-05:00: Sending to TS-2000: SM0;
2012-11-17T14:19:40.497-05:00: Sending to TS-2000: FR0;
2012-11-17T14:19:40.497-05:00: Sending to TS-2000: FR;
2012-11-17T14:19:40.497-05:00: Sending to TS-2000: FT1;
2012-11-17T14:19:40.513-05:00: Sending to TS-2000: FT;
2012-11-17T14:19:40.591-05:00: Sending to TS-2000: FB00437415000;
2012-11-17T14:19:40.591-05:00: Sending to TS-2000: FB;
2012-11-17T14:19:40.607-05:00: Sending to TS-2000: FA00437415000;
2012-11-17T14:19:40.607-05:00: Sending to TS-2000: FA;
2012-11-17T14:19:40.779-05:00: Sending to TS-2000: DC;
2012-11-17T14:19:40.779-05:00: Sending to TS-2000: FR;
2012-11-17T14:19:40.794-05:00: Sending to TS-2000: FT;
2012-11-17T14:19:40.794-05:00: Sending to TS-2000: FA;
2012-11-17T14:19:40.794-05:00: Sending to TS-2000: FB;
2012-11-17T14:19:40.794-05:00: Sending to TS-2000: FC;
2012-11-17T14:19:40.794-05:00: Sending to TS-2000: MD;
2012-11-17T14:19:40.810-05:00: Sending to TS-2000: BY;
2012-11-17T14:19:40.810-05:00: Sending to TS-2000: SM0;
2012-11-17T14:19:47.419-05:00: Sending to TS-2000: FR0;
2012-11-17T14:19:47.419-05:00: Sending to TS-2000: FR;
2012-11-17T14:19:47.419-05:00: Sending to TS-2000: FT1;
2012-11-17T14:19:47.435-05:00: Sending to TS-2000: FT;
2012-11-17T14:19:47.435-05:00: Sending to TS-2000: FB00437405000;
2012-11-17T14:19:47.435-05:00: Sending to TS-2000: FB;
2012-11-17T14:19:47.450-05:00: Sending to TS-2000: FA00437405000;
2012-11-17T14:19:47.450-05:00: Sending to TS-2000: FA;
2012-11-17T14:19:50.779-05:00: Sending to TS-2000: DC;
2012-11-17T14:19:50.779-05:00: Sending to TS-2000: FR;
2012-11-17T14:19:50.779-05:00: Sending to TS-2000: FT;
2012-11-17T14:19:50.779-05:00: Sending to TS-2000: FA;
2012-11-17T14:19:50.794-05:00: Sending to TS-2000: FB;
2012-11-17T14:19:50.794-05:00: Sending to TS-2000: FC;
2012-11-17T14:19:50.794-05:00: Sending to TS-2000: MD;
2012-11-17T14:19:50.794-05:00: Sending to TS-2000: BY;
2012-11-17T14:19:50.794-05:00: Sending to TS-2000: SM0;
2012-11-17T14:20:00.779-05:00: Sending to TS-2000: DC;
2012-11-17T14:20:00.779-05:00: Sending to TS-2000: FR;
2012-11-17T14:20:00.779-05:00: Sending to TS-2000: FT;
2012-11-17T14:20:00.779-05:00: Sending to TS-2000: FA;
2012-11-17T14:20:00.779-05:00: Sending to TS-2000: FB;
2012-11-17T14:20:00.794-05:00: Sending to TS-2000: FC;
2012-11-17T14:20:00.794-05:00: Sending to TS-2000: MD;
2012-11-17T14:20:00.794-05:00: Sending to TS-2000: BY;
2012-11-17T14:20:00.794-05:00: Sending to TS-2000: SM0;
