2013-03-30T14:48:32.116-04:00: Stable Library
2013-03-30T14:48:32.116-04:00: =========================================
2013-03-30T14:48:32.131-04:00: Native lib Version = RXTX-2.1-7
2013-03-30T14:48:32.131-04:00: Java lib Version   = RXTX-2.1-7
2013-03-30T14:48:38.725-04:00: Sending to TS-2000: DC;
2013-03-30T14:48:38.725-04:00: Sending to TS-2000: SQ1050;
2013-03-30T14:48:38.741-04:00: Sending to TS-2000: FR;
2013-03-30T14:48:38.741-04:00: Sending to TS-2000: AG0050;
2013-03-30T14:48:38.741-04:00: Sending to TS-2000: FT;
2013-03-30T14:48:38.741-04:00: Sending to TS-2000: AG;
2013-03-30T14:48:38.756-04:00: Sending to TS-2000: FA;
2013-03-30T14:48:38.756-04:00: Sending to TS-2000: RG050;
2013-03-30T14:48:38.756-04:00: Sending to TS-2000: FB;
2013-03-30T14:48:38.756-04:00: Sending to TS-2000: RG;
2013-03-30T14:48:38.772-04:00: Sending to TS-2000: FC;
2013-03-30T14:48:38.772-04:00: Sending to TS-2000: SQ1050;
2013-03-30T14:48:38.772-04:00: Sending to TS-2000: MD;
2013-03-30T14:48:38.772-04:00: Sending to TS-2000: BY;
2013-03-30T14:48:38.788-04:00: Sending to TS-2000: SM0;
2013-03-30T14:48:48.725-04:00: Sending to TS-2000: DC;
2013-03-30T14:48:48.741-04:00: Sending to TS-2000: FR;
2013-03-30T14:48:48.741-04:00: Sending to TS-2000: FT;
2013-03-30T14:48:48.741-04:00: Sending to TS-2000: FA;
2013-03-30T14:48:48.741-04:00: Sending to TS-2000: FB;
2013-03-30T14:48:48.741-04:00: Sending to TS-2000: FC;
2013-03-30T14:48:48.741-04:00: Sending to TS-2000: MD;
2013-03-30T14:48:48.756-04:00: Sending to TS-2000: BY;
2013-03-30T14:48:48.756-04:00: Sending to TS-2000: SM0;
2013-03-30T14:48:58.725-04:00: Sending to TS-2000: DC;
2013-03-30T14:48:58.725-04:00: Sending to TS-2000: FR;
2013-03-30T14:48:58.725-04:00: Sending to TS-2000: FT;
2013-03-30T14:48:58.741-04:00: Sending to TS-2000: FA;
2013-03-30T14:48:58.741-04:00: Sending to TS-2000: FB;
2013-03-30T14:48:58.741-04:00: Sending to TS-2000: FC;
2013-03-30T14:48:58.741-04:00: Sending to TS-2000: MD;
2013-03-30T14:48:58.741-04:00: Sending to TS-2000: BY;
2013-03-30T14:48:58.756-04:00: Sending to TS-2000: SM0;
2013-03-30T14:49:02.960-04:00: Exception in thread "AWT-EventQueue-0" java.lang.ClassCastException: javax.swing.JTabbedPane cannot be cast to edu.cusat.gs.gui.GroundSystemsPanel
2013-03-30T14:49:02.960-04:00: 	at edu.cusat.gs.gui.RfGatewayPanel.setSchemeBtnActionPerformed(RfGatewayPanel.java:787)
2013-03-30T14:49:02.960-04:00: 	at edu.cusat.gs.gui.RfGatewayPanel.access$11(RfGatewayPanel.java:783)
2013-03-30T14:49:02.960-04:00: 	at edu.cusat.gs.gui.RfGatewayPanel$13.actionPerformed(RfGatewayPanel.java:683)
2013-03-30T14:49:02.960-04:00: 	at javax.swing.AbstractButton.fireActionPerformed(Unknown Source)
2013-03-30T14:49:02.960-04:00: 	at javax.swing.AbstractButton$Handler.actionPerformed(Unknown Source)
2013-03-30T14:49:02.975-04:00: 	at javax.swing.DefaultButtonModel.fireActionPerformed(Unknown Source)
2013-03-30T14:49:02.975-04:00: 	at javax.swing.DefaultButtonModel.setPressed(Unknown Source)
2013-03-30T14:49:02.975-04:00: 	at javax.swing.plaf.basic.BasicButtonListener.mouseReleased(Unknown Source)
2013-03-30T14:49:02.975-04:00: 	at org.jvnet.substance.utils.RolloverButtonListener.mouseReleased(RolloverButtonListener.java:111)
2013-03-30T14:49:02.975-04:00: 	at java.awt.Component.processMouseEvent(Unknown Source)
2013-03-30T14:49:02.975-04:00: 	at javax.swing.JComponent.processMouseEvent(Unknown Source)
2013-03-30T14:49:02.975-04:00: 	at java.awt.Component.processEvent(Unknown Source)
2013-03-30T14:49:02.975-04:00: 	at java.awt.Container.processEvent(Unknown Source)
2013-03-30T14:49:02.975-04:00: 	at java.awt.Component.dispatchEventImpl(Unknown Source)
2013-03-30T14:49:02.975-04:00: 	at java.awt.Container.dispatchEventImpl(Unknown Source)
2013-03-30T14:49:02.975-04:00: 	at java.awt.Component.dispatchEvent(Unknown Source)
2013-03-30T14:49:02.975-04:00: 	at java.awt.LightweightDispatcher.retargetMouseEvent(Unknown Source)
2013-03-30T14:49:02.975-04:00: 	at java.awt.LightweightDispatcher.processMouseEvent(Unknown Source)
2013-03-30T14:49:02.975-04:00: 	at java.awt.LightweightDispatcher.dispatchEvent(Unknown Source)
2013-03-30T14:49:02.991-04:00: 	at java.awt.Container.dispatchEventImpl(Unknown Source)
2013-03-30T14:49:02.991-04:00: 	at java.awt.Window.dispatchEventImpl(Unknown Source)
2013-03-30T14:49:02.991-04:00: 	at java.awt.Component.dispatchEvent(Unknown Source)
2013-03-30T14:49:02.991-04:00: 	at java.awt.EventQueue.dispatchEventImpl(Unknown Source)
2013-03-30T14:49:02.991-04:00: 	at java.awt.EventQueue.access$000(Unknown Source)
2013-03-30T14:49:02.991-04:00: 	at java.awt.EventQueue$3.run(Unknown Source)
2013-03-30T14:49:02.991-04:00: 	at java.awt.EventQueue$3.run(Unknown Source)
2013-03-30T14:49:02.991-04:00: 	at java.security.AccessController.doPrivileged(Native Method)
2013-03-30T14:49:02.991-04:00: 	at java.security.ProtectionDomain$1.doIntersectionPrivilege(Unknown Source)
2013-03-30T14:49:02.991-04:00: 	at java.security.ProtectionDomain$1.doIntersectionPrivilege(Unknown Source)
2013-03-30T14:49:02.991-04:00: 	at java.awt.EventQueue$4.run(Unknown Source)
2013-03-30T14:49:02.991-04:00: 	at java.awt.EventQueue$4.run(Unknown Source)
2013-03-30T14:49:02.991-04:00: 	at java.security.AccessController.doPrivileged(Native Method)
2013-03-30T14:49:02.991-04:00: 	at java.security.ProtectionDomain$1.doIntersectionPrivilege(Unknown Source)
2013-03-30T14:49:02.991-04:00: 	at java.awt.EventQueue.dispatchEvent(Unknown Source)
2013-03-30T14:49:02.991-04:00: 	at java.awt.EventDispatchThread.pumpOneEventForFilters(Unknown Source)
2013-03-30T14:49:03.006-04:00: 	at java.awt.EventDispatchThread.pumpEventsForFilter(Unknown Source)
2013-03-30T14:49:03.006-04:00: 	at java.awt.EventDispatchThread.pumpEventsForHierarchy(Unknown Source)
2013-03-30T14:49:03.006-04:00: 	at java.awt.EventDispatchThread.pumpEvents(Unknown Source)
2013-03-30T14:49:03.006-04:00: 	at java.awt.EventDispatchThread.pumpEvents(Unknown Source)
2013-03-30T14:49:03.006-04:00: 	at java.awt.EventDispatchThread.run(Unknown Source)
2013-03-30T14:49:05.413-04:00: Exception in thread "AWT-EventQueue-0" java.lang.ClassCastException: javax.swing.JTabbedPane cannot be cast to edu.cusat.gs.gui.GroundSystemsPanel
2013-03-30T14:49:05.413-04:00: 	at edu.cusat.gs.gui.RfGatewayPanel.setSchemeBtnActionPerformed(RfGatewayPanel.java:787)
2013-03-30T14:49:05.413-04:00: 	at edu.cusat.gs.gui.RfGatewayPanel.access$11(RfGatewayPanel.java:783)
2013-03-30T14:49:05.413-04:00: 	at edu.cusat.gs.gui.RfGatewayPanel$13.actionPerformed(RfGatewayPanel.java:683)
2013-03-30T14:49:05.413-04:00: 	at javax.swing.AbstractButton.fireActionPerformed(Unknown Source)
2013-03-30T14:49:05.413-04:00: 	at javax.swing.AbstractButton$Handler.actionPerformed(Unknown Source)
2013-03-30T14:49:05.413-04:00: 	at javax.swing.DefaultButtonModel.fireActionPerformed(Unknown Source)
2013-03-30T14:49:05.413-04:00: 	at javax.swing.DefaultButtonModel.setPressed(Unknown Source)
2013-03-30T14:49:05.413-04:00: 	at javax.swing.plaf.basic.BasicButtonListener.mouseReleased(Unknown Source)
2013-03-30T14:49:05.413-04:00: 	at org.jvnet.substance.utils.RolloverButtonListener.mouseReleased(RolloverButtonListener.java:111)
2013-03-30T14:49:05.413-04:00: 	at java.awt.Component.processMouseEvent(Unknown Source)
2013-03-30T14:49:05.413-04:00: 	at javax.swing.JComponent.processMouseEvent(Unknown Source)
2013-03-30T14:49:05.428-04:00: 	at java.awt.Component.processEvent(Unknown Source)
2013-03-30T14:49:05.428-04:00: 	at java.awt.Container.processEvent(Unknown Source)
2013-03-30T14:49:05.428-04:00: 	at java.awt.Component.dispatchEventImpl(Unknown Source)
2013-03-30T14:49:05.428-04:00: 	at java.awt.Container.dispatchEventImpl(Unknown Source)
2013-03-30T14:49:05.428-04:00: 	at java.awt.Component.dispatchEvent(Unknown Source)
2013-03-30T14:49:05.428-04:00: 	at java.awt.LightweightDispatcher.retargetMouseEvent(Unknown Source)
2013-03-30T14:49:05.428-04:00: 	at java.awt.LightweightDispatcher.processMouseEvent(Unknown Source)
2013-03-30T14:49:05.428-04:00: 	at java.awt.LightweightDispatcher.dispatchEvent(Unknown Source)
2013-03-30T14:49:05.428-04:00: 	at java.awt.Container.dispatchEventImpl(Unknown Source)
2013-03-30T14:49:05.428-04:00: 	at java.awt.Window.dispatchEventImpl(Unknown Source)
2013-03-30T14:49:05.428-04:00: 	at java.awt.Component.dispatchEvent(Unknown Source)
2013-03-30T14:49:05.428-04:00: 	at java.awt.EventQueue.dispatchEventImpl(Unknown Source)
2013-03-30T14:49:05.428-04:00: 	at java.awt.EventQueue.access$000(Unknown Source)
2013-03-30T14:49:05.428-04:00: 	at java.awt.EventQueue$3.run(Unknown Source)
2013-03-30T14:49:05.428-04:00: 	at java.awt.EventQueue$3.run(Unknown Source)
2013-03-30T14:49:05.428-04:00: 	at java.security.AccessController.doPrivileged(Native Method)
2013-03-30T14:49:05.428-04:00: 	at java.security.ProtectionDomain$1.doIntersectionPrivilege(Unknown Source)
2013-03-30T14:49:05.444-04:00: 	at java.security.ProtectionDomain$1.doIntersectionPrivilege(Unknown Source)
2013-03-30T14:49:05.444-04:00: 	at java.awt.EventQueue$4.run(Unknown Source)
2013-03-30T14:49:05.444-04:00: 	at java.awt.EventQueue$4.run(Unknown Source)
2013-03-30T14:49:05.444-04:00: 	at java.security.AccessController.doPrivileged(Native Method)
2013-03-30T14:49:05.444-04:00: 	at java.security.ProtectionDomain$1.doIntersectionPrivilege(Unknown Source)
2013-03-30T14:49:05.444-04:00: 	at java.awt.EventQueue.dispatchEvent(Unknown Source)
2013-03-30T14:49:05.444-04:00: 	at java.awt.EventDispatchThread.pumpOneEventForFilters(Unknown Source)
2013-03-30T14:49:05.444-04:00: 	at java.awt.EventDispatchThread.pumpEventsForFilter(Unknown Source)
2013-03-30T14:49:05.444-04:00: 	at java.awt.EventDispatchThread.pumpEventsForHierarchy(Unknown Source)
2013-03-30T14:49:05.444-04:00: 	at java.awt.EventDispatchThread.pumpEvents(Unknown Source)
2013-03-30T14:49:05.444-04:00: 	at java.awt.EventDispatchThread.pumpEvents(Unknown Source)
2013-03-30T14:49:05.444-04:00: 	at java.awt.EventDispatchThread.run(Unknown Source)
2013-03-30T14:49:08.725-04:00: Sending to TS-2000: DC;
2013-03-30T14:49:08.725-04:00: Sending to TS-2000: FR;
2013-03-30T14:49:08.725-04:00: Sending to TS-2000: FT;
2013-03-30T14:49:08.725-04:00: Sending to TS-2000: FA;
2013-03-30T14:49:08.725-04:00: Sending to TS-2000: FB;
2013-03-30T14:49:08.741-04:00: Sending to TS-2000: FC;
2013-03-30T14:49:08.741-04:00: Sending to TS-2000: MD;
2013-03-30T14:49:08.741-04:00: Sending to TS-2000: BY;
2013-03-30T14:49:08.741-04:00: Sending to TS-2000: SM0;
2013-03-30T14:49:14.397-04:00: Exception in thread "AWT-EventQueue-0" java.lang.ClassCastException: javax.swing.JTabbedPane cannot be cast to edu.cusat.gs.gui.GroundSystemsPanel
2013-03-30T14:49:14.397-04:00: 	at edu.cusat.gs.gui.RfGatewayPanel.setSchemeBtnActionPerformed(RfGatewayPanel.java:787)
2013-03-30T14:49:14.397-04:00: 	at edu.cusat.gs.gui.RfGatewayPanel.access$11(RfGatewayPanel.java:783)
2013-03-30T14:49:14.397-04:00: 	at edu.cusat.gs.gui.RfGatewayPanel$13.actionPerformed(RfGatewayPanel.java:683)
2013-03-30T14:49:14.397-04:00: 	at javax.swing.AbstractButton.fireActionPerformed(Unknown Source)
2013-03-30T14:49:14.397-04:00: 	at javax.swing.AbstractButton$Handler.actionPerformed(Unknown Source)
2013-03-30T14:49:14.397-04:00: 	at javax.swing.DefaultButtonModel.fireActionPerformed(Unknown Source)
2013-03-30T14:49:14.397-04:00: 	at javax.swing.DefaultButtonModel.setPressed(Unknown Source)
2013-03-30T14:49:14.397-04:00: 	at javax.swing.plaf.basic.BasicButtonListener.mouseReleased(Unknown Source)
2013-03-30T14:49:14.397-04:00: 	at org.jvnet.substance.utils.RolloverButtonListener.mouseReleased(RolloverButtonListener.java:111)
2013-03-30T14:49:14.397-04:00: 	at java.awt.Component.processMouseEvent(Unknown Source)
2013-03-30T14:49:14.397-04:00: 	at javax.swing.JComponent.processMouseEvent(Unknown Source)
2013-03-30T14:49:14.413-04:00: 	at java.awt.Component.processEvent(Unknown Source)
2013-03-30T14:49:14.413-04:00: 	at java.awt.Container.processEvent(Unknown Source)
2013-03-30T14:49:14.413-04:00: 	at java.awt.Component.dispatchEventImpl(Unknown Source)
2013-03-30T14:49:14.413-04:00: 	at java.awt.Container.dispatchEventImpl(Unknown Source)
2013-03-30T14:49:14.413-04:00: 	at java.awt.Component.dispatchEvent(Unknown Source)
2013-03-30T14:49:14.413-04:00: 	at java.awt.LightweightDispatcher.retargetMouseEvent(Unknown Source)
2013-03-30T14:49:14.413-04:00: 	at java.awt.LightweightDispatcher.processMouseEvent(Unknown Source)
2013-03-30T14:49:14.413-04:00: 	at java.awt.LightweightDispatcher.dispatchEvent(Unknown Source)
2013-03-30T14:49:14.413-04:00: 	at java.awt.Container.dispatchEventImpl(Unknown Source)
2013-03-30T14:49:14.413-04:00: 	at java.awt.Window.dispatchEventImpl(Unknown Source)
2013-03-30T14:49:14.413-04:00: 	at java.awt.Component.dispatchEvent(Unknown Source)
2013-03-30T14:49:14.413-04:00: 	at java.awt.EventQueue.dispatchEventImpl(Unknown Source)
2013-03-30T14:49:14.413-04:00: 	at java.awt.EventQueue.access$000(Unknown Source)
2013-03-30T14:49:14.413-04:00: 	at java.awt.EventQueue$3.run(Unknown Source)
2013-03-30T14:49:14.413-04:00: 	at java.awt.EventQueue$3.run(Unknown Source)
2013-03-30T14:49:14.413-04:00: 	at java.security.AccessController.doPrivileged(Native Method)
2013-03-30T14:49:14.428-04:00: 	at java.security.ProtectionDomain$1.doIntersectionPrivilege(Unknown Source)
2013-03-30T14:49:14.428-04:00: 	at java.security.ProtectionDomain$1.doIntersectionPrivilege(Unknown Source)
2013-03-30T14:49:14.428-04:00: 	at java.awt.EventQueue$4.run(Unknown Source)
2013-03-30T14:49:14.428-04:00: 	at java.awt.EventQueue$4.run(Unknown Source)
2013-03-30T14:49:14.428-04:00: 	at java.security.AccessController.doPrivileged(Native Method)
2013-03-30T14:49:14.428-04:00: 	at java.security.ProtectionDomain$1.doIntersectionPrivilege(Unknown Source)
2013-03-30T14:49:14.428-04:00: 	at java.awt.EventQueue.dispatchEvent(Unknown Source)
2013-03-30T14:49:14.428-04:00: 	at java.awt.EventDispatchThread.pumpOneEventForFilters(Unknown Source)
2013-03-30T14:49:14.428-04:00: 	at java.awt.EventDispatchThread.pumpEventsForFilter(Unknown Source)
2013-03-30T14:49:14.428-04:00: 	at java.awt.EventDispatchThread.pumpEventsForHierarchy(Unknown Source)
2013-03-30T14:49:14.428-04:00: 	at java.awt.EventDispatchThread.pumpEvents(Unknown Source)
2013-03-30T14:49:14.428-04:00: 	at java.awt.EventDispatchThread.pumpEvents(Unknown Source)
2013-03-30T14:49:14.428-04:00: 	at java.awt.EventDispatchThread.run(Unknown Source)
2013-03-30T14:49:15.788-04:00: Exception in thread "AWT-EventQueue-0" java.lang.ClassCastException: javax.swing.JTabbedPane cannot be cast to edu.cusat.gs.gui.GroundSystemsPanel
2013-03-30T14:49:15.788-04:00: 	at edu.cusat.gs.gui.RfGatewayPanel.setSchemeBtnActionPerformed(RfGatewayPanel.java:787)
2013-03-30T14:49:15.803-04:00: 	at edu.cusat.gs.gui.RfGatewayPanel.access$11(RfGatewayPanel.java:783)
2013-03-30T14:49:15.803-04:00: 	at edu.cusat.gs.gui.RfGatewayPanel$13.actionPerformed(RfGatewayPanel.java:683)
2013-03-30T14:49:15.803-04:00: 	at javax.swing.AbstractButton.fireActionPerformed(Unknown Source)
2013-03-30T14:49:15.803-04:00: 	at javax.swing.AbstractButton$Handler.actionPerformed(Unknown Source)
2013-03-30T14:49:15.803-04:00: 	at javax.swing.DefaultButtonModel.fireActionPerformed(Unknown Source)
2013-03-30T14:49:15.803-04:00: 	at javax.swing.DefaultButtonModel.setPressed(Unknown Source)
2013-03-30T14:49:15.803-04:00: 	at javax.swing.plaf.basic.BasicButtonListener.mouseReleased(Unknown Source)
2013-03-30T14:49:15.803-04:00: 	at org.jvnet.substance.utils.RolloverButtonListener.mouseReleased(RolloverButtonListener.java:111)
2013-03-30T14:49:15.803-04:00: 	at java.awt.Component.processMouseEvent(Unknown Source)
2013-03-30T14:49:15.803-04:00: 	at javax.swing.JComponent.processMouseEvent(Unknown Source)
2013-03-30T14:49:15.803-04:00: 	at java.awt.Component.processEvent(Unknown Source)
2013-03-30T14:49:15.803-04:00: 	at java.awt.Container.processEvent(Unknown Source)
2013-03-30T14:49:15.803-04:00: 	at java.awt.Component.dispatchEventImpl(Unknown Source)
2013-03-30T14:49:15.803-04:00: 	at java.awt.Container.dispatchEventImpl(Unknown Source)
2013-03-30T14:49:15.803-04:00: 	at java.awt.Component.dispatchEvent(Unknown Source)
2013-03-30T14:49:15.803-04:00: 	at java.awt.LightweightDispatcher.retargetMouseEvent(Unknown Source)
2013-03-30T14:49:15.803-04:00: 	at java.awt.LightweightDispatcher.processMouseEvent(Unknown Source)
2013-03-30T14:49:15.803-04:00: 	at java.awt.LightweightDispatcher.dispatchEvent(Unknown Source)
2013-03-30T14:49:15.803-04:00: 	at java.awt.Container.dispatchEventImpl(Unknown Source)
2013-03-30T14:49:15.819-04:00: 	at java.awt.Window.dispatchEventImpl(Unknown Source)
2013-03-30T14:49:15.819-04:00: 	at java.awt.Component.dispatchEvent(Unknown Source)
2013-03-30T14:49:15.819-04:00: 	at java.awt.EventQueue.dispatchEventImpl(Unknown Source)
2013-03-30T14:49:15.819-04:00: 	at java.awt.EventQueue.access$000(Unknown Source)
2013-03-30T14:49:15.819-04:00: 	at java.awt.EventQueue$3.run(Unknown Source)
2013-03-30T14:49:15.819-04:00: 	at java.awt.EventQueue$3.run(Unknown Source)
2013-03-30T14:49:15.819-04:00: 	at java.security.AccessController.doPrivileged(Native Method)
2013-03-30T14:49:15.819-04:00: 	at java.security.ProtectionDomain$1.doIntersectionPrivilege(Unknown Source)
2013-03-30T14:49:15.819-04:00: 	at java.security.ProtectionDomain$1.doIntersectionPrivilege(Unknown Source)
2013-03-30T14:49:15.819-04:00: 	at java.awt.EventQueue$4.run(Unknown Source)
2013-03-30T14:49:15.819-04:00: 	at java.awt.EventQueue$4.run(Unknown Source)
2013-03-30T14:49:15.819-04:00: 	at java.security.AccessController.doPrivileged(Native Method)
2013-03-30T14:49:15.819-04:00: 	at java.security.ProtectionDomain$1.doIntersectionPrivilege(Unknown Source)
2013-03-30T14:49:15.819-04:00: 	at java.awt.EventQueue.dispatchEvent(Unknown Source)
2013-03-30T14:49:15.819-04:00: 	at java.awt.EventDispatchThread.pumpOneEventForFilters(Unknown Source)
2013-03-30T14:49:15.819-04:00: 	at java.awt.EventDispatchThread.pumpEventsForFilter(Unknown Source)
2013-03-30T14:49:15.819-04:00: 	at java.awt.EventDispatchThread.pumpEventsForHierarchy(Unknown Source)
2013-03-30T14:49:15.819-04:00: 	at java.awt.EventDispatchThread.pumpEvents(Unknown Source)
2013-03-30T14:49:15.819-04:00: 	at java.awt.EventDispatchThread.pumpEvents(Unknown Source)
2013-03-30T14:49:15.819-04:00: 	at java.awt.EventDispatchThread.run(Unknown Source)
2013-03-30T14:49:18.725-04:00: Sending to TS-2000: DC;
2013-03-30T14:49:18.725-04:00: Sending to TS-2000: FR;
2013-03-30T14:49:18.725-04:00: Sending to TS-2000: FT;
2013-03-30T14:49:18.725-04:00: Sending to TS-2000: FA;
2013-03-30T14:49:18.725-04:00: Sending to TS-2000: FB;
2013-03-30T14:49:18.725-04:00: Sending to TS-2000: FC;
2013-03-30T14:49:18.741-04:00: Sending to TS-2000: MD;
2013-03-30T14:49:18.741-04:00: Sending to TS-2000: BY;
2013-03-30T14:49:18.741-04:00: Sending to TS-2000: SM0;
2013-03-30T14:49:21.522-04:00: Exception in thread "AWT-EventQueue-0" java.lang.ClassCastException: javax.swing.JTabbedPane cannot be cast to edu.cusat.gs.gui.GroundSystemsPanel
2013-03-30T14:49:21.522-04:00: 	at edu.cusat.gs.gui.RfGatewayPanel.setSchemeBtnActionPerformed(RfGatewayPanel.java:787)
2013-03-30T14:49:21.522-04:00: 	at edu.cusat.gs.gui.RfGatewayPanel.access$11(RfGatewayPanel.java:783)
2013-03-30T14:49:21.522-04:00: 	at edu.cusat.gs.gui.RfGatewayPanel$13.actionPerformed(RfGatewayPanel.java:683)
2013-03-30T14:49:21.522-04:00: 	at javax.swing.AbstractButton.fireActionPerformed(Unknown Source)
2013-03-30T14:49:21.522-04:00: 	at javax.swing.AbstractButton$Handler.actionPerformed(Unknown Source)
2013-03-30T14:49:21.522-04:00: 	at javax.swing.DefaultButtonModel.fireActionPerformed(Unknown Source)
2013-03-30T14:49:21.522-04:00: 	at javax.swing.DefaultButtonModel.setPressed(Unknown Source)
2013-03-30T14:49:21.522-04:00: 	at javax.swing.plaf.basic.BasicButtonListener.mouseReleased(Unknown Source)
2013-03-30T14:49:21.522-04:00: 	at org.jvnet.substance.utils.RolloverButtonListener.mouseReleased(RolloverButtonListener.java:111)
2013-03-30T14:49:21.522-04:00: 	at java.awt.Component.processMouseEvent(Unknown Source)
2013-03-30T14:49:21.522-04:00: 	at javax.swing.JComponent.processMouseEvent(Unknown Source)
2013-03-30T14:49:21.522-04:00: 	at java.awt.Component.processEvent(Unknown Source)
2013-03-30T14:49:21.538-04:00: 	at java.awt.Container.processEvent(Unknown Source)
2013-03-30T14:49:21.538-04:00: 	at java.awt.Component.dispatchEventImpl(Unknown Source)
2013-03-30T14:49:21.538-04:00: 	at java.awt.Container.dispatchEventImpl(Unknown Source)
2013-03-30T14:49:21.538-04:00: 	at java.awt.Component.dispatchEvent(Unknown Source)
2013-03-30T14:49:21.538-04:00: 	at java.awt.LightweightDispatcher.retargetMouseEvent(Unknown Source)
2013-03-30T14:49:21.538-04:00: 	at java.awt.LightweightDispatcher.processMouseEvent(Unknown Source)
2013-03-30T14:49:21.538-04:00: 	at java.awt.LightweightDispatcher.dispatchEvent(Unknown Source)
2013-03-30T14:49:21.538-04:00: 	at java.awt.Container.dispatchEventImpl(Unknown Source)
2013-03-30T14:49:21.538-04:00: 	at java.awt.Window.dispatchEventImpl(Unknown Source)
2013-03-30T14:49:21.538-04:00: 	at java.awt.Component.dispatchEvent(Unknown Source)
2013-03-30T14:49:21.538-04:00: 	at java.awt.EventQueue.dispatchEventImpl(Unknown Source)
2013-03-30T14:49:21.538-04:00: 	at java.awt.EventQueue.access$000(Unknown Source)
2013-03-30T14:49:21.538-04:00: 	at java.awt.EventQueue$3.run(Unknown Source)
2013-03-30T14:49:21.538-04:00: 	at java.awt.EventQueue$3.run(Unknown Source)
2013-03-30T14:49:21.538-04:00: 	at java.security.AccessController.doPrivileged(Native Method)
2013-03-30T14:49:21.538-04:00: 	at java.security.ProtectionDomain$1.doIntersectionPrivilege(Unknown Source)
2013-03-30T14:49:21.538-04:00: 	at java.security.ProtectionDomain$1.doIntersectionPrivilege(Unknown Source)
2013-03-30T14:49:21.538-04:00: 	at java.awt.EventQueue$4.run(Unknown Source)
2013-03-30T14:49:21.553-04:00: 	at java.awt.EventQueue$4.run(Unknown Source)
2013-03-30T14:49:21.553-04:00: 	at java.security.AccessController.doPrivileged(Native Method)
2013-03-30T14:49:21.553-04:00: 	at java.security.ProtectionDomain$1.doIntersectionPrivilege(Unknown Source)
2013-03-30T14:49:21.553-04:00: 	at java.awt.EventQueue.dispatchEvent(Unknown Source)
2013-03-30T14:49:21.553-04:00: 	at java.awt.EventDispatchThread.pumpOneEventForFilters(Unknown Source)
2013-03-30T14:49:21.553-04:00: 	at java.awt.EventDispatchThread.pumpEventsForFilter(Unknown Source)
2013-03-30T14:49:21.553-04:00: 	at java.awt.EventDispatchThread.pumpEventsForHierarchy(Unknown Source)
2013-03-30T14:49:21.553-04:00: 	at java.awt.EventDispatchThread.pumpEvents(Unknown Source)
2013-03-30T14:49:21.553-04:00: 	at java.awt.EventDispatchThread.pumpEvents(Unknown Source)
2013-03-30T14:49:21.553-04:00: 	at java.awt.EventDispatchThread.run(Unknown Source)
2013-03-30T14:49:28.725-04:00: Sending to TS-2000: DC;
2013-03-30T14:49:28.725-04:00: Sending to TS-2000: FR;
2013-03-30T14:49:28.725-04:00: Sending to TS-2000: FT;
2013-03-30T14:49:28.741-04:00: Sending to TS-2000: FA;
2013-03-30T14:49:28.741-04:00: Sending to TS-2000: FB;
2013-03-30T14:49:28.741-04:00: Sending to TS-2000: FC;
2013-03-30T14:49:28.741-04:00: Sending to TS-2000: MD;
2013-03-30T14:49:28.741-04:00: Sending to TS-2000: BY;
2013-03-30T14:49:28.756-04:00: Sending to TS-2000: SM0;
2013-03-30T14:49:38.725-04:00: Sending to TS-2000: DC;
2013-03-30T14:49:38.725-04:00: Sending to TS-2000: FR;
2013-03-30T14:49:38.725-04:00: Sending to TS-2000: FT;
2013-03-30T14:49:38.725-04:00: Sending to TS-2000: FA;
2013-03-30T14:49:38.741-04:00: Sending to TS-2000: FB;
2013-03-30T14:49:38.741-04:00: Sending to TS-2000: FC;
2013-03-30T14:49:38.741-04:00: Sending to TS-2000: MD;
2013-03-30T14:49:38.741-04:00: Sending to TS-2000: BY;
2013-03-30T14:49:38.741-04:00: Sending to TS-2000: SM0;
2013-03-30T14:49:48.725-04:00: Sending to TS-2000: DC;
2013-03-30T14:49:48.725-04:00: Sending to TS-2000: FR;
2013-03-30T14:49:48.725-04:00: Sending to TS-2000: FT;
2013-03-30T14:49:48.725-04:00: Sending to TS-2000: FA;
2013-03-30T14:49:48.725-04:00: Sending to TS-2000: FB;
2013-03-30T14:49:48.725-04:00: Sending to TS-2000: FC;
2013-03-30T14:49:48.741-04:00: Sending to TS-2000: MD;
2013-03-30T14:49:48.741-04:00: Sending to TS-2000: BY;
2013-03-30T14:49:48.741-04:00: Sending to TS-2000: SM0;
2013-03-30T14:49:58.725-04:00: Sending to TS-2000: DC;
2013-03-30T14:49:58.725-04:00: Sending to TS-2000: FR;
2013-03-30T14:49:58.725-04:00: Sending to TS-2000: FT;
2013-03-30T14:49:58.741-04:00: Sending to TS-2000: FA;
2013-03-30T14:49:58.741-04:00: Sending to TS-2000: FB;
2013-03-30T14:49:58.741-04:00: Sending to TS-2000: FC;
2013-03-30T14:49:58.741-04:00: Sending to TS-2000: MD;
2013-03-30T14:49:58.741-04:00: Sending to TS-2000: BY;
2013-03-30T14:49:58.756-04:00: Sending to TS-2000: SM0;
2013-03-30T14:50:08.725-04:00: Sending to TS-2000: DC;
2013-03-30T14:50:08.725-04:00: Sending to TS-2000: FR;
2013-03-30T14:50:08.725-04:00: Sending to TS-2000: FT;
2013-03-30T14:50:08.725-04:00: Sending to TS-2000: FA;
2013-03-30T14:50:08.741-04:00: Sending to TS-2000: FB;
2013-03-30T14:50:08.741-04:00: Sending to TS-2000: FC;
2013-03-30T14:50:08.741-04:00: Sending to TS-2000: MD;
2013-03-30T14:50:08.741-04:00: Sending to TS-2000: BY;
2013-03-30T14:50:08.741-04:00: Sending to TS-2000: SM0;
2013-03-30T14:50:18.725-04:00: Sending to TS-2000: DC;
2013-03-30T14:50:18.725-04:00: Sending to TS-2000: FR;
2013-03-30T14:50:18.725-04:00: Sending to TS-2000: FT;
2013-03-30T14:50:18.725-04:00: Sending to TS-2000: FA;
2013-03-30T14:50:18.725-04:00: Sending to TS-2000: FB;
2013-03-30T14:50:18.725-04:00: Sending to TS-2000: FC;
2013-03-30T14:50:18.741-04:00: Sending to TS-2000: MD;
2013-03-30T14:50:18.741-04:00: Sending to TS-2000: BY;
2013-03-30T14:50:18.741-04:00: Sending to TS-2000: SM0;
2013-03-30T14:50:28.725-04:00: Sending to TS-2000: DC;
2013-03-30T14:50:28.725-04:00: Sending to TS-2000: FR;
2013-03-30T14:50:28.725-04:00: Sending to TS-2000: FT;
2013-03-30T14:50:28.741-04:00: Sending to TS-2000: FA;
2013-03-30T14:50:28.741-04:00: Sending to TS-2000: FB;
2013-03-30T14:50:28.741-04:00: Sending to TS-2000: FC;
2013-03-30T14:50:28.741-04:00: Sending to TS-2000: MD;
2013-03-30T14:50:28.741-04:00: Sending to TS-2000: BY;
2013-03-30T14:50:28.756-04:00: Sending to TS-2000: SM0;
2013-03-30T14:50:38.725-04:00: Sending to TS-2000: DC;
2013-03-30T14:50:38.725-04:00: Sending to TS-2000: FR;
2013-03-30T14:50:38.725-04:00: Sending to TS-2000: FT;
2013-03-30T14:50:38.725-04:00: Sending to TS-2000: FA;
2013-03-30T14:50:38.741-04:00: Sending to TS-2000: FB;
2013-03-30T14:50:38.741-04:00: Sending to TS-2000: FC;
2013-03-30T14:50:38.741-04:00: Sending to TS-2000: MD;
2013-03-30T14:50:38.741-04:00: Sending to TS-2000: BY;
2013-03-30T14:50:38.741-04:00: Sending to TS-2000: SM0;
2013-03-30T14:50:48.725-04:00: Sending to TS-2000: DC;
2013-03-30T14:50:48.725-04:00: Sending to TS-2000: FR;
2013-03-30T14:50:48.725-04:00: Sending to TS-2000: FT;
2013-03-30T14:50:48.725-04:00: Sending to TS-2000: FA;
2013-03-30T14:50:48.725-04:00: Sending to TS-2000: FB;
2013-03-30T14:50:48.725-04:00: Sending to TS-2000: FC;
2013-03-30T14:50:48.741-04:00: Sending to TS-2000: MD;
2013-03-30T14:50:48.741-04:00: Sending to TS-2000: BY;
2013-03-30T14:50:48.741-04:00: Sending to TS-2000: SM0;
2013-03-30T14:50:58.725-04:00: Sending to TS-2000: DC;
2013-03-30T14:50:58.725-04:00: Sending to TS-2000: FR;
2013-03-30T14:50:58.725-04:00: Sending to TS-2000: FT;
2013-03-30T14:50:58.741-04:00: Sending to TS-2000: FA;
2013-03-30T14:50:58.741-04:00: Sending to TS-2000: FB;
2013-03-30T14:50:58.741-04:00: Sending to TS-2000: FC;
2013-03-30T14:50:58.741-04:00: Sending to TS-2000: MD;
2013-03-30T14:50:58.741-04:00: Sending to TS-2000: BY;
2013-03-30T14:50:58.756-04:00: Sending to TS-2000: SM0;
2013-03-30T14:51:08.725-04:00: Sending to TS-2000: DC;
2013-03-30T14:51:08.725-04:00: Sending to TS-2000: FR;
2013-03-30T14:51:08.725-04:00: Sending to TS-2000: FT;
2013-03-30T14:51:08.725-04:00: Sending to TS-2000: FA;
2013-03-30T14:51:08.741-04:00: Sending to TS-2000: FB;
2013-03-30T14:51:08.741-04:00: Sending to TS-2000: FC;
2013-03-30T14:51:08.741-04:00: Sending to TS-2000: MD;
2013-03-30T14:51:08.741-04:00: Sending to TS-2000: BY;
2013-03-30T14:51:08.741-04:00: Sending to TS-2000: SM0;
2013-03-30T14:51:18.725-04:00: Sending to TS-2000: DC;
2013-03-30T14:51:18.725-04:00: Sending to TS-2000: FR;
2013-03-30T14:51:18.725-04:00: Sending to TS-2000: FT;
2013-03-30T14:51:18.725-04:00: Sending to TS-2000: FA;
2013-03-30T14:51:18.725-04:00: Sending to TS-2000: FB;
2013-03-30T14:51:18.725-04:00: Sending to TS-2000: FC;
2013-03-30T14:51:18.741-04:00: Sending to TS-2000: MD;
2013-03-30T14:51:18.741-04:00: Sending to TS-2000: BY;
2013-03-30T14:51:18.741-04:00: Sending to TS-2000: SM0;
2013-03-30T14:51:28.725-04:00: Sending to TS-2000: DC;
2013-03-30T14:51:28.725-04:00: Sending to TS-2000: FR;
2013-03-30T14:51:28.725-04:00: Sending to TS-2000: FT;
2013-03-30T14:51:28.741-04:00: Sending to TS-2000: FA;
2013-03-30T14:51:28.741-04:00: Sending to TS-2000: FB;
2013-03-30T14:51:28.741-04:00: Sending to TS-2000: FC;
2013-03-30T14:51:28.741-04:00: Sending to TS-2000: MD;
2013-03-30T14:51:28.741-04:00: Sending to TS-2000: BY;
2013-03-30T14:51:28.756-04:00: Sending to TS-2000: SM0;
2013-03-30T14:51:38.725-04:00: Sending to TS-2000: DC;
2013-03-30T14:51:38.725-04:00: Sending to TS-2000: FR;
2013-03-30T14:51:38.725-04:00: Sending to TS-2000: FT;
2013-03-30T14:51:38.725-04:00: Sending to TS-2000: FA;
2013-03-30T14:51:38.741-04:00: Sending to TS-2000: FB;
2013-03-30T14:51:38.741-04:00: Sending to TS-2000: FC;
2013-03-30T14:51:38.741-04:00: Sending to TS-2000: MD;
2013-03-30T14:51:38.741-04:00: Sending to TS-2000: BY;
2013-03-30T14:51:38.741-04:00: Sending to TS-2000: SM0;
2013-03-30T14:51:48.725-04:00: Sending to TS-2000: DC;
2013-03-30T14:51:48.725-04:00: Sending to TS-2000: FR;
2013-03-30T14:51:48.725-04:00: Sending to TS-2000: FT;
2013-03-30T14:51:48.725-04:00: Sending to TS-2000: FA;
2013-03-30T14:51:48.725-04:00: Sending to TS-2000: FB;
2013-03-30T14:51:48.725-04:00: Sending to TS-2000: FC;
2013-03-30T14:51:48.741-04:00: Sending to TS-2000: MD;
2013-03-30T14:51:48.741-04:00: Sending to TS-2000: BY;
2013-03-30T14:51:48.741-04:00: Sending to TS-2000: SM0;
2013-03-30T14:51:58.725-04:00: Sending to TS-2000: DC;
2013-03-30T14:51:58.725-04:00: Sending to TS-2000: FR;
2013-03-30T14:51:58.725-04:00: Sending to TS-2000: FT;
2013-03-30T14:51:58.741-04:00: Sending to TS-2000: FA;
2013-03-30T14:51:58.741-04:00: Sending to TS-2000: FB;
2013-03-30T14:51:58.741-04:00: Sending to TS-2000: FC;
2013-03-30T14:51:58.741-04:00: Sending to TS-2000: MD;
2013-03-30T14:51:58.741-04:00: Sending to TS-2000: BY;
2013-03-30T14:51:58.756-04:00: Sending to TS-2000: SM0;
2013-03-30T14:52:08.725-04:00: Sending to TS-2000: DC;
2013-03-30T14:52:08.725-04:00: Sending to TS-2000: FR;
2013-03-30T14:52:08.725-04:00: Sending to TS-2000: FT;
2013-03-30T14:52:08.725-04:00: Sending to TS-2000: FA;
2013-03-30T14:52:08.741-04:00: Sending to TS-2000: FB;
2013-03-30T14:52:08.741-04:00: Sending to TS-2000: FC;
2013-03-30T14:52:08.741-04:00: Sending to TS-2000: MD;
2013-03-30T14:52:08.741-04:00: Sending to TS-2000: BY;
2013-03-30T14:52:08.741-04:00: Sending to TS-2000: SM0;
