2013-05-05T12:58:38.444-04:00: Stable Library
2013-05-05T12:58:38.444-04:00: =========================================
2013-05-05T12:58:38.444-04:00: Native lib Version = RXTX-2.1-7
2013-05-05T12:58:38.444-04:00: Java lib Version   = RXTX-2.1-7
2013-05-05T12:58:48.256-04:00: 0d WAIT 
2013-05-05T12:58:48.272-04:00: 0a WAIT 
2013-05-05T12:58:48.272-04:00: 
4b WAIT 
2013-05-05T12:58:48.272-04:00: K41 WAIT 
2013-05-05T12:58:48.272-04:00: A4e WAIT 
2013-05-05T12:58:48.272-04:00: N54 WAIT 
2013-05-05T12:58:48.272-04:00: T52 WAIT 
2013-05-05T12:58:48.272-04:00: R4f WAIT 
2013-05-05T12:58:48.272-04:00: O4e WAIT 
2013-05-05T12:58:48.272-04:00: N49 WAIT 
2013-05-05T12:58:48.272-04:00: I43 WAIT 
2013-05-05T12:58:48.272-04:00: C53 WAIT 
2013-05-05T12:58:48.272-04:00: S20 WAIT 
2013-05-05T12:58:48.272-04:00:  41 WAIT 
2013-05-05T12:58:48.272-04:00: A4c WAIT 
2013-05-05T12:58:48.272-04:00: L4c WAIT 
2013-05-05T12:58:48.288-04:00: L20 WAIT 
2013-05-05T12:58:48.288-04:00:  4d WAIT 
2013-05-05T12:58:48.288-04:00: M4f WAIT 
2013-05-05T12:58:48.288-04:00: O44 WAIT 
2013-05-05T12:58:48.288-04:00: D45 WAIT 
2013-05-05T12:58:48.288-04:00: E20 WAIT 
2013-05-05T12:58:48.288-04:00:  43 WAIT 
2013-05-05T12:58:48.288-04:00: C4f WAIT 
2013-05-05T12:58:48.288-04:00: O4d WAIT 
2013-05-05T12:58:48.288-04:00: M4d WAIT 
2013-05-05T12:58:48.288-04:00: M55 WAIT 
2013-05-05T12:58:48.288-04:00: U4e WAIT 
2013-05-05T12:58:48.288-04:00: N49 WAIT 
2013-05-05T12:58:48.288-04:00: I43 WAIT 
2013-05-05T12:58:48.288-04:00: C41 WAIT 
2013-05-05T12:58:48.288-04:00: A54 WAIT 
2013-05-05T12:58:48.288-04:00: T4f WAIT 
2013-05-05T12:58:48.303-04:00: O52 WAIT 
2013-05-05T12:58:48.303-04:00: R20 WAIT 
2013-05-05T12:58:48.303-04:00:  4b WAIT 
2013-05-05T12:58:48.303-04:00: K41 WAIT 
2013-05-05T12:58:48.303-04:00: A4d WAIT 
2013-05-05T12:58:48.303-04:00: M2d WAIT 
2013-05-05T12:58:48.303-04:00: -58 WAIT 
2013-05-05T12:58:48.303-04:00: X4c WAIT 
2013-05-05T12:58:48.303-04:00: L20 WAIT 
2013-05-05T12:58:48.303-04:00:  56 WAIT 
2013-05-05T12:58:48.303-04:00: V45 WAIT 
2013-05-05T12:58:48.303-04:00: E52 WAIT 
2013-05-05T12:58:48.303-04:00: R53 WAIT 
2013-05-05T12:58:48.303-04:00: S49 WAIT 
2013-05-05T12:58:48.303-04:00: I4f WAIT 
2013-05-05T12:58:48.303-04:00: O4e WAIT 
2013-05-05T12:58:48.303-04:00: N20 WAIT 
2013-05-05T12:58:48.319-04:00:  31 WAIT 
2013-05-05T12:58:48.319-04:00: 12e WAIT 
2013-05-05T12:58:48.319-04:00: .30 WAIT 
2013-05-05T12:58:48.319-04:00: 037 WAIT 
2013-05-05T12:58:48.319-04:00: 730 WAIT 
2013-05-05T12:58:48.319-04:00: 035 WAIT 
2013-05-05T12:58:48.319-04:00: 530 WAIT 
2013-05-05T12:58:48.319-04:00: 00d WAIT 
2013-05-05T12:58:48.319-04:00: 0a WAIT 
2013-05-05T12:58:48.319-04:00: 
28 WAIT 
2013-05-05T12:58:48.319-04:00: (43 WAIT 
2013-05-05T12:58:48.319-04:00: C29 WAIT 
2013-05-05T12:58:48.319-04:00: )20 WAIT 
2013-05-05T12:58:48.319-04:00:  43 WAIT 
2013-05-05T12:58:48.319-04:00: C4f WAIT 
2013-05-05T12:58:48.319-04:00: O50 WAIT 
2013-05-05T12:58:48.319-04:00: P59 WAIT 
2013-05-05T12:58:48.319-04:00: Y52 WAIT 
2013-05-05T12:58:48.334-04:00: R49 WAIT 
2013-05-05T12:58:48.334-04:00: I47 WAIT 
2013-05-05T12:58:48.334-04:00: G48 WAIT 
2013-05-05T12:58:48.334-04:00: H54 WAIT 
2013-05-05T12:58:48.334-04:00: T20 WAIT 
2013-05-05T12:58:48.334-04:00:  32 WAIT 
2013-05-05T12:58:48.334-04:00: 230 WAIT 
2013-05-05T12:58:48.334-04:00: 030 WAIT 
2013-05-05T12:58:48.334-04:00: 036 WAIT 
2013-05-05T12:58:48.334-04:00: 620 WAIT 
2013-05-05T12:58:48.334-04:00:  42 WAIT 
2013-05-05T12:58:48.334-04:00: B59 WAIT 
2013-05-05T12:58:48.334-04:00: Y20 WAIT 
2013-05-05T12:58:48.334-04:00:  4b WAIT 
2013-05-05T12:58:48.334-04:00: K41 WAIT 
2013-05-05T12:58:48.334-04:00: A4e WAIT 
2013-05-05T12:58:48.350-04:00: N54 WAIT 
2013-05-05T12:58:48.350-04:00: T52 WAIT 
2013-05-05T12:58:48.350-04:00: R4f WAIT 
2013-05-05T12:58:48.350-04:00: O4e WAIT 
2013-05-05T12:58:48.350-04:00: N49 WAIT 
2013-05-05T12:58:48.350-04:00: I43 WAIT 
2013-05-05T12:58:48.350-04:00: C53 WAIT 
2013-05-05T12:58:48.350-04:00: S20 WAIT 
2013-05-05T12:58:48.350-04:00:  49 WAIT 
2013-05-05T12:58:48.350-04:00: I4e WAIT 
2013-05-05T12:58:48.350-04:00: N43 WAIT 
2013-05-05T12:58:48.350-04:00: C2e WAIT 
2013-05-05T12:58:48.350-04:00: .20 WAIT 
2013-05-05T12:58:48.350-04:00:  20 WAIT 
2013-05-05T12:58:48.350-04:00:  41 WAIT 
2013-05-05T12:58:48.350-04:00: A4c WAIT 
2013-05-05T12:58:48.366-04:00: L4c WAIT 
2013-05-05T12:58:48.366-04:00: L20 WAIT 
2013-05-05T12:58:48.366-04:00:  52 WAIT 
2013-05-05T12:58:48.366-04:00: R49 WAIT 
2013-05-05T12:58:48.366-04:00: I47 WAIT 
2013-05-05T12:58:48.366-04:00: G48 WAIT 
2013-05-05T12:58:48.366-04:00: H54 WAIT 
2013-05-05T12:58:48.366-04:00: T53 WAIT 
2013-05-05T12:58:48.366-04:00: S20 WAIT 
2013-05-05T12:58:48.366-04:00:  52 WAIT 
2013-05-05T12:58:48.366-04:00: R45 WAIT 
2013-05-05T12:58:48.366-04:00: E53 WAIT 
2013-05-05T12:58:48.366-04:00: S45 WAIT 
2013-05-05T12:58:48.381-04:00: E52 WAIT 
2013-05-05T12:58:48.381-04:00: R56 WAIT 
2013-05-05T12:58:48.381-04:00: V45 WAIT 
2013-05-05T12:58:48.381-04:00: E44 WAIT 
2013-05-05T12:58:48.381-04:00: D2e WAIT 
2013-05-05T12:58:48.381-04:00: .0d WAIT 
2013-05-05T12:58:48.381-04:00: 0a WAIT 
2013-05-05T12:58:48.381-04:00: 
44 WAIT 
2013-05-05T12:58:48.381-04:00: D55 WAIT 
2013-05-05T12:58:48.381-04:00: U50 WAIT 
2013-05-05T12:58:48.381-04:00: P4c WAIT 
2013-05-05T12:58:48.381-04:00: L49 WAIT 
2013-05-05T12:58:48.381-04:00: I43 WAIT 
2013-05-05T12:58:48.381-04:00: C41 WAIT 
2013-05-05T12:58:48.381-04:00: A54 WAIT 
2013-05-05T12:58:48.381-04:00: T49 WAIT 
2013-05-05T12:58:48.397-04:00: I4f WAIT 
2013-05-05T12:58:48.397-04:00: O4e WAIT 
2013-05-05T12:58:48.397-04:00: N20 WAIT 
2013-05-05T12:58:48.397-04:00:  50 WAIT 
2013-05-05T12:58:48.397-04:00: P52 WAIT 
2013-05-05T12:58:48.397-04:00: R4f WAIT 
2013-05-05T12:58:48.397-04:00: O48 WAIT 
2013-05-05T12:58:48.397-04:00: H49 WAIT 
2013-05-05T12:58:48.397-04:00: I42 WAIT 
2013-05-05T12:58:48.397-04:00: B49 WAIT 
2013-05-05T12:58:48.397-04:00: I54 WAIT 
2013-05-05T12:58:48.397-04:00: T45 WAIT 
2013-05-05T12:58:48.397-04:00: E44 WAIT 
2013-05-05T12:58:48.397-04:00: D20 WAIT 
2013-05-05T12:58:48.397-04:00:  57 WAIT 
2013-05-05T12:58:48.397-04:00: W49 WAIT 
2013-05-05T12:58:48.413-04:00: I54 WAIT 
2013-05-05T12:58:48.413-04:00: T48 WAIT 
2013-05-05T12:58:48.413-04:00: H4f WAIT 
2013-05-05T12:58:48.413-04:00: O55 WAIT 
2013-05-05T12:58:48.413-04:00: U54 WAIT 
2013-05-05T12:58:48.413-04:00: T20 WAIT 
2013-05-05T12:58:48.413-04:00:  50 WAIT 
2013-05-05T12:58:48.413-04:00: P45 WAIT 
2013-05-05T12:58:48.413-04:00: E52 WAIT 
2013-05-05T12:58:48.413-04:00: R4d WAIT 
2013-05-05T12:58:48.413-04:00: M49 WAIT 
2013-05-05T12:58:48.413-04:00: I53 WAIT 
2013-05-05T12:58:48.413-04:00: S53 WAIT 
2013-05-05T12:58:48.413-04:00: S49 WAIT 
2013-05-05T12:58:48.413-04:00: I4f WAIT 
2013-05-05T12:58:48.413-04:00: O4e WAIT 
2013-05-05T12:58:48.428-04:00: N20 WAIT 
2013-05-05T12:58:48.428-04:00:  4f WAIT 
2013-05-05T12:58:48.428-04:00: O46 WAIT 
2013-05-05T12:58:48.428-04:00: F20 WAIT 
2013-05-05T12:58:48.428-04:00:  4b WAIT 
2013-05-05T12:58:48.428-04:00: K41 WAIT 
2013-05-05T12:58:48.428-04:00: A4e WAIT 
2013-05-05T12:58:48.428-04:00: N54 WAIT 
2013-05-05T12:58:48.428-04:00: T52 WAIT 
2013-05-05T12:58:48.428-04:00: R4f WAIT 
2013-05-05T12:58:48.428-04:00: O4e WAIT 
2013-05-05T12:58:48.428-04:00: N49 WAIT 
2013-05-05T12:58:48.428-04:00: I43 WAIT 
2013-05-05T12:58:48.428-04:00: C53 WAIT 
2013-05-05T12:58:48.428-04:00: S2e WAIT 
2013-05-05T12:58:48.428-04:00: .0d WAIT 
2013-05-05T12:58:48.444-04:00: 0a WAIT 
2013-05-05T12:58:48.444-04:00: 
63 WAIT 
2013-05-05T12:58:48.444-04:00: c6d WAIT 
2013-05-05T12:58:48.444-04:00: m64 WAIT 
2013-05-05T12:58:48.444-04:00: d3a WAIT 
2013-05-05T12:58:48.444-04:00: :0d WAIT 
2013-05-05T12:58:49.647-04:00: 0a WAIT 
2013-05-05T12:58:49.647-04:00: 
3f WAIT 
2013-05-05T12:58:49.663-04:00: ?3f WAIT 
2013-05-05T12:58:49.663-04:00: ?3f WAIT 
2013-05-05T12:58:49.663-04:00: ?0d WAIT 
2013-05-05T12:58:49.663-04:00: 0a WAIT 
2013-05-05T12:58:49.663-04:00: 
0d WAIT 
2013-05-05T12:58:49.663-04:00: 0a WAIT 
2013-05-05T12:58:49.663-04:00: 
48 WAIT 
2013-05-05T12:58:49.663-04:00: H42 WAIT 
2013-05-05T12:58:49.663-04:00: B20 WAIT 
2013-05-05T12:58:49.663-04:00:  30 WAIT 
2013-05-05T12:58:49.663-04:00: 02f WAIT 
2013-05-05T12:58:49.663-04:00: /31 WAIT 
2013-05-05T12:58:49.663-04:00: 132 WAIT 
2013-05-05T12:58:49.663-04:00: 230 WAIT 
2013-05-05T12:58:49.663-04:00: 030 WAIT 
2013-05-05T12:58:49.678-04:00: 00d WAIT 
2013-05-05T12:58:49.678-04:00: 0a WAIT 
2013-05-05T12:58:49.678-04:00: 
58 WAIT 
2013-05-05T12:58:49.678-04:00: X4d WAIT 
2013-05-05T12:58:49.678-04:00: M49 WAIT 
2013-05-05T12:58:49.678-04:00: I54 WAIT 
2013-05-05T12:58:49.678-04:00: T4c WAIT 
2013-05-05T12:58:49.678-04:00: L56 WAIT 
2013-05-05T12:58:49.678-04:00: V4c WAIT 
2013-05-05T12:58:49.678-04:00: L20 WAIT 
2013-05-05T12:58:49.678-04:00:  34 WAIT 
2013-05-05T12:58:49.678-04:00: 430 WAIT 
2013-05-05T12:58:49.678-04:00: 02f WAIT 
2013-05-05T12:58:49.678-04:00: /32 WAIT 
2013-05-05T12:58:49.678-04:00: 235 WAIT 
2013-05-05T12:58:49.694-04:00: 50d WAIT 
2013-05-05T12:58:49.694-04:00: 0a WAIT 
2013-05-05T12:58:49.694-04:00: 
49 WAIT 
2013-05-05T12:58:49.694-04:00: I4e WAIT 
2013-05-05T12:58:49.694-04:00: N54 WAIT 
2013-05-05T12:58:49.694-04:00: T46 WAIT 
2013-05-05T12:58:49.694-04:00: F41 WAIT 
2013-05-05T12:58:49.694-04:00: A43 WAIT 
2013-05-05T12:58:49.694-04:00: C45 WAIT 
2013-05-05T12:58:49.694-04:00: E20 WAIT 
2013-05-05T12:58:49.694-04:00:  4b WAIT 
2013-05-05T12:58:49.694-04:00: K49 WAIT 
2013-05-05T12:58:49.694-04:00: I53 WAIT 
2013-05-05T12:58:49.694-04:00: S53 WAIT 
2013-05-05T12:58:49.694-04:00: S0d WAIT 
2013-05-05T12:58:49.694-04:00: 0a WAIT 
2013-05-05T12:58:49.709-04:00: 
52 WAIT 
2013-05-05T12:58:49.709-04:00: R45 WAIT 
2013-05-05T12:58:49.709-04:00: E53 WAIT 
2013-05-05T12:58:49.709-04:00: S45 WAIT 
2013-05-05T12:58:49.709-04:00: E8ea49eaa9c88e0a89ea0a89ea0e103f03e6a04002105004ab08355aa052c357c4a71e8e74fff0196e184eb000000000000000000000000000000000000000000000000000000000000000000000000000000000000000000000000000000000000000000000000000000000000000000000000000000000000000000000000000000000000000000000000000000000000000000000000000000000000000000000000000000000000000000000000000000000000000000000000000000000000000000000000000000000000000000000000000000000000000000000000000000000000000000000000000000000000000000000000000000000000000000000000000000000000000000000000000000000000000000000000000000000000000000000000000000000000000000000000000000000000000000
2013-05-05T13:00:04.444-04:00: 8e
2013-05-05T13:00:04.444-04:00: a4
2013-05-05T13:00:04.444-04:00: 9e
2013-05-05T13:00:04.444-04:00: aa
2013-05-05T13:00:04.444-04:00: 9c
2013-05-05T13:00:04.444-04:00: 88
2013-05-05T13:00:04.444-04:00: e0
2013-05-05T13:00:04.444-04:00: a8
2013-05-05T13:00:04.444-04:00: 9e
2013-05-05T13:00:04.444-04:00: a0
2013-05-05T13:00:04.444-04:00: a8
2013-05-05T13:00:04.444-04:00: 9e
2013-05-05T13:00:04.444-04:00: a0
2013-05-05T13:00:04.444-04:00: e1
2013-05-05T13:00:04.444-04:00: 03
2013-05-05T13:00:04.444-04:00: f0
2013-05-05T13:00:04.444-04:00: 3e
2013-05-05T13:00:04.444-04:00: 6a
2013-05-05T13:00:04.444-04:00: 04
2013-05-05T13:00:04.444-04:00: 00
2013-05-05T13:00:04.444-04:00: 21
2013-05-05T13:00:04.444-04:00: 05
2013-05-05T13:00:04.444-04:00: 00
2013-05-05T13:00:04.444-04:00: 4a
2013-05-05T13:00:04.444-04:00: b0
2013-05-05T13:00:04.444-04:00: 83
2013-05-05T13:00:04.459-04:00: 55
2013-05-05T13:00:04.459-04:00: aa
2013-05-05T13:00:04.459-04:00: 05
2013-05-05T13:00:04.459-04:00: 2c
2013-05-05T13:00:04.459-04:00: 35
2013-05-05T13:00:04.459-04:00: 7c
2013-05-05T13:00:04.459-04:00: 4a
2013-05-05T13:00:04.459-04:00: 71
2013-05-05T13:00:04.459-04:00: e8
2013-05-05T13:00:04.459-04:00: e7
2013-05-05T13:00:04.459-04:00: 4f
2013-05-05T13:00:04.459-04:00: ff
2013-05-05T13:00:04.459-04:00: 01
2013-05-05T13:00:04.459-04:00: 96
2013-05-05T13:00:04.459-04:00: e1
2013-05-05T13:00:04.459-04:00: 84
2013-05-05T13:00:04.459-04:00: eb
2013-05-05T13:00:04.459-04:00: 00
2013-05-05T13:00:04.459-04:00: 00
2013-05-05T13:00:04.459-04:00: 00
2013-05-05T13:00:04.459-04:00: 00
2013-05-05T13:00:04.459-04:00: 00
2013-05-05T13:00:04.459-04:00: 00
2013-05-05T13:00:04.459-04:00: 00
2013-05-05T13:00:04.459-04:00: 00
2013-05-05T13:00:04.459-04:00: 00
2013-05-05T13:00:04.459-04:00: 00
2013-05-05T13:00:04.459-04:00: 00
2013-05-05T13:00:04.459-04:00: 00
2013-05-05T13:00:04.459-04:00: 00
2013-05-05T13:00:04.475-04:00: 00
2013-05-05T13:00:04.475-04:00: 00
2013-05-05T13:00:04.475-04:00: 00
2013-05-05T13:00:04.475-04:00: 00
2013-05-05T13:00:04.475-04:00: 00
2013-05-05T13:00:04.475-04:00: 00
2013-05-05T13:00:04.475-04:00: 00
2013-05-05T13:00:04.475-04:00: 00
2013-05-05T13:00:04.475-04:00: 00
2013-05-05T13:00:04.475-04:00: 00
2013-05-05T13:00:04.475-04:00: 00
2013-05-05T13:00:04.475-04:00: 00
2013-05-05T13:00:04.475-04:00: 00
2013-05-05T13:00:04.475-04:00: 00
2013-05-05T13:00:04.475-04:00: 00
2013-05-05T13:00:04.475-04:00: 00
2013-05-05T13:00:04.475-04:00: 00
2013-05-05T13:00:04.475-04:00: 00
2013-05-05T13:00:04.475-04:00: 00
2013-05-05T13:00:04.475-04:00: 00
2013-05-05T13:00:04.475-04:00: 00
2013-05-05T13:00:04.475-04:00: 00
2013-05-05T13:00:04.475-04:00: 00
2013-05-05T13:00:04.475-04:00: 00
2013-05-05T13:00:04.475-04:00: 00
2013-05-05T13:00:04.475-04:00: 00
2013-05-05T13:00:04.475-04:00: 00
2013-05-05T13:00:04.475-04:00: 00
2013-05-05T13:00:04.475-04:00: 00
2013-05-05T13:00:04.491-04:00: 00
2013-05-05T13:00:04.491-04:00: 00
2013-05-05T13:00:04.491-04:00: 00
2013-05-05T13:00:04.491-04:00: 00
2013-05-05T13:00:04.491-04:00: 00
2013-05-05T13:00:04.491-04:00: 00
2013-05-05T13:00:04.491-04:00: 00
2013-05-05T13:00:04.491-04:00: 00
2013-05-05T13:00:04.491-04:00: 00
2013-05-05T13:00:04.491-04:00: 00
2013-05-05T13:00:04.491-04:00: 00
2013-05-05T13:00:04.491-04:00: 00
2013-05-05T13:00:04.491-04:00: 00
2013-05-05T13:00:04.491-04:00: 00
2013-05-05T13:00:04.491-04:00: 00
2013-05-05T13:00:04.491-04:00: 00
2013-05-05T13:00:04.491-04:00: 00
2013-05-05T13:00:04.491-04:00: 00
2013-05-05T13:00:04.491-04:00: 00
2013-05-05T13:00:04.491-04:00: 00
2013-05-05T13:00:04.491-04:00: 00
2013-05-05T13:00:04.491-04:00: 00
2013-05-05T13:00:04.491-04:00: 00
2013-05-05T13:00:04.491-04:00: 00
2013-05-05T13:00:04.491-04:00: 00
2013-05-05T13:00:04.491-04:00: 00
2013-05-05T13:00:04.491-04:00: 00
2013-05-05T13:00:04.491-04:00: 00
2013-05-05T13:00:04.491-04:00: 00
2013-05-05T13:00:04.506-04:00: 00
2013-05-05T13:00:04.506-04:00: 00
2013-05-05T13:00:04.506-04:00: 00
2013-05-05T13:00:04.506-04:00: 00
2013-05-05T13:00:04.506-04:00: 00
2013-05-05T13:00:04.506-04:00: 00
2013-05-05T13:00:04.506-04:00: 00
2013-05-05T13:00:04.506-04:00: 00
2013-05-05T13:00:04.506-04:00: 00
2013-05-05T13:00:04.506-04:00: 00
2013-05-05T13:00:04.506-04:00: 00
2013-05-05T13:00:04.506-04:00: 00
2013-05-05T13:00:04.506-04:00: 00
2013-05-05T13:00:04.506-04:00: 00
2013-05-05T13:00:04.506-04:00: 00
2013-05-05T13:00:04.506-04:00: 00
2013-05-05T13:00:04.506-04:00: 00
2013-05-05T13:00:04.506-04:00: 00
2013-05-05T13:00:04.506-04:00: 00
2013-05-05T13:00:04.506-04:00: 00
2013-05-05T13:00:04.506-04:00: 00
2013-05-05T13:00:04.506-04:00: 00
2013-05-05T13:00:04.506-04:00: 00
2013-05-05T13:00:04.506-04:00: 00
2013-05-05T13:00:04.506-04:00: 00
2013-05-05T13:00:04.506-04:00: 00
2013-05-05T13:00:04.506-04:00: 00
2013-05-05T13:00:04.506-04:00: 00
2013-05-05T13:00:04.506-04:00: 00
2013-05-05T13:00:04.506-04:00: 00
2013-05-05T13:00:04.506-04:00: 00
2013-05-05T13:00:04.522-04:00: 00
2013-05-05T13:00:04.522-04:00: 00
2013-05-05T13:00:04.522-04:00: 00
2013-05-05T13:00:04.522-04:00: 00
2013-05-05T13:00:04.522-04:00: 00
2013-05-05T13:00:04.522-04:00: 00
2013-05-05T13:00:04.522-04:00: 00
2013-05-05T13:00:04.522-04:00: 00
2013-05-05T13:00:04.522-04:00: 00
2013-05-05T13:00:04.522-04:00: 00
2013-05-05T13:00:04.522-04:00: 00
2013-05-05T13:00:04.522-04:00: 00
2013-05-05T13:00:04.522-04:00: 00
2013-05-05T13:00:04.522-04:00: 00
2013-05-05T13:00:04.522-04:00: 00
2013-05-05T13:00:04.522-04:00: 00
2013-05-05T13:00:04.522-04:00: 00
2013-05-05T13:00:04.522-04:00: 00
2013-05-05T13:00:04.522-04:00: 00
2013-05-05T13:00:04.522-04:00: 00
2013-05-05T13:00:04.522-04:00: 00
2013-05-05T13:00:04.522-04:00: 00
2013-05-05T13:00:04.522-04:00: 00
2013-05-05T13:00:04.522-04:00: 00
2013-05-05T13:00:04.522-04:00: 00
2013-05-05T13:00:04.522-04:00: 00
2013-05-05T13:00:04.522-04:00: 00
2013-05-05T13:00:04.522-04:00: 00
2013-05-05T13:00:04.522-04:00: 00
2013-05-05T13:00:04.522-04:00: 00
2013-05-05T13:00:04.538-04:00: 00
2013-05-05T13:00:04.538-04:00: 00
2013-05-05T13:00:04.538-04:00: 00
2013-05-05T13:00:04.538-04:00: 00
2013-05-05T13:00:04.538-04:00: 00
2013-05-05T13:00:04.538-04:00: 00
2013-05-05T13:00:04.538-04:00: 00
2013-05-05T13:00:04.538-04:00: 00
2013-05-05T13:00:04.538-04:00: 00
2013-05-05T13:00:04.538-04:00: 00
2013-05-05T13:00:04.538-04:00: 00
2013-05-05T13:00:04.538-04:00: 00
2013-05-05T13:00:04.538-04:00: 00
2013-05-05T13:00:04.538-04:00: 00
2013-05-05T13:00:04.538-04:00: 00
2013-05-05T13:00:04.538-04:00: 00
2013-05-05T13:00:04.538-04:00: 00
2013-05-05T13:00:04.538-04:00: 00
2013-05-05T13:00:04.538-04:00: 00
2013-05-05T13:00:04.538-04:00: 00
2013-05-05T13:00:04.538-04:00: 00
2013-05-05T13:00:04.538-04:00: 00
2013-05-05T13:00:04.538-04:00: 00
2013-05-05T13:00:04.538-04:00: 00
2013-05-05T13:00:04.538-04:00: 00
2013-05-05T13:00:04.538-04:00: 00
2013-05-05T13:00:04.538-04:00: 00
2013-05-05T13:00:04.538-04:00: 00
2013-05-05T13:00:04.538-04:00: 00
2013-05-05T13:00:04.538-04:00: 00
2013-05-05T13:00:04.538-04:00: 00
2013-05-05T13:00:04.553-04:00: 00
2013-05-05T13:00:04.553-04:00: 00
2013-05-05T13:00:04.553-04:00: 00
2013-05-05T13:00:04.553-04:00: 00
2013-05-05T13:00:04.553-04:00: 00
2013-05-05T13:00:04.553-04:00: 00
2013-05-05T13:00:04.553-04:00: 00
2013-05-05T13:00:04.553-04:00: 00
2013-05-05T13:00:04.553-04:00: 00
2013-05-05T13:00:04.553-04:00: 00
2013-05-05T13:00:04.553-04:00: 00
2013-05-05T13:00:04.553-04:00: 00
2013-05-05T13:00:04.553-04:00: 00
2013-05-05T13:00:04.553-04:00: 00
2013-05-05T13:00:04.553-04:00: 00
2013-05-05T13:00:04.553-04:00: 00
2013-05-05T13:00:04.553-04:00: 00
2013-05-05T13:00:04.553-04:00: 00
2013-05-05T13:00:04.553-04:00: 00
2013-05-05T13:00:04.553-04:00: 00
2013-05-05T13:00:04.553-04:00: 00
2013-05-05T13:00:04.553-04:00: 00
2013-05-05T13:00:04.553-04:00: 00
2013-05-05T13:00:04.553-04:00: 00
2013-05-05T13:00:04.553-04:00: 00
2013-05-05T13:00:04.553-04:00: 00
2013-05-05T13:00:04.569-04:00: 00
2013-05-05T13:00:04.569-04:00: 00
2013-05-05T13:00:04.569-04:00: 00
2013-05-05T13:00:04.569-04:00: 00
2013-05-05T13:00:04.569-04:00: 00
2013-05-05T13:00:04.569-04:00: 00
2013-05-05T13:00:04.569-04:00: 00
2013-05-05T13:00:04.569-04:00: 00
2013-05-05T13:00:04.569-04:00: 00
2013-05-05T13:00:04.569-04:00: 00
2013-05-05T13:00:04.569-04:00: 00
2013-05-05T13:00:04.569-04:00: 00
2013-05-05T13:00:04.569-04:00: 00
2013-05-05T13:00:04.569-04:00: 00
2013-05-05T13:00:04.569-04:00: 00
2013-05-05T13:00:04.569-04:00: 00
2013-05-05T13:00:04.569-04:00: 00
2013-05-05T13:00:04.569-04:00: 00
2013-05-05T13:00:04.569-04:00: 00
2013-05-05T13:00:04.569-04:00: 00
2013-05-05T13:00:04.569-04:00: 00
2013-05-05T13:00:04.569-04:00: 00
2013-05-05T13:00:04.569-04:00: 00
2013-05-05T13:00:04.569-04:00: 00
2013-05-05T13:00:04.569-04:00: 00
2013-05-05T13:00:04.569-04:00: 00
2013-05-05T13:00:04.569-04:00: 00
2013-05-05T13:00:04.569-04:00: 00
2013-05-05T13:00:04.569-04:00: 00
2013-05-05T13:00:04.569-04:00: 00
2013-05-05T13:00:04.569-04:00: 00
2013-05-05T13:00:04.584-04:00: 00
2013-05-05T13:00:04.584-04:00: 00
2013-05-05T13:00:04.584-04:00: 00
2013-05-05T13:00:04.584-04:00: 00
2013-05-05T13:00:04.584-04:00: 00
2013-05-05T13:00:04.584-04:00: 00
2013-05-05T13:00:04.584-04:00: 00
2013-05-05T13:00:04.584-04:00: 00
2013-05-05T13:00:04.584-04:00: 00
2013-05-05T13:00:04.584-04:00: 00
2013-05-05T13:00:04.584-04:00: 00
2013-05-05T13:00:04.584-04:00: 00
2013-05-05T13:00:04.584-04:00: 00
2013-05-05T13:00:04.584-04:00: 00
2013-05-05T13:00:04.584-04:00: 00
2013-05-05T13:00:04.584-04:00: 00
2013-05-05T13:00:04.584-04:00: 00
2013-05-05T13:00:04.584-04:00: 00
2013-05-05T13:00:04.584-04:00: 00
2013-05-05T13:00:04.584-04:00: 00
2013-05-05T13:00:04.584-04:00: 00
2013-05-05T13:00:04.584-04:00: 00
2013-05-05T13:00:04.584-04:00: 00
2013-05-05T13:00:04.584-04:00: 00
2013-05-05T13:00:04.584-04:00: 00
2013-05-05T13:00:04.584-04:00: 00
2013-05-05T13:00:04.584-04:00: 00
2013-05-05T13:00:04.584-04:00: 00
2013-05-05T13:00:04.584-04:00: 00
2013-05-05T13:00:04.584-04:00: 00
2013-05-05T13:00:04.600-04:00: 00
2013-05-05T13:00:04.600-04:00: 00
2013-05-05T13:00:04.600-04:00: 00
2013-05-05T13:00:04.600-04:00: 00
2013-05-05T13:00:04.600-04:00: 00
2013-05-05T13:00:04.600-04:00: 00
2013-05-05T13:00:04.600-04:00: 00
2013-05-05T13:00:04.600-04:00: 00
2013-05-05T13:00:04.600-04:00: 00
2013-05-05T13:00:04.600-04:00: 00
2013-05-05T13:00:04.600-04:00: 00
2013-05-05T13:00:04.600-04:00: 00
2013-05-05T13:00:04.600-04:00: 00
2013-05-05T13:00:04.600-04:00: 00
2013-05-05T13:00:04.600-04:00: 00
2013-05-05T13:00:04.600-04:00: 00
2013-05-05T13:00:04.600-04:00: 00
2013-05-05T13:00:04.600-04:00: 00
2013-05-05T13:00:04.600-04:00: 00
2013-05-05T13:00:04.600-04:00: 00
2013-05-05T13:00:04.600-04:00: 00
2013-05-05T13:00:04.600-04:00: 00
2013-05-05T13:00:04.600-04:00: 00
2013-05-05T13:03:09.445-04:00: c0 WAIT 
2013-05-05T13:03:09.477-04:00: 00 DATA 
2013-05-05T13:03:09.477-04:00: a8 DATA 
2013-05-05T13:03:09.477-04:00: 9e DATA 
2013-05-05T13:03:09.477-04:00: a0 DATA 
2013-05-05T13:03:09.477-04:00: a8 DATA 
2013-05-05T13:03:09.477-04:00: 9e DATA 
2013-05-05T13:03:09.477-04:00: a0 DATA 
2013-05-05T13:03:09.477-04:00: e1 DATA 
2013-05-05T13:03:09.477-04:00: 8e DATA 
2013-05-05T13:03:09.477-04:00: a4 DATA 
2013-05-05T13:03:09.477-04:00: 9e DATA 
2013-05-05T13:03:09.477-04:00: aa DATA 
2013-05-05T13:03:09.477-04:00: 9c DATA 
2013-05-05T13:03:09.477-04:00: 88 DATA 
2013-05-05T13:03:09.477-04:00: e0 DATA 
2013-05-05T13:03:09.477-04:00: 7f DATA 
2013-05-05T13:03:09.477-04:00: 80 DATA 
2013-05-05T13:03:09.477-04:00: db DATA 
2013-05-05T13:03:09.477-04:00: dc ESCAPE 
2013-05-05T13:03:09.477-04:00: Converted DBDC to C0
2013-05-05T13:03:09.477-04:00: 01 DATA 
2013-05-05T13:03:09.477-04:00: 01 DATA 
2013-05-05T13:03:09.477-04:00: 01 DATA 
2013-05-05T13:03:09.477-04:00: 01 DATA 
2013-05-05T13:03:09.477-04:00: 01 DATA 
2013-05-05T13:03:09.477-04:00: 01 DATA 
2013-05-05T13:03:09.477-04:00: 00 DATA 
2013-05-05T13:03:09.477-04:00: 00 DATA 
2013-05-05T13:03:09.477-04:00: 00 DATA 
2013-05-05T13:03:09.477-04:00: 00 DATA 
2013-05-05T13:03:09.477-04:00: 00 DATA 
2013-05-05T13:03:09.492-04:00: 00 DATA 
2013-05-05T13:03:09.492-04:00: 00 DATA 
2013-05-05T13:03:09.492-04:00: 00 DATA 
2013-05-05T13:03:09.492-04:00: 00 DATA 
2013-05-05T13:03:09.492-04:00: 00 DATA 
2013-05-05T13:03:09.492-04:00: 00 DATA 
2013-05-05T13:03:09.492-04:00: 00 DATA 
2013-05-05T13:03:09.492-04:00: 00 DATA 
2013-05-05T13:03:09.492-04:00: 00 DATA 
2013-05-05T13:03:09.492-04:00: 00 DATA 
2013-05-05T13:03:09.492-04:00: 00 DATA 
2013-05-05T13:03:09.492-04:00: 00 DATA 
2013-05-05T13:03:09.492-04:00: 00 DATA 
2013-05-05T13:03:09.492-04:00: 00 DATA 
2013-05-05T13:03:09.492-04:00: 00 DATA 
2013-05-05T13:03:09.492-04:00: 00 DATA 
2013-05-05T13:03:09.492-04:00: 00 DATA 
2013-05-05T13:03:09.492-04:00: 00 DATA 
2013-05-05T13:03:09.492-04:00: 00 DATA 
2013-05-05T13:03:09.492-04:00: 00 DATA 
2013-05-05T13:03:09.492-04:00: 00 DATA 
2013-05-05T13:03:09.492-04:00: 00 DATA 
2013-05-05T13:03:09.492-04:00: 00 DATA 
2013-05-05T13:03:09.492-04:00: 00 DATA 
2013-05-05T13:03:09.492-04:00: 00 DATA 
2013-05-05T13:03:09.508-04:00: 00 DATA 
2013-05-05T13:03:09.508-04:00: 00 DATA 
2013-05-05T13:03:09.508-04:00: 00 DATA 
2013-05-05T13:03:09.508-04:00: 00 DATA 
2013-05-05T13:03:09.508-04:00: 00 DATA 
2013-05-05T13:03:09.508-04:00: 00 DATA 
2013-05-05T13:03:09.508-04:00: 00 DATA 
2013-05-05T13:03:09.508-04:00: 00 DATA 
2013-05-05T13:03:09.508-04:00: 00 DATA 
2013-05-05T13:03:09.523-04:00: 00 DATA 
2013-05-05T13:03:09.523-04:00: 00 DATA 
2013-05-05T13:03:09.523-04:00: 00 DATA 
2013-05-05T13:03:09.523-04:00: 00 DATA 
2013-05-05T13:03:09.523-04:00: 00 DATA 
2013-05-05T13:03:09.523-04:00: 00 DATA 
2013-05-05T13:03:09.523-04:00: 00 DATA 
2013-05-05T13:03:09.523-04:00: 00 DATA 
2013-05-05T13:03:09.523-04:00: 00 DATA 
2013-05-05T13:03:09.523-04:00: 00 DATA 
2013-05-05T13:03:09.523-04:00: 00 DATA 
2013-05-05T13:03:09.523-04:00: 00 DATA 
2013-05-05T13:03:09.523-04:00: 00 DATA 
2013-05-05T13:03:09.523-04:00: 00 DATA 
2013-05-05T13:03:09.523-04:00: 00 DATA 
2013-05-05T13:03:09.523-04:00: 00 DATA 
2013-05-05T13:03:09.523-04:00: 00 DATA 
2013-05-05T13:03:09.523-04:00: 00 DATA 
2013-05-05T13:03:09.523-04:00: 00 DATA 
2013-05-05T13:03:09.523-04:00: 00 DATA 
2013-05-05T13:03:09.523-04:00: 00 DATA 
2013-05-05T13:03:09.523-04:00: 00 DATA 
2013-05-05T13:03:09.523-04:00: 00 DATA 
2013-05-05T13:03:09.539-04:00: 00 DATA 
2013-05-05T13:03:09.539-04:00: 00 DATA 
2013-05-05T13:03:09.539-04:00: 00 DATA 
2013-05-05T13:03:09.539-04:00: 00 DATA 
2013-05-05T13:03:09.539-04:00: 00 DATA 
2013-05-05T13:03:09.539-04:00: 00 DATA 
2013-05-05T13:03:09.539-04:00: 00 DATA 
2013-05-05T13:03:09.539-04:00: 00 DATA 
2013-05-05T13:03:09.539-04:00: 00 DATA 
2013-05-05T13:03:09.539-04:00: 00 DATA 
2013-05-05T13:03:09.539-04:00: 00 DATA 
2013-05-05T13:03:09.539-04:00: 00 DATA 
2013-05-05T13:03:09.539-04:00: 00 DATA 
2013-05-05T13:03:09.539-04:00: 00 DATA 
2013-05-05T13:03:09.539-04:00: 00 DATA 
2013-05-05T13:03:09.539-04:00: 00 DATA 
2013-05-05T13:03:09.555-04:00: 00 DATA 
2013-05-05T13:03:09.555-04:00: 00 DATA 
2013-05-05T13:03:09.555-04:00: 00 DATA 
2013-05-05T13:03:09.555-04:00: 00 DATA 
2013-05-05T13:03:09.555-04:00: 00 DATA 
2013-05-05T13:03:09.555-04:00: 00 DATA 
2013-05-05T13:03:09.555-04:00: 00 DATA 
2013-05-05T13:03:09.555-04:00: 00 DATA 
2013-05-05T13:03:09.555-04:00: 00 DATA 
2013-05-05T13:03:09.555-04:00: 00 DATA 
2013-05-05T13:03:09.555-04:00: 00 DATA 
2013-05-05T13:03:09.555-04:00: 00 DATA 
2013-05-05T13:03:09.555-04:00: 00 DATA 
2013-05-05T13:03:09.555-04:00: 00 DATA 
2013-05-05T13:03:09.555-04:00: 00 DATA 
2013-05-05T13:03:09.555-04:00: 00 DATA 
2013-05-05T13:03:09.570-04:00: 00 DATA 
2013-05-05T13:03:09.570-04:00: 00 DATA 
2013-05-05T13:03:09.570-04:00: 00 DATA 
2013-05-05T13:03:09.570-04:00: 00 DATA 
2013-05-05T13:03:09.570-04:00: 00 DATA 
2013-05-05T13:03:09.570-04:00: 00 DATA 
2013-05-05T13:03:09.570-04:00: 00 DATA 
2013-05-05T13:03:09.570-04:00: 00 DATA 
2013-05-05T13:03:09.570-04:00: 00 DATA 
2013-05-05T13:03:09.570-04:00: 00 DATA 
2013-05-05T13:03:09.570-04:00: 00 DATA 
2013-05-05T13:03:09.570-04:00: 00 DATA 
2013-05-05T13:03:09.570-04:00: 00 DATA 
2013-05-05T13:03:09.570-04:00: 00 DATA 
2013-05-05T13:03:09.570-04:00: 00 DATA 
2013-05-05T13:03:09.570-04:00: 00 DATA 
2013-05-05T13:03:09.586-04:00: 00 DATA 
2013-05-05T13:03:09.586-04:00: 00 DATA 
2013-05-05T13:03:09.586-04:00: 00 DATA 
2013-05-05T13:03:09.586-04:00: 00 DATA 
2013-05-05T13:03:09.586-04:00: 00 DATA 
2013-05-05T13:03:09.586-04:00: 00 DATA 
2013-05-05T13:03:09.586-04:00: 00 DATA 
2013-05-05T13:03:09.586-04:00: 00 DATA 
2013-05-05T13:03:09.586-04:00: 00 DATA 
2013-05-05T13:03:09.586-04:00: 00 DATA 
2013-05-05T13:03:09.586-04:00: 00 DATA 
2013-05-05T13:03:09.586-04:00: 00 DATA 
2013-05-05T13:03:09.586-04:00: 00 DATA 
2013-05-05T13:03:09.586-04:00: 00 DATA 
2013-05-05T13:03:09.586-04:00: 00 DATA 
2013-05-05T13:03:09.586-04:00: 00 DATA 
2013-05-05T13:03:09.602-04:00: 00 DATA 
2013-05-05T13:03:09.602-04:00: 00 DATA 
2013-05-05T13:03:09.602-04:00: 00 DATA 
2013-05-05T13:03:09.602-04:00: 00 DATA 
2013-05-05T13:03:09.602-04:00: 00 DATA 
2013-05-05T13:03:09.602-04:00: 00 DATA 
2013-05-05T13:03:09.602-04:00: 00 DATA 
2013-05-05T13:03:09.602-04:00: 00 DATA 
2013-05-05T13:03:09.602-04:00: 00 DATA 
2013-05-05T13:03:09.602-04:00: 00 DATA 
2013-05-05T13:03:09.602-04:00: 00 DATA 
2013-05-05T13:03:09.602-04:00: 00 DATA 
2013-05-05T13:03:09.602-04:00: 00 DATA 
2013-05-05T13:03:09.602-04:00: 00 DATA 
2013-05-05T13:03:09.602-04:00: 00 DATA 
2013-05-05T13:03:09.602-04:00: 00 DATA 
2013-05-05T13:03:09.617-04:00: 00 DATA 
2013-05-05T13:03:09.617-04:00: 00 DATA 
2013-05-05T13:03:09.617-04:00: 00 DATA 
2013-05-05T13:03:09.617-04:00: 00 DATA 
2013-05-05T13:03:09.617-04:00: 00 DATA 
2013-05-05T13:03:09.617-04:00: 00 DATA 
2013-05-05T13:03:09.617-04:00: 00 DATA 
2013-05-05T13:03:09.617-04:00: 00 DATA 
2013-05-05T13:03:09.617-04:00: 00 DATA 
2013-05-05T13:03:09.617-04:00: 00 DATA 
2013-05-05T13:03:09.617-04:00: 00 DATA 
2013-05-05T13:03:09.617-04:00: 00 DATA 
2013-05-05T13:03:09.617-04:00: 00 DATA 
2013-05-05T13:03:09.617-04:00: 00 DATA 
2013-05-05T13:03:09.617-04:00: 00 DATA 
2013-05-05T13:03:09.617-04:00: 00 DATA 
2013-05-05T13:03:09.633-04:00: 00 DATA 
2013-05-05T13:03:09.633-04:00: 00 DATA 
2013-05-05T13:03:09.633-04:00: 00 DATA 
2013-05-05T13:03:09.633-04:00: 00 DATA 
2013-05-05T13:03:09.633-04:00: 00 DATA 
2013-05-05T13:03:09.633-04:00: 00 DATA 
2013-05-05T13:03:09.633-04:00: 00 DATA 
2013-05-05T13:03:09.633-04:00: 00 DATA 
2013-05-05T13:03:09.633-04:00: 00 DATA 
2013-05-05T13:03:09.633-04:00: 00 DATA 
2013-05-05T13:03:09.633-04:00: 00 DATA 
2013-05-05T13:03:09.648-04:00: 00 DATA 
2013-05-05T13:03:09.648-04:00: 00 DATA 
2013-05-05T13:03:09.648-04:00: 00 DATA 
2013-05-05T13:03:09.648-04:00: 00 DATA 
2013-05-05T13:03:09.648-04:00: 00 DATA 
2013-05-05T13:03:09.648-04:00: 00 DATA 
2013-05-05T13:03:09.648-04:00: 00 DATA 
2013-05-05T13:03:09.648-04:00: 00 DATA 
2013-05-05T13:03:09.648-04:00: 00 DATA 
2013-05-05T13:03:09.648-04:00: 00 DATA 
2013-05-05T13:03:09.648-04:00: 00 DATA 
2013-05-05T13:03:09.648-04:00: 00 DATA 
2013-05-05T13:03:09.648-04:00: 00 DATA 
2013-05-05T13:03:09.648-04:00: 00 DATA 
2013-05-05T13:03:09.648-04:00: 00 DATA 
2013-05-05T13:03:09.664-04:00: 00 DATA 
2013-05-05T13:03:09.664-04:00: 00 DATA 
2013-05-05T13:03:09.664-04:00: 00 DATA 
2013-05-05T13:03:09.664-04:00: 00 DATA 
2013-05-05T13:03:09.664-04:00: 00 DATA 
2013-05-05T13:03:09.664-04:00: 00 DATA 
2013-05-05T13:03:09.664-04:00: 00 DATA 
2013-05-05T13:03:09.664-04:00: 00 DATA 
2013-05-05T13:03:09.664-04:00: 00 DATA 
2013-05-05T13:03:09.664-04:00: 00 DATA 
2013-05-05T13:03:09.664-04:00: 00 DATA 
2013-05-05T13:03:09.664-04:00: 00 DATA 
2013-05-05T13:03:09.664-04:00: 00 DATA 
2013-05-05T13:03:09.664-04:00: 00 DATA 
2013-05-05T13:03:09.680-04:00: 00 DATA 
2013-05-05T13:03:09.680-04:00: 00 DATA 
2013-05-05T13:03:09.680-04:00: 00 DATA 
2013-05-05T13:03:09.680-04:00: 00 DATA 
2013-05-05T13:03:09.680-04:00: 00 DATA 
2013-05-05T13:03:09.680-04:00: 00 DATA 
2013-05-05T13:03:09.680-04:00: 00 DATA 
2013-05-05T13:03:09.680-04:00: 00 DATA 
2013-05-05T13:03:09.680-04:00: 00 DATA 
2013-05-05T13:03:09.680-04:00: 00 DATA 
2013-05-05T13:03:09.680-04:00: 00 DATA 
2013-05-05T13:03:09.680-04:00: 00 DATA 
2013-05-05T13:03:09.680-04:00: 00 DATA 
2013-05-05T13:03:09.680-04:00: 00 DATA 
2013-05-05T13:03:09.680-04:00: 00 DATA 
2013-05-05T13:03:09.680-04:00: 00 DATA 
2013-05-05T13:03:09.695-04:00: 00 DATA 
2013-05-05T13:03:09.695-04:00: 00 DATA 
2013-05-05T13:03:09.695-04:00: 00 DATA 
2013-05-05T13:03:09.695-04:00: 00 DATA 
2013-05-05T13:03:09.695-04:00: 00 DATA 
2013-05-05T13:03:09.695-04:00: 00 DATA 
2013-05-05T13:03:09.695-04:00: 00 DATA 
2013-05-05T13:03:09.695-04:00: 00 DATA 
2013-05-05T13:03:09.695-04:00: 00 DATA 
2013-05-05T13:03:09.695-04:00: 00 DATA 
2013-05-05T13:03:09.695-04:00: 00 DATA 
2013-05-05T13:03:09.695-04:00: 00 DATA 
2013-05-05T13:03:09.695-04:00: 00 DATA 
2013-05-05T13:03:09.695-04:00: 00 DATA 
2013-05-05T13:03:09.695-04:00: 00 DATA 
2013-05-05T13:03:09.695-04:00: 00 DATA 
2013-05-05T13:03:09.711-04:00: 00 DATA 
2013-05-05T13:03:09.711-04:00: 00 DATA 
2013-05-05T13:03:09.711-04:00: 00 DATA 
2013-05-05T13:03:09.711-04:00: 00 DATA 
2013-05-05T13:03:09.711-04:00: 00 DATA 
2013-05-05T13:03:09.711-04:00: 00 DATA 
2013-05-05T13:03:09.711-04:00: 00 DATA 
2013-05-05T13:03:09.711-04:00: 00 DATA 
2013-05-05T13:03:09.711-04:00: 00 DATA 
2013-05-05T13:03:09.711-04:00: 00 DATA 
2013-05-05T13:03:09.711-04:00: 00 DATA 
2013-05-05T13:03:09.711-04:00: 00 DATA 
2013-05-05T13:03:09.711-04:00: 00 DATA 
2013-05-05T13:03:09.711-04:00: 00 DATA 
2013-05-05T13:03:09.711-04:00: 00 DATA 
2013-05-05T13:03:09.711-04:00: 00 DATA 
2013-05-05T13:03:09.727-04:00: 00 DATA 
2013-05-05T13:03:09.727-04:00: 00 DATA 
2013-05-05T13:03:09.727-04:00: 00 DATA 
2013-05-05T13:03:09.727-04:00: 00 DATA 
2013-05-05T13:03:09.727-04:00: 00 DATA 
2013-05-05T13:03:09.727-04:00: 00 DATA 
2013-05-05T13:03:09.727-04:00: 00 DATA 
2013-05-05T13:03:09.727-04:00: 00 DATA 
2013-05-05T13:03:09.727-04:00: 00 DATA 
2013-05-05T13:03:09.727-04:00: 00 DATA 
2013-05-05T13:03:09.727-04:00: 00 DATA 
2013-05-05T13:03:09.727-04:00: 00 DATA 
2013-05-05T13:03:09.727-04:00: 00 DATA 
2013-05-05T13:03:09.727-04:00: 00 DATA 
2013-05-05T13:03:09.727-04:00: 00 DATA 
2013-05-05T13:03:09.727-04:00: 00 DATA 
2013-05-05T13:03:09.742-04:00: 00 DATA 
2013-05-05T13:03:09.742-04:00: 00 DATA 
2013-05-05T13:03:09.742-04:00: 00 DATA 
2013-05-05T13:03:09.742-04:00: 00 DATA 
2013-05-05T13:03:09.742-04:00: 00 DATA 
2013-05-05T13:03:09.742-04:00: 00 DATA 
2013-05-05T13:03:09.742-04:00: 00 DATA 
2013-05-05T13:03:09.742-04:00: 00 DATA 
2013-05-05T13:03:09.742-04:00: 00 DATA 
2013-05-05T13:03:09.742-04:00: 00 DATA 
2013-05-05T13:03:09.742-04:00: 00 DATA 
2013-05-05T13:03:09.742-04:00: 00 DATA 
2013-05-05T13:03:09.742-04:00: 00 DATA 
2013-05-05T13:03:09.742-04:00: 00 DATA 
2013-05-05T13:03:09.742-04:00: 00 DATA 
2013-05-05T13:03:09.742-04:00: 00 DATA 
2013-05-05T13:03:09.758-04:00: 00 DATA 
2013-05-05T13:03:09.758-04:00: 00 DATA 
2013-05-05T13:03:09.758-04:00: 00 DATA 
2013-05-05T13:03:09.758-04:00: 00 DATA 
2013-05-05T13:03:09.758-04:00: 00 DATA 
2013-05-05T13:03:09.758-04:00: 00 DATA 
2013-05-05T13:03:09.758-04:00: 00 DATA 
2013-05-05T13:03:09.758-04:00: 00 DATA 
2013-05-05T13:03:09.758-04:00: 00 DATA 
2013-05-05T13:03:09.758-04:00: 00 DATA 
2013-05-05T13:03:09.758-04:00: 00 DATA 
2013-05-05T13:03:09.758-04:00: 00 DATA 
2013-05-05T13:03:09.773-04:00: 00 DATA 
2013-05-05T13:03:09.773-04:00: 00 DATA 
2013-05-05T13:03:09.773-04:00: 00 DATA 
2013-05-05T13:03:09.773-04:00: c0 DATA 
2013-05-05T13:03:33.555-04:00: c0 WAIT 
2013-05-05T13:03:33.555-04:00: 00 DATA 
2013-05-05T13:03:33.555-04:00: a8 DATA 
2013-05-05T13:03:33.555-04:00: 9e DATA 
2013-05-05T13:03:33.555-04:00: a0 DATA 
2013-05-05T13:03:33.555-04:00: a8 DATA 
2013-05-05T13:03:33.555-04:00: 9e DATA 
2013-05-05T13:03:33.555-04:00: a0 DATA 
2013-05-05T13:03:33.570-04:00: e1 DATA 
2013-05-05T13:03:33.570-04:00: 8e DATA 
2013-05-05T13:03:33.570-04:00: a4 DATA 
2013-05-05T13:03:33.570-04:00: 9e DATA 
2013-05-05T13:03:33.570-04:00: aa DATA 
2013-05-05T13:03:33.570-04:00: 9c DATA 
2013-05-05T13:03:33.570-04:00: 88 DATA 
2013-05-05T13:03:33.570-04:00: e0 DATA 
2013-05-05T13:03:33.570-04:00: 7f DATA 
2013-05-05T13:03:33.570-04:00: 80 DATA 
2013-05-05T13:03:33.570-04:00: db DATA 
2013-05-05T13:03:33.570-04:00: dc ESCAPE 
2013-05-05T13:03:33.570-04:00: Converted DBDC to C0
2013-05-05T13:03:33.570-04:00: 01 DATA 
2013-05-05T13:03:33.570-04:00: 01 DATA 
2013-05-05T13:03:33.570-04:00: 01 DATA 
2013-05-05T13:03:33.586-04:00: 01 DATA 
2013-05-05T13:03:33.586-04:00: 01 DATA 
2013-05-05T13:03:33.586-04:00: 01 DATA 
2013-05-05T13:03:33.586-04:00: 00 DATA 
2013-05-05T13:03:33.586-04:00: 00 DATA 
2013-05-05T13:03:33.586-04:00: 00 DATA 
2013-05-05T13:03:33.586-04:00: 00 DATA 
2013-05-05T13:03:33.586-04:00: 00 DATA 
2013-05-05T13:03:33.586-04:00: 00 DATA 
2013-05-05T13:03:33.586-04:00: 00 DATA 
2013-05-05T13:03:33.586-04:00: 00 DATA 
2013-05-05T13:03:33.586-04:00: 00 DATA 
2013-05-05T13:03:33.586-04:00: 00 DATA 
2013-05-05T13:03:33.602-04:00: 00 DATA 
2013-05-05T13:03:33.602-04:00: 00 DATA 
2013-05-05T13:03:33.602-04:00: 00 DATA 
2013-05-05T13:03:33.602-04:00: 00 DATA 
2013-05-05T13:03:33.602-04:00: 00 DATA 
2013-05-05T13:03:33.602-04:00: 00 DATA 
2013-05-05T13:03:33.602-04:00: 00 DATA 
2013-05-05T13:03:33.602-04:00: 00 DATA 
2013-05-05T13:03:33.602-04:00: 00 DATA 
2013-05-05T13:03:33.602-04:00: 00 DATA 
2013-05-05T13:03:33.602-04:00: 00 DATA 
2013-05-05T13:03:33.602-04:00: 00 DATA 
2013-05-05T13:03:33.602-04:00: 00 DATA 
2013-05-05T13:03:33.602-04:00: 00 DATA 
2013-05-05T13:03:33.602-04:00: 00 DATA 
2013-05-05T13:03:33.617-04:00: 00 DATA 
2013-05-05T13:03:33.617-04:00: 00 DATA 
2013-05-05T13:03:33.617-04:00: 00 DATA 
2013-05-05T13:03:33.617-04:00: 00 DATA 
2013-05-05T13:03:33.617-04:00: 00 DATA 
2013-05-05T13:03:33.617-04:00: 00 DATA 
2013-05-05T13:03:33.617-04:00: 00 DATA 
2013-05-05T13:03:33.617-04:00: 00 DATA 
2013-05-05T13:03:33.617-04:00: 00 DATA 
2013-05-05T13:03:33.617-04:00: 00 DATA 
2013-05-05T13:03:33.617-04:00: 00 DATA 
2013-05-05T13:03:33.617-04:00: 00 DATA 
2013-05-05T13:03:33.617-04:00: 00 DATA 
2013-05-05T13:03:33.617-04:00: 00 DATA 
2013-05-05T13:03:33.633-04:00: 00 DATA 
2013-05-05T13:03:33.633-04:00: 00 DATA 
2013-05-05T13:03:33.633-04:00: 00 DATA 
2013-05-05T13:03:33.633-04:00: 00 DATA 
2013-05-05T13:03:33.633-04:00: 00 DATA 
2013-05-05T13:03:33.633-04:00: 00 DATA 
2013-05-05T13:03:33.633-04:00: 00 DATA 
2013-05-05T13:03:33.633-04:00: 00 DATA 
2013-05-05T13:03:33.633-04:00: 00 DATA 
2013-05-05T13:03:33.633-04:00: 00 DATA 
2013-05-05T13:03:33.633-04:00: 00 DATA 
2013-05-05T13:03:33.633-04:00: 00 DATA 
2013-05-05T13:03:33.633-04:00: 00 DATA 
2013-05-05T13:03:33.633-04:00: 00 DATA 
2013-05-05T13:03:33.633-04:00: 00 DATA 
2013-05-05T13:03:33.648-04:00: 00 DATA 
2013-05-05T13:03:33.648-04:00: 00 DATA 
2013-05-05T13:03:33.648-04:00: 00 DATA 
2013-05-05T13:03:33.648-04:00: 00 DATA 
2013-05-05T13:03:33.648-04:00: 00 DATA 
2013-05-05T13:03:33.648-04:00: 00 DATA 
2013-05-05T13:03:33.648-04:00: 00 DATA 
2013-05-05T13:03:33.648-04:00: 00 DATA 
2013-05-05T13:03:33.648-04:00: 00 DATA 
2013-05-05T13:03:33.648-04:00: 00 DATA 
2013-05-05T13:03:33.648-04:00: 00 DATA 
2013-05-05T13:03:33.648-04:00: 00 DATA 
2013-05-05T13:03:33.648-04:00: 00 DATA 
2013-05-05T13:03:33.648-04:00: 00 DATA 
2013-05-05T13:03:33.648-04:00: 00 DATA 
2013-05-05T13:03:33.648-04:00: 00 DATA 
2013-05-05T13:03:33.664-04:00: 00 DATA 
2013-05-05T13:03:33.664-04:00: 00 DATA 
2013-05-05T13:03:33.664-04:00: 00 DATA 
2013-05-05T13:03:33.664-04:00: 00 DATA 
2013-05-05T13:03:33.664-04:00: 00 DATA 
2013-05-05T13:03:33.664-04:00: 00 DATA 
2013-05-05T13:03:33.664-04:00: 00 DATA 
2013-05-05T13:03:33.664-04:00: 00 DATA 
2013-05-05T13:03:33.664-04:00: 00 DATA 
2013-05-05T13:03:33.664-04:00: 00 DATA 
2013-05-05T13:03:33.664-04:00: 00 DATA 
2013-05-05T13:03:33.664-04:00: 00 DATA 
2013-05-05T13:03:33.664-04:00: 00 DATA 
2013-05-05T13:03:33.664-04:00: 00 DATA 
2013-05-05T13:03:33.664-04:00: 00 DATA 
2013-05-05T13:03:33.664-04:00: 00 DATA 
2013-05-05T13:03:33.680-04:00: 00 DATA 
2013-05-05T13:03:33.680-04:00: 00 DATA 
2013-05-05T13:03:33.680-04:00: 00 DATA 
2013-05-05T13:03:33.680-04:00: 00 DATA 
2013-05-05T13:03:33.680-04:00: 00 DATA 
2013-05-05T13:03:33.680-04:00: 00 DATA 
2013-05-05T13:03:33.680-04:00: 00 DATA 
2013-05-05T13:03:33.680-04:00: 00 DATA 
2013-05-05T13:03:33.680-04:00: 00 DATA 
2013-05-05T13:03:33.680-04:00: 00 DATA 
2013-05-05T13:03:33.680-04:00: 00 DATA 
2013-05-05T13:03:33.680-04:00: 00 DATA 
2013-05-05T13:03:33.680-04:00: 00 DATA 
2013-05-05T13:03:33.680-04:00: 00 DATA 
2013-05-05T13:03:33.680-04:00: 00 DATA 
2013-05-05T13:03:33.680-04:00: 00 DATA 
2013-05-05T13:03:33.695-04:00: 00 DATA 
2013-05-05T13:03:33.695-04:00: 00 DATA 
2013-05-05T13:03:33.695-04:00: 00 DATA 
2013-05-05T13:03:33.695-04:00: 00 DATA 
2013-05-05T13:03:33.695-04:00: 00 DATA 
2013-05-05T13:03:33.695-04:00: 00 DATA 
2013-05-05T13:03:33.695-04:00: 00 DATA 
2013-05-05T13:03:33.695-04:00: 00 DATA 
2013-05-05T13:03:33.695-04:00: 00 DATA 
2013-05-05T13:03:33.695-04:00: 00 DATA 
2013-05-05T13:03:33.695-04:00: 00 DATA 
2013-05-05T13:03:33.695-04:00: 00 DATA 
2013-05-05T13:03:33.695-04:00: 00 DATA 
2013-05-05T13:03:33.695-04:00: 00 DATA 
2013-05-05T13:03:33.695-04:00: 00 DATA 
2013-05-05T13:03:33.695-04:00: 00 DATA 
2013-05-05T13:03:33.711-04:00: 00 DATA 
2013-05-05T13:03:33.711-04:00: 00 DATA 
2013-05-05T13:03:33.711-04:00: 00 DATA 
2013-05-05T13:03:33.711-04:00: 00 DATA 
2013-05-05T13:03:33.711-04:00: 00 DATA 
2013-05-05T13:03:33.711-04:00: 00 DATA 
2013-05-05T13:03:33.711-04:00: 00 DATA 
2013-05-05T13:03:33.711-04:00: 00 DATA 
2013-05-05T13:03:33.711-04:00: 00 DATA 
2013-05-05T13:03:33.711-04:00: 00 DATA 
2013-05-05T13:03:33.711-04:00: 00 DATA 
2013-05-05T13:03:33.727-04:00: 00 DATA 
2013-05-05T13:03:33.727-04:00: 00 DATA 
2013-05-05T13:03:33.727-04:00: 00 DATA 
2013-05-05T13:03:33.727-04:00: 00 DATA 
2013-05-05T13:03:33.727-04:00: 00 DATA 
2013-05-05T13:03:33.727-04:00: 00 DATA 
2013-05-05T13:03:33.727-04:00: 00 DATA 
2013-05-05T13:03:33.727-04:00: 00 DATA 
2013-05-05T13:03:33.727-04:00: 00 DATA 
2013-05-05T13:03:33.727-04:00: 00 DATA 
2013-05-05T13:03:33.727-04:00: 00 DATA 
2013-05-05T13:03:33.727-04:00: 00 DATA 
2013-05-05T13:03:33.727-04:00: 00 DATA 
2013-05-05T13:03:33.727-04:00: 00 DATA 
2013-05-05T13:03:33.727-04:00: 00 DATA 
2013-05-05T13:03:33.727-04:00: 00 DATA 
2013-05-05T13:03:33.742-04:00: 00 DATA 
2013-05-05T13:03:33.742-04:00: 00 DATA 
2013-05-05T13:03:33.742-04:00: 00 DATA 
2013-05-05T13:03:33.742-04:00: 00 DATA 
2013-05-05T13:03:33.742-04:00: 00 DATA 
2013-05-05T13:03:33.742-04:00: 00 DATA 
2013-05-05T13:03:33.742-04:00: 00 DATA 
2013-05-05T13:03:33.742-04:00: 00 DATA 
2013-05-05T13:03:33.742-04:00: 00 DATA 
2013-05-05T13:03:33.742-04:00: 00 DATA 
2013-05-05T13:03:33.742-04:00: 00 DATA 
2013-05-05T13:03:33.742-04:00: 00 DATA 
2013-05-05T13:03:33.742-04:00: 00 DATA 
2013-05-05T13:03:33.742-04:00: 00 DATA 
2013-05-05T13:03:33.758-04:00: 00 DATA 
2013-05-05T13:03:33.758-04:00: 00 DATA 
2013-05-05T13:03:33.758-04:00: 00 DATA 
2013-05-05T13:03:33.758-04:00: 00 DATA 
2013-05-05T13:03:33.758-04:00: 00 DATA 
2013-05-05T13:03:33.758-04:00: 00 DATA 
2013-05-05T13:03:33.758-04:00: 00 DATA 
2013-05-05T13:03:33.758-04:00: 00 DATA 
2013-05-05T13:03:33.758-04:00: 00 DATA 
2013-05-05T13:03:33.758-04:00: 00 DATA 
2013-05-05T13:03:33.758-04:00: 00 DATA 
2013-05-05T13:03:33.758-04:00: 00 DATA 
2013-05-05T13:03:33.758-04:00: 00 DATA 
2013-05-05T13:03:33.758-04:00: 00 DATA 
2013-05-05T13:03:33.758-04:00: 00 DATA 
2013-05-05T13:03:33.773-04:00: 00 DATA 
2013-05-05T13:03:33.773-04:00: 00 DATA 
2013-05-05T13:03:33.773-04:00: 00 DATA 
2013-05-05T13:03:33.773-04:00: 00 DATA 
2013-05-05T13:03:33.773-04:00: 00 DATA 
2013-05-05T13:03:33.773-04:00: 00 DATA 
2013-05-05T13:03:33.773-04:00: 00 DATA 
2013-05-05T13:03:33.773-04:00: 00 DATA 
2013-05-05T13:03:33.773-04:00: 00 DATA 
2013-05-05T13:03:33.773-04:00: 00 DATA 
2013-05-05T13:03:33.773-04:00: 00 DATA 
2013-05-05T13:03:33.773-04:00: 00 DATA 
2013-05-05T13:03:33.773-04:00: 00 DATA 
2013-05-05T13:03:33.773-04:00: 00 DATA 
2013-05-05T13:03:33.773-04:00: 00 DATA 
2013-05-05T13:03:33.773-04:00: 00 DATA 
2013-05-05T13:03:33.789-04:00: 00 DATA 
2013-05-05T13:03:33.789-04:00: 00 DATA 
2013-05-05T13:03:33.789-04:00: 00 DATA 
2013-05-05T13:03:33.789-04:00: 00 DATA 
2013-05-05T13:03:33.789-04:00: 00 DATA 
2013-05-05T13:03:33.789-04:00: 00 DATA 
2013-05-05T13:03:33.789-04:00: 00 DATA 
2013-05-05T13:03:33.789-04:00: 00 DATA 
2013-05-05T13:03:33.789-04:00: 00 DATA 
2013-05-05T13:03:33.789-04:00: 00 DATA 
2013-05-05T13:03:33.789-04:00: 00 DATA 
2013-05-05T13:03:33.789-04:00: 00 DATA 
2013-05-05T13:03:33.789-04:00: 00 DATA 
2013-05-05T13:03:33.789-04:00: 00 DATA 
2013-05-05T13:03:33.789-04:00: 00 DATA 
2013-05-05T13:03:33.789-04:00: 00 DATA 
2013-05-05T13:03:33.805-04:00: 00 DATA 
2013-05-05T13:03:33.805-04:00: 00 DATA 
2013-05-05T13:03:33.805-04:00: 00 DATA 
2013-05-05T13:03:33.805-04:00: 00 DATA 
2013-05-05T13:03:33.805-04:00: 00 DATA 
2013-05-05T13:03:33.805-04:00: 00 DATA 
2013-05-05T13:03:33.805-04:00: 00 DATA 
2013-05-05T13:03:33.805-04:00: 00 DATA 
2013-05-05T13:03:33.805-04:00: 00 DATA 
2013-05-05T13:03:33.805-04:00: 00 DATA 
2013-05-05T13:03:33.805-04:00: 00 DATA 
2013-05-05T13:03:33.805-04:00: 00 DATA 
2013-05-05T13:03:33.805-04:00: 00 DATA 
2013-05-05T13:03:33.805-04:00: 00 DATA 
2013-05-05T13:03:33.805-04:00: 00 DATA 
2013-05-05T13:03:33.805-04:00: 00 DATA 
2013-05-05T13:03:33.820-04:00: 00 DATA 
2013-05-05T13:03:33.820-04:00: 00 DATA 
2013-05-05T13:03:33.820-04:00: 00 DATA 
2013-05-05T13:03:33.820-04:00: 00 DATA 
2013-05-05T13:03:33.820-04:00: 00 DATA 
2013-05-05T13:03:33.820-04:00: 00 DATA 
2013-05-05T13:03:33.820-04:00: 00 DATA 
2013-05-05T13:03:33.820-04:00: 00 DATA 
2013-05-05T13:03:33.820-04:00: 00 DATA 
2013-05-05T13:03:33.820-04:00: 00 DATA 
2013-05-05T13:03:33.820-04:00: 00 DATA 
2013-05-05T13:03:33.820-04:00: 00 DATA 
2013-05-05T13:03:33.820-04:00: 00 DATA 
2013-05-05T13:03:33.820-04:00: 00 DATA 
2013-05-05T13:03:33.820-04:00: 00 DATA 
2013-05-05T13:03:33.820-04:00: 00 DATA 
2013-05-05T13:03:33.836-04:00: 00 DATA 
2013-05-05T13:03:33.836-04:00: 00 DATA 
2013-05-05T13:03:33.836-04:00: 00 DATA 
2013-05-05T13:03:33.836-04:00: 00 DATA 
2013-05-05T13:03:33.836-04:00: 00 DATA 
2013-05-05T13:03:33.836-04:00: 00 DATA 
2013-05-05T13:03:33.836-04:00: 00 DATA 
2013-05-05T13:03:33.836-04:00: 00 DATA 
2013-05-05T13:03:33.836-04:00: 00 DATA 
2013-05-05T13:03:33.836-04:00: 00 DATA 
2013-05-05T13:03:33.836-04:00: 00 DATA 
2013-05-05T13:03:33.836-04:00: 00 DATA 
2013-05-05T13:03:33.836-04:00: 00 DATA 
2013-05-05T13:03:33.852-04:00: 00 DATA 
2013-05-05T13:03:33.852-04:00: 00 DATA 
2013-05-05T13:03:33.852-04:00: 00 DATA 
2013-05-05T13:03:33.852-04:00: 00 DATA 
2013-05-05T13:03:33.852-04:00: 00 DATA 
2013-05-05T13:03:33.852-04:00: 00 DATA 
2013-05-05T13:03:33.852-04:00: 00 DATA 
2013-05-05T13:03:33.852-04:00: 00 DATA 
2013-05-05T13:03:33.852-04:00: 00 DATA 
2013-05-05T13:03:33.852-04:00: 00 DATA 
2013-05-05T13:03:33.852-04:00: 00 DATA 
2013-05-05T13:03:33.852-04:00: 00 DATA 
2013-05-05T13:03:33.867-04:00: 00 DATA 
2013-05-05T13:03:33.867-04:00: 00 DATA 
2013-05-05T13:03:33.867-04:00: 00 DATA 
2013-05-05T13:03:33.867-04:00: 00 DATA 
2013-05-05T13:03:33.867-04:00: 00 DATA 
2013-05-05T13:03:33.867-04:00: 00 DATA 
2013-05-05T13:03:33.867-04:00: 00 DATA 
2013-05-05T13:03:33.867-04:00: 00 DATA 
2013-05-05T13:03:33.867-04:00: 00 DATA 
2013-05-05T13:03:33.867-04:00: 00 DATA 
2013-05-05T13:03:33.867-04:00: 00 DATA 
2013-05-05T13:03:33.867-04:00: 00 DATA 
2013-05-05T13:03:33.867-04:00: 00 DATA 
2013-05-05T13:03:33.867-04:00: 00 DATA 
2013-05-05T13:03:33.867-04:00: 00 DATA 
2013-05-05T13:03:33.883-04:00: 00 DATA 
2013-05-05T13:03:33.883-04:00: 00 DATA 
2013-05-05T13:03:33.883-04:00: 00 DATA 
2013-05-05T13:03:33.883-04:00: 00 DATA 
2013-05-05T13:03:33.883-04:00: 00 DATA 
2013-05-05T13:03:33.883-04:00: 00 DATA 
2013-05-05T13:03:33.883-04:00: 00 DATA 
2013-05-05T13:03:33.883-04:00: 00 DATA 
2013-05-05T13:03:33.883-04:00: 00 DATA 
2013-05-05T13:03:33.883-04:00: 00 DATA 
2013-05-05T13:03:33.883-04:00: 00 DATA 
2013-05-05T13:03:33.883-04:00: 00 DATA 
2013-05-05T13:03:33.883-04:00: 00 DATA 
2013-05-05T13:03:33.883-04:00: 00 DATA 
2013-05-05T13:03:33.883-04:00: 00 DATA 
2013-05-05T13:03:33.883-04:00: c0 DATA 
2013-05-05T13:03:40.086-04:00: c0 WAIT 
2013-05-05T13:03:40.086-04:00: 00 DATA 
2013-05-05T13:03:40.086-04:00: a8 DATA 
2013-05-05T13:03:40.086-04:00: 9e DATA 
2013-05-05T13:03:40.086-04:00: a0 DATA 
2013-05-05T13:03:40.086-04:00: a8 DATA 
2013-05-05T13:03:40.086-04:00: 9e DATA 
2013-05-05T13:03:40.086-04:00: a0 DATA 
2013-05-05T13:03:40.102-04:00: e1 DATA 
2013-05-05T13:03:40.102-04:00: 8e DATA 
2013-05-05T13:03:40.102-04:00: a4 DATA 
2013-05-05T13:03:40.102-04:00: 9e DATA 
2013-05-05T13:03:40.102-04:00: aa DATA 
2013-05-05T13:03:40.102-04:00: 9c DATA 
2013-05-05T13:03:40.102-04:00: 88 DATA 
2013-05-05T13:03:40.102-04:00: e0 DATA 
2013-05-05T13:03:40.102-04:00: 7f DATA 
2013-05-05T13:03:40.102-04:00: 80 DATA 
2013-05-05T13:03:40.102-04:00: db DATA 
2013-05-05T13:03:40.102-04:00: dc ESCAPE 
2013-05-05T13:03:40.102-04:00: Converted DBDC to C0
2013-05-05T13:03:40.102-04:00: 01 DATA 
2013-05-05T13:03:40.102-04:00: 01 DATA 
2013-05-05T13:03:40.102-04:00: 01 DATA 
2013-05-05T13:03:40.102-04:00: 01 DATA 
2013-05-05T13:03:40.117-04:00: 01 DATA 
2013-05-05T13:03:40.117-04:00: 01 DATA 
2013-05-05T13:03:40.117-04:00: 00 DATA 
2013-05-05T13:03:40.117-04:00: 00 DATA 
2013-05-05T13:03:40.117-04:00: 00 DATA 
2013-05-05T13:03:40.117-04:00: 00 DATA 
2013-05-05T13:03:40.117-04:00: 00 DATA 
2013-05-05T13:03:40.117-04:00: 00 DATA 
2013-05-05T13:03:40.117-04:00: 00 DATA 
2013-05-05T13:03:40.117-04:00: 00 DATA 
2013-05-05T13:03:40.117-04:00: 00 DATA 
2013-05-05T13:03:40.117-04:00: 00 DATA 
2013-05-05T13:03:40.117-04:00: 00 DATA 
2013-05-05T13:03:40.117-04:00: 00 DATA 
2013-05-05T13:03:40.117-04:00: 00 DATA 
2013-05-05T13:03:40.117-04:00: 00 DATA 
2013-05-05T13:03:40.133-04:00: 00 DATA 
2013-05-05T13:03:40.133-04:00: 00 DATA 
2013-05-05T13:03:40.133-04:00: 00 DATA 
2013-05-05T13:03:40.133-04:00: 00 DATA 
2013-05-05T13:03:40.133-04:00: 00 DATA 
2013-05-05T13:03:40.133-04:00: 00 DATA 
2013-05-05T13:03:40.133-04:00: 00 DATA 
2013-05-05T13:03:40.133-04:00: 00 DATA 
2013-05-05T13:03:40.133-04:00: 00 DATA 
2013-05-05T13:03:40.133-04:00: 00 DATA 
2013-05-05T13:03:40.133-04:00: 00 DATA 
2013-05-05T13:03:40.133-04:00: 00 DATA 
2013-05-05T13:03:40.133-04:00: 00 DATA 
2013-05-05T13:03:40.133-04:00: 00 DATA 
2013-05-05T13:03:40.133-04:00: 00 DATA 
2013-05-05T13:03:40.133-04:00: 00 DATA 
2013-05-05T13:03:40.148-04:00: 00 DATA 
2013-05-05T13:03:40.148-04:00: 00 DATA 
2013-05-05T13:03:40.148-04:00: 00 DATA 
2013-05-05T13:03:40.148-04:00: 00 DATA 
2013-05-05T13:03:40.148-04:00: 00 DATA 
2013-05-05T13:03:40.148-04:00: 00 DATA 
2013-05-05T13:03:40.148-04:00: 00 DATA 
2013-05-05T13:03:40.148-04:00: 00 DATA 
2013-05-05T13:03:40.148-04:00: 00 DATA 
2013-05-05T13:03:40.148-04:00: 00 DATA 
2013-05-05T13:03:40.148-04:00: 00 DATA 
2013-05-05T13:03:40.148-04:00: 00 DATA 
2013-05-05T13:03:40.148-04:00: 00 DATA 
2013-05-05T13:03:40.148-04:00: 00 DATA 
2013-05-05T13:03:40.148-04:00: 00 DATA 
2013-05-05T13:03:40.148-04:00: 00 DATA 
2013-05-05T13:03:40.164-04:00: 00 DATA 
2013-05-05T13:03:40.164-04:00: 00 DATA 
2013-05-05T13:03:40.164-04:00: 00 DATA 
2013-05-05T13:03:40.164-04:00: 00 DATA 
2013-05-05T13:03:40.164-04:00: 00 DATA 
2013-05-05T13:03:40.164-04:00: 00 DATA 
2013-05-05T13:03:40.164-04:00: 00 DATA 
2013-05-05T13:03:40.164-04:00: 00 DATA 
2013-05-05T13:03:40.164-04:00: 00 DATA 
2013-05-05T13:03:40.164-04:00: 00 DATA 
2013-05-05T13:03:40.164-04:00: 00 DATA 
2013-05-05T13:03:40.164-04:00: 00 DATA 
2013-05-05T13:03:40.164-04:00: 00 DATA 
2013-05-05T13:03:40.180-04:00: 00 DATA 
2013-05-05T13:03:40.180-04:00: 00 DATA 
2013-05-05T13:03:40.180-04:00: 00 DATA 
2013-05-05T13:03:40.180-04:00: 00 DATA 
2013-05-05T13:03:40.180-04:00: 00 DATA 
2013-05-05T13:03:40.180-04:00: 00 DATA 
2013-05-05T13:03:40.180-04:00: 00 DATA 
2013-05-05T13:03:40.180-04:00: 00 DATA 
2013-05-05T13:03:40.180-04:00: 00 DATA 
2013-05-05T13:03:40.180-04:00: 00 DATA 
2013-05-05T13:03:40.180-04:00: 00 DATA 
2013-05-05T13:03:40.180-04:00: 00 DATA 
2013-05-05T13:03:40.195-04:00: 00 DATA 
2013-05-05T13:03:40.195-04:00: 00 DATA 
2013-05-05T13:03:40.195-04:00: 00 DATA 
2013-05-05T13:03:40.195-04:00: 00 DATA 
2013-05-05T13:03:40.195-04:00: 00 DATA 
2013-05-05T13:03:40.195-04:00: 00 DATA 
2013-05-05T13:03:40.195-04:00: 00 DATA 
2013-05-05T13:03:40.195-04:00: 00 DATA 
2013-05-05T13:03:40.195-04:00: 00 DATA 
2013-05-05T13:03:40.195-04:00: 00 DATA 
2013-05-05T13:03:40.195-04:00: 00 DATA 
2013-05-05T13:03:40.195-04:00: 00 DATA 
2013-05-05T13:03:40.195-04:00: 00 DATA 
2013-05-05T13:03:40.195-04:00: 00 DATA 
2013-05-05T13:03:40.195-04:00: 00 DATA 
2013-05-05T13:03:40.211-04:00: 00 DATA 
2013-05-05T13:03:40.211-04:00: 00 DATA 
2013-05-05T13:03:40.211-04:00: 00 DATA 
2013-05-05T13:03:40.211-04:00: 00 DATA 
2013-05-05T13:03:40.211-04:00: 00 DATA 
2013-05-05T13:03:40.211-04:00: 00 DATA 
2013-05-05T13:03:40.211-04:00: 00 DATA 
2013-05-05T13:03:40.211-04:00: 00 DATA 
2013-05-05T13:03:40.211-04:00: 00 DATA 
2013-05-05T13:03:40.211-04:00: 00 DATA 
2013-05-05T13:03:40.211-04:00: 00 DATA 
2013-05-05T13:03:40.211-04:00: 00 DATA 
2013-05-05T13:03:40.211-04:00: 00 DATA 
2013-05-05T13:03:40.211-04:00: 00 DATA 
2013-05-05T13:03:40.211-04:00: 00 DATA 
2013-05-05T13:03:40.211-04:00: 00 DATA 
2013-05-05T13:03:40.227-04:00: 00 DATA 
2013-05-05T13:03:40.227-04:00: 00 DATA 
2013-05-05T13:03:40.227-04:00: 00 DATA 
2013-05-05T13:03:40.227-04:00: 00 DATA 
2013-05-05T13:03:40.227-04:00: 00 DATA 
2013-05-05T13:03:40.227-04:00: 00 DATA 
2013-05-05T13:03:40.227-04:00: 00 DATA 
2013-05-05T13:03:40.227-04:00: 00 DATA 
2013-05-05T13:03:40.227-04:00: 00 DATA 
2013-05-05T13:03:40.227-04:00: 00 DATA 
2013-05-05T13:03:40.227-04:00: 00 DATA 
2013-05-05T13:03:40.227-04:00: 00 DATA 
2013-05-05T13:03:40.227-04:00: 00 DATA 
2013-05-05T13:03:40.227-04:00: 00 DATA 
2013-05-05T13:03:40.227-04:00: 00 DATA 
2013-05-05T13:03:40.227-04:00: 00 DATA 
2013-05-05T13:03:40.242-04:00: 00 DATA 
2013-05-05T13:03:40.242-04:00: 00 DATA 
2013-05-05T13:03:40.242-04:00: 00 DATA 
2013-05-05T13:03:40.242-04:00: 00 DATA 
2013-05-05T13:03:40.242-04:00: 00 DATA 
2013-05-05T13:03:40.242-04:00: 00 DATA 
2013-05-05T13:03:40.242-04:00: 00 DATA 
2013-05-05T13:03:40.242-04:00: 00 DATA 
2013-05-05T13:03:40.242-04:00: 00 DATA 
2013-05-05T13:03:40.242-04:00: 00 DATA 
2013-05-05T13:03:40.242-04:00: 00 DATA 
2013-05-05T13:03:40.242-04:00: 00 DATA 
2013-05-05T13:03:40.242-04:00: 00 DATA 
2013-05-05T13:03:40.242-04:00: 00 DATA 
2013-05-05T13:03:40.242-04:00: 00 DATA 
2013-05-05T13:03:40.242-04:00: 00 DATA 
2013-05-05T13:03:40.258-04:00: 00 DATA 
2013-05-05T13:03:40.258-04:00: 00 DATA 
2013-05-05T13:03:40.258-04:00: 00 DATA 
2013-05-05T13:03:40.258-04:00: 00 DATA 
2013-05-05T13:03:40.258-04:00: 00 DATA 
2013-05-05T13:03:40.258-04:00: 00 DATA 
2013-05-05T13:03:40.258-04:00: 00 DATA 
2013-05-05T13:03:40.258-04:00: 00 DATA 
2013-05-05T13:03:40.258-04:00: 00 DATA 
2013-05-05T13:03:40.258-04:00: 00 DATA 
2013-05-05T13:03:40.258-04:00: 00 DATA 
2013-05-05T13:03:40.258-04:00: 00 DATA 
2013-05-05T13:03:40.258-04:00: 00 DATA 
2013-05-05T13:03:40.258-04:00: 00 DATA 
2013-05-05T13:03:40.273-04:00: 00 DATA 
2013-05-05T13:03:40.273-04:00: 00 DATA 
2013-05-05T13:03:40.273-04:00: 00 DATA 
2013-05-05T13:03:40.273-04:00: 00 DATA 
2013-05-05T13:03:40.273-04:00: 00 DATA 
2013-05-05T13:03:40.273-04:00: 00 DATA 
2013-05-05T13:03:40.273-04:00: 00 DATA 
2013-05-05T13:03:40.273-04:00: 00 DATA 
2013-05-05T13:03:40.273-04:00: 00 DATA 
2013-05-05T13:03:40.273-04:00: 00 DATA 
2013-05-05T13:03:40.273-04:00: 00 DATA 
2013-05-05T13:03:40.273-04:00: 00 DATA 
2013-05-05T13:03:40.273-04:00: 00 DATA 
2013-05-05T13:03:40.273-04:00: 00 DATA 
2013-05-05T13:03:40.273-04:00: 00 DATA 
2013-05-05T13:03:40.289-04:00: 00 DATA 
2013-05-05T13:03:40.289-04:00: 00 DATA 
2013-05-05T13:03:40.289-04:00: 00 DATA 
2013-05-05T13:03:40.289-04:00: 00 DATA 
2013-05-05T13:03:40.289-04:00: 00 DATA 
2013-05-05T13:03:40.289-04:00: 00 DATA 
2013-05-05T13:03:40.289-04:00: 00 DATA 
2013-05-05T13:03:40.289-04:00: 00 DATA 
2013-05-05T13:03:40.289-04:00: 00 DATA 
2013-05-05T13:03:40.289-04:00: 00 DATA 
2013-05-05T13:03:40.289-04:00: 00 DATA 
2013-05-05T13:03:40.305-04:00: 00 DATA 
2013-05-05T13:03:40.305-04:00: 00 DATA 
2013-05-05T13:03:40.305-04:00: 00 DATA 
2013-05-05T13:03:40.305-04:00: 00 DATA 
2013-05-05T13:03:40.305-04:00: 00 DATA 
2013-05-05T13:03:40.305-04:00: 00 DATA 
2013-05-05T13:03:40.305-04:00: 00 DATA 
2013-05-05T13:03:40.305-04:00: 00 DATA 
2013-05-05T13:03:40.305-04:00: 00 DATA 
2013-05-05T13:03:40.305-04:00: 00 DATA 
2013-05-05T13:03:40.305-04:00: 00 DATA 
2013-05-05T13:03:40.305-04:00: 00 DATA 
2013-05-05T13:03:40.305-04:00: 00 DATA 
2013-05-05T13:03:40.305-04:00: 00 DATA 
2013-05-05T13:03:40.305-04:00: 00 DATA 
2013-05-05T13:03:40.305-04:00: 00 DATA 
2013-05-05T13:03:40.305-04:00: 00 DATA 
2013-05-05T13:03:40.305-04:00: 00 DATA 
2013-05-05T13:03:40.320-04:00: 00 DATA 
2013-05-05T13:03:40.320-04:00: 00 DATA 
2013-05-05T13:03:40.320-04:00: 00 DATA 
2013-05-05T13:03:40.320-04:00: 00 DATA 
2013-05-05T13:03:40.320-04:00: 00 DATA 
2013-05-05T13:03:40.320-04:00: 00 DATA 
2013-05-05T13:03:40.320-04:00: 00 DATA 
2013-05-05T13:03:40.320-04:00: 00 DATA 
2013-05-05T13:03:40.320-04:00: 00 DATA 
2013-05-05T13:03:40.320-04:00: 00 DATA 
2013-05-05T13:03:40.320-04:00: 00 DATA 
2013-05-05T13:03:40.320-04:00: 00 DATA 
2013-05-05T13:03:40.320-04:00: 00 DATA 
2013-05-05T13:03:40.320-04:00: 00 DATA 
2013-05-05T13:03:40.336-04:00: 00 DATA 
2013-05-05T13:03:40.336-04:00: 00 DATA 
2013-05-05T13:03:40.336-04:00: 00 DATA 
2013-05-05T13:03:40.336-04:00: 00 DATA 
2013-05-05T13:03:40.336-04:00: 00 DATA 
2013-05-05T13:03:40.336-04:00: 00 DATA 
2013-05-05T13:03:40.336-04:00: 00 DATA 
2013-05-05T13:03:40.336-04:00: 00 DATA 
2013-05-05T13:03:40.336-04:00: 00 DATA 
2013-05-05T13:03:40.336-04:00: 00 DATA 
2013-05-05T13:03:40.336-04:00: 00 DATA 
2013-05-05T13:03:40.336-04:00: 00 DATA 
2013-05-05T13:03:40.336-04:00: 00 DATA 
2013-05-05T13:03:40.336-04:00: 00 DATA 
2013-05-05T13:03:40.336-04:00: 00 DATA 
2013-05-05T13:03:40.336-04:00: 00 DATA 
2013-05-05T13:03:40.352-04:00: 00 DATA 
2013-05-05T13:03:40.352-04:00: 00 DATA 
2013-05-05T13:03:40.352-04:00: 00 DATA 
2013-05-05T13:03:40.352-04:00: 00 DATA 
2013-05-05T13:03:40.352-04:00: 00 DATA 
2013-05-05T13:03:40.352-04:00: 00 DATA 
2013-05-05T13:03:40.352-04:00: 00 DATA 
2013-05-05T13:03:40.352-04:00: 00 DATA 
2013-05-05T13:03:40.352-04:00: 00 DATA 
2013-05-05T13:03:40.352-04:00: 00 DATA 
2013-05-05T13:03:40.352-04:00: 00 DATA 
2013-05-05T13:03:40.352-04:00: 00 DATA 
2013-05-05T13:03:40.352-04:00: 00 DATA 
2013-05-05T13:03:40.352-04:00: 00 DATA 
2013-05-05T13:03:40.352-04:00: 00 DATA 
2013-05-05T13:03:40.352-04:00: 00 DATA 
2013-05-05T13:03:40.367-04:00: 00 DATA 
2013-05-05T13:03:40.367-04:00: 00 DATA 
2013-05-05T13:03:40.367-04:00: 00 DATA 
2013-05-05T13:03:40.367-04:00: 00 DATA 
2013-05-05T13:03:40.367-04:00: 00 DATA 
2013-05-05T13:03:40.367-04:00: 00 DATA 
2013-05-05T13:03:40.367-04:00: 00 DATA 
2013-05-05T13:03:40.367-04:00: 00 DATA 
2013-05-05T13:03:40.367-04:00: 00 DATA 
2013-05-05T13:03:40.367-04:00: 00 DATA 
2013-05-05T13:03:40.367-04:00: 00 DATA 
2013-05-05T13:03:40.367-04:00: 00 DATA 
2013-05-05T13:03:40.367-04:00: 00 DATA 
2013-05-05T13:03:40.367-04:00: 00 DATA 
2013-05-05T13:03:40.367-04:00: 00 DATA 
2013-05-05T13:03:40.367-04:00: 00 DATA 
2013-05-05T13:03:40.383-04:00: 00 DATA 
2013-05-05T13:03:40.383-04:00: 00 DATA 
2013-05-05T13:03:40.383-04:00: 00 DATA 
2013-05-05T13:03:40.383-04:00: 00 DATA 
2013-05-05T13:03:40.383-04:00: 00 DATA 
2013-05-05T13:03:40.383-04:00: 00 DATA 
2013-05-05T13:03:40.383-04:00: 00 DATA 
2013-05-05T13:03:40.383-04:00: 00 DATA 
2013-05-05T13:03:40.383-04:00: 00 DATA 
2013-05-05T13:03:40.383-04:00: 00 DATA 
2013-05-05T13:03:40.383-04:00: 00 DATA 
2013-05-05T13:03:40.383-04:00: 00 DATA 
2013-05-05T13:03:40.383-04:00: 00 DATA 
2013-05-05T13:03:40.383-04:00: 00 DATA 
2013-05-05T13:03:40.383-04:00: 00 DATA 
2013-05-05T13:03:40.383-04:00: 00 DATA 
2013-05-05T13:03:40.398-04:00: 00 DATA 
2013-05-05T13:03:40.398-04:00: 00 DATA 
2013-05-05T13:03:40.398-04:00: 00 DATA 
2013-05-05T13:03:40.398-04:00: 00 DATA 
2013-05-05T13:03:40.398-04:00: 00 DATA 
2013-05-05T13:03:40.398-04:00: 00 DATA 
2013-05-05T13:03:40.398-04:00: 00 DATA 
2013-05-05T13:03:40.398-04:00: 00 DATA 
2013-05-05T13:03:40.398-04:00: 00 DATA 
2013-05-05T13:03:40.398-04:00: 00 DATA 
2013-05-05T13:03:40.398-04:00: 00 DATA 
2013-05-05T13:03:40.398-04:00: 00 DATA 
2013-05-05T13:03:40.398-04:00: 00 DATA 
2013-05-05T13:03:40.414-04:00: 00 DATA 
2013-05-05T13:03:40.414-04:00: 00 DATA 
2013-05-05T13:03:40.414-04:00: 00 DATA 
2013-05-05T13:03:40.414-04:00: 00 DATA 
2013-05-05T13:03:40.414-04:00: 00 DATA 
2013-05-05T13:03:40.414-04:00: 00 DATA 
2013-05-05T13:03:40.414-04:00: 00 DATA 
2013-05-05T13:03:40.414-04:00: 00 DATA 
2013-05-05T13:03:40.414-04:00: 00 DATA 
2013-05-05T13:03:40.414-04:00: 00 DATA 
2013-05-05T13:03:40.414-04:00: c0 DATA 
