2013-09-22T16:38:31.492-04:00: Stable Library
2013-09-22T16:38:31.492-04:00: =========================================
2013-09-22T16:38:31.492-04:00: Native lib Version = RXTX-2.1-7
2013-09-22T16:38:31.492-04:00: Java lib Version   = RXTX-2.1-7
2013-09-22T16:39:47.305-04:00: 0d WAIT 
2013-09-22T16:39:47.320-04:00: 0a WAIT 
2013-09-22T16:39:47.320-04:00: 
4b WAIT 
2013-09-22T16:39:47.320-04:00: K41 WAIT 
2013-09-22T16:39:47.320-04:00: A4e WAIT 
2013-09-22T16:39:47.320-04:00: N54 WAIT 
2013-09-22T16:39:47.320-04:00: T52 WAIT 
2013-09-22T16:39:47.320-04:00: R4f WAIT 
2013-09-22T16:39:47.320-04:00: O4e WAIT 
2013-09-22T16:39:47.320-04:00: N49 WAIT 
2013-09-22T16:39:47.320-04:00: I43 WAIT 
2013-09-22T16:39:47.320-04:00: C53 WAIT 
2013-09-22T16:39:47.320-04:00: S20 WAIT 
2013-09-22T16:39:47.320-04:00:  41 WAIT 
2013-09-22T16:39:47.320-04:00: A4c WAIT 
2013-09-22T16:39:47.320-04:00: L4c WAIT 
2013-09-22T16:39:47.336-04:00: L20 WAIT 
2013-09-22T16:39:47.336-04:00:  4d WAIT 
2013-09-22T16:39:47.336-04:00: M4f WAIT 
2013-09-22T16:39:47.336-04:00: O44 WAIT 
2013-09-22T16:39:47.336-04:00: D45 WAIT 
2013-09-22T16:39:47.336-04:00: E20 WAIT 
2013-09-22T16:39:47.336-04:00:  43 WAIT 
2013-09-22T16:39:47.336-04:00: C4f WAIT 
2013-09-22T16:39:47.336-04:00: O4d WAIT 
2013-09-22T16:39:47.336-04:00: M4d WAIT 
2013-09-22T16:39:47.336-04:00: M55 WAIT 
2013-09-22T16:39:47.336-04:00: U4e WAIT 
2013-09-22T16:39:47.336-04:00: N49 WAIT 
2013-09-22T16:39:47.336-04:00: I43 WAIT 
2013-09-22T16:39:47.336-04:00: C41 WAIT 
2013-09-22T16:39:47.336-04:00: A54 WAIT 
2013-09-22T16:39:47.336-04:00: T4f WAIT 
2013-09-22T16:39:47.351-04:00: O52 WAIT 
2013-09-22T16:39:47.351-04:00: R20 WAIT 
2013-09-22T16:39:47.351-04:00:  4b WAIT 
2013-09-22T16:39:47.351-04:00: K41 WAIT 
2013-09-22T16:39:47.351-04:00: A4d WAIT 
2013-09-22T16:39:47.351-04:00: M2d WAIT 
2013-09-22T16:39:47.351-04:00: -58 WAIT 
2013-09-22T16:39:47.351-04:00: X4c WAIT 
2013-09-22T16:39:47.351-04:00: L20 WAIT 
2013-09-22T16:39:47.351-04:00:  56 WAIT 
2013-09-22T16:39:47.351-04:00: V45 WAIT 
2013-09-22T16:39:47.351-04:00: E52 WAIT 
2013-09-22T16:39:47.351-04:00: R53 WAIT 
2013-09-22T16:39:47.351-04:00: S49 WAIT 
2013-09-22T16:39:47.351-04:00: I4f WAIT 
2013-09-22T16:39:47.351-04:00: O4e WAIT 
2013-09-22T16:39:47.351-04:00: N20 WAIT 
2013-09-22T16:39:47.351-04:00:  31 WAIT 
2013-09-22T16:39:47.367-04:00: 12e WAIT 
2013-09-22T16:39:47.367-04:00: .30 WAIT 
2013-09-22T16:39:47.367-04:00: 037 WAIT 
2013-09-22T16:39:47.367-04:00: 730 WAIT 
2013-09-22T16:39:47.367-04:00: 035 WAIT 
2013-09-22T16:39:47.367-04:00: 530 WAIT 
2013-09-22T16:39:47.367-04:00: 00d WAIT 
2013-09-22T16:39:47.367-04:00: 0a WAIT 
2013-09-22T16:39:47.367-04:00: 
28 WAIT 
2013-09-22T16:39:47.367-04:00: (43 WAIT 
2013-09-22T16:39:47.367-04:00: C29 WAIT 
2013-09-22T16:39:47.367-04:00: )20 WAIT 
2013-09-22T16:39:47.367-04:00:  43 WAIT 
2013-09-22T16:39:47.367-04:00: C4f WAIT 
2013-09-22T16:39:47.367-04:00: O50 WAIT 
2013-09-22T16:39:47.367-04:00: P59 WAIT 
2013-09-22T16:39:47.367-04:00: Y52 WAIT 
2013-09-22T16:39:47.367-04:00: R49 WAIT 
2013-09-22T16:39:47.383-04:00: I47 WAIT 
2013-09-22T16:39:47.383-04:00: G48 WAIT 
2013-09-22T16:39:47.383-04:00: H54 WAIT 
2013-09-22T16:39:47.383-04:00: T20 WAIT 
2013-09-22T16:39:47.383-04:00:  32 WAIT 
2013-09-22T16:39:47.383-04:00: 230 WAIT 
2013-09-22T16:39:47.383-04:00: 030 WAIT 
2013-09-22T16:39:47.383-04:00: 036 WAIT 
2013-09-22T16:39:47.383-04:00: 620 WAIT 
2013-09-22T16:39:47.383-04:00:  42 WAIT 
2013-09-22T16:39:47.383-04:00: B59 WAIT 
2013-09-22T16:39:47.383-04:00: Y20 WAIT 
2013-09-22T16:39:47.383-04:00:  4b WAIT 
2013-09-22T16:39:47.383-04:00: K41 WAIT 
2013-09-22T16:39:47.383-04:00: A4e WAIT 
2013-09-22T16:39:47.383-04:00: N54 WAIT 
2013-09-22T16:39:47.383-04:00: T52 WAIT 
2013-09-22T16:39:47.383-04:00: R4f WAIT 
2013-09-22T16:39:47.383-04:00: O4e WAIT 
2013-09-22T16:39:47.398-04:00: N49 WAIT 
2013-09-22T16:39:47.398-04:00: I43 WAIT 
2013-09-22T16:39:47.398-04:00: C53 WAIT 
2013-09-22T16:39:47.398-04:00: S20 WAIT 
2013-09-22T16:39:47.398-04:00:  49 WAIT 
2013-09-22T16:39:47.398-04:00: I4e WAIT 
2013-09-22T16:39:47.398-04:00: N43 WAIT 
2013-09-22T16:39:47.398-04:00: C2e WAIT 
2013-09-22T16:39:47.398-04:00: .20 WAIT 
2013-09-22T16:39:47.398-04:00:  20 WAIT 
2013-09-22T16:39:47.398-04:00:  41 WAIT 
2013-09-22T16:39:47.398-04:00: A4c WAIT 
2013-09-22T16:39:47.398-04:00: L4c WAIT 
2013-09-22T16:39:47.398-04:00: L20 WAIT 
2013-09-22T16:39:47.398-04:00:  52 WAIT 
2013-09-22T16:39:47.398-04:00: R49 WAIT 
2013-09-22T16:39:47.398-04:00: I47 WAIT 
2013-09-22T16:39:47.398-04:00: G48 WAIT 
2013-09-22T16:39:47.398-04:00: H54 WAIT 
2013-09-22T16:39:47.414-04:00: T53 WAIT 
2013-09-22T16:39:47.414-04:00: S20 WAIT 
2013-09-22T16:39:47.414-04:00:  52 WAIT 
2013-09-22T16:39:47.414-04:00: R45 WAIT 
2013-09-22T16:39:47.414-04:00: E53 WAIT 
2013-09-22T16:39:47.414-04:00: S45 WAIT 
2013-09-22T16:39:47.414-04:00: E52 WAIT 
2013-09-22T16:39:47.414-04:00: R56 WAIT 
2013-09-22T16:39:47.414-04:00: V45 WAIT 
2013-09-22T16:39:47.414-04:00: E44 WAIT 
2013-09-22T16:39:47.414-04:00: D2e WAIT 
2013-09-22T16:39:47.414-04:00: .0d WAIT 
2013-09-22T16:39:47.414-04:00: 0a WAIT 
2013-09-22T16:39:47.414-04:00: 
44 WAIT 
2013-09-22T16:39:47.414-04:00: D55 WAIT 
2013-09-22T16:39:47.414-04:00: U50 WAIT 
2013-09-22T16:39:47.414-04:00: P4c WAIT 
2013-09-22T16:39:47.414-04:00: L49 WAIT 
2013-09-22T16:39:47.414-04:00: I43 WAIT 
2013-09-22T16:39:47.414-04:00: C41 WAIT 
2013-09-22T16:39:47.430-04:00: A54 WAIT 
2013-09-22T16:39:47.430-04:00: T49 WAIT 
2013-09-22T16:39:47.430-04:00: I4f WAIT 
2013-09-22T16:39:47.430-04:00: O4e WAIT 
2013-09-22T16:39:47.430-04:00: N20 WAIT 
2013-09-22T16:39:47.430-04:00:  50 WAIT 
2013-09-22T16:39:47.430-04:00: P52 WAIT 
2013-09-22T16:39:47.430-04:00: R4f WAIT 
2013-09-22T16:39:47.430-04:00: O48 WAIT 
2013-09-22T16:39:47.430-04:00: H49 WAIT 
2013-09-22T16:39:47.430-04:00: I42 WAIT 
2013-09-22T16:39:47.430-04:00: B49 WAIT 
2013-09-22T16:39:47.430-04:00: I54 WAIT 
2013-09-22T16:39:47.430-04:00: T45 WAIT 
2013-09-22T16:39:47.430-04:00: E44 WAIT 
2013-09-22T16:39:47.430-04:00: D20 WAIT 
2013-09-22T16:39:47.430-04:00:  57 WAIT 
2013-09-22T16:39:47.430-04:00: W49 WAIT 
2013-09-22T16:39:47.430-04:00: I54 WAIT 
2013-09-22T16:39:47.430-04:00: T48 WAIT 
2013-09-22T16:39:47.430-04:00: H4f WAIT 
2013-09-22T16:39:47.445-04:00: O55 WAIT 
2013-09-22T16:39:47.445-04:00: U54 WAIT 
2013-09-22T16:39:47.445-04:00: T20 WAIT 
2013-09-22T16:39:47.445-04:00:  50 WAIT 
2013-09-22T16:39:47.445-04:00: P45 WAIT 
2013-09-22T16:39:47.445-04:00: E52 WAIT 
2013-09-22T16:39:47.445-04:00: R4d WAIT 
2013-09-22T16:39:47.445-04:00: M49 WAIT 
2013-09-22T16:39:47.445-04:00: I53 WAIT 
2013-09-22T16:39:47.445-04:00: S53 WAIT 
2013-09-22T16:39:47.445-04:00: S49 WAIT 
2013-09-22T16:39:47.445-04:00: I4f WAIT 
2013-09-22T16:39:47.445-04:00: O4e WAIT 
2013-09-22T16:39:47.445-04:00: N20 WAIT 
2013-09-22T16:39:47.445-04:00:  4f WAIT 
2013-09-22T16:39:47.445-04:00: O46 WAIT 
2013-09-22T16:39:47.445-04:00: F20 WAIT 
2013-09-22T16:39:47.445-04:00:  4b WAIT 
2013-09-22T16:39:47.445-04:00: K41 WAIT 
2013-09-22T16:39:47.445-04:00: A4e WAIT 
2013-09-22T16:39:47.445-04:00: N54 WAIT 
2013-09-22T16:39:47.461-04:00: T52 WAIT 
2013-09-22T16:39:47.461-04:00: R4f WAIT 
2013-09-22T16:39:47.461-04:00: O4e WAIT 
2013-09-22T16:39:47.461-04:00: N49 WAIT 
2013-09-22T16:39:47.461-04:00: I43 WAIT 
2013-09-22T16:39:47.461-04:00: C53 WAIT 
2013-09-22T16:39:47.461-04:00: S2e WAIT 
2013-09-22T16:39:47.461-04:00: .0d WAIT 
2013-09-22T16:39:47.461-04:00: 0a WAIT 
2013-09-22T16:39:47.461-04:00: 
63 WAIT 
2013-09-22T16:39:47.461-04:00: c6d WAIT 
2013-09-22T16:39:47.461-04:00: m64 WAIT 
2013-09-22T16:39:47.461-04:00: d3a WAIT 
2013-09-22T16:39:47.461-04:00: :0d WAIT 
2013-09-22T16:39:48.680-04:00: 0a WAIT 
2013-09-22T16:39:48.680-04:00: 
3f WAIT 
2013-09-22T16:39:48.680-04:00: ?3f WAIT 
2013-09-22T16:39:48.680-04:00: ?3f WAIT 
2013-09-22T16:39:48.680-04:00: ?0d WAIT 
2013-09-22T16:39:48.680-04:00: 0a WAIT 
2013-09-22T16:39:48.680-04:00: 
0d WAIT 
2013-09-22T16:39:48.680-04:00: 0a WAIT 
2013-09-22T16:39:48.695-04:00: 
48 WAIT 
2013-09-22T16:39:48.695-04:00: H42 WAIT 
2013-09-22T16:39:48.695-04:00: B20 WAIT 
2013-09-22T16:39:48.695-04:00:  30 WAIT 
2013-09-22T16:39:48.695-04:00: 02f WAIT 
2013-09-22T16:39:48.695-04:00: /31 WAIT 
2013-09-22T16:39:48.695-04:00: 132 WAIT 
2013-09-22T16:39:48.695-04:00: 230 WAIT 
2013-09-22T16:39:48.695-04:00: 030 WAIT 
2013-09-22T16:39:48.695-04:00: 00d WAIT 
2013-09-22T16:39:48.695-04:00: 0a WAIT 
2013-09-22T16:39:48.695-04:00: 
58 WAIT 
2013-09-22T16:39:48.695-04:00: X4d WAIT 
2013-09-22T16:39:48.695-04:00: M49 WAIT 
2013-09-22T16:39:48.695-04:00: I54 WAIT 
2013-09-22T16:39:48.695-04:00: T4c WAIT 
2013-09-22T16:39:48.711-04:00: L56 WAIT 
2013-09-22T16:39:48.711-04:00: V4c WAIT 
2013-09-22T16:39:48.711-04:00: L20 WAIT 
2013-09-22T16:39:48.711-04:00:  34 WAIT 
2013-09-22T16:39:48.711-04:00: 430 WAIT 
2013-09-22T16:39:48.711-04:00: 02f WAIT 
2013-09-22T16:39:48.711-04:00: /32 WAIT 
2013-09-22T16:39:48.711-04:00: 235 WAIT 
2013-09-22T16:39:48.711-04:00: 50d WAIT 
2013-09-22T16:39:48.711-04:00: 0a WAIT 
2013-09-22T16:39:48.711-04:00: 
49 WAIT 
2013-09-22T16:39:48.711-04:00: I4e WAIT 
2013-09-22T16:39:48.711-04:00: N54 WAIT 
2013-09-22T16:39:48.711-04:00: T46 WAIT 
2013-09-22T16:39:48.711-04:00: F41 WAIT 
2013-09-22T16:39:48.711-04:00: A43 WAIT 
2013-09-22T16:39:48.726-04:00: C45 WAIT 
2013-09-22T16:39:48.726-04:00: E20 WAIT 
2013-09-22T16:39:48.726-04:00:  4b WAIT 
2013-09-22T16:39:48.726-04:00: K49 WAIT 
2013-09-22T16:39:48.726-04:00: I53 WAIT 
2013-09-22T16:39:48.726-04:00: S53 WAIT 
2013-09-22T16:39:48.726-04:00: S0d WAIT 
2013-09-22T16:39:48.726-04:00: 0a WAIT 
2013-09-22T16:39:48.726-04:00: 
52 WAIT 
2013-09-22T16:39:48.726-04:00: R45 WAIT 
2013-09-22T16:39:48.726-04:00: E53 WAIT 
2013-09-22T16:39:48.742-04:00: S45 WAIT 
2013-09-22T16:39:48.742-04:00: Ea89ea0a89ea0e18ea49eaa9c88e07f80c00101010101010000000000000000000000000000000000000000000000000000000000000000000000000000000000000000000000000000000000000000000000000000000000000000000000000000000000000000000000000000000000000000000000000000000000000000000000000000000000000000000000000000000000000000000000000000000000000000000000000000000000000000000000000000000000000000000000000000000000000000000000000000000000000000000000000000000000000000000000000000000000000000000000000000000000000000000000000000000000000000000000000000000000000000000000000000000000000000000000000000000000000000000000000000000000000000000000000000000000
2013-09-22T16:40:03.133-04:00: a8
2013-09-22T16:40:03.133-04:00: 9e
2013-09-22T16:40:03.133-04:00: a0
2013-09-22T16:40:03.133-04:00: a8
2013-09-22T16:40:03.133-04:00: 9e
2013-09-22T16:40:03.133-04:00: a0
2013-09-22T16:40:03.133-04:00: e1
2013-09-22T16:40:03.133-04:00: 8e
2013-09-22T16:40:03.133-04:00: a4
2013-09-22T16:40:03.133-04:00: 9e
2013-09-22T16:40:03.133-04:00: aa
2013-09-22T16:40:03.148-04:00: 9c
2013-09-22T16:40:03.148-04:00: 88
2013-09-22T16:40:03.148-04:00: e0
2013-09-22T16:40:03.148-04:00: 7f
2013-09-22T16:40:03.148-04:00: 80
2013-09-22T16:40:03.148-04:00: first if case:db
2013-09-22T16:40:03.148-04:00: first if case c0:dc
2013-09-22T16:40:03.148-04:00: 01
2013-09-22T16:40:03.148-04:00: 01
2013-09-22T16:40:03.148-04:00: 01
2013-09-22T16:40:03.148-04:00: 01
2013-09-22T16:40:03.148-04:00: 01
2013-09-22T16:40:03.148-04:00: 01
2013-09-22T16:40:03.148-04:00: 00
2013-09-22T16:40:03.148-04:00: 00
2013-09-22T16:40:03.148-04:00: 00
2013-09-22T16:40:03.148-04:00: 00
2013-09-22T16:40:03.148-04:00: 00
2013-09-22T16:40:03.148-04:00: 00
2013-09-22T16:40:03.148-04:00: 00
2013-09-22T16:40:03.148-04:00: 00
2013-09-22T16:40:03.148-04:00: 00
2013-09-22T16:40:03.148-04:00: 00
2013-09-22T16:40:03.148-04:00: 00
2013-09-22T16:40:03.148-04:00: 00
2013-09-22T16:40:03.148-04:00: 00
2013-09-22T16:40:03.164-04:00: 00
2013-09-22T16:40:03.164-04:00: 00
2013-09-22T16:40:03.164-04:00: 00
2013-09-22T16:40:03.164-04:00: 00
2013-09-22T16:40:03.164-04:00: 00
2013-09-22T16:40:03.164-04:00: 00
2013-09-22T16:40:03.164-04:00: 00
2013-09-22T16:40:03.164-04:00: 00
2013-09-22T16:40:03.164-04:00: 00
2013-09-22T16:40:03.164-04:00: 00
2013-09-22T16:40:03.164-04:00: 00
2013-09-22T16:40:03.164-04:00: 00
2013-09-22T16:40:03.164-04:00: 00
2013-09-22T16:40:03.164-04:00: 00
2013-09-22T16:40:03.164-04:00: 00
2013-09-22T16:40:03.164-04:00: 00
2013-09-22T16:40:03.164-04:00: 00
2013-09-22T16:40:03.164-04:00: 00
2013-09-22T16:40:03.164-04:00: 00
2013-09-22T16:40:03.164-04:00: 00
2013-09-22T16:40:03.164-04:00: 00
2013-09-22T16:40:03.164-04:00: 00
2013-09-22T16:40:03.164-04:00: 00
2013-09-22T16:40:03.164-04:00: 00
2013-09-22T16:40:03.164-04:00: 00
2013-09-22T16:40:03.164-04:00: 00
2013-09-22T16:40:03.164-04:00: 00
2013-09-22T16:40:03.164-04:00: 00
2013-09-22T16:40:03.164-04:00: 00
2013-09-22T16:40:03.164-04:00: 00
2013-09-22T16:40:03.180-04:00: 00
2013-09-22T16:40:03.180-04:00: 00
2013-09-22T16:40:03.180-04:00: 00
2013-09-22T16:40:03.180-04:00: 00
2013-09-22T16:40:03.180-04:00: 00
2013-09-22T16:40:03.180-04:00: 00
2013-09-22T16:40:03.180-04:00: 00
2013-09-22T16:40:03.180-04:00: 00
2013-09-22T16:40:03.180-04:00: 00
2013-09-22T16:40:03.180-04:00: 00
2013-09-22T16:40:03.180-04:00: 00
2013-09-22T16:40:03.180-04:00: 00
2013-09-22T16:40:03.180-04:00: 00
2013-09-22T16:40:03.180-04:00: 00
2013-09-22T16:40:03.180-04:00: 00
2013-09-22T16:40:03.180-04:00: 00
2013-09-22T16:40:03.180-04:00: 00
2013-09-22T16:40:03.180-04:00: 00
2013-09-22T16:40:03.180-04:00: 00
2013-09-22T16:40:03.180-04:00: 00
2013-09-22T16:40:03.180-04:00: 00
2013-09-22T16:40:03.180-04:00: 00
2013-09-22T16:40:03.180-04:00: 00
2013-09-22T16:40:03.180-04:00: 00
2013-09-22T16:40:03.180-04:00: 00
2013-09-22T16:40:03.180-04:00: 00
2013-09-22T16:40:03.180-04:00: 00
2013-09-22T16:40:03.180-04:00: 00
2013-09-22T16:40:03.180-04:00: 00
2013-09-22T16:40:03.180-04:00: 00
2013-09-22T16:40:03.180-04:00: 00
2013-09-22T16:40:03.195-04:00: 00
2013-09-22T16:40:03.195-04:00: 00
2013-09-22T16:40:03.195-04:00: 00
2013-09-22T16:40:03.195-04:00: 00
2013-09-22T16:40:03.195-04:00: 00
2013-09-22T16:40:03.195-04:00: 00
2013-09-22T16:40:03.195-04:00: 00
2013-09-22T16:40:03.195-04:00: 00
2013-09-22T16:40:03.195-04:00: 00
2013-09-22T16:40:03.195-04:00: 00
2013-09-22T16:40:03.195-04:00: 00
2013-09-22T16:40:03.195-04:00: 00
2013-09-22T16:40:03.195-04:00: 00
2013-09-22T16:40:03.195-04:00: 00
2013-09-22T16:40:03.195-04:00: 00
2013-09-22T16:40:03.195-04:00: 00
2013-09-22T16:40:03.195-04:00: 00
2013-09-22T16:40:03.195-04:00: 00
2013-09-22T16:40:03.195-04:00: 00
2013-09-22T16:40:03.195-04:00: 00
2013-09-22T16:40:03.195-04:00: 00
2013-09-22T16:40:03.195-04:00: 00
2013-09-22T16:40:03.195-04:00: 00
2013-09-22T16:40:03.195-04:00: 00
2013-09-22T16:40:03.195-04:00: 00
2013-09-22T16:40:03.195-04:00: 00
2013-09-22T16:40:03.195-04:00: 00
2013-09-22T16:40:03.195-04:00: 00
2013-09-22T16:40:03.195-04:00: 00
2013-09-22T16:40:03.195-04:00: 00
2013-09-22T16:40:03.211-04:00: 00
2013-09-22T16:40:03.211-04:00: 00
2013-09-22T16:40:03.211-04:00: 00
2013-09-22T16:40:03.211-04:00: 00
2013-09-22T16:40:03.211-04:00: 00
2013-09-22T16:40:03.211-04:00: 00
2013-09-22T16:40:03.211-04:00: 00
2013-09-22T16:40:03.211-04:00: 00
2013-09-22T16:40:03.211-04:00: 00
2013-09-22T16:40:03.211-04:00: 00
2013-09-22T16:40:03.211-04:00: 00
2013-09-22T16:40:03.211-04:00: 00
2013-09-22T16:40:03.211-04:00: 00
2013-09-22T16:40:03.211-04:00: 00
2013-09-22T16:40:03.211-04:00: 00
2013-09-22T16:40:03.211-04:00: 00
2013-09-22T16:40:03.211-04:00: 00
2013-09-22T16:40:03.211-04:00: 00
2013-09-22T16:40:03.211-04:00: 00
2013-09-22T16:40:03.211-04:00: 00
2013-09-22T16:40:03.211-04:00: 00
2013-09-22T16:40:03.211-04:00: 00
2013-09-22T16:40:03.211-04:00: 00
2013-09-22T16:40:03.211-04:00: 00
2013-09-22T16:40:03.211-04:00: 00
2013-09-22T16:40:03.211-04:00: 00
2013-09-22T16:40:03.211-04:00: 00
2013-09-22T16:40:03.211-04:00: 00
2013-09-22T16:40:03.211-04:00: 00
2013-09-22T16:40:03.211-04:00: 00
2013-09-22T16:40:03.226-04:00: 00
2013-09-22T16:40:03.226-04:00: 00
2013-09-22T16:40:03.226-04:00: 00
2013-09-22T16:40:03.226-04:00: 00
2013-09-22T16:40:03.226-04:00: 00
2013-09-22T16:40:03.226-04:00: 00
2013-09-22T16:40:03.226-04:00: 00
2013-09-22T16:40:03.226-04:00: 00
2013-09-22T16:40:03.226-04:00: 00
2013-09-22T16:40:03.226-04:00: 00
2013-09-22T16:40:03.226-04:00: 00
2013-09-22T16:40:03.226-04:00: 00
2013-09-22T16:40:03.226-04:00: 00
2013-09-22T16:40:03.226-04:00: 00
2013-09-22T16:40:03.226-04:00: 00
2013-09-22T16:40:03.226-04:00: 00
2013-09-22T16:40:03.226-04:00: 00
2013-09-22T16:40:03.226-04:00: 00
2013-09-22T16:40:03.226-04:00: 00
2013-09-22T16:40:03.226-04:00: 00
2013-09-22T16:40:03.226-04:00: 00
2013-09-22T16:40:03.226-04:00: 00
2013-09-22T16:40:03.226-04:00: 00
2013-09-22T16:40:03.226-04:00: 00
2013-09-22T16:40:03.226-04:00: 00
2013-09-22T16:40:03.226-04:00: 00
2013-09-22T16:40:03.226-04:00: 00
2013-09-22T16:40:03.226-04:00: 00
2013-09-22T16:40:03.226-04:00: 00
2013-09-22T16:40:03.226-04:00: 00
2013-09-22T16:40:03.226-04:00: 00
2013-09-22T16:40:03.226-04:00: 00
2013-09-22T16:40:03.242-04:00: 00
2013-09-22T16:40:03.242-04:00: 00
2013-09-22T16:40:03.242-04:00: 00
2013-09-22T16:40:03.242-04:00: 00
2013-09-22T16:40:03.242-04:00: 00
2013-09-22T16:40:03.242-04:00: 00
2013-09-22T16:40:03.242-04:00: 00
2013-09-22T16:40:03.242-04:00: 00
2013-09-22T16:40:03.242-04:00: 00
2013-09-22T16:40:03.242-04:00: 00
2013-09-22T16:40:03.242-04:00: 00
2013-09-22T16:40:03.242-04:00: 00
2013-09-22T16:40:03.242-04:00: 00
2013-09-22T16:40:03.242-04:00: 00
2013-09-22T16:40:03.242-04:00: 00
2013-09-22T16:40:03.242-04:00: 00
2013-09-22T16:40:03.242-04:00: 00
2013-09-22T16:40:03.242-04:00: 00
2013-09-22T16:40:03.242-04:00: 00
2013-09-22T16:40:03.242-04:00: 00
2013-09-22T16:40:03.242-04:00: 00
2013-09-22T16:40:03.242-04:00: 00
2013-09-22T16:40:03.242-04:00: 00
2013-09-22T16:40:03.242-04:00: 00
2013-09-22T16:40:03.242-04:00: 00
2013-09-22T16:40:03.242-04:00: 00
2013-09-22T16:40:03.242-04:00: 00
2013-09-22T16:40:03.242-04:00: 00
2013-09-22T16:40:03.242-04:00: 00
2013-09-22T16:40:03.242-04:00: 00
2013-09-22T16:40:03.242-04:00: 00
2013-09-22T16:40:03.242-04:00: 00
2013-09-22T16:40:03.258-04:00: 00
2013-09-22T16:40:03.258-04:00: 00
2013-09-22T16:40:03.258-04:00: 00
2013-09-22T16:40:03.258-04:00: 00
2013-09-22T16:40:03.258-04:00: 00
2013-09-22T16:40:03.258-04:00: 00
2013-09-22T16:40:03.258-04:00: 00
2013-09-22T16:40:03.258-04:00: 00
2013-09-22T16:40:03.258-04:00: 00
2013-09-22T16:40:03.258-04:00: 00
2013-09-22T16:40:03.258-04:00: 00
2013-09-22T16:40:03.258-04:00: 00
2013-09-22T16:40:03.258-04:00: 00
2013-09-22T16:40:03.258-04:00: 00
2013-09-22T16:40:03.258-04:00: 00
2013-09-22T16:40:03.258-04:00: 00
2013-09-22T16:40:03.258-04:00: 00
2013-09-22T16:40:03.258-04:00: 00
2013-09-22T16:40:03.258-04:00: 00
2013-09-22T16:40:03.258-04:00: 00
2013-09-22T16:40:03.258-04:00: 00
2013-09-22T16:40:03.258-04:00: 00
2013-09-22T16:40:03.258-04:00: 00
2013-09-22T16:40:03.258-04:00: 00
2013-09-22T16:40:03.258-04:00: 00
2013-09-22T16:40:03.258-04:00: 00
2013-09-22T16:40:03.258-04:00: 00
2013-09-22T16:40:03.258-04:00: 00
2013-09-22T16:40:03.258-04:00: 00
2013-09-22T16:40:03.258-04:00: 00
2013-09-22T16:40:03.258-04:00: 00
2013-09-22T16:40:03.273-04:00: 00
2013-09-22T16:40:03.273-04:00: 00
2013-09-22T16:40:03.273-04:00: 00
2013-09-22T16:40:03.273-04:00: 00
2013-09-22T16:40:03.273-04:00: 00
2013-09-22T16:40:03.273-04:00: 00
2013-09-22T16:40:03.273-04:00: 00
2013-09-22T16:40:03.273-04:00: 00
2013-09-22T16:40:03.273-04:00: 00
2013-09-22T16:40:03.273-04:00: 00
2013-09-22T16:40:03.273-04:00: 00
2013-09-22T16:40:03.273-04:00: 00
2013-09-22T16:40:03.273-04:00: 00
2013-09-22T16:40:03.273-04:00: 00
2013-09-22T16:40:03.273-04:00: 00
2013-09-22T16:40:03.273-04:00: 00
2013-09-22T16:40:03.273-04:00: 00
2013-09-22T16:40:03.273-04:00: 00
2013-09-22T16:40:03.273-04:00: 00
2013-09-22T16:40:03.273-04:00: 00
2013-09-22T16:40:03.273-04:00: 00
2013-09-22T16:40:03.273-04:00: 00
2013-09-22T16:40:03.273-04:00: 00
2013-09-22T16:40:03.273-04:00: 00
2013-09-22T16:40:03.273-04:00: 00
2013-09-22T16:40:03.273-04:00: 00
2013-09-22T16:40:03.273-04:00: 00
2013-09-22T16:40:03.273-04:00: 00
2013-09-22T16:40:03.273-04:00: 00
2013-09-22T16:40:03.273-04:00: 00
2013-09-22T16:40:03.273-04:00: 00
2013-09-22T16:40:03.273-04:00: 00
2013-09-22T16:40:03.273-04:00: 00
2013-09-22T16:40:03.273-04:00: 00
2013-09-22T16:40:03.289-04:00: 00
2013-09-22T16:40:03.289-04:00: 00
2013-09-22T16:40:03.289-04:00: 00
2013-09-22T16:40:03.289-04:00: 00
2013-09-22T16:40:03.289-04:00: 00
2013-09-22T16:40:03.289-04:00: 00
2013-09-22T16:40:03.289-04:00: 00
2013-09-22T16:40:03.289-04:00: 00
2013-09-22T16:40:03.289-04:00: 00
2013-09-22T16:40:03.289-04:00: 00
2013-09-22T16:40:03.289-04:00: 00
2013-09-22T16:40:03.289-04:00: 00
2013-09-22T16:40:03.289-04:00: 00
2013-09-22T16:40:03.289-04:00: 00
2013-09-22T16:40:03.289-04:00: 00
2013-09-22T16:40:03.289-04:00: 00
2013-09-22T16:40:03.289-04:00: 00
2013-09-22T16:40:03.289-04:00: 00
2013-09-22T16:40:03.289-04:00: 00
2013-09-22T16:40:03.289-04:00: 00
2013-09-22T16:40:03.289-04:00: 00
2013-09-22T16:40:03.289-04:00: 00
2013-09-22T16:40:03.289-04:00: 00
2013-09-22T16:40:03.289-04:00: 00
2013-09-22T16:40:03.289-04:00: 00
2013-09-22T16:40:03.289-04:00: 00
2013-09-22T16:40:03.289-04:00: 00
2013-09-22T16:40:03.289-04:00: 00
2013-09-22T16:40:03.289-04:00: 00
2013-09-22T16:40:03.289-04:00: 00
2013-09-22T16:40:42.570-04:00: a89ea0a89ea0e18ea49eaa9c88e07f80c00101010101010000000000000000000000000000000000000000000000000000000000000000000000000000000000000000000000000000000000000000000000000000000000000000000000000000000000000000000000000000000000000000000000000000000000000000000000000000000000000000000000000000000000000000000000000000000000000000000000000000000000000000000000000000000000000000000000000000000000000000000000000000000000000000000000000000000000000000000000000000000000000000000000000000000000000000000000000000000000000000000000000000000000000000000000000000000000000000000000000000000000000000000000000000000000000000000000000000000000
2013-09-22T16:40:42.570-04:00: a8
2013-09-22T16:40:42.570-04:00: 9e
2013-09-22T16:40:42.570-04:00: a0
2013-09-22T16:40:42.570-04:00: a8
2013-09-22T16:40:42.570-04:00: 9e
2013-09-22T16:40:42.570-04:00: a0
2013-09-22T16:40:42.570-04:00: e1
2013-09-22T16:40:42.570-04:00: 8e
2013-09-22T16:40:42.570-04:00: a4
2013-09-22T16:40:42.570-04:00: 9e
2013-09-22T16:40:42.570-04:00: aa
2013-09-22T16:40:42.570-04:00: 9c
2013-09-22T16:40:42.570-04:00: 88
2013-09-22T16:40:42.570-04:00: e0
2013-09-22T16:40:42.570-04:00: 7f
2013-09-22T16:40:42.570-04:00: 80
2013-09-22T16:40:42.570-04:00: first if case:db
2013-09-22T16:40:42.570-04:00: first if case c0:dc
2013-09-22T16:40:42.570-04:00: 01
2013-09-22T16:40:42.570-04:00: 01
2013-09-22T16:40:42.570-04:00: 01
2013-09-22T16:40:42.570-04:00: 01
2013-09-22T16:40:42.570-04:00: 01
2013-09-22T16:40:42.570-04:00: 01
2013-09-22T16:40:42.570-04:00: 00
2013-09-22T16:40:42.570-04:00: 00
2013-09-22T16:40:42.586-04:00: 00
2013-09-22T16:40:42.586-04:00: 00
2013-09-22T16:40:42.586-04:00: 00
2013-09-22T16:40:42.586-04:00: 00
2013-09-22T16:40:42.586-04:00: 00
2013-09-22T16:40:42.586-04:00: 00
2013-09-22T16:40:42.586-04:00: 00
2013-09-22T16:40:42.586-04:00: 00
2013-09-22T16:40:42.586-04:00: 00
2013-09-22T16:40:42.586-04:00: 00
2013-09-22T16:40:42.586-04:00: 00
2013-09-22T16:40:42.586-04:00: 00
2013-09-22T16:40:42.586-04:00: 00
2013-09-22T16:40:42.586-04:00: 00
2013-09-22T16:40:42.586-04:00: 00
2013-09-22T16:40:42.586-04:00: 00
2013-09-22T16:40:42.586-04:00: 00
2013-09-22T16:40:42.586-04:00: 00
2013-09-22T16:40:42.586-04:00: 00
2013-09-22T16:40:42.586-04:00: 00
2013-09-22T16:40:42.586-04:00: 00
2013-09-22T16:40:42.586-04:00: 00
2013-09-22T16:40:42.586-04:00: 00
2013-09-22T16:40:42.586-04:00: 00
2013-09-22T16:40:42.586-04:00: 00
2013-09-22T16:40:42.586-04:00: 00
2013-09-22T16:40:42.586-04:00: 00
2013-09-22T16:40:42.586-04:00: 00
2013-09-22T16:40:42.586-04:00: 00
2013-09-22T16:40:42.586-04:00: 00
2013-09-22T16:40:42.586-04:00: 00
2013-09-22T16:40:42.586-04:00: 00
2013-09-22T16:40:42.586-04:00: 00
2013-09-22T16:40:42.586-04:00: 00
2013-09-22T16:40:42.601-04:00: 00
2013-09-22T16:40:42.601-04:00: 00
2013-09-22T16:40:42.601-04:00: 00
2013-09-22T16:40:42.601-04:00: 00
2013-09-22T16:40:42.601-04:00: 00
2013-09-22T16:40:42.601-04:00: 00
2013-09-22T16:40:42.601-04:00: 00
2013-09-22T16:40:42.601-04:00: 00
2013-09-22T16:40:42.601-04:00: 00
2013-09-22T16:40:42.601-04:00: 00
2013-09-22T16:40:42.601-04:00: 00
2013-09-22T16:40:42.601-04:00: 00
2013-09-22T16:40:42.601-04:00: 00
2013-09-22T16:40:42.601-04:00: 00
2013-09-22T16:40:42.601-04:00: 00
2013-09-22T16:40:42.601-04:00: 00
2013-09-22T16:40:42.601-04:00: 00
2013-09-22T16:40:42.601-04:00: 00
2013-09-22T16:40:42.601-04:00: 00
2013-09-22T16:40:42.601-04:00: 00
2013-09-22T16:40:42.601-04:00: 00
2013-09-22T16:40:42.601-04:00: 00
2013-09-22T16:40:42.601-04:00: 00
2013-09-22T16:40:42.601-04:00: 00
2013-09-22T16:40:42.601-04:00: 00
2013-09-22T16:40:42.601-04:00: 00
2013-09-22T16:40:42.601-04:00: 00
2013-09-22T16:40:42.601-04:00: 00
2013-09-22T16:40:42.601-04:00: 00
2013-09-22T16:40:42.601-04:00: 00
2013-09-22T16:40:42.601-04:00: 00
2013-09-22T16:40:42.601-04:00: 00
2013-09-22T16:40:42.601-04:00: 00
2013-09-22T16:40:42.601-04:00: 00
2013-09-22T16:40:42.617-04:00: 00
2013-09-22T16:40:42.617-04:00: 00
2013-09-22T16:40:42.617-04:00: 00
2013-09-22T16:40:42.617-04:00: 00
2013-09-22T16:40:42.617-04:00: 00
2013-09-22T16:40:42.617-04:00: 00
2013-09-22T16:40:42.617-04:00: 00
2013-09-22T16:40:42.617-04:00: 00
2013-09-22T16:40:42.617-04:00: 00
2013-09-22T16:40:42.617-04:00: 00
2013-09-22T16:40:42.617-04:00: 00
2013-09-22T16:40:42.617-04:00: 00
2013-09-22T16:40:42.617-04:00: 00
2013-09-22T16:40:42.617-04:00: 00
2013-09-22T16:40:42.617-04:00: 00
2013-09-22T16:40:42.617-04:00: 00
2013-09-22T16:40:42.617-04:00: 00
2013-09-22T16:40:42.617-04:00: 00
2013-09-22T16:40:42.617-04:00: 00
2013-09-22T16:40:42.617-04:00: 00
2013-09-22T16:40:42.617-04:00: 00
2013-09-22T16:40:42.617-04:00: 00
2013-09-22T16:40:42.617-04:00: 00
2013-09-22T16:40:42.617-04:00: 00
2013-09-22T16:40:42.617-04:00: 00
2013-09-22T16:40:42.617-04:00: 00
2013-09-22T16:40:42.617-04:00: 00
2013-09-22T16:40:42.617-04:00: 00
2013-09-22T16:40:42.617-04:00: 00
2013-09-22T16:40:42.617-04:00: 00
2013-09-22T16:40:42.617-04:00: 00
2013-09-22T16:40:42.617-04:00: 00
2013-09-22T16:40:42.617-04:00: 00
2013-09-22T16:40:42.617-04:00: 00
2013-09-22T16:40:42.617-04:00: 00
2013-09-22T16:40:42.617-04:00: 00
2013-09-22T16:40:42.617-04:00: 00
2013-09-22T16:40:42.617-04:00: 00
2013-09-22T16:40:42.617-04:00: 00
2013-09-22T16:40:42.617-04:00: 00
2013-09-22T16:40:42.617-04:00: 00
2013-09-22T16:40:42.633-04:00: 00
2013-09-22T16:40:42.633-04:00: 00
2013-09-22T16:40:42.633-04:00: 00
2013-09-22T16:40:42.633-04:00: 00
2013-09-22T16:40:42.633-04:00: 00
2013-09-22T16:40:42.633-04:00: 00
2013-09-22T16:40:42.633-04:00: 00
2013-09-22T16:40:42.633-04:00: 00
2013-09-22T16:40:42.633-04:00: 00
2013-09-22T16:40:42.633-04:00: 00
2013-09-22T16:40:42.633-04:00: 00
2013-09-22T16:40:42.633-04:00: 00
2013-09-22T16:40:42.633-04:00: 00
2013-09-22T16:40:42.633-04:00: 00
2013-09-22T16:40:42.633-04:00: 00
2013-09-22T16:40:42.633-04:00: 00
2013-09-22T16:40:42.633-04:00: 00
2013-09-22T16:40:42.633-04:00: 00
2013-09-22T16:40:42.633-04:00: 00
2013-09-22T16:40:42.633-04:00: 00
2013-09-22T16:40:42.633-04:00: 00
2013-09-22T16:40:42.633-04:00: 00
2013-09-22T16:40:42.633-04:00: 00
2013-09-22T16:40:42.633-04:00: 00
2013-09-22T16:40:42.633-04:00: 00
2013-09-22T16:40:42.633-04:00: 00
2013-09-22T16:40:42.633-04:00: 00
2013-09-22T16:40:42.633-04:00: 00
2013-09-22T16:40:42.633-04:00: 00
2013-09-22T16:40:42.633-04:00: 00
2013-09-22T16:40:42.633-04:00: 00
2013-09-22T16:40:42.633-04:00: 00
2013-09-22T16:40:42.633-04:00: 00
2013-09-22T16:40:42.633-04:00: 00
2013-09-22T16:40:42.633-04:00: 00
2013-09-22T16:40:42.633-04:00: 00
2013-09-22T16:40:42.633-04:00: 00
2013-09-22T16:40:42.633-04:00: 00
2013-09-22T16:40:42.633-04:00: 00
2013-09-22T16:40:42.633-04:00: 00
2013-09-22T16:40:42.633-04:00: 00
2013-09-22T16:40:42.648-04:00: 00
2013-09-22T16:40:42.648-04:00: 00
2013-09-22T16:40:42.648-04:00: 00
2013-09-22T16:40:42.648-04:00: 00
2013-09-22T16:40:42.648-04:00: 00
2013-09-22T16:40:42.648-04:00: 00
2013-09-22T16:40:42.648-04:00: 00
2013-09-22T16:40:42.648-04:00: 00
2013-09-22T16:40:42.648-04:00: 00
2013-09-22T16:40:42.648-04:00: 00
2013-09-22T16:40:42.648-04:00: 00
2013-09-22T16:40:42.648-04:00: 00
2013-09-22T16:40:42.648-04:00: 00
2013-09-22T16:40:42.648-04:00: 00
2013-09-22T16:40:42.648-04:00: 00
2013-09-22T16:40:42.648-04:00: 00
2013-09-22T16:40:42.648-04:00: 00
2013-09-22T16:40:42.648-04:00: 00
2013-09-22T16:40:42.648-04:00: 00
2013-09-22T16:40:42.648-04:00: 00
2013-09-22T16:40:42.648-04:00: 00
2013-09-22T16:40:42.648-04:00: 00
2013-09-22T16:40:42.648-04:00: 00
2013-09-22T16:40:42.648-04:00: 00
2013-09-22T16:40:42.648-04:00: 00
2013-09-22T16:40:42.648-04:00: 00
2013-09-22T16:40:42.648-04:00: 00
2013-09-22T16:40:42.648-04:00: 00
2013-09-22T16:40:42.648-04:00: 00
2013-09-22T16:40:42.648-04:00: 00
2013-09-22T16:40:42.648-04:00: 00
2013-09-22T16:40:42.648-04:00: 00
2013-09-22T16:40:42.648-04:00: 00
2013-09-22T16:40:42.648-04:00: 00
2013-09-22T16:40:42.648-04:00: 00
2013-09-22T16:40:42.648-04:00: 00
2013-09-22T16:40:42.648-04:00: 00
2013-09-22T16:40:42.648-04:00: 00
2013-09-22T16:40:42.648-04:00: 00
2013-09-22T16:40:42.648-04:00: 00
2013-09-22T16:40:42.648-04:00: 00
2013-09-22T16:40:42.648-04:00: 00
2013-09-22T16:40:42.648-04:00: 00
2013-09-22T16:40:42.648-04:00: 00
2013-09-22T16:40:42.648-04:00: 00
2013-09-22T16:40:42.664-04:00: 00
2013-09-22T16:40:42.664-04:00: 00
2013-09-22T16:40:42.664-04:00: 00
2013-09-22T16:40:42.664-04:00: 00
2013-09-22T16:40:42.664-04:00: 00
2013-09-22T16:40:42.664-04:00: 00
2013-09-22T16:40:42.664-04:00: 00
2013-09-22T16:40:42.664-04:00: 00
2013-09-22T16:40:42.664-04:00: 00
2013-09-22T16:40:42.664-04:00: 00
2013-09-22T16:40:42.664-04:00: 00
2013-09-22T16:40:42.664-04:00: 00
2013-09-22T16:40:42.664-04:00: 00
2013-09-22T16:40:42.664-04:00: 00
2013-09-22T16:40:42.664-04:00: 00
2013-09-22T16:40:42.664-04:00: 00
2013-09-22T16:40:42.664-04:00: 00
2013-09-22T16:40:42.664-04:00: 00
2013-09-22T16:40:42.664-04:00: 00
2013-09-22T16:40:42.664-04:00: 00
2013-09-22T16:40:42.664-04:00: 00
2013-09-22T16:40:42.664-04:00: 00
2013-09-22T16:40:42.664-04:00: 00
2013-09-22T16:40:42.664-04:00: 00
2013-09-22T16:40:42.664-04:00: 00
2013-09-22T16:40:42.664-04:00: 00
2013-09-22T16:40:42.664-04:00: 00
2013-09-22T16:40:42.664-04:00: 00
2013-09-22T16:40:42.664-04:00: 00
2013-09-22T16:40:42.664-04:00: 00
2013-09-22T16:40:42.664-04:00: 00
2013-09-22T16:40:42.664-04:00: 00
2013-09-22T16:40:42.664-04:00: 00
2013-09-22T16:40:42.664-04:00: 00
2013-09-22T16:40:42.664-04:00: 00
2013-09-22T16:40:42.664-04:00: 00
2013-09-22T16:40:42.664-04:00: 00
2013-09-22T16:40:42.664-04:00: 00
2013-09-22T16:40:42.664-04:00: 00
2013-09-22T16:40:42.664-04:00: 00
2013-09-22T16:40:42.664-04:00: 00
2013-09-22T16:40:42.664-04:00: 00
2013-09-22T16:40:42.664-04:00: 00
2013-09-22T16:40:42.664-04:00: 00
2013-09-22T16:40:42.664-04:00: 00
2013-09-22T16:40:42.664-04:00: 00
2013-09-22T16:40:42.664-04:00: 00
2013-09-22T16:40:42.680-04:00: 00
2013-09-22T16:40:42.680-04:00: 00
2013-09-22T16:40:42.680-04:00: 00
2013-09-22T16:40:42.680-04:00: 00
2013-09-22T16:40:42.680-04:00: 00
2013-09-22T16:40:42.680-04:00: 00
2013-09-22T16:40:42.680-04:00: 00
2013-09-22T16:40:42.680-04:00: 00
2013-09-22T16:40:42.680-04:00: 00
2013-09-22T16:40:42.680-04:00: 00
2013-09-22T16:40:42.680-04:00: 00
2013-09-22T16:40:42.680-04:00: 00
2013-09-22T16:40:42.680-04:00: 00
2013-09-22T16:40:42.680-04:00: 00
2013-09-22T16:40:42.680-04:00: 00
2013-09-22T16:40:42.680-04:00: 00
2013-09-22T16:40:42.680-04:00: 00
2013-09-22T16:40:42.680-04:00: 00
2013-09-22T16:40:42.680-04:00: 00
2013-09-22T16:40:42.680-04:00: 00
2013-09-22T16:40:42.680-04:00: 00
2013-09-22T16:40:42.680-04:00: 00
2013-09-22T16:40:42.680-04:00: 00
2013-09-22T16:40:42.680-04:00: 00
2013-09-22T16:40:42.680-04:00: 00
2013-09-22T16:40:42.680-04:00: 00
2013-09-22T16:40:42.680-04:00: 00
2013-09-22T16:40:42.680-04:00: 00
2013-09-22T16:40:42.680-04:00: 00
2013-09-22T16:40:42.680-04:00: 00
2013-09-22T16:40:42.680-04:00: 00
2013-09-22T16:40:42.680-04:00: 00
2013-09-22T16:40:42.680-04:00: 00
2013-09-22T16:40:42.680-04:00: 00
2013-09-22T16:40:42.680-04:00: 00
2013-09-22T16:40:42.680-04:00: 00
2013-09-22T16:40:42.680-04:00: 00
2013-09-22T16:40:42.680-04:00: 00
2013-09-22T16:40:42.680-04:00: 00
2013-09-22T16:40:42.680-04:00: 00
2013-09-22T16:40:42.680-04:00: 00
2013-09-22T16:40:42.680-04:00: 00
2013-09-22T16:40:42.680-04:00: 00
2013-09-22T16:40:42.680-04:00: 00
2013-09-22T16:40:42.680-04:00: 00
2013-09-22T16:40:42.680-04:00: 00
2013-09-22T16:40:42.695-04:00: 00
2013-09-22T16:40:42.695-04:00: 00
2013-09-22T16:40:42.695-04:00: 00
2013-09-22T16:40:49.586-04:00: a89ea0a89ea0e18ea49eaa9c88e07f80c00101010101010000000000000000000000000000000000000000000000000000000000000000000000000000000000000000000000000000000000000000000000000000000000000000000000000000000000000000000000000000000000000000000000000000000000000000000000000000000000000000000000000000000000000000000000000000000000000000000000000000000000000000000000000000000000000000000000000000000000000000000000000000000000000000000000000000000000000000000000000000000000000000000000000000000000000000000000000000000000000000000000000000000000000000000000000000000000000000000000000000000000000000000000000000000000000000000000000000000000
2013-09-22T16:40:49.586-04:00: a8
2013-09-22T16:40:49.586-04:00: 9e
2013-09-22T16:40:49.586-04:00: a0
2013-09-22T16:40:49.586-04:00: a8
2013-09-22T16:40:49.586-04:00: 9e
2013-09-22T16:40:49.586-04:00: a0
2013-09-22T16:40:49.586-04:00: e1
2013-09-22T16:40:49.586-04:00: 8e
2013-09-22T16:40:49.586-04:00: a4
2013-09-22T16:40:49.586-04:00: 9e
2013-09-22T16:40:49.586-04:00: aa
2013-09-22T16:40:49.586-04:00: 9c
2013-09-22T16:40:49.586-04:00: 88
2013-09-22T16:40:49.586-04:00: e0
2013-09-22T16:40:49.586-04:00: 7f
2013-09-22T16:40:49.601-04:00: 80
2013-09-22T16:40:49.601-04:00: first if case:db
2013-09-22T16:40:49.601-04:00: first if case c0:dc
2013-09-22T16:40:49.601-04:00: 01
2013-09-22T16:40:49.601-04:00: 01
2013-09-22T16:40:49.601-04:00: 01
2013-09-22T16:40:49.601-04:00: 01
2013-09-22T16:40:49.601-04:00: 01
2013-09-22T16:40:49.601-04:00: 01
2013-09-22T16:40:49.601-04:00: 00
2013-09-22T16:40:49.601-04:00: 00
2013-09-22T16:40:49.601-04:00: 00
2013-09-22T16:40:49.601-04:00: 00
2013-09-22T16:40:49.601-04:00: 00
2013-09-22T16:40:49.601-04:00: 00
2013-09-22T16:40:49.601-04:00: 00
2013-09-22T16:40:49.601-04:00: 00
2013-09-22T16:40:49.601-04:00: 00
2013-09-22T16:40:49.601-04:00: 00
2013-09-22T16:40:49.601-04:00: 00
2013-09-22T16:40:49.601-04:00: 00
2013-09-22T16:40:49.601-04:00: 00
2013-09-22T16:40:49.601-04:00: 00
2013-09-22T16:40:49.601-04:00: 00
2013-09-22T16:40:49.601-04:00: 00
2013-09-22T16:40:49.601-04:00: 00
2013-09-22T16:40:49.601-04:00: 00
2013-09-22T16:40:49.601-04:00: 00
2013-09-22T16:40:49.601-04:00: 00
2013-09-22T16:40:49.601-04:00: 00
2013-09-22T16:40:49.601-04:00: 00
2013-09-22T16:40:49.601-04:00: 00
2013-09-22T16:40:49.601-04:00: 00
2013-09-22T16:40:49.601-04:00: 00
2013-09-22T16:40:49.601-04:00: 00
2013-09-22T16:40:49.601-04:00: 00
2013-09-22T16:40:49.601-04:00: 00
2013-09-22T16:40:49.601-04:00: 00
2013-09-22T16:40:49.601-04:00: 00
2013-09-22T16:40:49.601-04:00: 00
2013-09-22T16:40:49.601-04:00: 00
2013-09-22T16:40:49.601-04:00: 00
2013-09-22T16:40:49.617-04:00: 00
2013-09-22T16:40:49.617-04:00: 00
2013-09-22T16:40:49.617-04:00: 00
2013-09-22T16:40:49.617-04:00: 00
2013-09-22T16:40:49.617-04:00: 00
2013-09-22T16:40:49.617-04:00: 00
2013-09-22T16:40:49.617-04:00: 00
2013-09-22T16:40:49.617-04:00: 00
2013-09-22T16:40:49.617-04:00: 00
2013-09-22T16:40:49.617-04:00: 00
2013-09-22T16:40:49.617-04:00: 00
2013-09-22T16:40:49.617-04:00: 00
2013-09-22T16:40:49.617-04:00: 00
2013-09-22T16:40:49.617-04:00: 00
2013-09-22T16:40:49.617-04:00: 00
2013-09-22T16:40:49.617-04:00: 00
2013-09-22T16:40:49.617-04:00: 00
2013-09-22T16:40:49.617-04:00: 00
2013-09-22T16:40:49.617-04:00: 00
2013-09-22T16:40:49.617-04:00: 00
2013-09-22T16:40:49.617-04:00: 00
2013-09-22T16:40:49.617-04:00: 00
2013-09-22T16:40:49.617-04:00: 00
2013-09-22T16:40:49.617-04:00: 00
2013-09-22T16:40:49.617-04:00: 00
2013-09-22T16:40:49.617-04:00: 00
2013-09-22T16:40:49.617-04:00: 00
2013-09-22T16:40:49.617-04:00: 00
2013-09-22T16:40:49.617-04:00: 00
2013-09-22T16:40:49.617-04:00: 00
2013-09-22T16:40:49.617-04:00: 00
2013-09-22T16:40:49.617-04:00: 00
2013-09-22T16:40:49.617-04:00: 00
2013-09-22T16:40:49.617-04:00: 00
2013-09-22T16:40:49.617-04:00: 00
2013-09-22T16:40:49.617-04:00: 00
2013-09-22T16:40:49.617-04:00: 00
2013-09-22T16:40:49.617-04:00: 00
2013-09-22T16:40:49.617-04:00: 00
2013-09-22T16:40:49.617-04:00: 00
2013-09-22T16:40:49.617-04:00: 00
2013-09-22T16:40:49.617-04:00: 00
2013-09-22T16:40:49.617-04:00: 00
2013-09-22T16:40:49.617-04:00: 00
2013-09-22T16:40:49.633-04:00: 00
2013-09-22T16:40:49.633-04:00: 00
2013-09-22T16:40:49.633-04:00: 00
2013-09-22T16:40:49.633-04:00: 00
2013-09-22T16:40:49.633-04:00: 00
2013-09-22T16:40:49.633-04:00: 00
2013-09-22T16:40:49.633-04:00: 00
2013-09-22T16:40:49.633-04:00: 00
2013-09-22T16:40:49.633-04:00: 00
2013-09-22T16:40:49.633-04:00: 00
2013-09-22T16:40:49.633-04:00: 00
2013-09-22T16:40:49.633-04:00: 00
2013-09-22T16:40:49.633-04:00: 00
2013-09-22T16:40:49.633-04:00: 00
2013-09-22T16:40:49.633-04:00: 00
2013-09-22T16:40:49.633-04:00: 00
2013-09-22T16:40:49.633-04:00: 00
2013-09-22T16:40:49.633-04:00: 00
2013-09-22T16:40:49.633-04:00: 00
2013-09-22T16:40:49.633-04:00: 00
2013-09-22T16:40:49.633-04:00: 00
2013-09-22T16:40:49.633-04:00: 00
2013-09-22T16:40:49.633-04:00: 00
2013-09-22T16:40:49.633-04:00: 00
2013-09-22T16:40:49.633-04:00: 00
2013-09-22T16:40:49.633-04:00: 00
2013-09-22T16:40:49.633-04:00: 00
2013-09-22T16:40:49.633-04:00: 00
2013-09-22T16:40:49.633-04:00: 00
2013-09-22T16:40:49.633-04:00: 00
2013-09-22T16:40:49.633-04:00: 00
2013-09-22T16:40:49.633-04:00: 00
2013-09-22T16:40:49.633-04:00: 00
2013-09-22T16:40:49.633-04:00: 00
2013-09-22T16:40:49.633-04:00: 00
2013-09-22T16:40:49.633-04:00: 00
2013-09-22T16:40:49.633-04:00: 00
2013-09-22T16:40:49.633-04:00: 00
2013-09-22T16:40:49.633-04:00: 00
2013-09-22T16:40:49.633-04:00: 00
2013-09-22T16:40:49.633-04:00: 00
2013-09-22T16:40:49.633-04:00: 00
2013-09-22T16:40:49.633-04:00: 00
2013-09-22T16:40:49.633-04:00: 00
2013-09-22T16:40:49.633-04:00: 00
2013-09-22T16:40:49.633-04:00: 00
2013-09-22T16:40:49.648-04:00: 00
2013-09-22T16:40:49.648-04:00: 00
2013-09-22T16:40:49.648-04:00: 00
2013-09-22T16:40:49.648-04:00: 00
2013-09-22T16:40:49.648-04:00: 00
2013-09-22T16:40:49.648-04:00: 00
2013-09-22T16:40:49.648-04:00: 00
2013-09-22T16:40:49.648-04:00: 00
2013-09-22T16:40:49.648-04:00: 00
2013-09-22T16:40:49.648-04:00: 00
2013-09-22T16:40:49.648-04:00: 00
2013-09-22T16:40:49.648-04:00: 00
2013-09-22T16:40:49.648-04:00: 00
2013-09-22T16:40:49.648-04:00: 00
2013-09-22T16:40:49.648-04:00: 00
2013-09-22T16:40:49.648-04:00: 00
2013-09-22T16:40:49.648-04:00: 00
2013-09-22T16:40:49.648-04:00: 00
2013-09-22T16:40:49.648-04:00: 00
2013-09-22T16:40:49.648-04:00: 00
2013-09-22T16:40:49.648-04:00: 00
2013-09-22T16:40:49.648-04:00: 00
2013-09-22T16:40:49.648-04:00: 00
2013-09-22T16:40:49.648-04:00: 00
2013-09-22T16:40:49.648-04:00: 00
2013-09-22T16:40:49.648-04:00: 00
2013-09-22T16:40:49.648-04:00: 00
2013-09-22T16:40:49.648-04:00: 00
2013-09-22T16:40:49.648-04:00: 00
2013-09-22T16:40:49.648-04:00: 00
2013-09-22T16:40:49.648-04:00: 00
2013-09-22T16:40:49.648-04:00: 00
2013-09-22T16:40:49.648-04:00: 00
2013-09-22T16:40:49.648-04:00: 00
2013-09-22T16:40:49.648-04:00: 00
2013-09-22T16:40:49.648-04:00: 00
2013-09-22T16:40:49.648-04:00: 00
2013-09-22T16:40:49.648-04:00: 00
2013-09-22T16:40:49.648-04:00: 00
2013-09-22T16:40:49.648-04:00: 00
2013-09-22T16:40:49.648-04:00: 00
2013-09-22T16:40:49.648-04:00: 00
2013-09-22T16:40:49.648-04:00: 00
2013-09-22T16:40:49.648-04:00: 00
2013-09-22T16:40:49.648-04:00: 00
2013-09-22T16:40:49.648-04:00: 00
2013-09-22T16:40:49.648-04:00: 00
2013-09-22T16:40:49.664-04:00: 00
2013-09-22T16:40:49.664-04:00: 00
2013-09-22T16:40:49.664-04:00: 00
2013-09-22T16:40:49.664-04:00: 00
2013-09-22T16:40:49.664-04:00: 00
2013-09-22T16:40:49.664-04:00: 00
2013-09-22T16:40:49.664-04:00: 00
2013-09-22T16:40:49.664-04:00: 00
2013-09-22T16:40:49.664-04:00: 00
2013-09-22T16:40:49.664-04:00: 00
2013-09-22T16:40:49.664-04:00: 00
2013-09-22T16:40:49.664-04:00: 00
2013-09-22T16:40:49.664-04:00: 00
2013-09-22T16:40:49.664-04:00: 00
2013-09-22T16:40:49.664-04:00: 00
2013-09-22T16:40:49.664-04:00: 00
2013-09-22T16:40:49.664-04:00: 00
2013-09-22T16:40:49.664-04:00: 00
2013-09-22T16:40:49.664-04:00: 00
2013-09-22T16:40:49.664-04:00: 00
2013-09-22T16:40:49.664-04:00: 00
2013-09-22T16:40:49.664-04:00: 00
2013-09-22T16:40:49.664-04:00: 00
2013-09-22T16:40:49.664-04:00: 00
2013-09-22T16:40:49.664-04:00: 00
2013-09-22T16:40:49.664-04:00: 00
2013-09-22T16:40:49.664-04:00: 00
2013-09-22T16:40:49.664-04:00: 00
2013-09-22T16:40:49.664-04:00: 00
2013-09-22T16:40:49.664-04:00: 00
2013-09-22T16:40:49.664-04:00: 00
2013-09-22T16:40:49.664-04:00: 00
2013-09-22T16:40:49.664-04:00: 00
2013-09-22T16:40:49.664-04:00: 00
2013-09-22T16:40:49.664-04:00: 00
2013-09-22T16:40:49.664-04:00: 00
2013-09-22T16:40:49.664-04:00: 00
2013-09-22T16:40:49.664-04:00: 00
2013-09-22T16:40:49.664-04:00: 00
2013-09-22T16:40:49.664-04:00: 00
2013-09-22T16:40:49.664-04:00: 00
2013-09-22T16:40:49.664-04:00: 00
2013-09-22T16:40:49.664-04:00: 00
2013-09-22T16:40:49.664-04:00: 00
2013-09-22T16:40:49.664-04:00: 00
2013-09-22T16:40:49.664-04:00: 00
2013-09-22T16:40:49.664-04:00: 00
2013-09-22T16:40:49.664-04:00: 00
2013-09-22T16:40:49.664-04:00: 00
2013-09-22T16:40:49.680-04:00: 00
2013-09-22T16:40:49.680-04:00: 00
2013-09-22T16:40:49.680-04:00: 00
2013-09-22T16:40:49.680-04:00: 00
2013-09-22T16:40:49.680-04:00: 00
2013-09-22T16:40:49.680-04:00: 00
2013-09-22T16:40:49.680-04:00: 00
2013-09-22T16:40:49.680-04:00: 00
2013-09-22T16:40:49.680-04:00: 00
2013-09-22T16:40:49.680-04:00: 00
2013-09-22T16:40:49.680-04:00: 00
2013-09-22T16:40:49.680-04:00: 00
2013-09-22T16:40:49.680-04:00: 00
2013-09-22T16:40:49.680-04:00: 00
2013-09-22T16:40:49.680-04:00: 00
2013-09-22T16:40:49.680-04:00: 00
2013-09-22T16:40:49.680-04:00: 00
2013-09-22T16:40:49.680-04:00: 00
2013-09-22T16:40:49.680-04:00: 00
2013-09-22T16:40:49.680-04:00: 00
2013-09-22T16:40:49.680-04:00: 00
2013-09-22T16:40:49.680-04:00: 00
2013-09-22T16:40:49.680-04:00: 00
2013-09-22T16:40:49.680-04:00: 00
2013-09-22T16:40:49.680-04:00: 00
2013-09-22T16:40:49.680-04:00: 00
2013-09-22T16:40:49.680-04:00: 00
2013-09-22T16:40:49.680-04:00: 00
2013-09-22T16:40:49.680-04:00: 00
2013-09-22T16:40:49.680-04:00: 00
2013-09-22T16:40:49.680-04:00: 00
2013-09-22T16:40:49.680-04:00: 00
2013-09-22T16:40:49.680-04:00: 00
2013-09-22T16:40:49.680-04:00: 00
2013-09-22T16:40:49.680-04:00: 00
2013-09-22T16:40:49.680-04:00: 00
2013-09-22T16:40:49.680-04:00: 00
2013-09-22T16:40:49.680-04:00: 00
2013-09-22T16:40:49.680-04:00: 00
2013-09-22T16:40:49.680-04:00: 00
2013-09-22T16:40:49.680-04:00: 00
2013-09-22T16:40:49.680-04:00: 00
2013-09-22T16:40:49.680-04:00: 00
2013-09-22T16:40:49.680-04:00: 00
2013-09-22T16:40:49.680-04:00: 00
2013-09-22T16:40:49.680-04:00: 00
2013-09-22T16:40:49.680-04:00: 00
2013-09-22T16:40:49.695-04:00: 00
2013-09-22T16:40:49.695-04:00: 00
2013-09-22T16:40:49.695-04:00: 00
2013-09-22T16:40:49.695-04:00: 00
2013-09-22T16:40:49.695-04:00: 00
2013-09-22T16:40:49.695-04:00: 00
2013-09-22T16:40:49.695-04:00: 00
2013-09-22T16:40:49.695-04:00: 00
2013-09-22T16:40:49.695-04:00: 00
2013-09-22T16:40:49.695-04:00: 00
2013-09-22T16:40:49.695-04:00: 00
2013-09-22T16:40:49.695-04:00: 00
2013-09-22T16:40:49.695-04:00: 00
2013-09-22T16:40:49.695-04:00: 00
2013-09-22T16:40:49.695-04:00: 00
2013-09-22T16:40:49.695-04:00: 00
2013-09-22T16:40:49.695-04:00: 00
2013-09-22T16:40:49.695-04:00: 00
2013-09-22T16:40:49.695-04:00: 00
2013-09-22T16:40:49.695-04:00: 00
2013-09-22T16:40:49.695-04:00: 00
2013-09-22T16:40:49.695-04:00: 00
2013-09-22T16:40:49.695-04:00: 00
2013-09-22T16:40:49.695-04:00: 00
2013-09-22T16:40:49.695-04:00: 00
2013-09-22T16:40:49.695-04:00: 00
2013-09-22T16:40:49.695-04:00: 00
2013-09-22T16:41:57.633-04:00: 0d WAIT 
2013-09-22T16:41:57.633-04:00: 0a WAIT 
2013-09-22T16:41:57.633-04:00: 
4b WAIT 
2013-09-22T16:41:57.633-04:00: K41 WAIT 
2013-09-22T16:41:57.633-04:00: A4e WAIT 
2013-09-22T16:41:57.633-04:00: N54 WAIT 
2013-09-22T16:41:57.633-04:00: T52 WAIT 
2013-09-22T16:41:57.633-04:00: R4f WAIT 
2013-09-22T16:41:57.633-04:00: O4e WAIT 
2013-09-22T16:41:57.633-04:00: N49 WAIT 
2013-09-22T16:41:57.633-04:00: I43 WAIT 
2013-09-22T16:41:57.633-04:00: C53 WAIT 
2013-09-22T16:41:57.633-04:00: S20 WAIT 
2013-09-22T16:41:57.633-04:00:  41 WAIT 
2013-09-22T16:41:57.648-04:00: A4c WAIT 
2013-09-22T16:41:57.648-04:00: L4c WAIT 
2013-09-22T16:41:57.648-04:00: L20 WAIT 
2013-09-22T16:41:57.648-04:00:  4d WAIT 
2013-09-22T16:41:57.648-04:00: M4f WAIT 
2013-09-22T16:41:57.648-04:00: O44 WAIT 
2013-09-22T16:41:57.648-04:00: D45 WAIT 
2013-09-22T16:41:57.648-04:00: E20 WAIT 
2013-09-22T16:41:57.648-04:00:  43 WAIT 
2013-09-22T16:41:57.648-04:00: C4f WAIT 
2013-09-22T16:41:57.648-04:00: O4d WAIT 
2013-09-22T16:41:57.648-04:00: M4d WAIT 
2013-09-22T16:41:57.648-04:00: M55 WAIT 
2013-09-22T16:41:57.648-04:00: U4e WAIT 
2013-09-22T16:41:57.648-04:00: N49 WAIT 
2013-09-22T16:41:57.664-04:00: I43 WAIT 
2013-09-22T16:41:57.664-04:00: C41 WAIT 
2013-09-22T16:41:57.664-04:00: A54 WAIT 
2013-09-22T16:41:57.664-04:00: T4f WAIT 
2013-09-22T16:41:57.664-04:00: O52 WAIT 
2013-09-22T16:41:57.664-04:00: R20 WAIT 
2013-09-22T16:41:57.664-04:00:  4b WAIT 
2013-09-22T16:41:57.664-04:00: K41 WAIT 
2013-09-22T16:41:57.664-04:00: A4d WAIT 
2013-09-22T16:41:57.664-04:00: M2d WAIT 
2013-09-22T16:41:57.664-04:00: -58 WAIT 
2013-09-22T16:41:57.664-04:00: X4c WAIT 
2013-09-22T16:41:57.664-04:00: L20 WAIT 
2013-09-22T16:41:57.680-04:00:  56 WAIT 
2013-09-22T16:41:57.680-04:00: V45 WAIT 
2013-09-22T16:41:57.680-04:00: E52 WAIT 
2013-09-22T16:41:57.680-04:00: R53 WAIT 
2013-09-22T16:41:57.680-04:00: S49 WAIT 
2013-09-22T16:41:57.680-04:00: I4f WAIT 
2013-09-22T16:41:57.680-04:00: O4e WAIT 
2013-09-22T16:41:57.680-04:00: N20 WAIT 
2013-09-22T16:41:57.680-04:00:  31 WAIT 
2013-09-22T16:41:57.680-04:00: 12e WAIT 
2013-09-22T16:41:57.680-04:00: .30 WAIT 
2013-09-22T16:41:57.680-04:00: 037 WAIT 
2013-09-22T16:41:57.680-04:00: 730 WAIT 
2013-09-22T16:41:57.680-04:00: 035 WAIT 
2013-09-22T16:41:57.680-04:00: 530 WAIT 
2013-09-22T16:41:57.695-04:00: 00d WAIT 
2013-09-22T16:41:57.695-04:00: 0a WAIT 
2013-09-22T16:41:57.695-04:00: 
28 WAIT 
2013-09-22T16:41:57.695-04:00: (43 WAIT 
2013-09-22T16:41:57.695-04:00: C29 WAIT 
2013-09-22T16:41:57.695-04:00: )20 WAIT 
2013-09-22T16:41:57.695-04:00:  43 WAIT 
2013-09-22T16:41:57.695-04:00: C4f WAIT 
2013-09-22T16:41:57.695-04:00: O50 WAIT 
2013-09-22T16:41:57.695-04:00: P59 WAIT 
2013-09-22T16:41:57.695-04:00: Y52 WAIT 
2013-09-22T16:41:57.695-04:00: R49 WAIT 
2013-09-22T16:41:57.695-04:00: I47 WAIT 
2013-09-22T16:41:57.695-04:00: G48 WAIT 
2013-09-22T16:41:57.695-04:00: H54 WAIT 
2013-09-22T16:41:57.695-04:00: T20 WAIT 
2013-09-22T16:41:57.711-04:00:  32 WAIT 
2013-09-22T16:41:57.711-04:00: 230 WAIT 
2013-09-22T16:41:57.711-04:00: 030 WAIT 
2013-09-22T16:41:57.711-04:00: 036 WAIT 
2013-09-22T16:41:57.711-04:00: 620 WAIT 
2013-09-22T16:41:57.711-04:00:  42 WAIT 
2013-09-22T16:41:57.711-04:00: B59 WAIT 
2013-09-22T16:41:57.711-04:00: Y20 WAIT 
2013-09-22T16:41:57.711-04:00:  4b WAIT 
2013-09-22T16:41:57.711-04:00: K41 WAIT 
2013-09-22T16:41:57.711-04:00: A4e WAIT 
2013-09-22T16:41:57.711-04:00: N54 WAIT 
2013-09-22T16:41:57.711-04:00: T52 WAIT 
2013-09-22T16:41:57.711-04:00: R4f WAIT 
2013-09-22T16:41:57.711-04:00: O4e WAIT 
2013-09-22T16:41:57.711-04:00: N49 WAIT 
2013-09-22T16:41:57.726-04:00: I43 WAIT 
2013-09-22T16:41:57.726-04:00: C53 WAIT 
2013-09-22T16:41:57.726-04:00: S20 WAIT 
2013-09-22T16:41:57.726-04:00:  49 WAIT 
2013-09-22T16:41:57.726-04:00: I4e WAIT 
2013-09-22T16:41:57.726-04:00: N43 WAIT 
2013-09-22T16:41:57.726-04:00: C2e WAIT 
2013-09-22T16:41:57.726-04:00: .20 WAIT 
2013-09-22T16:41:57.726-04:00:  20 WAIT 
2013-09-22T16:41:57.726-04:00:  41 WAIT 
2013-09-22T16:41:57.726-04:00: A4c WAIT 
2013-09-22T16:41:57.726-04:00: L4c WAIT 
2013-09-22T16:41:57.726-04:00: L20 WAIT 
2013-09-22T16:41:57.726-04:00:  52 WAIT 
2013-09-22T16:41:57.726-04:00: R49 WAIT 
2013-09-22T16:41:57.726-04:00: I47 WAIT 
2013-09-22T16:41:57.742-04:00: G48 WAIT 
2013-09-22T16:41:57.742-04:00: H54 WAIT 
2013-09-22T16:41:57.742-04:00: T53 WAIT 
2013-09-22T16:41:57.742-04:00: S20 WAIT 
2013-09-22T16:41:57.742-04:00:  52 WAIT 
2013-09-22T16:41:57.742-04:00: R45 WAIT 
2013-09-22T16:41:57.742-04:00: E53 WAIT 
2013-09-22T16:41:57.742-04:00: S45 WAIT 
2013-09-22T16:41:57.742-04:00: E52 WAIT 
2013-09-22T16:41:57.742-04:00: R56 WAIT 
2013-09-22T16:41:57.742-04:00: V45 WAIT 
2013-09-22T16:41:57.742-04:00: E44 WAIT 
2013-09-22T16:41:57.742-04:00: D2e WAIT 
2013-09-22T16:41:57.742-04:00: .0d WAIT 
2013-09-22T16:41:57.742-04:00: 0a WAIT 
2013-09-22T16:41:57.742-04:00: 
44 WAIT 
2013-09-22T16:41:57.758-04:00: D55 WAIT 
2013-09-22T16:41:57.758-04:00: U50 WAIT 
2013-09-22T16:41:57.758-04:00: P4c WAIT 
2013-09-22T16:41:57.758-04:00: L49 WAIT 
2013-09-22T16:41:57.758-04:00: I43 WAIT 
2013-09-22T16:41:57.758-04:00: C41 WAIT 
2013-09-22T16:41:57.758-04:00: A54 WAIT 
2013-09-22T16:41:57.758-04:00: T49 WAIT 
2013-09-22T16:41:57.758-04:00: I4f WAIT 
2013-09-22T16:41:57.758-04:00: O4e WAIT 
2013-09-22T16:41:57.758-04:00: N20 WAIT 
2013-09-22T16:41:57.758-04:00:  50 WAIT 
2013-09-22T16:41:57.773-04:00: P52 WAIT 
2013-09-22T16:41:57.773-04:00: R4f WAIT 
2013-09-22T16:41:57.773-04:00: O48 WAIT 
2013-09-22T16:41:57.773-04:00: H49 WAIT 
2013-09-22T16:41:57.773-04:00: I42 WAIT 
2013-09-22T16:41:57.773-04:00: B49 WAIT 
2013-09-22T16:41:57.773-04:00: I54 WAIT 
2013-09-22T16:41:57.773-04:00: T45 WAIT 
2013-09-22T16:41:57.773-04:00: E44 WAIT 
2013-09-22T16:41:57.773-04:00: D20 WAIT 
2013-09-22T16:41:57.773-04:00:  57 WAIT 
2013-09-22T16:41:57.773-04:00: W49 WAIT 
2013-09-22T16:41:57.773-04:00: I54 WAIT 
2013-09-22T16:41:57.773-04:00: T48 WAIT 
2013-09-22T16:41:57.773-04:00: H4f WAIT 
2013-09-22T16:41:57.773-04:00: O55 WAIT 
2013-09-22T16:41:57.773-04:00: U54 WAIT 
2013-09-22T16:41:57.773-04:00: T20 WAIT 
2013-09-22T16:41:57.789-04:00:  50 WAIT 
2013-09-22T16:41:57.789-04:00: P45 WAIT 
2013-09-22T16:41:57.789-04:00: E52 WAIT 
2013-09-22T16:41:57.789-04:00: R4d WAIT 
2013-09-22T16:41:57.789-04:00: M49 WAIT 
2013-09-22T16:41:57.789-04:00: I53 WAIT 
2013-09-22T16:41:57.789-04:00: S53 WAIT 
2013-09-22T16:41:57.789-04:00: S49 WAIT 
2013-09-22T16:41:57.789-04:00: I4f WAIT 
2013-09-22T16:41:57.789-04:00: O4e WAIT 
2013-09-22T16:41:57.805-04:00: N20 WAIT 
2013-09-22T16:41:57.805-04:00:  4f WAIT 
2013-09-22T16:41:57.805-04:00: O46 WAIT 
2013-09-22T16:41:57.805-04:00: F20 WAIT 
2013-09-22T16:41:57.805-04:00:  4b WAIT 
2013-09-22T16:41:57.805-04:00: K41 WAIT 
2013-09-22T16:41:57.805-04:00: A4e WAIT 
2013-09-22T16:41:57.805-04:00: N54 WAIT 
2013-09-22T16:41:57.805-04:00: T52 WAIT 
2013-09-22T16:41:57.805-04:00: R4f WAIT 
2013-09-22T16:41:57.805-04:00: O4e WAIT 
2013-09-22T16:41:57.805-04:00: N49 WAIT 
2013-09-22T16:41:57.805-04:00: I43 WAIT 
2013-09-22T16:41:57.805-04:00: C53 WAIT 
2013-09-22T16:41:57.805-04:00: S2e WAIT 
2013-09-22T16:41:57.805-04:00: .0d WAIT 
2013-09-22T16:41:57.820-04:00: 0a WAIT 
2013-09-22T16:41:57.820-04:00: 
63 WAIT 
2013-09-22T16:41:57.820-04:00: c6d WAIT 
2013-09-22T16:41:57.820-04:00: m64 WAIT 
2013-09-22T16:41:57.820-04:00: d3a WAIT 
2013-09-22T16:41:57.820-04:00: :0d WAIT 
2013-09-22T16:41:59.023-04:00: 0a WAIT 
2013-09-22T16:41:59.023-04:00: 
3f WAIT 
2013-09-22T16:41:59.023-04:00: ?3f WAIT 
2013-09-22T16:41:59.023-04:00: ?3f WAIT 
2013-09-22T16:41:59.023-04:00: ?0d WAIT 
2013-09-22T16:41:59.023-04:00: 0a WAIT 
2013-09-22T16:41:59.023-04:00: 
0d WAIT 
2013-09-22T16:41:59.023-04:00: 0a WAIT 
2013-09-22T16:41:59.039-04:00: 
48 WAIT 
2013-09-22T16:41:59.039-04:00: H42 WAIT 
2013-09-22T16:41:59.039-04:00: B20 WAIT 
2013-09-22T16:41:59.039-04:00:  30 WAIT 
2013-09-22T16:41:59.039-04:00: 02f WAIT 
2013-09-22T16:41:59.039-04:00: /39 WAIT 
2013-09-22T16:41:59.039-04:00: 936 WAIT 
2013-09-22T16:41:59.039-04:00: 630 WAIT 
2013-09-22T16:41:59.039-04:00: 030 WAIT 
2013-09-22T16:41:59.039-04:00: 00d WAIT 
2013-09-22T16:41:59.039-04:00: 0a WAIT 
2013-09-22T16:41:59.039-04:00: 
58 WAIT 
2013-09-22T16:41:59.039-04:00: X4d WAIT 
2013-09-22T16:41:59.039-04:00: M49 WAIT 
2013-09-22T16:41:59.039-04:00: I54 WAIT 
2013-09-22T16:41:59.039-04:00: T4c WAIT 
2013-09-22T16:41:59.055-04:00: L56 WAIT 
2013-09-22T16:41:59.055-04:00: V4c WAIT 
2013-09-22T16:41:59.055-04:00: L20 WAIT 
2013-09-22T16:41:59.055-04:00:  34 WAIT 
2013-09-22T16:41:59.055-04:00: 430 WAIT 
2013-09-22T16:41:59.055-04:00: 02f WAIT 
2013-09-22T16:41:59.055-04:00: /35 WAIT 
2013-09-22T16:41:59.055-04:00: 535 WAIT 
2013-09-22T16:41:59.055-04:00: 50d WAIT 
2013-09-22T16:41:59.055-04:00: 0a WAIT 
2013-09-22T16:41:59.055-04:00: 
49 WAIT 
2013-09-22T16:41:59.055-04:00: I4e WAIT 
2013-09-22T16:41:59.055-04:00: N54 WAIT 
2013-09-22T16:41:59.055-04:00: T46 WAIT 
2013-09-22T16:41:59.055-04:00: F41 WAIT 
2013-09-22T16:41:59.055-04:00: A43 WAIT 
2013-09-22T16:41:59.070-04:00: C45 WAIT 
2013-09-22T16:41:59.070-04:00: E20 WAIT 
2013-09-22T16:41:59.070-04:00:  4b WAIT 
2013-09-22T16:41:59.070-04:00: K49 WAIT 
2013-09-22T16:41:59.070-04:00: I53 WAIT 
2013-09-22T16:41:59.070-04:00: S53 WAIT 
2013-09-22T16:41:59.070-04:00: S0d WAIT 
2013-09-22T16:41:59.070-04:00: 0a WAIT 
2013-09-22T16:41:59.070-04:00: 
52 WAIT 
2013-09-22T16:41:59.070-04:00: R45 WAIT 
2013-09-22T16:41:59.070-04:00: E53 WAIT 
2013-09-22T16:41:59.070-04:00: S0d WAIT 
2013-09-22T16:45:18.242-04:00: 0a WAIT 
2013-09-22T16:45:18.242-04:00: 
4b WAIT 
2013-09-22T16:45:18.258-04:00: K41 WAIT 
2013-09-22T16:45:18.258-04:00: A4e WAIT 
2013-09-22T16:45:18.258-04:00: N54 WAIT 
2013-09-22T16:45:18.258-04:00: T52 WAIT 
2013-09-22T16:45:18.258-04:00: R4f WAIT 
2013-09-22T16:45:18.258-04:00: O4e WAIT 
2013-09-22T16:45:18.258-04:00: N49 WAIT 
2013-09-22T16:45:18.258-04:00: I43 WAIT 
2013-09-22T16:45:18.258-04:00: C53 WAIT 
2013-09-22T16:45:18.258-04:00: S20 WAIT 
2013-09-22T16:45:18.258-04:00:  41 WAIT 
2013-09-22T16:45:18.258-04:00: A4c WAIT 
2013-09-22T16:45:18.258-04:00: L4c WAIT 
2013-09-22T16:45:18.258-04:00: L20 WAIT 
2013-09-22T16:45:18.273-04:00:  4d WAIT 
2013-09-22T16:45:18.273-04:00: M4f WAIT 
2013-09-22T16:45:18.273-04:00: O44 WAIT 
2013-09-22T16:45:18.273-04:00: D45 WAIT 
2013-09-22T16:45:18.273-04:00: E20 WAIT 
2013-09-22T16:45:18.273-04:00:  43 WAIT 
2013-09-22T16:45:18.273-04:00: C4f WAIT 
2013-09-22T16:45:18.273-04:00: O4d WAIT 
2013-09-22T16:45:18.273-04:00: M4d WAIT 
2013-09-22T16:45:18.273-04:00: M55 WAIT 
2013-09-22T16:45:18.273-04:00: U4e WAIT 
2013-09-22T16:45:18.273-04:00: N49 WAIT 
2013-09-22T16:45:18.273-04:00: I43 WAIT 
2013-09-22T16:45:18.273-04:00: C41 WAIT 
2013-09-22T16:45:18.273-04:00: A54 WAIT 
2013-09-22T16:45:18.273-04:00: T4f WAIT 
2013-09-22T16:45:18.289-04:00: O52 WAIT 
2013-09-22T16:45:18.289-04:00: R20 WAIT 
2013-09-22T16:45:18.289-04:00:  4b WAIT 
2013-09-22T16:45:18.289-04:00: K41 WAIT 
2013-09-22T16:45:18.289-04:00: A4d WAIT 
2013-09-22T16:45:18.289-04:00: M2d WAIT 
2013-09-22T16:45:18.289-04:00: -58 WAIT 
2013-09-22T16:45:18.289-04:00: X4c WAIT 
2013-09-22T16:45:18.289-04:00: L20 WAIT 
2013-09-22T16:45:18.289-04:00:  56 WAIT 
2013-09-22T16:45:18.289-04:00: V45 WAIT 
2013-09-22T16:45:18.289-04:00: E52 WAIT 
2013-09-22T16:45:18.289-04:00: R53 WAIT 
2013-09-22T16:45:18.289-04:00: S49 WAIT 
2013-09-22T16:45:18.289-04:00: I4f WAIT 
2013-09-22T16:45:18.289-04:00: O4e WAIT 
2013-09-22T16:45:18.305-04:00: N20 WAIT 
2013-09-22T16:45:18.305-04:00:  31 WAIT 
2013-09-22T16:45:18.305-04:00: 12e WAIT 
2013-09-22T16:45:18.305-04:00: .30 WAIT 
2013-09-22T16:45:18.305-04:00: 037 WAIT 
2013-09-22T16:45:18.305-04:00: 730 WAIT 
2013-09-22T16:45:18.305-04:00: 035 WAIT 
2013-09-22T16:45:18.305-04:00: 530 WAIT 
2013-09-22T16:45:18.305-04:00: 00d WAIT 
2013-09-22T16:45:18.305-04:00: 0a WAIT 
2013-09-22T16:45:18.305-04:00: 
28 WAIT 
2013-09-22T16:45:18.305-04:00: (43 WAIT 
2013-09-22T16:45:18.305-04:00: C29 WAIT 
2013-09-22T16:45:18.305-04:00: )20 WAIT 
2013-09-22T16:45:18.305-04:00:  43 WAIT 
2013-09-22T16:45:18.305-04:00: C4f WAIT 
2013-09-22T16:45:18.320-04:00: O50 WAIT 
2013-09-22T16:45:18.320-04:00: P59 WAIT 
2013-09-22T16:45:18.320-04:00: Y52 WAIT 
2013-09-22T16:45:18.320-04:00: R49 WAIT 
2013-09-22T16:45:18.320-04:00: I47 WAIT 
2013-09-22T16:45:18.320-04:00: G48 WAIT 
2013-09-22T16:45:18.320-04:00: H54 WAIT 
2013-09-22T16:45:18.320-04:00: T20 WAIT 
2013-09-22T16:45:18.320-04:00:  32 WAIT 
2013-09-22T16:45:18.320-04:00: 230 WAIT 
2013-09-22T16:45:18.320-04:00: 030 WAIT 
2013-09-22T16:45:18.320-04:00: 036 WAIT 
2013-09-22T16:45:18.320-04:00: 620 WAIT 
2013-09-22T16:45:18.336-04:00:  42 WAIT 
2013-09-22T16:45:18.336-04:00: B59 WAIT 
2013-09-22T16:45:18.336-04:00: Y20 WAIT 
2013-09-22T16:45:18.336-04:00:  4b WAIT 
2013-09-22T16:45:18.336-04:00: K41 WAIT 
2013-09-22T16:45:18.336-04:00: A4e WAIT 
2013-09-22T16:45:18.336-04:00: N54 WAIT 
2013-09-22T16:45:18.336-04:00: T52 WAIT 
2013-09-22T16:45:18.336-04:00: R4f WAIT 
2013-09-22T16:45:18.336-04:00: O4e WAIT 
2013-09-22T16:45:18.336-04:00: N49 WAIT 
2013-09-22T16:45:18.336-04:00: I43 WAIT 
2013-09-22T16:45:18.336-04:00: C53 WAIT 
2013-09-22T16:45:18.336-04:00: S20 WAIT 
2013-09-22T16:45:18.336-04:00:  49 WAIT 
2013-09-22T16:45:18.336-04:00: I4e WAIT 
2013-09-22T16:45:18.351-04:00: N43 WAIT 
2013-09-22T16:45:18.351-04:00: C2e WAIT 
2013-09-22T16:45:18.351-04:00: .20 WAIT 
2013-09-22T16:45:18.351-04:00:  20 WAIT 
2013-09-22T16:45:18.351-04:00:  41 WAIT 
2013-09-22T16:45:18.351-04:00: A4c WAIT 
2013-09-22T16:45:18.351-04:00: L4c WAIT 
2013-09-22T16:45:18.351-04:00: L20 WAIT 
2013-09-22T16:45:18.351-04:00:  52 WAIT 
2013-09-22T16:45:18.351-04:00: R49 WAIT 
2013-09-22T16:45:18.351-04:00: I47 WAIT 
2013-09-22T16:45:18.351-04:00: G48 WAIT 
2013-09-22T16:45:18.367-04:00: H54 WAIT 
2013-09-22T16:45:18.367-04:00: T53 WAIT 
2013-09-22T16:45:18.367-04:00: S20 WAIT 
2013-09-22T16:45:18.367-04:00:  52 WAIT 
2013-09-22T16:45:18.367-04:00: R45 WAIT 
2013-09-22T16:45:18.367-04:00: E53 WAIT 
2013-09-22T16:45:18.367-04:00: S45 WAIT 
2013-09-22T16:45:18.367-04:00: E52 WAIT 
2013-09-22T16:45:18.367-04:00: R56 WAIT 
2013-09-22T16:45:18.367-04:00: V45 WAIT 
2013-09-22T16:45:18.367-04:00: E44 WAIT 
2013-09-22T16:45:18.367-04:00: D2e WAIT 
2013-09-22T16:45:18.367-04:00: .0d WAIT 
2013-09-22T16:45:18.367-04:00: 0a WAIT 
2013-09-22T16:45:18.367-04:00: 
44 WAIT 
2013-09-22T16:45:18.367-04:00: D55 WAIT 
2013-09-22T16:45:18.383-04:00: U50 WAIT 
2013-09-22T16:45:18.383-04:00: P4c WAIT 
2013-09-22T16:45:18.383-04:00: L49 WAIT 
2013-09-22T16:45:18.383-04:00: I43 WAIT 
2013-09-22T16:45:18.383-04:00: C41 WAIT 
2013-09-22T16:45:18.383-04:00: A54 WAIT 
2013-09-22T16:45:18.383-04:00: T49 WAIT 
2013-09-22T16:45:18.383-04:00: I4f WAIT 
2013-09-22T16:45:18.383-04:00: O4e WAIT 
2013-09-22T16:45:18.383-04:00: N20 WAIT 
2013-09-22T16:45:18.383-04:00:  50 WAIT 
2013-09-22T16:45:18.383-04:00: P52 WAIT 
2013-09-22T16:45:18.383-04:00: R4f WAIT 
2013-09-22T16:45:18.383-04:00: O48 WAIT 
2013-09-22T16:45:18.383-04:00: H49 WAIT 
2013-09-22T16:45:18.398-04:00: I42 WAIT 
2013-09-22T16:45:18.398-04:00: B49 WAIT 
2013-09-22T16:45:18.398-04:00: I54 WAIT 
2013-09-22T16:45:18.398-04:00: T45 WAIT 
2013-09-22T16:45:18.398-04:00: E44 WAIT 
2013-09-22T16:45:18.398-04:00: D20 WAIT 
2013-09-22T16:45:18.398-04:00:  57 WAIT 
2013-09-22T16:45:18.398-04:00: W49 WAIT 
2013-09-22T16:45:18.398-04:00: I54 WAIT 
2013-09-22T16:45:18.398-04:00: T48 WAIT 
2013-09-22T16:45:18.398-04:00: H4f WAIT 
2013-09-22T16:45:18.398-04:00: O55 WAIT 
2013-09-22T16:45:18.398-04:00: U54 WAIT 
2013-09-22T16:45:18.398-04:00: T20 WAIT 
2013-09-22T16:45:18.398-04:00:  50 WAIT 
2013-09-22T16:45:18.398-04:00: P45 WAIT 
2013-09-22T16:45:18.414-04:00: E52 WAIT 
2013-09-22T16:45:18.414-04:00: R4d WAIT 
2013-09-22T16:45:18.414-04:00: M49 WAIT 
2013-09-22T16:45:18.414-04:00: I53 WAIT 
2013-09-22T16:45:18.414-04:00: S53 WAIT 
2013-09-22T16:45:18.414-04:00: S49 WAIT 
2013-09-22T16:45:18.414-04:00: I4f WAIT 
2013-09-22T16:45:18.414-04:00: O4e WAIT 
2013-09-22T16:45:18.414-04:00: N20 WAIT 
2013-09-22T16:45:18.414-04:00:  4f WAIT 
2013-09-22T16:45:18.414-04:00: O46 WAIT 
2013-09-22T16:45:18.414-04:00: F20 WAIT 
2013-09-22T16:45:18.414-04:00:  4b WAIT 
2013-09-22T16:45:18.414-04:00: K41 WAIT 
2013-09-22T16:45:18.414-04:00: A4e WAIT 
2013-09-22T16:45:18.414-04:00: N54 WAIT 
2013-09-22T16:45:18.430-04:00: T52 WAIT 
2013-09-22T16:45:18.430-04:00: R4f WAIT 
2013-09-22T16:45:18.430-04:00: O4e WAIT 
2013-09-22T16:45:18.430-04:00: N49 WAIT 
2013-09-22T16:45:18.430-04:00: I43 WAIT 
2013-09-22T16:45:18.430-04:00: C53 WAIT 
2013-09-22T16:45:18.430-04:00: S2e WAIT 
2013-09-22T16:45:18.430-04:00: .0d WAIT 
2013-09-22T16:45:18.430-04:00: 0a WAIT 
2013-09-22T16:45:18.430-04:00: 
63 WAIT 
2013-09-22T16:45:18.430-04:00: c6d WAIT 
2013-09-22T16:45:18.430-04:00: m64 WAIT 
2013-09-22T16:45:18.430-04:00: d3a WAIT 
2013-09-22T16:45:18.445-04:00: :0d WAIT 
2013-09-22T16:45:19.648-04:00: 0a WAIT 
2013-09-22T16:45:19.648-04:00: 
3f WAIT 
2013-09-22T16:45:19.648-04:00: ?3f WAIT 
2013-09-22T16:45:19.648-04:00: ?3f WAIT 
2013-09-22T16:45:19.648-04:00: ?0d WAIT 
2013-09-22T16:45:19.648-04:00: 0a WAIT 
2013-09-22T16:45:19.648-04:00: 
0d WAIT 
2013-09-22T16:45:19.648-04:00: 0a WAIT 
2013-09-22T16:45:19.648-04:00: 
48 WAIT 
2013-09-22T16:45:19.664-04:00: H42 WAIT 
2013-09-22T16:45:19.664-04:00: B20 WAIT 
2013-09-22T16:45:19.664-04:00:  30 WAIT 
2013-09-22T16:45:19.664-04:00: 02f WAIT 
2013-09-22T16:45:19.664-04:00: /39 WAIT 
2013-09-22T16:45:19.664-04:00: 936 WAIT 
2013-09-22T16:45:19.664-04:00: 630 WAIT 
2013-09-22T16:45:19.664-04:00: 030 WAIT 
2013-09-22T16:45:19.664-04:00: 00d WAIT 
2013-09-22T16:45:19.664-04:00: 0a WAIT 
2013-09-22T16:45:19.664-04:00: 
58 WAIT 
2013-09-22T16:45:19.664-04:00: X4d WAIT 
2013-09-22T16:45:19.664-04:00: M49 WAIT 
2013-09-22T16:45:19.664-04:00: I54 WAIT 
2013-09-22T16:45:19.664-04:00: T4c WAIT 
2013-09-22T16:45:19.664-04:00: L56 WAIT 
2013-09-22T16:45:19.664-04:00: V4c WAIT 
2013-09-22T16:45:19.664-04:00: L20 WAIT 
2013-09-22T16:45:19.664-04:00:  34 WAIT 
2013-09-22T16:45:19.680-04:00: 430 WAIT 
2013-09-22T16:45:19.680-04:00: 02f WAIT 
2013-09-22T16:45:19.680-04:00: /35 WAIT 
2013-09-22T16:45:19.680-04:00: 535 WAIT 
2013-09-22T16:45:19.680-04:00: 50d WAIT 
2013-09-22T16:45:19.680-04:00: 0a WAIT 
2013-09-22T16:45:19.680-04:00: 
49 WAIT 
2013-09-22T16:45:19.680-04:00: I4e WAIT 
2013-09-22T16:45:19.680-04:00: N54 WAIT 
2013-09-22T16:45:19.680-04:00: T46 WAIT 
2013-09-22T16:45:19.680-04:00: F41 WAIT 
2013-09-22T16:45:19.680-04:00: A43 WAIT 
2013-09-22T16:45:19.695-04:00: C45 WAIT 
2013-09-22T16:45:19.695-04:00: E20 WAIT 
2013-09-22T16:45:19.695-04:00:  4b WAIT 
2013-09-22T16:45:19.695-04:00: K49 WAIT 
2013-09-22T16:45:19.695-04:00: I53 WAIT 
2013-09-22T16:45:19.695-04:00: S53 WAIT 
2013-09-22T16:45:19.695-04:00: S0d WAIT 
2013-09-22T16:45:19.695-04:00: 0a WAIT 
2013-09-22T16:45:19.695-04:00: 
52 WAIT 
2013-09-22T16:45:19.695-04:00: R45 WAIT 
2013-09-22T16:45:19.695-04:00: E53 WAIT 
2013-09-22T16:45:19.695-04:00: S0d WAIT 
2013-09-22T17:35:35.461-04:00: 0a WAIT 
2013-09-22T17:35:35.461-04:00: 
4b WAIT 
2013-09-22T17:35:35.461-04:00: K41 WAIT 
2013-09-22T17:35:35.461-04:00: A4e WAIT 
2013-09-22T17:35:35.461-04:00: N54 WAIT 
2013-09-22T17:35:35.461-04:00: T52 WAIT 
2013-09-22T17:35:35.461-04:00: R4f WAIT 
2013-09-22T17:35:35.461-04:00: O4e WAIT 
2013-09-22T17:35:35.461-04:00: N49 WAIT 
2013-09-22T17:35:35.461-04:00: I43 WAIT 
2013-09-22T17:35:35.476-04:00: C53 WAIT 
2013-09-22T17:35:35.476-04:00: S20 WAIT 
2013-09-22T17:35:35.476-04:00:  41 WAIT 
2013-09-22T17:35:35.476-04:00: A4c WAIT 
2013-09-22T17:35:35.476-04:00: L4c WAIT 
2013-09-22T17:35:35.476-04:00: L20 WAIT 
2013-09-22T17:35:35.476-04:00:  4d WAIT 
2013-09-22T17:35:35.476-04:00: M4f WAIT 
2013-09-22T17:35:35.476-04:00: O44 WAIT 
2013-09-22T17:35:35.476-04:00: D45 WAIT 
2013-09-22T17:35:35.476-04:00: E20 WAIT 
2013-09-22T17:35:35.476-04:00:  43 WAIT 
2013-09-22T17:35:35.476-04:00: C4f WAIT 
2013-09-22T17:35:35.476-04:00: O4d WAIT 
2013-09-22T17:35:35.476-04:00: M4d WAIT 
2013-09-22T17:35:35.476-04:00: M55 WAIT 
2013-09-22T17:35:35.476-04:00: U4e WAIT 
2013-09-22T17:35:35.476-04:00: N49 WAIT 
2013-09-22T17:35:35.476-04:00: I43 WAIT 
2013-09-22T17:35:35.476-04:00: C41 WAIT 
2013-09-22T17:35:35.476-04:00: A54 WAIT 
2013-09-22T17:35:35.476-04:00: T4f WAIT 
2013-09-22T17:35:35.476-04:00: O52 WAIT 
2013-09-22T17:35:35.476-04:00: R20 WAIT 
2013-09-22T17:35:35.476-04:00:  4b WAIT 
2013-09-22T17:35:35.476-04:00: K41 WAIT 
2013-09-22T17:35:35.476-04:00: A4d WAIT 
2013-09-22T17:35:35.476-04:00: M2d WAIT 
2013-09-22T17:35:35.476-04:00: -58 WAIT 
2013-09-22T17:35:35.476-04:00: X4c WAIT 
2013-09-22T17:35:35.476-04:00: L20 WAIT 
2013-09-22T17:35:35.492-04:00:  56 WAIT 
2013-09-22T17:35:35.492-04:00: V45 WAIT 
2013-09-22T17:35:35.492-04:00: E52 WAIT 
2013-09-22T17:35:35.492-04:00: R53 WAIT 
2013-09-22T17:35:35.492-04:00: S49 WAIT 
2013-09-22T17:35:35.492-04:00: I4f WAIT 
2013-09-22T17:35:35.492-04:00: O4e WAIT 
2013-09-22T17:35:35.492-04:00: N20 WAIT 
2013-09-22T17:35:35.492-04:00:  31 WAIT 
2013-09-22T17:35:35.492-04:00: 12e WAIT 
2013-09-22T17:35:35.492-04:00: .30 WAIT 
2013-09-22T17:35:35.492-04:00: 037 WAIT 
2013-09-22T17:35:35.492-04:00: 730 WAIT 
2013-09-22T17:35:35.492-04:00: 035 WAIT 
2013-09-22T17:35:35.492-04:00: 530 WAIT 
2013-09-22T17:35:35.492-04:00: 00d WAIT 
2013-09-22T17:35:35.492-04:00: 0a WAIT 
2013-09-22T17:35:35.492-04:00: 
28 WAIT 
2013-09-22T17:35:35.492-04:00: (43 WAIT 
2013-09-22T17:35:35.492-04:00: C29 WAIT 
2013-09-22T17:35:35.492-04:00: )20 WAIT 
2013-09-22T17:35:35.492-04:00:  43 WAIT 
2013-09-22T17:35:35.492-04:00: C4f WAIT 
2013-09-22T17:35:35.492-04:00: O50 WAIT 
2013-09-22T17:35:35.492-04:00: P59 WAIT 
2013-09-22T17:35:35.492-04:00: Y52 WAIT 
2013-09-22T17:35:35.508-04:00: R49 WAIT 
2013-09-22T17:35:35.508-04:00: I47 WAIT 
2013-09-22T17:35:35.508-04:00: G48 WAIT 
2013-09-22T17:35:35.508-04:00: H54 WAIT 
2013-09-22T17:35:35.508-04:00: T20 WAIT 
2013-09-22T17:35:35.508-04:00:  32 WAIT 
2013-09-22T17:35:35.508-04:00: 230 WAIT 
2013-09-22T17:35:35.508-04:00: 030 WAIT 
2013-09-22T17:35:35.508-04:00: 036 WAIT 
2013-09-22T17:35:35.508-04:00: 620 WAIT 
2013-09-22T17:35:35.508-04:00:  42 WAIT 
2013-09-22T17:35:35.508-04:00: B59 WAIT 
2013-09-22T17:35:35.508-04:00: Y20 WAIT 
2013-09-22T17:35:35.508-04:00:  4b WAIT 
2013-09-22T17:35:35.508-04:00: K41 WAIT 
2013-09-22T17:35:35.508-04:00: A4e WAIT 
2013-09-22T17:35:35.508-04:00: N54 WAIT 
2013-09-22T17:35:35.508-04:00: T52 WAIT 
2013-09-22T17:35:35.508-04:00: R4f WAIT 
2013-09-22T17:35:35.508-04:00: O4e WAIT 
2013-09-22T17:35:35.508-04:00: N49 WAIT 
2013-09-22T17:35:35.508-04:00: I43 WAIT 
2013-09-22T17:35:35.508-04:00: C53 WAIT 
2013-09-22T17:35:35.508-04:00: S20 WAIT 
2013-09-22T17:35:35.508-04:00:  49 WAIT 
2013-09-22T17:35:35.508-04:00: I4e WAIT 
2013-09-22T17:35:35.508-04:00: N43 WAIT 
2013-09-22T17:35:35.508-04:00: C2e WAIT 
2013-09-22T17:35:35.508-04:00: .20 WAIT 
2013-09-22T17:35:35.508-04:00:  20 WAIT 
2013-09-22T17:35:35.508-04:00:  41 WAIT 
2013-09-22T17:35:35.508-04:00: A4c WAIT 
2013-09-22T17:35:35.508-04:00: L4c WAIT 
2013-09-22T17:35:35.508-04:00: L20 WAIT 
2013-09-22T17:35:35.508-04:00:  52 WAIT 
2013-09-22T17:35:35.508-04:00: R49 WAIT 
2013-09-22T17:35:35.508-04:00: I47 WAIT 
2013-09-22T17:35:35.523-04:00: G48 WAIT 
2013-09-22T17:35:35.523-04:00: H54 WAIT 
2013-09-22T17:35:35.523-04:00: T53 WAIT 
2013-09-22T17:35:35.523-04:00: S20 WAIT 
2013-09-22T17:35:35.523-04:00:  52 WAIT 
2013-09-22T17:35:35.523-04:00: R45 WAIT 
2013-09-22T17:35:35.523-04:00: E53 WAIT 
2013-09-22T17:35:35.523-04:00: S45 WAIT 
2013-09-22T17:35:35.523-04:00: E52 WAIT 
2013-09-22T17:35:35.523-04:00: R56 WAIT 
2013-09-22T17:35:35.523-04:00: V45 WAIT 
2013-09-22T17:35:35.523-04:00: E44 WAIT 
2013-09-22T17:35:35.523-04:00: D2e WAIT 
2013-09-22T17:35:35.523-04:00: .0d WAIT 
2013-09-22T17:35:35.523-04:00: 0a WAIT 
2013-09-22T17:35:35.523-04:00: 
44 WAIT 
2013-09-22T17:35:35.539-04:00: D55 WAIT 
2013-09-22T17:35:35.539-04:00: U50 WAIT 
2013-09-22T17:35:35.539-04:00: P4c WAIT 
2013-09-22T17:35:35.539-04:00: L49 WAIT 
2013-09-22T17:35:35.539-04:00: I43 WAIT 
2013-09-22T17:35:35.539-04:00: C41 WAIT 
2013-09-22T17:35:35.539-04:00: A54 WAIT 
2013-09-22T17:35:35.539-04:00: T49 WAIT 
2013-09-22T17:35:35.539-04:00: I4f WAIT 
2013-09-22T17:35:35.539-04:00: O4e WAIT 
2013-09-22T17:35:35.539-04:00: N20 WAIT 
2013-09-22T17:35:35.539-04:00:  50 WAIT 
2013-09-22T17:35:35.539-04:00: P52 WAIT 
2013-09-22T17:35:35.539-04:00: R4f WAIT 
2013-09-22T17:35:35.539-04:00: O48 WAIT 
2013-09-22T17:35:35.539-04:00: H49 WAIT 
2013-09-22T17:35:35.555-04:00: I42 WAIT 
2013-09-22T17:35:35.555-04:00: B49 WAIT 
2013-09-22T17:35:35.555-04:00: I54 WAIT 
2013-09-22T17:35:35.555-04:00: T45 WAIT 
2013-09-22T17:35:35.555-04:00: E44 WAIT 
2013-09-22T17:35:35.555-04:00: D20 WAIT 
2013-09-22T17:35:35.555-04:00:  57 WAIT 
2013-09-22T17:35:35.555-04:00: W49 WAIT 
2013-09-22T17:35:35.555-04:00: I54 WAIT 
2013-09-22T17:35:35.555-04:00: T48 WAIT 
2013-09-22T17:35:35.555-04:00: H4f WAIT 
2013-09-22T17:35:35.555-04:00: O55 WAIT 
2013-09-22T17:35:35.555-04:00: U54 WAIT 
2013-09-22T17:35:35.555-04:00: T20 WAIT 
2013-09-22T17:35:35.555-04:00:  50 WAIT 
2013-09-22T17:35:35.555-04:00: P45 WAIT 
2013-09-22T17:35:35.570-04:00: E52 WAIT 
2013-09-22T17:35:35.570-04:00: R4d WAIT 
2013-09-22T17:35:35.570-04:00: M49 WAIT 
2013-09-22T17:35:35.570-04:00: I53 WAIT 
2013-09-22T17:35:35.570-04:00: S53 WAIT 
2013-09-22T17:35:35.570-04:00: S49 WAIT 
2013-09-22T17:35:35.570-04:00: I4f WAIT 
2013-09-22T17:35:35.570-04:00: O4e WAIT 
2013-09-22T17:35:35.570-04:00: N20 WAIT 
2013-09-22T17:35:35.570-04:00:  4f WAIT 
2013-09-22T17:35:35.570-04:00: O46 WAIT 
2013-09-22T17:35:35.570-04:00: F20 WAIT 
2013-09-22T17:35:35.570-04:00:  4b WAIT 
2013-09-22T17:35:35.570-04:00: K41 WAIT 
2013-09-22T17:35:35.570-04:00: A4e WAIT 
2013-09-22T17:35:35.570-04:00: N54 WAIT 
2013-09-22T17:35:35.586-04:00: T52 WAIT 
2013-09-22T17:35:35.586-04:00: R4f WAIT 
2013-09-22T17:35:35.586-04:00: O4e WAIT 
2013-09-22T17:35:35.586-04:00: N49 WAIT 
2013-09-22T17:35:35.586-04:00: I43 WAIT 
2013-09-22T17:35:35.586-04:00: C53 WAIT 
2013-09-22T17:35:35.586-04:00: S2e WAIT 
2013-09-22T17:35:35.586-04:00: .0d WAIT 
2013-09-22T17:35:35.586-04:00: 0a WAIT 
2013-09-22T17:35:35.601-04:00: 
63 WAIT 
2013-09-22T17:35:35.601-04:00: c6d WAIT 
2013-09-22T17:35:35.601-04:00: m64 WAIT 
2013-09-22T17:35:35.601-04:00: d3a WAIT 
2013-09-22T17:35:35.601-04:00: :0d WAIT 
2013-09-22T17:35:36.805-04:00: 0a WAIT 
2013-09-22T17:35:36.805-04:00: 
3f WAIT 
2013-09-22T17:35:36.805-04:00: ?3f WAIT 
2013-09-22T17:35:36.805-04:00: ?3f WAIT 
2013-09-22T17:35:36.805-04:00: ?0d WAIT 
2013-09-22T17:35:36.805-04:00: 0a WAIT 
2013-09-22T17:35:36.805-04:00: 
0d WAIT 
2013-09-22T17:35:36.805-04:00: 0a WAIT 
2013-09-22T17:35:36.820-04:00: 
48 WAIT 
2013-09-22T17:35:36.820-04:00: H42 WAIT 
2013-09-22T17:35:36.820-04:00: B20 WAIT 
2013-09-22T17:35:36.820-04:00:  30 WAIT 
2013-09-22T17:35:36.820-04:00: 02f WAIT 
2013-09-22T17:35:36.820-04:00: /31 WAIT 
2013-09-22T17:35:36.820-04:00: 132 WAIT 
2013-09-22T17:35:36.820-04:00: 230 WAIT 
2013-09-22T17:35:36.820-04:00: 030 WAIT 
2013-09-22T17:35:36.820-04:00: 00d WAIT 
2013-09-22T17:35:36.820-04:00: 0a WAIT 
2013-09-22T17:35:36.820-04:00: 
58 WAIT 
2013-09-22T17:35:36.820-04:00: X4d WAIT 
2013-09-22T17:35:36.820-04:00: M49 WAIT 
2013-09-22T17:35:36.820-04:00: I54 WAIT 
2013-09-22T17:35:36.820-04:00: T4c WAIT 
2013-09-22T17:35:36.836-04:00: L56 WAIT 
2013-09-22T17:35:36.836-04:00: V4c WAIT 
2013-09-22T17:35:36.836-04:00: L20 WAIT 
2013-09-22T17:35:36.836-04:00:  34 WAIT 
2013-09-22T17:35:36.836-04:00: 430 WAIT 
2013-09-22T17:35:36.836-04:00: 02f WAIT 
2013-09-22T17:35:36.836-04:00: /32 WAIT 
2013-09-22T17:35:36.836-04:00: 235 WAIT 
2013-09-22T17:35:36.976-04:00: 50d WAIT 
2013-09-22T17:35:36.976-04:00: 0a WAIT 
2013-09-22T17:35:36.976-04:00: 
49 WAIT 
2013-09-22T17:35:36.976-04:00: I4e WAIT 
2013-09-22T17:35:36.976-04:00: N54 WAIT 
2013-09-22T17:35:36.976-04:00: T46 WAIT 
2013-09-22T17:35:36.976-04:00: F41 WAIT 
2013-09-22T17:35:36.976-04:00: A43 WAIT 
2013-09-22T17:35:36.976-04:00: C45 WAIT 
2013-09-22T17:35:36.976-04:00: E20 WAIT 
2013-09-22T17:35:36.992-04:00:  4b WAIT 
2013-09-22T17:35:36.992-04:00: K49 WAIT 
2013-09-22T17:35:36.992-04:00: I53 WAIT 
2013-09-22T17:35:36.992-04:00: S53 WAIT 
2013-09-22T17:35:36.992-04:00: S0d WAIT 
2013-09-22T17:35:36.992-04:00: 0a WAIT 
2013-09-22T17:35:36.992-04:00: 
52 WAIT 
2013-09-22T17:35:36.992-04:00: R45 WAIT 
2013-09-22T17:35:36.992-04:00: E53 WAIT 
2013-09-22T17:35:36.992-04:00: S45 WAIT 
2013-09-22T17:35:36.992-04:00: E