2013-02-19T17:44:30.991-05:00: Stable Library
2013-02-19T17:44:31.006-05:00: =========================================
2013-02-19T17:44:31.006-05:00: Native lib Version = RXTX-2.1-7
2013-02-19T17:44:31.006-05:00: Java lib Version   = RXTX-2.1-7
2013-02-19T17:44:42.131-05:00: 
KANTRONICS ALL MODE COMMUNICATOR KAM-XL VERSION 1.07050
(C) COPYRIGHT 2006 BY KANTRONICS INC.  ALL RIGHTS RESERVED.
DUPLICATION PROHIBITED WITHOUT PERMISSION OF KANTRONICS.
cmd:
INTFACE KISS
RESET
c
KANTRONICS ALL MODE COMMUNICATOR KAM-XL VERSION 1.07050
(C) COPYRIGHT 2006 BY KANTRONICS INC.  ALL RIGHTS RESERVED.
DUPLICATION PROHIBITED WITHOUT PERMISSION OF KANTRONICS.
cmd:
cINTFACE KISS
RESET
md
KANTRONICS ALL MODE COMMUNICATOR KAM-XL VERSION 1.07050
(C) COPYRIGHT 2006 BY KANTRONICS INC.  ALL RIGHTS RESERVED.
DUPLICATION PROHIBITED WITHOUT PERMISSION OF KANTRONICS.
cmd:
INTFACE KISS
RESET
cmd
KANTRONICS ALL MODE COMMUNICATOR KAM-XL VERSION 1.07050
(C) COPYRIGHT 2006 BY KANTRONICS INC.  ALL RIGHTS RESERVED.
DUPLICATION PROHIBITED WITHOUT PERMISSION OF KANTRONICS.
cmd:
cINTFACE KISS
RESET
