2013-09-01T13:53:53.969-04:00: Stable Library
2013-09-01T13:53:53.969-04:00: =========================================
2013-09-01T13:53:53.985-04:00: Native lib Version = RXTX-2.1-7
2013-09-01T13:53:53.985-04:00: Java lib Version   = RXTX-2.1-7
2013-09-01T13:54:16.048-04:00: a89ea0a89ea0e18ea49eaa9c88e07f80c00101010101010000000000000000000000000000000000000000000000000000000000000000000000000000000000000000000000000000000000000000000000000000000000000000000000000000000000000000000000000000000000000000000000000000000000000000000000000000000000000000000000000000000000000000000000000000000000000000000000000000000000000000000000000000000000000000000000000000000000000000000000000000000000000000000000000000000000000000000000000000000000000000000000000000000000000000000000000000000000000000000000000000000000000000000000000000000000000000000000000000000000000000000000000000000000000000000000000000000000
2013-09-01T13:54:16.048-04:00: a8
2013-09-01T13:54:16.048-04:00: 9e
2013-09-01T13:54:16.048-04:00: a0
2013-09-01T13:54:16.048-04:00: a8
2013-09-01T13:54:16.048-04:00: 9e
2013-09-01T13:54:16.048-04:00: a0
2013-09-01T13:54:16.048-04:00: e1
2013-09-01T13:54:16.048-04:00: 8e
2013-09-01T13:54:16.048-04:00: a4
2013-09-01T13:54:16.048-04:00: 9e
2013-09-01T13:54:16.048-04:00: aa
2013-09-01T13:54:16.063-04:00: 9c
2013-09-01T13:54:16.063-04:00: 88
2013-09-01T13:54:16.063-04:00: e0
2013-09-01T13:54:16.063-04:00: 7f
2013-09-01T13:54:16.063-04:00: 80
2013-09-01T13:54:16.063-04:00: first if case:db
2013-09-01T13:54:16.063-04:00: first if case c0:dc
2013-09-01T13:54:16.063-04:00: 01
2013-09-01T13:54:16.063-04:00: 01
2013-09-01T13:54:16.063-04:00: 01
2013-09-01T13:54:16.063-04:00: 01
2013-09-01T13:54:16.063-04:00: 01
2013-09-01T13:54:16.063-04:00: 01
2013-09-01T13:54:16.063-04:00: 00
2013-09-01T13:54:16.063-04:00: 00
2013-09-01T13:54:16.063-04:00: 00
2013-09-01T13:54:16.063-04:00: 00
2013-09-01T13:54:16.063-04:00: 00
2013-09-01T13:54:16.063-04:00: 00
2013-09-01T13:54:16.079-04:00: 00
2013-09-01T13:54:16.079-04:00: 00
2013-09-01T13:54:16.079-04:00: 00
2013-09-01T13:54:16.079-04:00: 00
2013-09-01T13:54:16.079-04:00: 00
2013-09-01T13:54:16.079-04:00: 00
2013-09-01T13:54:16.079-04:00: 00
2013-09-01T13:54:16.079-04:00: 00
2013-09-01T13:54:16.079-04:00: 00
2013-09-01T13:54:16.079-04:00: 00
2013-09-01T13:54:16.079-04:00: 00
2013-09-01T13:54:16.079-04:00: 00
2013-09-01T13:54:16.079-04:00: 00
2013-09-01T13:54:16.079-04:00: 00
2013-09-01T13:54:16.079-04:00: 00
2013-09-01T13:54:16.079-04:00: 00
2013-09-01T13:54:16.079-04:00: 00
2013-09-01T13:54:16.079-04:00: 00
2013-09-01T13:54:16.094-04:00: 00
2013-09-01T13:54:16.094-04:00: 00
2013-09-01T13:54:16.094-04:00: 00
2013-09-01T13:54:16.094-04:00: 00
2013-09-01T13:54:16.094-04:00: 00
2013-09-01T13:54:16.094-04:00: 00
2013-09-01T13:54:16.094-04:00: 00
2013-09-01T13:54:16.094-04:00: 00
2013-09-01T13:54:16.094-04:00: 00
2013-09-01T13:54:16.094-04:00: 00
2013-09-01T13:54:16.094-04:00: 00
2013-09-01T13:54:16.094-04:00: 00
2013-09-01T13:54:16.094-04:00: 00
2013-09-01T13:54:16.094-04:00: 00
2013-09-01T13:54:16.094-04:00: 00
2013-09-01T13:54:16.094-04:00: 00
2013-09-01T13:54:16.094-04:00: 00
2013-09-01T13:54:16.110-04:00: 00
2013-09-01T13:54:16.110-04:00: 00
2013-09-01T13:54:16.110-04:00: 00
2013-09-01T13:54:16.110-04:00: 00
2013-09-01T13:54:16.110-04:00: 00
2013-09-01T13:54:16.110-04:00: 00
2013-09-01T13:54:16.110-04:00: 00
2013-09-01T13:54:16.110-04:00: 00
2013-09-01T13:54:16.110-04:00: 00
2013-09-01T13:54:16.110-04:00: 00
2013-09-01T13:54:16.110-04:00: 00
2013-09-01T13:54:16.110-04:00: 00
2013-09-01T13:54:16.110-04:00: 00
2013-09-01T13:54:16.110-04:00: 00
2013-09-01T13:54:16.110-04:00: 00
2013-09-01T13:54:16.110-04:00: 00
2013-09-01T13:54:16.110-04:00: 00
2013-09-01T13:54:16.110-04:00: 00
2013-09-01T13:54:16.110-04:00: 00
2013-09-01T13:54:16.126-04:00: 00
2013-09-01T13:54:16.126-04:00: 00
2013-09-01T13:54:16.126-04:00: 00
2013-09-01T13:54:16.126-04:00: 00
2013-09-01T13:54:16.126-04:00: 00
2013-09-01T13:54:16.126-04:00: 00
2013-09-01T13:54:16.126-04:00: 00
2013-09-01T13:54:16.126-04:00: 00
2013-09-01T13:54:16.126-04:00: 00
2013-09-01T13:54:16.126-04:00: 00
2013-09-01T13:54:16.126-04:00: 00
2013-09-01T13:54:16.126-04:00: 00
2013-09-01T13:54:16.126-04:00: 00
2013-09-01T13:54:16.126-04:00: 00
2013-09-01T13:54:16.126-04:00: 00
2013-09-01T13:54:16.126-04:00: 00
2013-09-01T13:54:16.126-04:00: 00
2013-09-01T13:54:16.126-04:00: 00
2013-09-01T13:54:16.126-04:00: 00
2013-09-01T13:54:16.126-04:00: 00
2013-09-01T13:54:16.141-04:00: 00
2013-09-01T13:54:16.141-04:00: 00
2013-09-01T13:54:16.141-04:00: 00
2013-09-01T13:54:16.141-04:00: 00
2013-09-01T13:54:16.141-04:00: 00
2013-09-01T13:54:16.141-04:00: 00
2013-09-01T13:54:16.141-04:00: 00
2013-09-01T13:54:16.141-04:00: 00
2013-09-01T13:54:16.141-04:00: 00
2013-09-01T13:54:16.141-04:00: 00
2013-09-01T13:54:16.141-04:00: 00
2013-09-01T13:54:16.141-04:00: 00
2013-09-01T13:54:16.141-04:00: 00
2013-09-01T13:54:16.141-04:00: 00
2013-09-01T13:54:16.141-04:00: 00
2013-09-01T13:54:16.141-04:00: 00
2013-09-01T13:54:16.141-04:00: 00
2013-09-01T13:54:16.141-04:00: 00
2013-09-01T13:54:16.157-04:00: 00
2013-09-01T13:54:16.157-04:00: 00
2013-09-01T13:54:16.157-04:00: 00
2013-09-01T13:54:16.157-04:00: 00
2013-09-01T13:54:16.157-04:00: 00
2013-09-01T13:54:16.157-04:00: 00
2013-09-01T13:54:16.157-04:00: 00
2013-09-01T13:54:16.157-04:00: 00
2013-09-01T13:54:16.157-04:00: 00
2013-09-01T13:54:16.157-04:00: 00
2013-09-01T13:54:16.157-04:00: 00
2013-09-01T13:54:16.157-04:00: 00
2013-09-01T13:54:16.157-04:00: 00
2013-09-01T13:54:16.157-04:00: 00
2013-09-01T13:54:16.157-04:00: 00
2013-09-01T13:54:16.157-04:00: 00
2013-09-01T13:54:16.157-04:00: 00
2013-09-01T13:54:16.157-04:00: 00
2013-09-01T13:54:16.157-04:00: 00
2013-09-01T13:54:16.157-04:00: 00
2013-09-01T13:54:16.157-04:00: 00
2013-09-01T13:54:16.157-04:00: 00
2013-09-01T13:54:16.173-04:00: 00
2013-09-01T13:54:16.173-04:00: 00
2013-09-01T13:54:16.173-04:00: 00
2013-09-01T13:54:16.173-04:00: 00
2013-09-01T13:54:16.173-04:00: 00
2013-09-01T13:54:16.173-04:00: 00
2013-09-01T13:54:16.173-04:00: 00
2013-09-01T13:54:16.173-04:00: 00
2013-09-01T13:54:16.173-04:00: 00
2013-09-01T13:54:16.173-04:00: 00
2013-09-01T13:54:16.173-04:00: 00
2013-09-01T13:54:16.173-04:00: 00
2013-09-01T13:54:16.173-04:00: 00
2013-09-01T13:54:16.173-04:00: 00
2013-09-01T13:54:16.173-04:00: 00
2013-09-01T13:54:16.173-04:00: 00
2013-09-01T13:54:16.173-04:00: 00
2013-09-01T13:54:16.173-04:00: 00
2013-09-01T13:54:16.173-04:00: 00
2013-09-01T13:54:16.173-04:00: 00
2013-09-01T13:54:16.173-04:00: 00
2013-09-01T13:54:16.173-04:00: 00
2013-09-01T13:54:16.188-04:00: 00
2013-09-01T13:54:16.188-04:00: 00
2013-09-01T13:54:16.188-04:00: 00
2013-09-01T13:54:16.188-04:00: 00
2013-09-01T13:54:16.188-04:00: 00
2013-09-01T13:54:16.188-04:00: 00
2013-09-01T13:54:16.188-04:00: 00
2013-09-01T13:54:16.188-04:00: 00
2013-09-01T13:54:16.188-04:00: 00
2013-09-01T13:54:16.188-04:00: 00
2013-09-01T13:54:16.188-04:00: 00
2013-09-01T13:54:16.188-04:00: 00
2013-09-01T13:54:16.188-04:00: 00
2013-09-01T13:54:16.188-04:00: 00
2013-09-01T13:54:16.188-04:00: 00
2013-09-01T13:54:16.188-04:00: 00
2013-09-01T13:54:16.188-04:00: 00
2013-09-01T13:54:16.188-04:00: 00
2013-09-01T13:54:16.188-04:00: 00
2013-09-01T13:54:16.188-04:00: 00
2013-09-01T13:54:16.188-04:00: 00
2013-09-01T13:54:16.188-04:00: 00
2013-09-01T13:54:16.188-04:00: 00
2013-09-01T13:54:16.204-04:00: 00
2013-09-01T13:54:16.204-04:00: 00
2013-09-01T13:54:16.204-04:00: 00
2013-09-01T13:54:16.204-04:00: 00
2013-09-01T13:54:16.204-04:00: 00
2013-09-01T13:54:16.204-04:00: 00
2013-09-01T13:54:16.204-04:00: 00
2013-09-01T13:54:16.204-04:00: 00
2013-09-01T13:54:16.204-04:00: 00
2013-09-01T13:54:16.204-04:00: 00
2013-09-01T13:54:16.204-04:00: 00
2013-09-01T13:54:16.204-04:00: 00
2013-09-01T13:54:16.204-04:00: 00
2013-09-01T13:54:16.204-04:00: 00
2013-09-01T13:54:16.204-04:00: 00
2013-09-01T13:54:16.204-04:00: 00
2013-09-01T13:54:16.204-04:00: 00
2013-09-01T13:54:16.204-04:00: 00
2013-09-01T13:54:16.204-04:00: 00
2013-09-01T13:54:16.204-04:00: 00
2013-09-01T13:54:16.204-04:00: 00
2013-09-01T13:54:16.204-04:00: 00
2013-09-01T13:54:16.204-04:00: 00
2013-09-01T13:54:16.219-04:00: 00
2013-09-01T13:54:16.219-04:00: 00
2013-09-01T13:54:16.219-04:00: 00
2013-09-01T13:54:16.219-04:00: 00
2013-09-01T13:54:16.219-04:00: 00
2013-09-01T13:54:16.219-04:00: 00
2013-09-01T13:54:16.219-04:00: 00
2013-09-01T13:54:16.219-04:00: 00
2013-09-01T13:54:16.219-04:00: 00
2013-09-01T13:54:16.219-04:00: 00
2013-09-01T13:54:16.219-04:00: 00
2013-09-01T13:54:16.219-04:00: 00
2013-09-01T13:54:16.219-04:00: 00
2013-09-01T13:54:16.219-04:00: 00
2013-09-01T13:54:16.219-04:00: 00
2013-09-01T13:54:16.219-04:00: 00
2013-09-01T13:54:16.219-04:00: 00
2013-09-01T13:54:16.219-04:00: 00
2013-09-01T13:54:16.235-04:00: 00
2013-09-01T13:54:16.235-04:00: 00
2013-09-01T13:54:16.235-04:00: 00
2013-09-01T13:54:16.235-04:00: 00
2013-09-01T13:54:16.235-04:00: 00
2013-09-01T13:54:16.235-04:00: 00
2013-09-01T13:54:16.235-04:00: 00
2013-09-01T13:54:16.235-04:00: 00
2013-09-01T13:54:16.235-04:00: 00
2013-09-01T13:54:16.235-04:00: 00
2013-09-01T13:54:16.235-04:00: 00
2013-09-01T13:54:16.235-04:00: 00
2013-09-01T13:54:16.235-04:00: 00
2013-09-01T13:54:16.235-04:00: 00
2013-09-01T13:54:16.235-04:00: 00
2013-09-01T13:54:16.235-04:00: 00
2013-09-01T13:54:16.235-04:00: 00
2013-09-01T13:54:16.251-04:00: 00
2013-09-01T13:54:16.251-04:00: 00
2013-09-01T13:54:16.251-04:00: 00
2013-09-01T13:54:16.251-04:00: 00
2013-09-01T13:54:16.251-04:00: 00
2013-09-01T13:54:16.251-04:00: 00
2013-09-01T13:54:16.251-04:00: 00
2013-09-01T13:54:16.251-04:00: 00
2013-09-01T13:54:16.251-04:00: 00
2013-09-01T13:54:16.251-04:00: 00
2013-09-01T13:54:16.251-04:00: 00
2013-09-01T13:54:16.251-04:00: 00
2013-09-01T13:54:16.251-04:00: 00
2013-09-01T13:54:16.251-04:00: 00
2013-09-01T13:54:16.251-04:00: 00
2013-09-01T13:54:16.251-04:00: 00
2013-09-01T13:54:16.251-04:00: 00
2013-09-01T13:54:16.251-04:00: 00
2013-09-01T13:54:16.251-04:00: 00
2013-09-01T13:54:16.251-04:00: 00
2013-09-01T13:54:16.251-04:00: 00
2013-09-01T13:54:16.251-04:00: 00
2013-09-01T13:54:16.251-04:00: 00
2013-09-01T13:54:16.251-04:00: 00
2013-09-01T13:54:16.266-04:00: 00
2013-09-01T13:54:16.266-04:00: 00
2013-09-01T13:54:16.266-04:00: 00
2013-09-01T13:54:16.266-04:00: 00
2013-09-01T13:54:16.266-04:00: 00
2013-09-01T13:54:16.266-04:00: 00
2013-09-01T13:54:16.266-04:00: 00
2013-09-01T13:54:16.266-04:00: 00
2013-09-01T13:54:16.266-04:00: 00
2013-09-01T13:54:16.266-04:00: 00
2013-09-01T13:54:16.266-04:00: 00
2013-09-01T13:54:16.266-04:00: 00
2013-09-01T13:54:16.266-04:00: 00
2013-09-01T13:54:16.266-04:00: 00
2013-09-01T13:54:16.266-04:00: 00
2013-09-01T13:54:16.266-04:00: 00
2013-09-01T13:54:16.266-04:00: 00
2013-09-01T13:54:16.266-04:00: 00
2013-09-01T13:54:16.266-04:00: 00
2013-09-01T13:54:16.266-04:00: 00
2013-09-01T13:54:16.266-04:00: 00
2013-09-01T13:54:16.266-04:00: 00
2013-09-01T13:54:16.266-04:00: 00
2013-09-01T13:54:16.266-04:00: 00
2013-09-01T13:54:16.266-04:00: 00
2013-09-01T13:54:16.282-04:00: 00
2013-09-01T13:54:16.282-04:00: 00
2013-09-01T13:54:16.282-04:00: 00
2013-09-01T13:54:16.282-04:00: 00
2013-09-01T13:54:16.282-04:00: 00
2013-09-01T13:54:16.282-04:00: 00
2013-09-01T13:54:16.282-04:00: 00
2013-09-01T13:54:16.282-04:00: 00
2013-09-01T13:54:16.282-04:00: 00
2013-09-01T13:54:16.282-04:00: 00
2013-09-01T13:54:16.282-04:00: 00
2013-09-01T13:54:16.282-04:00: 00
2013-09-01T13:54:16.282-04:00: 00
2013-09-01T13:54:16.282-04:00: 00
2013-09-01T13:54:16.282-04:00: 00
2013-09-01T13:54:16.282-04:00: 00
2013-09-01T13:54:16.282-04:00: 00
2013-09-01T13:54:16.282-04:00: 00
2013-09-01T13:54:16.282-04:00: 00
2013-09-01T13:54:16.282-04:00: 00
2013-09-01T13:54:16.282-04:00: 00
2013-09-01T13:54:21.969-04:00: 00 WAIT 
2013-09-01T13:54:21.969-04:00:  e6 WAIT 
2013-09-01T13:54:22.751-04:00: ?80 WAIT 
2013-09-01T13:54:22.751-04:00: ?98 WAIT 
2013-09-01T13:54:22.751-04:00: ?80 WAIT 
2013-09-01T13:54:22.751-04:00: ?7e WAIT 
2013-09-01T13:54:22.751-04:00: ~06 WAIT 
2013-09-01T13:54:22.751-04:00: 66 WAIT 
2013-09-01T13:54:22.766-04:00: f98 WAIT 
2013-09-01T13:54:22.766-04:00: ?66 WAIT 
2013-09-01T13:54:22.766-04:00: f80 WAIT 
2013-09-01T13:54:22.766-04:00: ?98 WAIT 
2013-09-01T13:54:22.766-04:00: ?80 WAIT 
2013-09-01T13:54:22.766-04:00: ?e6 WAIT 
2013-09-01T13:54:24.329-04:00: ?80 WAIT 
2013-09-01T13:54:24.329-04:00: ?98 WAIT 
2013-09-01T13:54:24.329-04:00: ?80 WAIT 
2013-09-01T13:54:24.329-04:00: ?7e WAIT 
2013-09-01T13:54:24.329-04:00: ~06 WAIT 
2013-09-01T13:54:24.329-04:00: 66 WAIT 
2013-09-01T13:54:24.329-04:00: f98 WAIT 
2013-09-01T13:54:24.329-04:00: ?66 WAIT 
2013-09-01T13:54:24.329-04:00: f80 WAIT 
2013-09-01T13:54:24.329-04:00: ?98 WAIT 
2013-09-01T13:54:24.329-04:00: ?80 WAIT 
2013-09-01T13:54:24.344-04:00: ?a89ea0a89ea0e18ea49eaa9c88e07f80c00101010101010000000000000000000000000000000000000000000000000000000000000000000000000000000000000000000000000000000000000000000000000000000000000000000000000000000000000000000000000000000000000000000000000000000000000000000000000000000000000000000000000000000000000000000000000000000000000000000000000000000000000000000000000000000000000000000000000000000000000000000000000000000000000000000000000000000000000000000000000000000000000000000000000000000000000000000000000000000000000000000000000000000000000000000000000000000000000000000000000000000000000000000000000000000000000000000000000000000000
2013-09-01T13:54:28.032-04:00: a8
2013-09-01T13:54:28.032-04:00: 9e
2013-09-01T13:54:28.048-04:00: a0
2013-09-01T13:54:28.048-04:00: a8
2013-09-01T13:54:28.048-04:00: 9e
2013-09-01T13:54:28.048-04:00: a0
2013-09-01T13:54:28.048-04:00: e1
2013-09-01T13:54:28.048-04:00: 8e
2013-09-01T13:54:28.048-04:00: a4
2013-09-01T13:54:28.048-04:00: 9e
2013-09-01T13:54:28.048-04:00: aa
2013-09-01T13:54:28.048-04:00: 9c
2013-09-01T13:54:28.048-04:00: 88
2013-09-01T13:54:28.048-04:00: e0
2013-09-01T13:54:28.048-04:00: 7f
2013-09-01T13:54:28.048-04:00: 80
2013-09-01T13:54:28.048-04:00: first if case:db
2013-09-01T13:54:28.048-04:00: first if case c0:dc
2013-09-01T13:54:28.048-04:00: 01
2013-09-01T13:54:28.048-04:00: 01
2013-09-01T13:54:28.048-04:00: 01
2013-09-01T13:54:28.048-04:00: 01
2013-09-01T13:54:28.048-04:00: 01
2013-09-01T13:54:28.048-04:00: 01
2013-09-01T13:54:28.048-04:00: 00
2013-09-01T13:54:28.048-04:00: 00
2013-09-01T13:54:28.048-04:00: 00
2013-09-01T13:54:28.048-04:00: 00
2013-09-01T13:54:28.048-04:00: 00
2013-09-01T13:54:28.048-04:00: 00
2013-09-01T13:54:28.048-04:00: 00
2013-09-01T13:54:28.048-04:00: 00
2013-09-01T13:54:28.063-04:00: 00
2013-09-01T13:54:28.063-04:00: 00
2013-09-01T13:54:28.063-04:00: 00
2013-09-01T13:54:28.063-04:00: 00
2013-09-01T13:54:28.063-04:00: 00
2013-09-01T13:54:28.063-04:00: 00
2013-09-01T13:54:28.063-04:00: 00
2013-09-01T13:54:28.063-04:00: 00
2013-09-01T13:54:28.063-04:00: 00
2013-09-01T13:54:28.063-04:00: 00
2013-09-01T13:54:28.063-04:00: 00
2013-09-01T13:54:28.063-04:00: 00
2013-09-01T13:54:28.063-04:00: 00
2013-09-01T13:54:28.063-04:00: 00
2013-09-01T13:54:28.063-04:00: 00
2013-09-01T13:54:28.063-04:00: 00
2013-09-01T13:54:28.063-04:00: 00
2013-09-01T13:54:28.063-04:00: 00
2013-09-01T13:54:28.063-04:00: 00
2013-09-01T13:54:28.063-04:00: 00
2013-09-01T13:54:28.063-04:00: 00
2013-09-01T13:54:28.063-04:00: 00
2013-09-01T13:54:28.063-04:00: 00
2013-09-01T13:54:28.063-04:00: 00
2013-09-01T13:54:28.063-04:00: 00
2013-09-01T13:54:28.063-04:00: 00
2013-09-01T13:54:28.063-04:00: 00
2013-09-01T13:54:28.063-04:00: 00
2013-09-01T13:54:28.063-04:00: 00
2013-09-01T13:54:28.063-04:00: 00
2013-09-01T13:54:28.063-04:00: 00
2013-09-01T13:54:28.079-04:00: 00
2013-09-01T13:54:28.079-04:00: 00
2013-09-01T13:54:28.079-04:00: 00
2013-09-01T13:54:28.079-04:00: 00
2013-09-01T13:54:28.079-04:00: 00
2013-09-01T13:54:28.079-04:00: 00
2013-09-01T13:54:28.079-04:00: 00
2013-09-01T13:54:28.079-04:00: 00
2013-09-01T13:54:28.079-04:00: 00
2013-09-01T13:54:28.079-04:00: 00
2013-09-01T13:54:28.079-04:00: 00
2013-09-01T13:54:28.079-04:00: 00
2013-09-01T13:54:28.079-04:00: 00
2013-09-01T13:54:28.079-04:00: 00
2013-09-01T13:54:28.079-04:00: 00
2013-09-01T13:54:28.079-04:00: 00
2013-09-01T13:54:28.079-04:00: 00
2013-09-01T13:54:28.079-04:00: 00
2013-09-01T13:54:28.079-04:00: 00
2013-09-01T13:54:28.079-04:00: 00
2013-09-01T13:54:28.079-04:00: 00
2013-09-01T13:54:28.079-04:00: 00
2013-09-01T13:54:28.079-04:00: 00
2013-09-01T13:54:28.079-04:00: 00
2013-09-01T13:54:28.079-04:00: 00
2013-09-01T13:54:28.079-04:00: 00
2013-09-01T13:54:28.079-04:00: 00
2013-09-01T13:54:28.079-04:00: 00
2013-09-01T13:54:28.079-04:00: 00
2013-09-01T13:54:28.079-04:00: 00
2013-09-01T13:54:28.079-04:00: 00
2013-09-01T13:54:28.094-04:00: 00
2013-09-01T13:54:28.094-04:00: 00
2013-09-01T13:54:28.094-04:00: 00
2013-09-01T13:54:28.094-04:00: 00
2013-09-01T13:54:28.094-04:00: 00
2013-09-01T13:54:28.094-04:00: 00
2013-09-01T13:54:28.094-04:00: 00
2013-09-01T13:54:28.094-04:00: 00
2013-09-01T13:54:28.094-04:00: 00
2013-09-01T13:54:28.094-04:00: 00
2013-09-01T13:54:28.094-04:00: 00
2013-09-01T13:54:28.094-04:00: 00
2013-09-01T13:54:28.094-04:00: 00
2013-09-01T13:54:28.094-04:00: 00
2013-09-01T13:54:28.094-04:00: 00
2013-09-01T13:54:28.094-04:00: 00
2013-09-01T13:54:28.094-04:00: 00
2013-09-01T13:54:28.094-04:00: 00
2013-09-01T13:54:28.094-04:00: 00
2013-09-01T13:54:28.094-04:00: 00
2013-09-01T13:54:28.094-04:00: 00
2013-09-01T13:54:28.094-04:00: 00
2013-09-01T13:54:28.094-04:00: 00
2013-09-01T13:54:28.094-04:00: 00
2013-09-01T13:54:28.094-04:00: 00
2013-09-01T13:54:28.094-04:00: 00
2013-09-01T13:54:28.094-04:00: 00
2013-09-01T13:54:28.094-04:00: 00
2013-09-01T13:54:28.094-04:00: 00
2013-09-01T13:54:28.094-04:00: 00
2013-09-01T13:54:28.094-04:00: 00
2013-09-01T13:54:28.110-04:00: 00
2013-09-01T13:54:28.110-04:00: 00
2013-09-01T13:54:28.110-04:00: 00
2013-09-01T13:54:28.110-04:00: 00
2013-09-01T13:54:28.110-04:00: 00
2013-09-01T13:54:28.110-04:00: 00
2013-09-01T13:54:28.110-04:00: 00
2013-09-01T13:54:28.110-04:00: 00
2013-09-01T13:54:28.110-04:00: 00
2013-09-01T13:54:28.110-04:00: 00
2013-09-01T13:54:28.110-04:00: 00
2013-09-01T13:54:28.110-04:00: 00
2013-09-01T13:54:28.110-04:00: 00
2013-09-01T13:54:28.110-04:00: 00
2013-09-01T13:54:28.110-04:00: 00
2013-09-01T13:54:28.110-04:00: 00
2013-09-01T13:54:28.110-04:00: 00
2013-09-01T13:54:28.110-04:00: 00
2013-09-01T13:54:28.110-04:00: 00
2013-09-01T13:54:28.110-04:00: 00
2013-09-01T13:54:28.110-04:00: 00
2013-09-01T13:54:28.110-04:00: 00
2013-09-01T13:54:28.110-04:00: 00
2013-09-01T13:54:28.110-04:00: 00
2013-09-01T13:54:28.110-04:00: 00
2013-09-01T13:54:28.110-04:00: 00
2013-09-01T13:54:28.110-04:00: 00
2013-09-01T13:54:28.110-04:00: 00
2013-09-01T13:54:28.110-04:00: 00
2013-09-01T13:54:28.126-04:00: 00
2013-09-01T13:54:28.126-04:00: 00
2013-09-01T13:54:28.126-04:00: 00
2013-09-01T13:54:28.126-04:00: 00
2013-09-01T13:54:28.126-04:00: 00
2013-09-01T13:54:28.126-04:00: 00
2013-09-01T13:54:28.126-04:00: 00
2013-09-01T13:54:28.126-04:00: 00
2013-09-01T13:54:28.126-04:00: 00
2013-09-01T13:54:28.126-04:00: 00
2013-09-01T13:54:28.126-04:00: 00
2013-09-01T13:54:28.126-04:00: 00
2013-09-01T13:54:28.126-04:00: 00
2013-09-01T13:54:28.126-04:00: 00
2013-09-01T13:54:28.126-04:00: 00
2013-09-01T13:54:28.126-04:00: 00
2013-09-01T13:54:28.126-04:00: 00
2013-09-01T13:54:28.126-04:00: 00
2013-09-01T13:54:28.126-04:00: 00
2013-09-01T13:54:28.126-04:00: 00
2013-09-01T13:54:28.126-04:00: 00
2013-09-01T13:54:28.126-04:00: 00
2013-09-01T13:54:28.126-04:00: 00
2013-09-01T13:54:28.126-04:00: 00
2013-09-01T13:54:28.126-04:00: 00
2013-09-01T13:54:28.126-04:00: 00
2013-09-01T13:54:28.126-04:00: 00
2013-09-01T13:54:28.126-04:00: 00
2013-09-01T13:54:28.126-04:00: 00
2013-09-01T13:54:28.126-04:00: 00
2013-09-01T13:54:28.126-04:00: 00
2013-09-01T13:54:28.126-04:00: 00
2013-09-01T13:54:28.126-04:00: 00
2013-09-01T13:54:28.126-04:00: 00
2013-09-01T13:54:28.141-04:00: 00
2013-09-01T13:54:28.141-04:00: 00
2013-09-01T13:54:28.141-04:00: 00
2013-09-01T13:54:28.141-04:00: 00
2013-09-01T13:54:28.141-04:00: 00
2013-09-01T13:54:28.141-04:00: 00
2013-09-01T13:54:28.141-04:00: 00
2013-09-01T13:54:28.141-04:00: 00
2013-09-01T13:54:28.141-04:00: 00
2013-09-01T13:54:28.141-04:00: 00
2013-09-01T13:54:28.141-04:00: 00
2013-09-01T13:54:28.141-04:00: 00
2013-09-01T13:54:28.141-04:00: 00
2013-09-01T13:54:28.141-04:00: 00
2013-09-01T13:54:28.141-04:00: 00
2013-09-01T13:54:28.141-04:00: 00
2013-09-01T13:54:28.141-04:00: 00
2013-09-01T13:54:28.141-04:00: 00
2013-09-01T13:54:28.141-04:00: 00
2013-09-01T13:54:28.141-04:00: 00
2013-09-01T13:54:28.141-04:00: 00
2013-09-01T13:54:28.141-04:00: 00
2013-09-01T13:54:28.141-04:00: 00
2013-09-01T13:54:28.141-04:00: 00
2013-09-01T13:54:28.141-04:00: 00
2013-09-01T13:54:28.141-04:00: 00
2013-09-01T13:54:28.141-04:00: 00
2013-09-01T13:54:28.141-04:00: 00
2013-09-01T13:54:28.141-04:00: 00
2013-09-01T13:54:28.141-04:00: 00
2013-09-01T13:54:28.141-04:00: 00
2013-09-01T13:54:28.141-04:00: 00
2013-09-01T13:54:28.141-04:00: 00
2013-09-01T13:54:28.141-04:00: 00
2013-09-01T13:54:28.157-04:00: 00
2013-09-01T13:54:28.157-04:00: 00
2013-09-01T13:54:28.157-04:00: 00
2013-09-01T13:54:28.157-04:00: 00
2013-09-01T13:54:28.157-04:00: 00
2013-09-01T13:54:28.157-04:00: 00
2013-09-01T13:54:28.157-04:00: 00
2013-09-01T13:54:28.157-04:00: 00
2013-09-01T13:54:28.157-04:00: 00
2013-09-01T13:54:28.157-04:00: 00
2013-09-01T13:54:28.157-04:00: 00
2013-09-01T13:54:28.157-04:00: 00
2013-09-01T13:54:28.157-04:00: 00
2013-09-01T13:54:28.157-04:00: 00
2013-09-01T13:54:28.157-04:00: 00
2013-09-01T13:54:28.157-04:00: 00
2013-09-01T13:54:28.157-04:00: 00
2013-09-01T13:54:28.157-04:00: 00
2013-09-01T13:54:28.157-04:00: 00
2013-09-01T13:54:28.157-04:00: 00
2013-09-01T13:54:28.157-04:00: 00
2013-09-01T13:54:28.157-04:00: 00
2013-09-01T13:54:28.157-04:00: 00
2013-09-01T13:54:28.157-04:00: 00
2013-09-01T13:54:28.157-04:00: 00
2013-09-01T13:54:28.157-04:00: 00
2013-09-01T13:54:28.157-04:00: 00
2013-09-01T13:54:28.157-04:00: 00
2013-09-01T13:54:28.157-04:00: 00
2013-09-01T13:54:28.157-04:00: 00
2013-09-01T13:54:28.157-04:00: 00
2013-09-01T13:54:28.157-04:00: 00
2013-09-01T13:54:28.157-04:00: 00
2013-09-01T13:54:28.173-04:00: 00
2013-09-01T13:54:28.173-04:00: 00
2013-09-01T13:54:28.173-04:00: 00
2013-09-01T13:54:28.173-04:00: 00
2013-09-01T13:54:28.173-04:00: 00
2013-09-01T13:54:28.173-04:00: 00
2013-09-01T13:54:28.173-04:00: 00
2013-09-01T13:54:28.173-04:00: 00
2013-09-01T13:54:28.173-04:00: 00
2013-09-01T13:54:28.173-04:00: 00
2013-09-01T13:54:28.173-04:00: 00
2013-09-01T13:54:28.173-04:00: 00
2013-09-01T13:54:28.173-04:00: 00
2013-09-01T13:54:28.173-04:00: 00
2013-09-01T13:54:28.173-04:00: 00
2013-09-01T13:54:28.173-04:00: 00
2013-09-01T13:54:28.173-04:00: 00
2013-09-01T13:54:28.173-04:00: 00
2013-09-01T13:54:28.173-04:00: 00
2013-09-01T13:54:28.173-04:00: 00
2013-09-01T13:54:28.173-04:00: 00
2013-09-01T13:54:28.173-04:00: 00
2013-09-01T13:54:28.173-04:00: 00
2013-09-01T13:54:28.173-04:00: 00
2013-09-01T13:54:28.173-04:00: 00
2013-09-01T13:54:28.173-04:00: 00
2013-09-01T13:54:28.173-04:00: 00
2013-09-01T13:54:28.173-04:00: 00
2013-09-01T13:54:28.173-04:00: 00
2013-09-01T13:54:28.173-04:00: 00
2013-09-01T13:54:28.173-04:00: 00
2013-09-01T13:54:28.173-04:00: 00
2013-09-01T13:54:28.173-04:00: 00
2013-09-01T13:54:28.173-04:00: 00
2013-09-01T13:54:28.188-04:00: 00
2013-09-01T13:54:28.188-04:00: 00
2013-09-01T13:54:28.188-04:00: 00
2013-09-01T13:54:28.188-04:00: 00
2013-09-01T13:54:28.188-04:00: 00
2013-09-01T13:54:28.188-04:00: 00
2013-09-01T13:54:28.188-04:00: 00
2013-09-01T13:54:28.188-04:00: 00
2013-09-01T13:54:28.188-04:00: 00
2013-09-01T13:54:28.188-04:00: 00
2013-09-01T13:54:28.188-04:00: 00
2013-09-01T13:54:28.188-04:00: 00
2013-09-01T13:54:28.188-04:00: 00
2013-09-01T13:54:28.188-04:00: 00
2013-09-01T13:54:28.188-04:00: 00
2013-09-01T13:54:28.188-04:00: 00
2013-09-01T13:54:28.188-04:00: 00
2013-09-01T13:54:28.188-04:00: 00
2013-09-01T13:54:28.188-04:00: 00
2013-09-01T13:54:28.188-04:00: 00
2013-09-01T13:54:28.188-04:00: 00
2013-09-01T13:54:28.188-04:00: 00
2013-09-01T13:54:28.188-04:00: 00
2013-09-01T13:54:28.188-04:00: 00
2013-09-01T13:54:28.188-04:00: 00
2013-09-01T13:54:28.188-04:00: 00
2013-09-01T13:54:28.188-04:00: 00
2013-09-01T13:54:28.188-04:00: 00
2013-09-01T13:54:31.298-04:00: a89ea0a89ea0e18ea49eaa9c88e07f80c00101010101010000000000000000000000000000000000000000000000000000000000000000000000000000000000000000000000000000000000000000000000000000000000000000000000000000000000000000000000000000000000000000000000000000000000000000000000000000000000000000000000000000000000000000000000000000000000000000000000000000000000000000000000000000000000000000000000000000000000000000000000000000000000000000000000000000000000000000000000000000000000000000000000000000000000000000000000000000000000000000000000000000000000000000000000000000000000000000000000000000000000000000000000000000000000000000000000000000000000
2013-09-01T13:54:31.298-04:00: a8
2013-09-01T13:54:31.298-04:00: 9e
2013-09-01T13:54:31.298-04:00: a0
2013-09-01T13:54:31.298-04:00: a8
2013-09-01T13:54:31.298-04:00: 9e
2013-09-01T13:54:31.298-04:00: a0
2013-09-01T13:54:31.298-04:00: e1
2013-09-01T13:54:31.298-04:00: 8e
2013-09-01T13:54:31.298-04:00: a4
2013-09-01T13:54:31.298-04:00: 9e
2013-09-01T13:54:31.298-04:00: aa
2013-09-01T13:54:31.298-04:00: 9c
2013-09-01T13:54:31.298-04:00: 88
2013-09-01T13:54:31.298-04:00: e0
2013-09-01T13:54:31.298-04:00: 7f
2013-09-01T13:54:31.298-04:00: 80
2013-09-01T13:54:31.298-04:00: first if case:db
2013-09-01T13:54:31.298-04:00: first if case c0:dc
2013-09-01T13:54:31.298-04:00: 01
2013-09-01T13:54:31.298-04:00: 01
2013-09-01T13:54:31.298-04:00: 01
2013-09-01T13:54:31.298-04:00: 01
2013-09-01T13:54:31.298-04:00: 01
2013-09-01T13:54:31.298-04:00: 01
2013-09-01T13:54:31.313-04:00: 00
2013-09-01T13:54:31.313-04:00: 00
2013-09-01T13:54:31.313-04:00: 00
2013-09-01T13:54:31.313-04:00: 00
2013-09-01T13:54:31.313-04:00: 00
2013-09-01T13:54:31.313-04:00: 00
2013-09-01T13:54:31.313-04:00: 00
2013-09-01T13:54:31.313-04:00: 00
2013-09-01T13:54:31.313-04:00: 00
2013-09-01T13:54:31.313-04:00: 00
2013-09-01T13:54:31.313-04:00: 00
2013-09-01T13:54:31.313-04:00: 00
2013-09-01T13:54:31.313-04:00: 00
2013-09-01T13:54:31.313-04:00: 00
2013-09-01T13:54:31.313-04:00: 00
2013-09-01T13:54:31.313-04:00: 00
2013-09-01T13:54:31.313-04:00: 00
2013-09-01T13:54:31.313-04:00: 00
2013-09-01T13:54:31.313-04:00: 00
2013-09-01T13:54:31.313-04:00: 00
2013-09-01T13:54:31.313-04:00: 00
2013-09-01T13:54:31.313-04:00: 00
2013-09-01T13:54:31.313-04:00: 00
2013-09-01T13:54:31.313-04:00: 00
2013-09-01T13:54:31.313-04:00: 00
2013-09-01T13:54:31.313-04:00: 00
2013-09-01T13:54:31.313-04:00: 00
2013-09-01T13:54:31.313-04:00: 00
2013-09-01T13:54:31.313-04:00: 00
2013-09-01T13:54:31.313-04:00: 00
2013-09-01T13:54:31.313-04:00: 00
2013-09-01T13:54:31.329-04:00: 00
2013-09-01T13:54:31.329-04:00: 00
2013-09-01T13:54:31.329-04:00: 00
2013-09-01T13:54:31.329-04:00: 00
2013-09-01T13:54:31.329-04:00: 00
2013-09-01T13:54:31.329-04:00: 00
2013-09-01T13:54:31.329-04:00: 00
2013-09-01T13:54:31.329-04:00: 00
2013-09-01T13:54:31.329-04:00: 00
2013-09-01T13:54:31.329-04:00: 00
2013-09-01T13:54:31.329-04:00: 00
2013-09-01T13:54:31.329-04:00: 00
2013-09-01T13:54:31.329-04:00: 00
2013-09-01T13:54:31.329-04:00: 00
2013-09-01T13:54:31.329-04:00: 00
2013-09-01T13:54:31.329-04:00: 00
2013-09-01T13:54:31.329-04:00: 00
2013-09-01T13:54:31.329-04:00: 00
2013-09-01T13:54:31.329-04:00: 00
2013-09-01T13:54:31.329-04:00: 00
2013-09-01T13:54:31.329-04:00: 00
2013-09-01T13:54:31.329-04:00: 00
2013-09-01T13:54:31.329-04:00: 00
2013-09-01T13:54:31.329-04:00: 00
2013-09-01T13:54:31.329-04:00: 00
2013-09-01T13:54:31.329-04:00: 00
2013-09-01T13:54:31.329-04:00: 00
2013-09-01T13:54:31.329-04:00: 00
2013-09-01T13:54:31.329-04:00: 00
2013-09-01T13:54:31.329-04:00: 00
2013-09-01T13:54:31.329-04:00: 00
2013-09-01T13:54:31.329-04:00: 00
2013-09-01T13:54:31.329-04:00: 00
2013-09-01T13:54:31.329-04:00: 00
2013-09-01T13:54:31.329-04:00: 00
2013-09-01T13:54:31.329-04:00: 00
2013-09-01T13:54:31.344-04:00: 00
2013-09-01T13:54:31.344-04:00: 00
2013-09-01T13:54:31.344-04:00: 00
2013-09-01T13:54:31.344-04:00: 00
2013-09-01T13:54:31.344-04:00: 00
2013-09-01T13:54:31.344-04:00: 00
2013-09-01T13:54:31.344-04:00: 00
2013-09-01T13:54:31.344-04:00: 00
2013-09-01T13:54:31.344-04:00: 00
2013-09-01T13:54:31.344-04:00: 00
2013-09-01T13:54:31.344-04:00: 00
2013-09-01T13:54:31.344-04:00: 00
2013-09-01T13:54:31.344-04:00: 00
2013-09-01T13:54:31.344-04:00: 00
2013-09-01T13:54:31.344-04:00: 00
2013-09-01T13:54:31.344-04:00: 00
2013-09-01T13:54:31.344-04:00: 00
2013-09-01T13:54:31.344-04:00: 00
2013-09-01T13:54:31.344-04:00: 00
2013-09-01T13:54:31.344-04:00: 00
2013-09-01T13:54:31.344-04:00: 00
2013-09-01T13:54:31.344-04:00: 00
2013-09-01T13:54:31.344-04:00: 00
2013-09-01T13:54:31.344-04:00: 00
2013-09-01T13:54:31.344-04:00: 00
2013-09-01T13:54:31.344-04:00: 00
2013-09-01T13:54:31.344-04:00: 00
2013-09-01T13:54:31.344-04:00: 00
2013-09-01T13:54:31.344-04:00: 00
2013-09-01T13:54:31.344-04:00: 00
2013-09-01T13:54:31.344-04:00: 00
2013-09-01T13:54:31.344-04:00: 00
2013-09-01T13:54:31.344-04:00: 00
2013-09-01T13:54:31.344-04:00: 00
2013-09-01T13:54:31.344-04:00: 00
2013-09-01T13:54:31.344-04:00: 00
2013-09-01T13:54:31.344-04:00: 00
2013-09-01T13:54:31.360-04:00: 00
2013-09-01T13:54:31.360-04:00: 00
2013-09-01T13:54:31.360-04:00: 00
2013-09-01T13:54:31.360-04:00: 00
2013-09-01T13:54:31.360-04:00: 00
2013-09-01T13:54:31.360-04:00: 00
2013-09-01T13:54:31.360-04:00: 00
2013-09-01T13:54:31.360-04:00: 00
2013-09-01T13:54:31.360-04:00: 00
2013-09-01T13:54:31.360-04:00: 00
2013-09-01T13:54:31.360-04:00: 00
2013-09-01T13:54:31.360-04:00: 00
2013-09-01T13:54:31.360-04:00: 00
2013-09-01T13:54:31.360-04:00: 00
2013-09-01T13:54:31.360-04:00: 00
2013-09-01T13:54:31.360-04:00: 00
2013-09-01T13:54:31.360-04:00: 00
2013-09-01T13:54:31.360-04:00: 00
2013-09-01T13:54:31.360-04:00: 00
2013-09-01T13:54:31.360-04:00: 00
2013-09-01T13:54:31.360-04:00: 00
2013-09-01T13:54:31.360-04:00: 00
2013-09-01T13:54:31.360-04:00: 00
2013-09-01T13:54:31.360-04:00: 00
2013-09-01T13:54:31.360-04:00: 00
2013-09-01T13:54:31.360-04:00: 00
2013-09-01T13:54:31.360-04:00: 00
2013-09-01T13:54:31.360-04:00: 00
2013-09-01T13:54:31.360-04:00: 00
2013-09-01T13:54:31.360-04:00: 00
2013-09-01T13:54:31.360-04:00: 00
2013-09-01T13:54:31.360-04:00: 00
2013-09-01T13:54:31.376-04:00: 00
2013-09-01T13:54:31.376-04:00: 00
2013-09-01T13:54:31.376-04:00: 00
2013-09-01T13:54:31.376-04:00: 00
2013-09-01T13:54:31.376-04:00: 00
2013-09-01T13:54:31.376-04:00: 00
2013-09-01T13:54:31.376-04:00: 00
2013-09-01T13:54:31.376-04:00: 00
2013-09-01T13:54:31.376-04:00: 00
2013-09-01T13:54:31.376-04:00: 00
2013-09-01T13:54:31.376-04:00: 00
2013-09-01T13:54:31.376-04:00: 00
2013-09-01T13:54:31.376-04:00: 00
2013-09-01T13:54:31.376-04:00: 00
2013-09-01T13:54:31.376-04:00: 00
2013-09-01T13:54:31.376-04:00: 00
2013-09-01T13:54:31.376-04:00: 00
2013-09-01T13:54:31.376-04:00: 00
2013-09-01T13:54:31.376-04:00: 00
2013-09-01T13:54:31.376-04:00: 00
2013-09-01T13:54:31.376-04:00: 00
2013-09-01T13:54:31.376-04:00: 00
2013-09-01T13:54:31.376-04:00: 00
2013-09-01T13:54:31.376-04:00: 00
2013-09-01T13:54:31.376-04:00: 00
2013-09-01T13:54:31.376-04:00: 00
2013-09-01T13:54:31.376-04:00: 00
2013-09-01T13:54:31.376-04:00: 00
2013-09-01T13:54:31.376-04:00: 00
2013-09-01T13:54:31.376-04:00: 00
2013-09-01T13:54:31.376-04:00: 00
2013-09-01T13:54:31.376-04:00: 00
2013-09-01T13:54:31.376-04:00: 00
2013-09-01T13:54:31.376-04:00: 00
2013-09-01T13:54:31.376-04:00: 00
2013-09-01T13:54:31.376-04:00: 00
2013-09-01T13:54:31.376-04:00: 00
2013-09-01T13:54:31.376-04:00: 00
2013-09-01T13:54:31.376-04:00: 00
2013-09-01T13:54:31.376-04:00: 00
2013-09-01T13:54:31.376-04:00: 00
2013-09-01T13:54:31.376-04:00: 00
2013-09-01T13:54:31.376-04:00: 00
2013-09-01T13:54:31.376-04:00: 00
2013-09-01T13:54:31.376-04:00: 00
2013-09-01T13:54:31.376-04:00: 00
2013-09-01T13:54:31.391-04:00: 00
2013-09-01T13:54:31.391-04:00: 00
2013-09-01T13:54:31.391-04:00: 00
2013-09-01T13:54:31.391-04:00: 00
2013-09-01T13:54:31.391-04:00: 00
2013-09-01T13:54:31.391-04:00: 00
2013-09-01T13:54:31.391-04:00: 00
2013-09-01T13:54:31.391-04:00: 00
2013-09-01T13:54:31.391-04:00: 00
2013-09-01T13:54:31.391-04:00: 00
2013-09-01T13:54:31.391-04:00: 00
2013-09-01T13:54:31.391-04:00: 00
2013-09-01T13:54:31.391-04:00: 00
2013-09-01T13:54:31.391-04:00: 00
2013-09-01T13:54:31.391-04:00: 00
2013-09-01T13:54:31.391-04:00: 00
2013-09-01T13:54:31.391-04:00: 00
2013-09-01T13:54:31.391-04:00: 00
2013-09-01T13:54:31.391-04:00: 00
2013-09-01T13:54:31.391-04:00: 00
2013-09-01T13:54:31.391-04:00: 00
2013-09-01T13:54:31.391-04:00: 00
2013-09-01T13:54:31.391-04:00: 00
2013-09-01T13:54:31.391-04:00: 00
2013-09-01T13:54:31.391-04:00: 00
2013-09-01T13:54:31.391-04:00: 00
2013-09-01T13:54:31.391-04:00: 00
2013-09-01T13:54:31.391-04:00: 00
2013-09-01T13:54:31.391-04:00: 00
2013-09-01T13:54:31.391-04:00: 00
2013-09-01T13:54:31.391-04:00: 00
2013-09-01T13:54:31.391-04:00: 00
2013-09-01T13:54:31.391-04:00: 00
2013-09-01T13:54:31.391-04:00: 00
2013-09-01T13:54:31.391-04:00: 00
2013-09-01T13:54:31.391-04:00: 00
2013-09-01T13:54:31.391-04:00: 00
2013-09-01T13:54:31.391-04:00: 00
2013-09-01T13:54:31.391-04:00: 00
2013-09-01T13:54:31.391-04:00: 00
2013-09-01T13:54:31.391-04:00: 00
2013-09-01T13:54:31.391-04:00: 00
2013-09-01T13:54:31.391-04:00: 00
2013-09-01T13:54:31.391-04:00: 00
2013-09-01T13:54:31.407-04:00: 00
2013-09-01T13:54:31.407-04:00: 00
2013-09-01T13:54:31.407-04:00: 00
2013-09-01T13:54:31.407-04:00: 00
2013-09-01T13:54:31.407-04:00: 00
2013-09-01T13:54:31.407-04:00: 00
2013-09-01T13:54:31.407-04:00: 00
2013-09-01T13:54:31.407-04:00: 00
2013-09-01T13:54:31.407-04:00: 00
2013-09-01T13:54:31.407-04:00: 00
2013-09-01T13:54:31.407-04:00: 00
2013-09-01T13:54:31.407-04:00: 00
2013-09-01T13:54:31.407-04:00: 00
2013-09-01T13:54:31.407-04:00: 00
2013-09-01T13:54:31.407-04:00: 00
2013-09-01T13:54:31.407-04:00: 00
2013-09-01T13:54:31.407-04:00: 00
2013-09-01T13:54:31.407-04:00: 00
2013-09-01T13:54:31.407-04:00: 00
2013-09-01T13:54:31.407-04:00: 00
2013-09-01T13:54:31.407-04:00: 00
2013-09-01T13:54:31.407-04:00: 00
2013-09-01T13:54:31.407-04:00: 00
2013-09-01T13:54:31.407-04:00: 00
2013-09-01T13:54:31.407-04:00: 00
2013-09-01T13:54:31.407-04:00: 00
2013-09-01T13:54:31.407-04:00: 00
2013-09-01T13:54:31.407-04:00: 00
2013-09-01T13:54:31.407-04:00: 00
2013-09-01T13:54:31.407-04:00: 00
2013-09-01T13:54:31.407-04:00: 00
2013-09-01T13:54:31.407-04:00: 00
2013-09-01T13:54:31.407-04:00: 00
2013-09-01T13:54:31.407-04:00: 00
2013-09-01T13:54:31.407-04:00: 00
2013-09-01T13:54:31.407-04:00: 00
2013-09-01T13:54:31.407-04:00: 00
2013-09-01T13:54:31.407-04:00: 00
2013-09-01T13:54:31.407-04:00: 00
2013-09-01T13:54:31.407-04:00: 00
2013-09-01T13:54:31.407-04:00: 00
2013-09-01T13:54:31.407-04:00: 00
2013-09-01T13:54:31.407-04:00: 00
2013-09-01T13:54:31.407-04:00: 00
2013-09-01T13:54:31.423-04:00: 00
2013-09-01T13:54:31.423-04:00: 00
2013-09-01T13:54:31.423-04:00: 00
2013-09-01T13:54:31.423-04:00: 00
2013-09-01T13:54:31.423-04:00: 00
2013-09-01T13:54:31.423-04:00: 00
2013-09-01T13:54:31.423-04:00: 00
2013-09-01T13:54:31.423-04:00: 00
2013-09-01T13:54:31.423-04:00: 00
2013-09-01T13:54:31.423-04:00: 00
2013-09-01T13:54:31.423-04:00: 00
2013-09-01T13:54:31.423-04:00: 00
2013-09-01T13:54:31.423-04:00: 00
2013-09-01T13:54:31.423-04:00: 00
2013-09-01T13:54:31.423-04:00: 00
2013-09-01T13:54:31.423-04:00: 00
2013-09-01T13:54:31.423-04:00: 00
2013-09-01T13:54:31.423-04:00: 00
2013-09-01T13:54:31.423-04:00: 00
2013-09-01T13:54:31.423-04:00: 00
2013-09-01T13:54:31.423-04:00: 00
2013-09-01T13:54:31.423-04:00: 00
2013-09-01T13:54:31.423-04:00: 00
2013-09-01T13:54:31.844-04:00: a89ea0a89ea0e18ea49eaa9c88e07f80c00101010101010000000000000000000000000000000000000000000000000000000000000000000000000000000000000000000000000000000000000000000000000000000000000000000000000000000000000000000000000000000000000000000000000000000000000000000000000000000000000000000000000000000000000000000000000000000000000000000000000000000000000000000000000000000000000000000000000000000000000000000000000000000000000000000000000000000000000000000000000000000000000000000000000000000000000000000000000000000000000000000000000000000000000000000000000000000000000000000000000000000000000000000000000000000000000000000000000000000000
2013-09-01T13:54:31.844-04:00: a8
2013-09-01T13:54:31.844-04:00: 9e
2013-09-01T13:54:31.844-04:00: a0
2013-09-01T13:54:31.844-04:00: a8
2013-09-01T13:54:31.844-04:00: 9e
2013-09-01T13:54:31.844-04:00: a0
2013-09-01T13:54:31.844-04:00: e1
2013-09-01T13:54:31.844-04:00: 8e
2013-09-01T13:54:31.844-04:00: a4
2013-09-01T13:54:31.844-04:00: 9e
2013-09-01T13:54:31.844-04:00: aa
2013-09-01T13:54:31.844-04:00: 9c
2013-09-01T13:54:31.844-04:00: 88
2013-09-01T13:54:31.844-04:00: e0
2013-09-01T13:54:31.844-04:00: 7f
2013-09-01T13:54:31.844-04:00: 80
2013-09-01T13:54:31.844-04:00: first if case:db
2013-09-01T13:54:31.844-04:00: first if case c0:dc
2013-09-01T13:54:31.844-04:00: 01
2013-09-01T13:54:31.844-04:00: 01
2013-09-01T13:54:31.844-04:00: 01
2013-09-01T13:54:31.844-04:00: 01
2013-09-01T13:54:31.844-04:00: 01
2013-09-01T13:54:31.844-04:00: 01
2013-09-01T13:54:31.844-04:00: 00
2013-09-01T13:54:31.844-04:00: 00
2013-09-01T13:54:31.844-04:00: 00
2013-09-01T13:54:31.844-04:00: 00
2013-09-01T13:54:31.844-04:00: 00
2013-09-01T13:54:31.844-04:00: 00
2013-09-01T13:54:31.844-04:00: 00
2013-09-01T13:54:31.844-04:00: 00
2013-09-01T13:54:31.844-04:00: 00
2013-09-01T13:54:31.844-04:00: 00
2013-09-01T13:54:31.860-04:00: 00
2013-09-01T13:54:31.860-04:00: 00
2013-09-01T13:54:31.860-04:00: 00
2013-09-01T13:54:31.860-04:00: 00
2013-09-01T13:54:31.860-04:00: 00
2013-09-01T13:54:31.860-04:00: 00
2013-09-01T13:54:31.860-04:00: 00
2013-09-01T13:54:31.860-04:00: 00
2013-09-01T13:54:31.860-04:00: 00
2013-09-01T13:54:31.860-04:00: 00
2013-09-01T13:54:31.860-04:00: 00
2013-09-01T13:54:31.860-04:00: 00
2013-09-01T13:54:31.860-04:00: 00
2013-09-01T13:54:31.860-04:00: 00
2013-09-01T13:54:31.860-04:00: 00
2013-09-01T13:54:31.860-04:00: 00
2013-09-01T13:54:31.860-04:00: 00
2013-09-01T13:54:31.860-04:00: 00
2013-09-01T13:54:31.860-04:00: 00
2013-09-01T13:54:31.860-04:00: 00
2013-09-01T13:54:31.860-04:00: 00
2013-09-01T13:54:31.860-04:00: 00
2013-09-01T13:54:31.860-04:00: 00
2013-09-01T13:54:31.860-04:00: 00
2013-09-01T13:54:31.860-04:00: 00
2013-09-01T13:54:31.860-04:00: 00
2013-09-01T13:54:31.860-04:00: 00
2013-09-01T13:54:31.860-04:00: 00
2013-09-01T13:54:31.860-04:00: 00
2013-09-01T13:54:31.860-04:00: 00
2013-09-01T13:54:31.860-04:00: 00
2013-09-01T13:54:31.860-04:00: 00
2013-09-01T13:54:31.860-04:00: 00
2013-09-01T13:54:31.860-04:00: 00
2013-09-01T13:54:31.860-04:00: 00
2013-09-01T13:54:31.860-04:00: 00
2013-09-01T13:54:31.860-04:00: 00
2013-09-01T13:54:31.860-04:00: 00
2013-09-01T13:54:31.860-04:00: 00
2013-09-01T13:54:31.860-04:00: 00
2013-09-01T13:54:31.860-04:00: 00
2013-09-01T13:54:31.860-04:00: 00
2013-09-01T13:54:31.860-04:00: 00
2013-09-01T13:54:31.860-04:00: 00
2013-09-01T13:54:31.876-04:00: 00
2013-09-01T13:54:31.876-04:00: 00
2013-09-01T13:54:31.876-04:00: 00
2013-09-01T13:54:31.876-04:00: 00
2013-09-01T13:54:31.876-04:00: 00
2013-09-01T13:54:31.876-04:00: 00
2013-09-01T13:54:31.876-04:00: 00
2013-09-01T13:54:31.876-04:00: 00
2013-09-01T13:54:31.876-04:00: 00
2013-09-01T13:54:31.876-04:00: 00
2013-09-01T13:54:31.876-04:00: 00
2013-09-01T13:54:31.876-04:00: 00
2013-09-01T13:54:31.876-04:00: 00
2013-09-01T13:54:31.876-04:00: 00
2013-09-01T13:54:31.876-04:00: 00
2013-09-01T13:54:31.876-04:00: 00
2013-09-01T13:54:31.876-04:00: 00
2013-09-01T13:54:31.876-04:00: 00
2013-09-01T13:54:31.876-04:00: 00
2013-09-01T13:54:31.876-04:00: 00
2013-09-01T13:54:31.876-04:00: 00
2013-09-01T13:54:31.876-04:00: 00
2013-09-01T13:54:31.876-04:00: 00
2013-09-01T13:54:31.876-04:00: 00
2013-09-01T13:54:31.876-04:00: 00
2013-09-01T13:54:31.876-04:00: 00
2013-09-01T13:54:31.876-04:00: 00
2013-09-01T13:54:31.876-04:00: 00
2013-09-01T13:54:31.876-04:00: 00
2013-09-01T13:54:31.876-04:00: 00
2013-09-01T13:54:31.876-04:00: 00
2013-09-01T13:54:31.876-04:00: 00
2013-09-01T13:54:31.876-04:00: 00
2013-09-01T13:54:31.876-04:00: 00
2013-09-01T13:54:31.876-04:00: 00
2013-09-01T13:54:31.876-04:00: 00
2013-09-01T13:54:31.876-04:00: 00
2013-09-01T13:54:31.876-04:00: 00
2013-09-01T13:54:31.876-04:00: 00
2013-09-01T13:54:31.876-04:00: 00
2013-09-01T13:54:31.876-04:00: 00
2013-09-01T13:54:31.876-04:00: 00
2013-09-01T13:54:31.876-04:00: 00
2013-09-01T13:54:31.876-04:00: 00
2013-09-01T13:54:31.876-04:00: 00
2013-09-01T13:54:31.876-04:00: 00
2013-09-01T13:54:31.891-04:00: 00
2013-09-01T13:54:31.891-04:00: 00
2013-09-01T13:54:31.891-04:00: 00
2013-09-01T13:54:31.891-04:00: 00
2013-09-01T13:54:31.891-04:00: 00
2013-09-01T13:54:31.891-04:00: 00
2013-09-01T13:54:31.891-04:00: 00
2013-09-01T13:54:31.891-04:00: 00
2013-09-01T13:54:31.891-04:00: 00
2013-09-01T13:54:31.891-04:00: 00
2013-09-01T13:54:31.891-04:00: 00
2013-09-01T13:54:31.891-04:00: 00
2013-09-01T13:54:31.891-04:00: 00
2013-09-01T13:54:31.891-04:00: 00
2013-09-01T13:54:31.891-04:00: 00
2013-09-01T13:54:31.891-04:00: 00
2013-09-01T13:54:31.891-04:00: 00
2013-09-01T13:54:31.891-04:00: 00
2013-09-01T13:54:31.891-04:00: 00
2013-09-01T13:54:31.891-04:00: 00
2013-09-01T13:54:31.891-04:00: 00
2013-09-01T13:54:31.891-04:00: 00
2013-09-01T13:54:31.891-04:00: 00
2013-09-01T13:54:31.891-04:00: 00
2013-09-01T13:54:31.891-04:00: 00
2013-09-01T13:54:31.891-04:00: 00
2013-09-01T13:54:31.891-04:00: 00
2013-09-01T13:54:31.891-04:00: 00
2013-09-01T13:54:31.891-04:00: 00
2013-09-01T13:54:31.891-04:00: 00
2013-09-01T13:54:31.891-04:00: 00
2013-09-01T13:54:31.891-04:00: 00
2013-09-01T13:54:31.891-04:00: 00
2013-09-01T13:54:31.891-04:00: 00
2013-09-01T13:54:31.891-04:00: 00
2013-09-01T13:54:31.891-04:00: 00
2013-09-01T13:54:31.891-04:00: 00
2013-09-01T13:54:31.891-04:00: 00
2013-09-01T13:54:31.891-04:00: 00
2013-09-01T13:54:31.891-04:00: 00
2013-09-01T13:54:31.891-04:00: 00
2013-09-01T13:54:31.891-04:00: 00
2013-09-01T13:54:31.891-04:00: 00
2013-09-01T13:54:31.891-04:00: 00
2013-09-01T13:54:31.891-04:00: 00
2013-09-01T13:54:31.891-04:00: 00
2013-09-01T13:54:31.891-04:00: 00
2013-09-01T13:54:31.907-04:00: 00
2013-09-01T13:54:31.907-04:00: 00
2013-09-01T13:54:31.907-04:00: 00
2013-09-01T13:54:31.907-04:00: 00
2013-09-01T13:54:31.907-04:00: 00
2013-09-01T13:54:31.907-04:00: 00
2013-09-01T13:54:31.907-04:00: 00
2013-09-01T13:54:31.907-04:00: 00
2013-09-01T13:54:31.907-04:00: 00
2013-09-01T13:54:31.907-04:00: 00
2013-09-01T13:54:31.907-04:00: 00
2013-09-01T13:54:31.907-04:00: 00
2013-09-01T13:54:31.907-04:00: 00
2013-09-01T13:54:31.907-04:00: 00
2013-09-01T13:54:31.907-04:00: 00
2013-09-01T13:54:31.907-04:00: 00
2013-09-01T13:54:31.907-04:00: 00
2013-09-01T13:54:31.907-04:00: 00
2013-09-01T13:54:31.907-04:00: 00
2013-09-01T13:54:31.907-04:00: 00
2013-09-01T13:54:31.907-04:00: 00
2013-09-01T13:54:31.907-04:00: 00
2013-09-01T13:54:31.907-04:00: 00
2013-09-01T13:54:31.907-04:00: 00
2013-09-01T13:54:31.907-04:00: 00
2013-09-01T13:54:31.907-04:00: 00
2013-09-01T13:54:31.907-04:00: 00
2013-09-01T13:54:31.907-04:00: 00
2013-09-01T13:54:31.907-04:00: 00
2013-09-01T13:54:31.907-04:00: 00
2013-09-01T13:54:31.907-04:00: 00
2013-09-01T13:54:31.907-04:00: 00
2013-09-01T13:54:31.907-04:00: 00
2013-09-01T13:54:31.907-04:00: 00
2013-09-01T13:54:31.907-04:00: 00
2013-09-01T13:54:31.907-04:00: 00
2013-09-01T13:54:31.907-04:00: 00
2013-09-01T13:54:31.907-04:00: 00
2013-09-01T13:54:31.907-04:00: 00
2013-09-01T13:54:31.907-04:00: 00
2013-09-01T13:54:31.907-04:00: 00
2013-09-01T13:54:31.907-04:00: 00
2013-09-01T13:54:31.907-04:00: 00
2013-09-01T13:54:31.907-04:00: 00
2013-09-01T13:54:31.923-04:00: 00
2013-09-01T13:54:31.923-04:00: 00
2013-09-01T13:54:31.923-04:00: 00
2013-09-01T13:54:31.923-04:00: 00
2013-09-01T13:54:31.923-04:00: 00
2013-09-01T13:54:31.923-04:00: 00
2013-09-01T13:54:31.923-04:00: 00
2013-09-01T13:54:31.923-04:00: 00
2013-09-01T13:54:31.923-04:00: 00
2013-09-01T13:54:31.923-04:00: 00
2013-09-01T13:54:31.923-04:00: 00
2013-09-01T13:54:31.923-04:00: 00
2013-09-01T13:54:31.923-04:00: 00
2013-09-01T13:54:31.923-04:00: 00
2013-09-01T13:54:31.923-04:00: 00
2013-09-01T13:54:31.923-04:00: 00
2013-09-01T13:54:31.923-04:00: 00
2013-09-01T13:54:31.923-04:00: 00
2013-09-01T13:54:31.923-04:00: 00
2013-09-01T13:54:31.923-04:00: 00
2013-09-01T13:54:31.923-04:00: 00
2013-09-01T13:54:31.923-04:00: 00
2013-09-01T13:54:31.923-04:00: 00
2013-09-01T13:54:31.923-04:00: 00
2013-09-01T13:54:31.923-04:00: 00
2013-09-01T13:54:31.923-04:00: 00
2013-09-01T13:54:31.923-04:00: 00
2013-09-01T13:54:31.923-04:00: 00
2013-09-01T13:54:31.923-04:00: 00
2013-09-01T13:54:31.923-04:00: 00
2013-09-01T13:54:31.923-04:00: 00
2013-09-01T13:54:31.923-04:00: 00
2013-09-01T13:54:31.923-04:00: 00
2013-09-01T13:54:31.923-04:00: 00
2013-09-01T13:54:31.923-04:00: 00
2013-09-01T13:54:31.923-04:00: 00
2013-09-01T13:54:31.923-04:00: 00
2013-09-01T13:54:31.923-04:00: 00
2013-09-01T13:54:31.923-04:00: 00
2013-09-01T13:54:31.923-04:00: 00
2013-09-01T13:54:31.923-04:00: 00
2013-09-01T13:54:31.923-04:00: 00
2013-09-01T13:54:31.923-04:00: 00
2013-09-01T13:54:31.923-04:00: 00
2013-09-01T13:54:31.923-04:00: 00
2013-09-01T13:54:31.923-04:00: 00
2013-09-01T13:54:31.923-04:00: 00
2013-09-01T13:54:31.938-04:00: 00
2013-09-01T13:54:31.938-04:00: 00
2013-09-01T13:54:31.938-04:00: 00
2013-09-01T13:54:31.938-04:00: 00
2013-09-01T13:54:31.938-04:00: 00
2013-09-01T13:54:31.938-04:00: 00
2013-09-01T13:54:31.938-04:00: 00
2013-09-01T13:54:31.938-04:00: 00
2013-09-01T13:54:31.938-04:00: 00
2013-09-01T13:54:31.938-04:00: 00
2013-09-01T13:54:31.938-04:00: 00
2013-09-01T13:54:31.938-04:00: 00
2013-09-01T13:54:31.938-04:00: 00
2013-09-01T13:54:31.938-04:00: 00
2013-09-01T13:54:31.938-04:00: 00
2013-09-01T13:54:31.938-04:00: 00
2013-09-01T13:54:31.938-04:00: 00
2013-09-01T13:54:31.938-04:00: 00
2013-09-01T13:54:31.938-04:00: 00
2013-09-01T13:54:31.938-04:00: 00
2013-09-01T13:54:31.938-04:00: 00
2013-09-01T13:54:31.938-04:00: 00
2013-09-01T13:54:31.938-04:00: 00
2013-09-01T13:54:31.938-04:00: 00
2013-09-01T13:54:31.938-04:00: 00
2013-09-01T13:54:31.938-04:00: 00
2013-09-01T13:54:31.938-04:00: 00
2013-09-01T13:54:31.938-04:00: 00
2013-09-01T13:54:31.938-04:00: 00
2013-09-01T13:54:31.938-04:00: 00
2013-09-01T13:54:31.938-04:00: 00
2013-09-01T13:54:31.938-04:00: 00
2013-09-01T13:54:31.938-04:00: 00
2013-09-01T13:54:31.938-04:00: 00
2013-09-01T13:54:31.938-04:00: 00
2013-09-01T13:54:31.938-04:00: 00
2013-09-01T13:54:31.938-04:00: 00
2013-09-01T13:54:31.938-04:00: 00
2013-09-01T13:54:31.938-04:00: 00
2013-09-01T13:54:31.938-04:00: 00
2013-09-01T13:54:31.938-04:00: 00
2013-09-01T13:54:31.938-04:00: 00
2013-09-01T13:54:31.938-04:00: 00
2013-09-01T13:54:31.938-04:00: 00
2013-09-01T13:54:31.938-04:00: 00
2013-09-01T13:54:31.938-04:00: 00
2013-09-01T13:54:31.938-04:00: 00
2013-09-01T13:54:31.954-04:00: 00
2013-09-01T13:54:31.954-04:00: 00
2013-09-01T13:54:31.954-04:00: 00
2013-09-01T13:54:31.954-04:00: 00
2013-09-01T13:54:31.954-04:00: 00
2013-09-01T13:54:31.954-04:00: 00
2013-09-01T13:54:31.954-04:00: 00
2013-09-01T13:54:31.954-04:00: 00
2013-09-01T13:54:43.782-04:00: 00 WAIT 
2013-09-01T13:54:43.782-04:00:  e6 WAIT 
2013-09-01T13:54:44.626-04:00: ?80 WAIT 
2013-09-01T13:54:44.626-04:00: ?98 WAIT 
2013-09-01T13:54:44.626-04:00: ?80 WAIT 
2013-09-01T13:54:44.626-04:00: ?7e WAIT 
2013-09-01T13:54:44.626-04:00: ~06 WAIT 
2013-09-01T13:54:44.641-04:00: 66 WAIT 
2013-09-01T13:54:44.641-04:00: f98 WAIT 
2013-09-01T13:54:44.641-04:00: ?66 WAIT 
2013-09-01T13:54:44.641-04:00: f80 WAIT 
2013-09-01T13:54:44.641-04:00: ?98 WAIT 
2013-09-01T13:54:44.641-04:00: ?80 WAIT 
2013-09-01T13:54:44.641-04:00: ?e6 WAIT 
2013-09-01T13:54:46.204-04:00: ?80 WAIT 
2013-09-01T13:54:46.204-04:00: ?98 WAIT 
2013-09-01T13:54:46.204-04:00: ?80 WAIT 
2013-09-01T13:54:46.204-04:00: ?7e WAIT 
2013-09-01T13:54:46.204-04:00: ~06 WAIT 
2013-09-01T13:54:46.204-04:00: 66 WAIT 
2013-09-01T13:54:46.204-04:00: f98 WAIT 
2013-09-01T13:54:46.204-04:00: ?66 WAIT 
2013-09-01T13:54:46.219-04:00: f80 WAIT 
2013-09-01T13:54:46.219-04:00: ?98 WAIT 
2013-09-01T13:54:46.219-04:00: ?80 WAIT 
2013-09-01T13:54:46.219-04:00: ?a89ea0a89ea0e18ea49eaa9c88e07f80c00101010101010000000000000000000000000000000000000000000000000000000000000000000000000000000000000000000000000000000000000000000000000000000000000000000000000000000000000000000000000000000000000000000000000000000000000000000000000000000000000000000000000000000000000000000000000000000000000000000000000000000000000000000000000000000000000000000000000000000000000000000000000000000000000000000000000000000000000000000000000000000000000000000000000000000000000000000000000000000000000000000000000000000000000000000000000000000000000000000000000000000000000000000000000000000000000000000000000000000000
2013-09-01T13:55:36.048-04:00: a8
2013-09-01T13:55:36.048-04:00: 9e
2013-09-01T13:55:36.048-04:00: a0
2013-09-01T13:55:36.048-04:00: a8
2013-09-01T13:55:36.048-04:00: 9e
2013-09-01T13:55:36.048-04:00: a0
2013-09-01T13:55:36.048-04:00: e1
2013-09-01T13:55:36.048-04:00: 8e
2013-09-01T13:55:36.048-04:00: a4
2013-09-01T13:55:36.048-04:00: 9e
2013-09-01T13:55:36.048-04:00: aa
2013-09-01T13:55:36.048-04:00: 9c
2013-09-01T13:55:36.048-04:00: 88
2013-09-01T13:55:36.048-04:00: e0
2013-09-01T13:55:36.048-04:00: 7f
2013-09-01T13:55:36.048-04:00: 80
2013-09-01T13:55:36.048-04:00: first if case:db
2013-09-01T13:55:36.048-04:00: first if case c0:dc
2013-09-01T13:55:36.048-04:00: 01
2013-09-01T13:55:36.048-04:00: 01
2013-09-01T13:55:36.048-04:00: 01
2013-09-01T13:55:36.048-04:00: 01
2013-09-01T13:55:36.048-04:00: 01
2013-09-01T13:55:36.048-04:00: 01
2013-09-01T13:55:36.048-04:00: 00
2013-09-01T13:55:36.048-04:00: 00
2013-09-01T13:55:36.063-04:00: 00
2013-09-01T13:55:36.063-04:00: 00
2013-09-01T13:55:36.063-04:00: 00
2013-09-01T13:55:36.063-04:00: 00
2013-09-01T13:55:36.063-04:00: 00
2013-09-01T13:55:36.063-04:00: 00
2013-09-01T13:55:36.063-04:00: 00
2013-09-01T13:55:36.063-04:00: 00
2013-09-01T13:55:36.063-04:00: 00
2013-09-01T13:55:36.063-04:00: 00
2013-09-01T13:55:36.063-04:00: 00
2013-09-01T13:55:36.063-04:00: 00
2013-09-01T13:55:36.063-04:00: 00
2013-09-01T13:55:36.063-04:00: 00
2013-09-01T13:55:36.063-04:00: 00
2013-09-01T13:55:36.063-04:00: 00
2013-09-01T13:55:36.063-04:00: 00
2013-09-01T13:55:36.063-04:00: 00
2013-09-01T13:55:36.063-04:00: 00
2013-09-01T13:55:36.063-04:00: 00
2013-09-01T13:55:36.063-04:00: 00
2013-09-01T13:55:36.063-04:00: 00
2013-09-01T13:55:36.063-04:00: 00
2013-09-01T13:55:36.063-04:00: 00
2013-09-01T13:55:36.063-04:00: 00
2013-09-01T13:55:36.063-04:00: 00
2013-09-01T13:55:36.063-04:00: 00
2013-09-01T13:55:36.063-04:00: 00
2013-09-01T13:55:36.063-04:00: 00
2013-09-01T13:55:36.063-04:00: 00
2013-09-01T13:55:36.063-04:00: 00
2013-09-01T13:55:36.063-04:00: 00
2013-09-01T13:55:36.063-04:00: 00
2013-09-01T13:55:36.063-04:00: 00
2013-09-01T13:55:36.063-04:00: 00
2013-09-01T13:55:36.063-04:00: 00
2013-09-01T13:55:36.063-04:00: 00
2013-09-01T13:55:36.063-04:00: 00
2013-09-01T13:55:36.063-04:00: 00
2013-09-01T13:55:36.063-04:00: 00
2013-09-01T13:55:36.063-04:00: 00
2013-09-01T13:55:36.063-04:00: 00
2013-09-01T13:55:36.063-04:00: 00
2013-09-01T13:55:36.063-04:00: 00
2013-09-01T13:55:36.063-04:00: 00
2013-09-01T13:55:36.063-04:00: 00
2013-09-01T13:55:36.079-04:00: 00
2013-09-01T13:55:36.079-04:00: 00
2013-09-01T13:55:36.079-04:00: 00
2013-09-01T13:55:36.079-04:00: 00
2013-09-01T13:55:36.079-04:00: 00
2013-09-01T13:55:36.079-04:00: 00
2013-09-01T13:55:36.079-04:00: 00
2013-09-01T13:55:36.079-04:00: 00
2013-09-01T13:55:36.079-04:00: 00
2013-09-01T13:55:36.079-04:00: 00
2013-09-01T13:55:36.079-04:00: 00
2013-09-01T13:55:36.079-04:00: 00
2013-09-01T13:55:36.079-04:00: 00
2013-09-01T13:55:36.079-04:00: 00
2013-09-01T13:55:36.079-04:00: 00
2013-09-01T13:55:36.079-04:00: 00
2013-09-01T13:55:36.079-04:00: 00
2013-09-01T13:55:36.079-04:00: 00
2013-09-01T13:55:36.079-04:00: 00
2013-09-01T13:55:36.079-04:00: 00
2013-09-01T13:55:36.079-04:00: 00
2013-09-01T13:55:36.079-04:00: 00
2013-09-01T13:55:36.079-04:00: 00
2013-09-01T13:55:36.079-04:00: 00
2013-09-01T13:55:36.079-04:00: 00
2013-09-01T13:55:36.079-04:00: 00
2013-09-01T13:55:36.079-04:00: 00
2013-09-01T13:55:36.079-04:00: 00
2013-09-01T13:55:36.079-04:00: 00
2013-09-01T13:55:36.079-04:00: 00
2013-09-01T13:55:36.079-04:00: 00
2013-09-01T13:55:36.079-04:00: 00
2013-09-01T13:55:36.079-04:00: 00
2013-09-01T13:55:36.079-04:00: 00
2013-09-01T13:55:36.079-04:00: 00
2013-09-01T13:55:36.079-04:00: 00
2013-09-01T13:55:36.079-04:00: 00
2013-09-01T13:55:36.079-04:00: 00
2013-09-01T13:55:36.079-04:00: 00
2013-09-01T13:55:36.079-04:00: 00
2013-09-01T13:55:36.079-04:00: 00
2013-09-01T13:55:36.079-04:00: 00
2013-09-01T13:55:36.079-04:00: 00
2013-09-01T13:55:36.079-04:00: 00
2013-09-01T13:55:36.079-04:00: 00
2013-09-01T13:55:36.094-04:00: 00
2013-09-01T13:55:36.094-04:00: 00
2013-09-01T13:55:36.094-04:00: 00
2013-09-01T13:55:36.094-04:00: 00
2013-09-01T13:55:36.094-04:00: 00
2013-09-01T13:55:36.094-04:00: 00
2013-09-01T13:55:36.094-04:00: 00
2013-09-01T13:55:36.094-04:00: 00
2013-09-01T13:55:36.094-04:00: 00
2013-09-01T13:55:36.094-04:00: 00
2013-09-01T13:55:36.094-04:00: 00
2013-09-01T13:55:36.094-04:00: 00
2013-09-01T13:55:36.094-04:00: 00
2013-09-01T13:55:36.094-04:00: 00
2013-09-01T13:55:36.094-04:00: 00
2013-09-01T13:55:36.094-04:00: 00
2013-09-01T13:55:36.094-04:00: 00
2013-09-01T13:55:36.094-04:00: 00
2013-09-01T13:55:36.094-04:00: 00
2013-09-01T13:55:36.094-04:00: 00
2013-09-01T13:55:36.094-04:00: 00
2013-09-01T13:55:36.094-04:00: 00
2013-09-01T13:55:36.094-04:00: 00
2013-09-01T13:55:36.094-04:00: 00
2013-09-01T13:55:36.094-04:00: 00
2013-09-01T13:55:36.094-04:00: 00
2013-09-01T13:55:36.094-04:00: 00
2013-09-01T13:55:36.094-04:00: 00
2013-09-01T13:55:36.094-04:00: 00
2013-09-01T13:55:36.094-04:00: 00
2013-09-01T13:55:36.094-04:00: 00
2013-09-01T13:55:36.094-04:00: 00
2013-09-01T13:55:36.094-04:00: 00
2013-09-01T13:55:36.094-04:00: 00
2013-09-01T13:55:36.094-04:00: 00
2013-09-01T13:55:36.094-04:00: 00
2013-09-01T13:55:36.094-04:00: 00
2013-09-01T13:55:36.094-04:00: 00
2013-09-01T13:55:36.094-04:00: 00
2013-09-01T13:55:36.094-04:00: 00
2013-09-01T13:55:36.094-04:00: 00
2013-09-01T13:55:36.094-04:00: 00
2013-09-01T13:55:36.094-04:00: 00
2013-09-01T13:55:36.094-04:00: 00
2013-09-01T13:55:36.094-04:00: 00
2013-09-01T13:55:36.094-04:00: 00
2013-09-01T13:55:36.094-04:00: 00
2013-09-01T13:55:36.110-04:00: 00
2013-09-01T13:55:36.110-04:00: 00
2013-09-01T13:55:36.110-04:00: 00
2013-09-01T13:55:36.110-04:00: 00
2013-09-01T13:55:36.110-04:00: 00
2013-09-01T13:55:36.110-04:00: 00
2013-09-01T13:55:36.110-04:00: 00
2013-09-01T13:55:36.110-04:00: 00
2013-09-01T13:55:36.110-04:00: 00
2013-09-01T13:55:36.110-04:00: 00
2013-09-01T13:55:36.110-04:00: 00
2013-09-01T13:55:36.110-04:00: 00
2013-09-01T13:55:36.110-04:00: 00
2013-09-01T13:55:36.110-04:00: 00
2013-09-01T13:55:36.110-04:00: 00
2013-09-01T13:55:36.110-04:00: 00
2013-09-01T13:55:36.110-04:00: 00
2013-09-01T13:55:36.110-04:00: 00
2013-09-01T13:55:36.110-04:00: 00
2013-09-01T13:55:36.110-04:00: 00
2013-09-01T13:55:36.110-04:00: 00
2013-09-01T13:55:36.110-04:00: 00
2013-09-01T13:55:36.110-04:00: 00
2013-09-01T13:55:36.110-04:00: 00
2013-09-01T13:55:36.110-04:00: 00
2013-09-01T13:55:36.110-04:00: 00
2013-09-01T13:55:36.110-04:00: 00
2013-09-01T13:55:36.110-04:00: 00
2013-09-01T13:55:36.110-04:00: 00
2013-09-01T13:55:36.110-04:00: 00
2013-09-01T13:55:36.110-04:00: 00
2013-09-01T13:55:36.110-04:00: 00
2013-09-01T13:55:36.110-04:00: 00
2013-09-01T13:55:36.110-04:00: 00
2013-09-01T13:55:36.110-04:00: 00
2013-09-01T13:55:36.110-04:00: 00
2013-09-01T13:55:36.110-04:00: 00
2013-09-01T13:55:36.110-04:00: 00
2013-09-01T13:55:36.110-04:00: 00
2013-09-01T13:55:36.110-04:00: 00
2013-09-01T13:55:36.110-04:00: 00
2013-09-01T13:55:36.110-04:00: 00
2013-09-01T13:55:36.110-04:00: 00
2013-09-01T13:55:36.110-04:00: 00
2013-09-01T13:55:36.110-04:00: 00
2013-09-01T13:55:36.110-04:00: 00
2013-09-01T13:55:36.110-04:00: 00
2013-09-01T13:55:36.126-04:00: 00
2013-09-01T13:55:36.126-04:00: 00
2013-09-01T13:55:36.126-04:00: 00
2013-09-01T13:55:36.126-04:00: 00
2013-09-01T13:55:36.126-04:00: 00
2013-09-01T13:55:36.126-04:00: 00
2013-09-01T13:55:36.126-04:00: 00
2013-09-01T13:55:36.126-04:00: 00
2013-09-01T13:55:36.126-04:00: 00
2013-09-01T13:55:36.126-04:00: 00
2013-09-01T13:55:36.126-04:00: 00
2013-09-01T13:55:36.126-04:00: 00
2013-09-01T13:55:36.126-04:00: 00
2013-09-01T13:55:36.126-04:00: 00
2013-09-01T13:55:36.126-04:00: 00
2013-09-01T13:55:36.126-04:00: 00
2013-09-01T13:55:36.126-04:00: 00
2013-09-01T13:55:36.126-04:00: 00
2013-09-01T13:55:36.126-04:00: 00
2013-09-01T13:55:36.126-04:00: 00
2013-09-01T13:55:36.126-04:00: 00
2013-09-01T13:55:36.126-04:00: 00
2013-09-01T13:55:36.126-04:00: 00
2013-09-01T13:55:36.126-04:00: 00
2013-09-01T13:55:36.126-04:00: 00
2013-09-01T13:55:36.126-04:00: 00
2013-09-01T13:55:36.126-04:00: 00
2013-09-01T13:55:36.126-04:00: 00
2013-09-01T13:55:36.126-04:00: 00
2013-09-01T13:55:36.126-04:00: 00
2013-09-01T13:55:36.126-04:00: 00
2013-09-01T13:55:36.126-04:00: 00
2013-09-01T13:55:36.126-04:00: 00
2013-09-01T13:55:36.126-04:00: 00
2013-09-01T13:55:36.126-04:00: 00
2013-09-01T13:55:36.126-04:00: 00
2013-09-01T13:55:36.126-04:00: 00
2013-09-01T13:55:36.126-04:00: 00
2013-09-01T13:55:36.126-04:00: 00
2013-09-01T13:55:36.126-04:00: 00
2013-09-01T13:55:36.126-04:00: 00
2013-09-01T13:55:36.126-04:00: 00
2013-09-01T13:55:36.126-04:00: 00
2013-09-01T13:55:36.126-04:00: 00
2013-09-01T13:55:36.126-04:00: 00
2013-09-01T13:55:36.141-04:00: 00
2013-09-01T13:55:36.141-04:00: 00
2013-09-01T13:55:36.141-04:00: 00
2013-09-01T13:55:36.141-04:00: 00
2013-09-01T13:55:36.141-04:00: 00
2013-09-01T13:55:36.141-04:00: 00
2013-09-01T13:55:36.141-04:00: 00
2013-09-01T13:55:36.141-04:00: 00
2013-09-01T13:55:36.141-04:00: 00
2013-09-01T13:55:36.141-04:00: 00
2013-09-01T13:55:36.141-04:00: 00
2013-09-01T13:55:36.141-04:00: 00
2013-09-01T13:55:36.141-04:00: 00
2013-09-01T13:55:36.141-04:00: 00
2013-09-01T13:55:36.141-04:00: 00
2013-09-01T13:55:36.141-04:00: 00
2013-09-01T13:55:36.141-04:00: 00
2013-09-01T13:55:36.141-04:00: 00
2013-09-01T13:55:36.141-04:00: 00
2013-09-01T13:55:36.141-04:00: 00
2013-09-01T13:55:36.141-04:00: 00
2013-09-01T13:55:36.141-04:00: 00
2013-09-01T13:55:36.141-04:00: 00
2013-09-01T13:55:36.141-04:00: 00
2013-09-01T13:55:36.141-04:00: 00
2013-09-01T13:55:36.141-04:00: 00
2013-09-01T13:55:36.141-04:00: 00
2013-09-01T13:55:36.141-04:00: 00
2013-09-01T13:55:36.141-04:00: 00
2013-09-01T13:55:36.141-04:00: 00
2013-09-01T13:55:36.141-04:00: 00
2013-09-01T13:55:36.141-04:00: 00
2013-09-01T13:55:36.141-04:00: 00
2013-09-01T13:55:36.141-04:00: 00
2013-09-01T13:55:36.141-04:00: 00
2013-09-01T13:55:36.141-04:00: 00
2013-09-01T13:55:36.141-04:00: 00
2013-09-01T13:55:36.141-04:00: 00
2013-09-01T13:55:36.141-04:00: 00
2013-09-01T13:55:36.141-04:00: 00
2013-09-01T13:55:36.141-04:00: 00
2013-09-01T13:55:36.141-04:00: 00
2013-09-01T13:55:36.157-04:00: 00
2013-09-01T13:55:36.157-04:00: 00
2013-09-01T13:55:36.157-04:00: 00
2013-09-01T13:55:36.157-04:00: 00
2013-09-01T13:55:36.157-04:00: 00
2013-09-01T13:55:36.157-04:00: 00
2013-09-01T13:55:36.157-04:00: 00
2013-09-01T13:55:36.157-04:00: 00
2013-09-01T13:55:36.157-04:00: 00
2013-09-01T13:55:36.157-04:00: 00
2013-09-01T13:55:36.157-04:00: 00
2013-09-01T13:55:36.157-04:00: 00
2013-09-01T13:55:36.157-04:00: 00
2013-09-01T13:55:36.157-04:00: 00
2013-09-01T13:55:36.157-04:00: 00
2013-09-01T13:55:36.157-04:00: 00
2013-09-01T13:55:36.157-04:00: 00
2013-09-01T13:55:36.157-04:00: 00
2013-09-01T13:55:36.157-04:00: 00
2013-09-01T13:56:36.344-04:00: 00 WAIT 
2013-09-01T13:56:36.344-04:00:  ff WAIT 
2013-09-01T13:56:36.376-04:00: ?e6 WAIT 
2013-09-01T13:56:37.235-04:00: ?80 WAIT 
2013-09-01T13:56:37.235-04:00: ?98 WAIT 
2013-09-01T13:56:37.235-04:00: ?80 WAIT 
2013-09-01T13:56:37.235-04:00: ?7e WAIT 
2013-09-01T13:56:37.235-04:00: ~06 WAIT 
2013-09-01T13:56:37.235-04:00: 66 WAIT 
2013-09-01T13:56:37.235-04:00: f98 WAIT 
2013-09-01T13:56:37.235-04:00: ?66 WAIT 
2013-09-01T13:56:37.235-04:00: f80 WAIT 
2013-09-01T13:56:37.235-04:00: ?98 WAIT 
2013-09-01T13:56:37.235-04:00: ?80 WAIT 
2013-09-01T13:56:37.235-04:00: ?e6 WAIT 
2013-09-01T13:56:38.766-04:00: ?80 WAIT 
2013-09-01T13:56:38.766-04:00: ?98 WAIT 
2013-09-01T13:56:38.766-04:00: ?80 WAIT 
2013-09-01T13:56:38.766-04:00: ?7e WAIT 
2013-09-01T13:56:38.766-04:00: ~06 WAIT 
2013-09-01T13:56:38.766-04:00: 66 WAIT 
2013-09-01T13:56:38.766-04:00: f98 WAIT 
2013-09-01T13:56:38.766-04:00: ?66 WAIT 
2013-09-01T13:56:38.766-04:00: f80 WAIT 
2013-09-01T13:56:38.766-04:00: ?98 WAIT 
2013-09-01T13:56:38.766-04:00: ?80 WAIT 
2013-09-01T13:56:38.766-04:00: ?