2014-04-24T01:35:03.677-04:00: Stable Library
2014-04-24T01:35:03.677-04:00: =========================================
2014-04-24T01:35:03.677-04:00: Native lib Version = RXTX-2.1-7
2014-04-24T01:35:03.677-04:00: Java lib Version   = RXTX-2.1-7
2014-04-24T01:35:50.630-04:00: a89ea0a89ea0e08ea49eaa9c88e103f0f00f0ff0f0
2014-04-24T01:35:50.630-04:00: a8
2014-04-24T01:35:50.630-04:00: 9e
2014-04-24T01:35:50.630-04:00: a0
2014-04-24T01:35:50.630-04:00: a8
2014-04-24T01:35:50.630-04:00: 9e
2014-04-24T01:35:50.630-04:00: a0
2014-04-24T01:35:50.630-04:00: e0
2014-04-24T01:35:50.630-04:00: 8e
2014-04-24T01:35:50.645-04:00: a4
2014-04-24T01:35:50.645-04:00: 9e
2014-04-24T01:35:50.645-04:00: aa
2014-04-24T01:35:50.645-04:00: 9c
2014-04-24T01:35:50.645-04:00: 88
2014-04-24T01:35:50.645-04:00: e1
2014-04-24T01:35:50.645-04:00: 03
2014-04-24T01:35:50.645-04:00: f0
2014-04-24T01:35:50.645-04:00: f0
2014-04-24T01:35:50.645-04:00: 0f
2014-04-24T01:35:50.645-04:00: 0f
2014-04-24T01:35:50.645-04:00: f0
2014-04-24T01:35:50.645-04:00: f0
2014-04-24T01:38:15.755-04:00: a89ea0a89ea0e08ea49eaa9c88e103f0f00f0ff0f0
2014-04-24T01:38:15.755-04:00: a8
2014-04-24T01:38:15.755-04:00: 9e
2014-04-24T01:38:15.755-04:00: a0
2014-04-24T01:38:15.755-04:00: a8
2014-04-24T01:38:15.755-04:00: 9e
2014-04-24T01:38:15.755-04:00: a0
2014-04-24T01:38:15.755-04:00: e0
2014-04-24T01:38:15.755-04:00: 8e
2014-04-24T01:38:15.755-04:00: a4
2014-04-24T01:38:15.755-04:00: 9e
2014-04-24T01:38:15.770-04:00: aa
2014-04-24T01:38:15.770-04:00: 9c
2014-04-24T01:38:15.770-04:00: 88
2014-04-24T01:38:15.770-04:00: e1
2014-04-24T01:38:15.770-04:00: 03
2014-04-24T01:38:15.770-04:00: f0
2014-04-24T01:38:15.770-04:00: f0
2014-04-24T01:38:15.770-04:00: 0f
2014-04-24T01:38:15.770-04:00: 0f
2014-04-24T01:38:15.770-04:00: f0
2014-04-24T01:38:15.770-04:00: f0
