2014-05-09T14:58:56.517-04:00: Stable Library
2014-05-09T14:58:56.517-04:00: =========================================
2014-05-09T14:58:56.517-04:00: Native lib Version = RXTX-2.1-7
2014-05-09T14:58:56.517-04:00: Java lib Version   = RXTX-2.1-7
2014-05-09T15:00:24.470-04:00: acd2ded8cae8e08ea49eaa9c88e103f018f0c0000001030031000000000000000000000000000000
2014-05-09T15:00:24.470-04:00: ac
2014-05-09T15:00:24.470-04:00: d2
2014-05-09T15:00:24.486-04:00: de
2014-05-09T15:00:24.486-04:00: d8
2014-05-09T15:00:24.486-04:00: ca
2014-05-09T15:00:24.486-04:00: e8
2014-05-09T15:00:24.486-04:00: e0
2014-05-09T15:00:24.486-04:00: 8e
2014-05-09T15:00:24.486-04:00: a4
2014-05-09T15:00:24.486-04:00: 9e
2014-05-09T15:00:24.486-04:00: aa
2014-05-09T15:00:24.486-04:00: 9c
2014-05-09T15:00:24.486-04:00: 88
2014-05-09T15:00:24.486-04:00: e1
2014-05-09T15:00:24.486-04:00: 03
2014-05-09T15:00:24.486-04:00: f0
2014-05-09T15:00:24.486-04:00: 18
2014-05-09T15:00:24.486-04:00: f0
2014-05-09T15:00:24.486-04:00: first if case:db
2014-05-09T15:00:24.486-04:00: first if case c0:dc
2014-05-09T15:00:24.486-04:00: 00
2014-05-09T15:00:24.486-04:00: 00
2014-05-09T15:00:24.502-04:00: 01
2014-05-09T15:00:24.502-04:00: 03
2014-05-09T15:00:24.502-04:00: 00
2014-05-09T15:00:24.502-04:00: 31
2014-05-09T15:00:24.502-04:00: 00
2014-05-09T15:00:24.502-04:00: 00
2014-05-09T15:00:24.502-04:00: 00
2014-05-09T15:00:24.502-04:00: 00
2014-05-09T15:00:24.502-04:00: 00
2014-05-09T15:00:24.502-04:00: 00
2014-05-09T15:00:24.502-04:00: 00
2014-05-09T15:00:24.502-04:00: 00
2014-05-09T15:00:24.502-04:00: 00
2014-05-09T15:00:24.502-04:00: 00
2014-05-09T15:00:24.502-04:00: 00
2014-05-09T15:00:24.502-04:00: 00
2014-05-09T15:00:24.502-04:00: 00
2014-05-09T15:00:24.502-04:00: 00
2014-05-09T15:00:24.502-04:00: 00
