2012-10-26T16:52:05.217-04:00: Stable Library
2012-10-26T16:52:05.217-04:00: =========================================
2012-10-26T16:52:05.217-04:00: Native lib Version = RXTX-2.1-7
2012-10-26T16:52:05.217-04:00: Java lib Version   = RXTX-2.1-7
2012-10-26T16:52:17.717-04:00: Sending to TS-2000: SQ1050;
2012-10-26T16:52:17.717-04:00: Sending to TS-2000: DC;
2012-10-26T16:52:17.717-04:00: Sending to TS-2000: AG0050;
2012-10-26T16:52:17.717-04:00: Sending to TS-2000: FR;
2012-10-26T16:52:17.717-04:00: Sending to TS-2000: AG;
2012-10-26T16:52:17.733-04:00: Sending to TS-2000: FT;
2012-10-26T16:52:17.733-04:00: Sending to TS-2000: RG050;
2012-10-26T16:52:17.733-04:00: Sending to TS-2000: FA;
2012-10-26T16:52:17.733-04:00: Sending to TS-2000: RG;
2012-10-26T16:52:17.733-04:00: Sending to TS-2000: FB;
2012-10-26T16:52:17.733-04:00: Sending to TS-2000: FC;
2012-10-26T16:52:17.733-04:00: Sending to TS-2000: MD;
2012-10-26T16:52:17.733-04:00: Sending to TS-2000: BY;
2012-10-26T16:52:17.733-04:00: Sending to TS-2000: SM0;
2012-10-26T16:52:22.889-04:00: Sending to TS-2000: SQ1050;
2012-10-26T16:52:22.889-04:00: Sending to TS-2000: DC;
2012-10-26T16:52:22.889-04:00: Sending to TS-2000: AG0050;
2012-10-26T16:52:22.889-04:00: Sending to TS-2000: FR;
2012-10-26T16:52:22.889-04:00: Sending to TS-2000: AG;
2012-10-26T16:52:22.889-04:00: Sending to TS-2000: FT;
2012-10-26T16:52:22.889-04:00: Sending to TS-2000: RG050;
2012-10-26T16:52:22.889-04:00: Sending to TS-2000: FA;
2012-10-26T16:52:22.889-04:00: Sending to TS-2000: RG;
2012-10-26T16:52:22.889-04:00: Sending to TS-2000: FB;
2012-10-26T16:52:22.905-04:00: Sending to TS-2000: FC;
2012-10-26T16:52:22.905-04:00: Sending to TS-2000: MD;
2012-10-26T16:52:22.905-04:00: Sending to TS-2000: BY;
2012-10-26T16:52:22.905-04:00: Sending to TS-2000: SM0;
2012-10-26T16:52:30.499-04:00: Sending to TS-2000: SQ1050;
2012-10-26T16:52:30.499-04:00: Sending to TS-2000: DC;
2012-10-26T16:52:30.499-04:00: Sending to TS-2000: AG0050;
2012-10-26T16:52:30.514-04:00: Sending to TS-2000: FR;
2012-10-26T16:52:30.514-04:00: Sending to TS-2000: AG;
2012-10-26T16:52:30.514-04:00: Sending to TS-2000: FT;
2012-10-26T16:52:30.514-04:00: Sending to TS-2000: RG050;
2012-10-26T16:52:30.514-04:00: Sending to TS-2000: FA;
2012-10-26T16:52:30.514-04:00: Sending to TS-2000: RG;
2012-10-26T16:52:30.514-04:00: Sending to TS-2000: FB;
2012-10-26T16:52:30.530-04:00: Sending to TS-2000: FC;
2012-10-26T16:52:30.530-04:00: Sending to TS-2000: MD;
2012-10-26T16:52:30.530-04:00: Sending to TS-2000: BY;
2012-10-26T16:52:30.530-04:00: Sending to TS-2000: SM0;
2012-10-26T16:52:32.983-04:00: Sending to TS-2000: SQ1050;
2012-10-26T16:52:32.983-04:00: Sending to TS-2000: DC;
2012-10-26T16:52:32.983-04:00: Sending to TS-2000: AG0050;
2012-10-26T16:52:32.983-04:00: Sending to TS-2000: AG;
2012-10-26T16:52:32.999-04:00: Sending to TS-2000: RG050;
2012-10-26T16:52:32.999-04:00: Sending to TS-2000: FR;
2012-10-26T16:52:32.999-04:00: Sending to TS-2000: RG;
2012-10-26T16:52:32.999-04:00: Sending to TS-2000: FT;
2012-10-26T16:52:32.999-04:00: Sending to TS-2000: FA;
2012-10-26T16:52:32.999-04:00: Sending to TS-2000: FB;
2012-10-26T16:52:32.999-04:00: Sending to TS-2000: FC;
2012-10-26T16:52:33.014-04:00: Sending to TS-2000: MD;
2012-10-26T16:52:33.014-04:00: Sending to TS-2000: BY;
2012-10-26T16:52:33.014-04:00: Sending to TS-2000: SM0;
2012-10-26T16:52:36.436-04:00: Sending to TS-2000: SQ1050;
2012-10-26T16:52:36.436-04:00: Sending to TS-2000: DC;
2012-10-26T16:52:36.436-04:00: Sending to TS-2000: AG0050;
2012-10-26T16:52:36.436-04:00: Sending to TS-2000: FR;
2012-10-26T16:52:36.436-04:00: Sending to TS-2000: AG;
2012-10-26T16:52:36.436-04:00: Sending to TS-2000: FT;
2012-10-26T16:52:36.436-04:00: Sending to TS-2000: RG050;
2012-10-26T16:52:36.452-04:00: Sending to TS-2000: FA;
2012-10-26T16:52:36.452-04:00: Sending to TS-2000: RG;
2012-10-26T16:52:36.452-04:00: Sending to TS-2000: FB;
2012-10-26T16:52:36.452-04:00: Sending to TS-2000: FC;
2012-10-26T16:52:36.452-04:00: Sending to TS-2000: MD;
2012-10-26T16:52:36.452-04:00: Sending to TS-2000: BY;
2012-10-26T16:52:36.452-04:00: Sending to TS-2000: SM0;
2012-10-26T16:52:37.717-04:00: Sending to TS-2000: DC;
2012-10-26T16:52:37.717-04:00: Sending to TS-2000: FR;
2012-10-26T16:52:37.733-04:00: Sending to TS-2000: FT;
2012-10-26T16:52:37.733-04:00: Sending to TS-2000: FA;
2012-10-26T16:52:37.733-04:00: Sending to TS-2000: FB;
2012-10-26T16:52:37.733-04:00: Sending to TS-2000: FC;
2012-10-26T16:52:37.733-04:00: Sending to TS-2000: MD;
2012-10-26T16:52:37.733-04:00: Sending to TS-2000: BY;
2012-10-26T16:52:37.733-04:00: Sending to TS-2000: SM0;
2012-10-26T16:52:39.467-04:00: Sending to TS-2000: SQ1050;
2012-10-26T16:52:39.467-04:00: Sending to TS-2000: DC;
2012-10-26T16:52:39.483-04:00: Sending to TS-2000: AG0050;
2012-10-26T16:52:39.483-04:00: Sending to TS-2000: FR;
2012-10-26T16:52:39.483-04:00: Sending to TS-2000: AG;
2012-10-26T16:52:39.483-04:00: Sending to TS-2000: FT;
2012-10-26T16:52:39.483-04:00: Sending to TS-2000: RG050;
2012-10-26T16:52:39.483-04:00: Sending to TS-2000: FA;
2012-10-26T16:52:39.483-04:00: Sending to TS-2000: RG;
2012-10-26T16:52:39.483-04:00: Sending to TS-2000: FB;
2012-10-26T16:52:39.483-04:00: Sending to TS-2000: FC;
2012-10-26T16:52:39.483-04:00: Sending to TS-2000: MD;
2012-10-26T16:52:39.499-04:00: Sending to TS-2000: BY;
2012-10-26T16:52:39.499-04:00: Sending to TS-2000: SM0;
2012-10-26T16:52:47.733-04:00: Sending to TS-2000: SQ1050;
2012-10-26T16:52:47.733-04:00: Sending to TS-2000: DC;
2012-10-26T16:52:47.733-04:00: Sending to TS-2000: AG0050;
2012-10-26T16:52:47.733-04:00: Sending to TS-2000: FR;
2012-10-26T16:52:47.733-04:00: Sending to TS-2000: AG;
2012-10-26T16:52:47.733-04:00: Sending to TS-2000: FT;
2012-10-26T16:52:47.733-04:00: Sending to TS-2000: RG050;
2012-10-26T16:52:47.733-04:00: Sending to TS-2000: FA;
2012-10-26T16:52:47.749-04:00: Sending to TS-2000: RG;
2012-10-26T16:52:47.749-04:00: Sending to TS-2000: FB;
2012-10-26T16:52:47.749-04:00: Sending to TS-2000: FC;
2012-10-26T16:52:47.749-04:00: Sending to TS-2000: MD;
2012-10-26T16:52:47.749-04:00: Sending to TS-2000: BY;
2012-10-26T16:52:47.749-04:00: Sending to TS-2000: SM0;
2012-10-26T16:52:50.670-04:00: Sending to TS-2000: SQ1050;
2012-10-26T16:52:50.670-04:00: Sending to TS-2000: DC;
2012-10-26T16:52:50.670-04:00: Sending to TS-2000: AG0050;
2012-10-26T16:52:50.670-04:00: Sending to TS-2000: FR;
2012-10-26T16:52:50.670-04:00: Sending to TS-2000: AG;
2012-10-26T16:52:50.670-04:00: Sending to TS-2000: FT;
2012-10-26T16:52:50.670-04:00: Sending to TS-2000: RG050;
2012-10-26T16:52:50.670-04:00: Sending to TS-2000: FA;
2012-10-26T16:52:50.670-04:00: Sending to TS-2000: RG;
2012-10-26T16:52:50.670-04:00: Sending to TS-2000: FB;
2012-10-26T16:52:50.686-04:00: Sending to TS-2000: FC;
2012-10-26T16:52:50.686-04:00: Sending to TS-2000: MD;
2012-10-26T16:52:50.686-04:00: Sending to TS-2000: BY;
2012-10-26T16:52:50.686-04:00: Sending to TS-2000: SM0;
2012-10-26T16:52:52.639-04:00: Sending to TS-2000: SQ1050;
2012-10-26T16:52:52.639-04:00: Sending to TS-2000: DC;
2012-10-26T16:52:52.639-04:00: Sending to TS-2000: AG0050;
2012-10-26T16:52:52.639-04:00: Sending to TS-2000: AG;
2012-10-26T16:52:52.639-04:00: Sending to TS-2000: RG050;
2012-10-26T16:52:52.639-04:00: Sending to TS-2000: FR;
2012-10-26T16:52:52.639-04:00: Sending to TS-2000: RG;
2012-10-26T16:52:52.639-04:00: Sending to TS-2000: FT;
2012-10-26T16:52:52.655-04:00: Sending to TS-2000: FA;
2012-10-26T16:52:52.655-04:00: Sending to TS-2000: FB;
2012-10-26T16:52:52.655-04:00: Sending to TS-2000: FC;
2012-10-26T16:52:52.655-04:00: Sending to TS-2000: MD;
2012-10-26T16:52:52.655-04:00: Sending to TS-2000: BY;
2012-10-26T16:52:52.655-04:00: Sending to TS-2000: SM0;
2012-10-26T16:52:52.889-04:00: Sending to TS-2000: DC;
2012-10-26T16:52:52.889-04:00: Sending to TS-2000: FR;
2012-10-26T16:52:52.889-04:00: Sending to TS-2000: FT;
2012-10-26T16:52:52.905-04:00: Sending to TS-2000: FA;
2012-10-26T16:52:52.905-04:00: Sending to TS-2000: FB;
2012-10-26T16:52:52.905-04:00: Sending to TS-2000: FC;
2012-10-26T16:52:52.905-04:00: Sending to TS-2000: MD;
2012-10-26T16:52:52.905-04:00: Sending to TS-2000: BY;
2012-10-26T16:52:52.905-04:00: Sending to TS-2000: SM0;
2012-10-26T16:52:52.983-04:00: Sending to TS-2000: DC;
2012-10-26T16:52:52.999-04:00: Sending to TS-2000: FR;
2012-10-26T16:52:52.999-04:00: Sending to TS-2000: FT;
2012-10-26T16:52:52.999-04:00: Sending to TS-2000: FA;
2012-10-26T16:52:52.999-04:00: Sending to TS-2000: FB;
2012-10-26T16:52:52.999-04:00: Sending to TS-2000: FC;
2012-10-26T16:52:52.999-04:00: Sending to TS-2000: MD;
2012-10-26T16:52:53.014-04:00: Sending to TS-2000: BY;
2012-10-26T16:52:53.014-04:00: Sending to TS-2000: SM0;
2012-10-26T16:57:45.967-04:00: Sending to TS-2000: SQ1050;
2012-10-26T16:57:45.967-04:00: Sending to TS-2000: DC;
2012-10-26T16:57:45.967-04:00: Sending to TS-2000: AG0050;
2012-10-26T16:57:45.967-04:00: Sending to TS-2000: FR;
2012-10-26T16:57:45.967-04:00: Sending to TS-2000: AG;
2012-10-26T16:57:45.983-04:00: Sending to TS-2000: FT;
2012-10-26T16:57:45.983-04:00: Sending to TS-2000: RG050;
2012-10-26T16:57:45.983-04:00: Sending to TS-2000: FA;
2012-10-26T16:57:45.983-04:00: Sending to TS-2000: RG;
2012-10-26T16:57:45.983-04:00: Sending to TS-2000: FB;
2012-10-26T16:57:45.983-04:00: Sending to TS-2000: FC;
2012-10-26T16:57:45.983-04:00: Sending to TS-2000: MD;
2012-10-26T16:57:45.983-04:00: Sending to TS-2000: BY;
2012-10-26T16:57:45.983-04:00: Sending to TS-2000: SM0;
2012-10-26T16:57:46.436-04:00: Sending to TS-2000: DC;
2012-10-26T16:57:46.436-04:00: Sending to TS-2000: FR;
2012-10-26T16:57:46.452-04:00: Sending to TS-2000: FT;
2012-10-26T16:57:46.452-04:00: Sending to TS-2000: FA;
2012-10-26T16:57:46.452-04:00: Sending to TS-2000: FB;
2012-10-26T16:57:46.452-04:00: Sending to TS-2000: FC;
2012-10-26T16:57:46.452-04:00: Sending to TS-2000: MD;
2012-10-26T16:57:46.452-04:00: Sending to TS-2000: BY;
2012-10-26T16:57:46.452-04:00: Sending to TS-2000: SM0;
