2012-10-26T16:50:43.858-04:00: Stable Library
2012-10-26T16:50:43.858-04:00: =========================================
2012-10-26T16:50:43.874-04:00: Native lib Version = RXTX-2.1-7
2012-10-26T16:50:43.874-04:00: Java lib Version   = RXTX-2.1-7
2012-10-26T16:50:53.342-04:00: Sending to TS-2000: SQ1050;
2012-10-26T16:50:53.342-04:00: Sending to TS-2000: DC;
2012-10-26T16:50:53.342-04:00: Sending to TS-2000: AG0050;
2012-10-26T16:50:53.342-04:00: Sending to TS-2000: FR;
2012-10-26T16:50:53.342-04:00: Sending to TS-2000: AG;
2012-10-26T16:50:53.342-04:00: Sending to TS-2000: FT;
2012-10-26T16:50:53.342-04:00: Sending to TS-2000: FA;
2012-10-26T16:50:53.358-04:00: Sending to TS-2000: RG050;
2012-10-26T16:50:53.358-04:00: Sending to TS-2000: FB;
2012-10-26T16:50:53.358-04:00: Sending to TS-2000: RG;
2012-10-26T16:50:53.358-04:00: Sending to TS-2000: FC;
2012-10-26T16:50:53.374-04:00: Sending to TS-2000: MD;
2012-10-26T16:50:53.374-04:00: Sending to TS-2000: BY;
2012-10-26T16:50:53.374-04:00: Sending to TS-2000: SM0;
2012-10-26T16:50:58.874-04:00: Sending to TS-2000: SQ1050;
2012-10-26T16:50:58.874-04:00: Sending to TS-2000: DC;
2012-10-26T16:50:58.874-04:00: Sending to TS-2000: AG0050;
2012-10-26T16:50:58.874-04:00: Sending to TS-2000: FR;
2012-10-26T16:50:58.874-04:00: Sending to TS-2000: AG;
2012-10-26T16:50:58.874-04:00: Sending to TS-2000: FT;
2012-10-26T16:50:58.874-04:00: Sending to TS-2000: RG050;
2012-10-26T16:50:58.874-04:00: Sending to TS-2000: FA;
2012-10-26T16:50:58.874-04:00: Sending to TS-2000: RG;
2012-10-26T16:50:58.874-04:00: Sending to TS-2000: FB;
2012-10-26T16:50:58.874-04:00: Sending to TS-2000: FC;
2012-10-26T16:50:58.889-04:00: Sending to TS-2000: MD;
2012-10-26T16:50:58.889-04:00: Sending to TS-2000: BY;
2012-10-26T16:50:58.889-04:00: Sending to TS-2000: SM0;
2012-10-26T16:51:02.920-04:00: Sending to TS-2000: SQ1050;
2012-10-26T16:51:02.920-04:00: Sending to TS-2000: DC;
2012-10-26T16:51:02.920-04:00: Sending to TS-2000: AG0050;
2012-10-26T16:51:02.936-04:00: Sending to TS-2000: FR;
2012-10-26T16:51:02.936-04:00: Sending to TS-2000: AG;
2012-10-26T16:51:02.936-04:00: Sending to TS-2000: FT;
2012-10-26T16:51:02.936-04:00: Sending to TS-2000: RG050;
2012-10-26T16:51:02.936-04:00: Sending to TS-2000: FA;
2012-10-26T16:51:02.936-04:00: Sending to TS-2000: RG;
2012-10-26T16:51:02.936-04:00: Sending to TS-2000: FB;
2012-10-26T16:51:02.952-04:00: Sending to TS-2000: FC;
2012-10-26T16:51:02.952-04:00: Sending to TS-2000: MD;
2012-10-26T16:51:02.952-04:00: Sending to TS-2000: BY;
2012-10-26T16:51:02.952-04:00: Sending to TS-2000: SM0;
2012-10-26T16:51:03.342-04:00: Sending to TS-2000: DC;
2012-10-26T16:51:03.358-04:00: Sending to TS-2000: FR;
2012-10-26T16:51:03.358-04:00: Sending to TS-2000: FT;
2012-10-26T16:51:03.358-04:00: Sending to TS-2000: FA;
2012-10-26T16:51:03.358-04:00: Sending to TS-2000: FB;
2012-10-26T16:51:03.358-04:00: Sending to TS-2000: FC;
2012-10-26T16:51:03.358-04:00: Sending to TS-2000: MD;
2012-10-26T16:51:03.358-04:00: Sending to TS-2000: BY;
2012-10-26T16:51:03.374-04:00: Sending to TS-2000: SM0;
2012-10-26T16:51:07.780-04:00: Sending to TS-2000: SQ1050;
2012-10-26T16:51:07.795-04:00: Sending to TS-2000: DC;
2012-10-26T16:51:07.795-04:00: Sending to TS-2000: FR;
2012-10-26T16:51:07.795-04:00: Sending to TS-2000: AG0050;
2012-10-26T16:51:07.795-04:00: Sending to TS-2000: FT;
2012-10-26T16:51:07.795-04:00: Sending to TS-2000: AG;
2012-10-26T16:51:07.795-04:00: Sending to TS-2000: FA;
2012-10-26T16:51:07.795-04:00: Sending to TS-2000: RG050;
2012-10-26T16:51:07.795-04:00: Sending to TS-2000: FB;
2012-10-26T16:51:07.795-04:00: Sending to TS-2000: RG;
2012-10-26T16:51:07.795-04:00: Sending to TS-2000: FC;
2012-10-26T16:51:07.811-04:00: Sending to TS-2000: MD;
2012-10-26T16:51:07.811-04:00: Sending to TS-2000: BY;
2012-10-26T16:51:07.811-04:00: Sending to TS-2000: SM0;
2012-10-26T16:51:08.874-04:00: Sending to TS-2000: DC;
2012-10-26T16:51:08.874-04:00: Sending to TS-2000: FR;
2012-10-26T16:51:08.874-04:00: Sending to TS-2000: FT;
2012-10-26T16:51:08.874-04:00: Sending to TS-2000: FA;
2012-10-26T16:51:08.889-04:00: Sending to TS-2000: FB;
2012-10-26T16:51:08.889-04:00: Sending to TS-2000: FC;
2012-10-26T16:51:08.889-04:00: Sending to TS-2000: MD;
2012-10-26T16:51:08.889-04:00: Sending to TS-2000: BY;
2012-10-26T16:51:08.889-04:00: Sending to TS-2000: SM0;
