2012-10-26T16:48:37.264-04:00: Stable Library
2012-10-26T16:48:37.280-04:00: =========================================
2012-10-26T16:48:37.280-04:00: Native lib Version = RXTX-2.1-7
2012-10-26T16:48:37.280-04:00: Java lib Version   = RXTX-2.1-7
2012-10-26T16:48:45.061-04:00: Sending to TS-2000: SQ1050;
2012-10-26T16:48:45.061-04:00: Sending to TS-2000: DC;
2012-10-26T16:48:45.061-04:00: Sending to TS-2000: AG0050;
2012-10-26T16:48:45.077-04:00: Sending to TS-2000: FR;
2012-10-26T16:48:45.077-04:00: Sending to TS-2000: AG;
2012-10-26T16:48:45.077-04:00: Sending to TS-2000: RG050;
2012-10-26T16:48:45.077-04:00: Sending to TS-2000: FT;
2012-10-26T16:48:45.092-04:00: Sending to TS-2000: RG;
2012-10-26T16:48:45.092-04:00: Sending to TS-2000: FA;
2012-10-26T16:48:45.092-04:00: Sending to TS-2000: FB;
2012-10-26T16:48:45.108-04:00: Sending to TS-2000: FC;
2012-10-26T16:48:45.108-04:00: Sending to TS-2000: MD;
2012-10-26T16:48:45.108-04:00: Sending to TS-2000: BY;
2012-10-26T16:48:45.108-04:00: Sending to TS-2000: SM0;
2012-10-26T16:48:55.077-04:00: Sending to TS-2000: DC;
2012-10-26T16:48:55.077-04:00: Sending to TS-2000: FR;
2012-10-26T16:48:55.077-04:00: Sending to TS-2000: FT;
2012-10-26T16:48:55.077-04:00: Sending to TS-2000: FA;
2012-10-26T16:48:55.077-04:00: Sending to TS-2000: FB;
2012-10-26T16:48:55.077-04:00: Sending to TS-2000: FC;
2012-10-26T16:48:55.092-04:00: Sending to TS-2000: MD;
2012-10-26T16:48:55.092-04:00: Sending to TS-2000: BY;
2012-10-26T16:48:55.092-04:00: Sending to TS-2000: SM0;
2012-10-26T16:48:55.108-04:00: Sending to TS-2000: FR0;
2012-10-26T16:48:55.108-04:00: Sending to TS-2000: FR;
2012-10-26T16:48:55.108-04:00: Sending to TS-2000: FT1;
2012-10-26T16:48:55.108-04:00: Sending to TS-2000: FT;
2012-10-26T16:48:55.202-04:00: Sending to TS-2000: FB00437405000;
2012-10-26T16:48:55.217-04:00: Sending to TS-2000: FB;
2012-10-26T16:48:55.217-04:00: Sending to TS-2000: FA00437405000;
2012-10-26T16:48:55.233-04:00: Sending to TS-2000: FA;
2012-10-26T16:49:05.077-04:00: Sending to TS-2000: DC;
2012-10-26T16:49:05.077-04:00: Sending to TS-2000: FR;
2012-10-26T16:49:05.077-04:00: Sending to TS-2000: FT;
2012-10-26T16:49:05.092-04:00: Sending to TS-2000: FA;
2012-10-26T16:49:05.092-04:00: Sending to TS-2000: FB;
2012-10-26T16:49:05.092-04:00: Sending to TS-2000: FC;
2012-10-26T16:49:05.092-04:00: Sending to TS-2000: MD;
2012-10-26T16:49:05.092-04:00: Sending to TS-2000: BY;
2012-10-26T16:49:05.108-04:00: Sending to TS-2000: SM0;
2012-10-26T16:49:15.077-04:00: Sending to TS-2000: DC;
2012-10-26T16:49:15.077-04:00: Sending to TS-2000: FR;
2012-10-26T16:49:15.077-04:00: Sending to TS-2000: FT;
2012-10-26T16:49:15.077-04:00: Sending to TS-2000: FA;
2012-10-26T16:49:15.092-04:00: Sending to TS-2000: FB;
2012-10-26T16:49:15.092-04:00: Sending to TS-2000: FC;
2012-10-26T16:49:15.092-04:00: Sending to TS-2000: MD;
2012-10-26T16:49:15.092-04:00: Sending to TS-2000: BY;
2012-10-26T16:49:15.092-04:00: Sending to TS-2000: SM0;
