2012-11-17T14:21:55.013-05:00: Stable Library
2012-11-17T14:21:55.013-05:00: =========================================
2012-11-17T14:21:55.013-05:00: Native lib Version = RXTX-2.1-7
2012-11-17T14:21:55.013-05:00: Java lib Version   = RXTX-2.1-7
2012-11-17T14:22:08.366-05:00: Sending to TS-2000: SQ1050;
2012-11-17T14:22:08.366-05:00: Sending to TS-2000: DC;
2012-11-17T14:22:08.366-05:00: Sending to TS-2000: AG0050;
2012-11-17T14:22:08.382-05:00: Sending to TS-2000: FR;
2012-11-17T14:22:08.382-05:00: Sending to TS-2000: AG;
2012-11-17T14:22:08.382-05:00: Sending to TS-2000: FT;
2012-11-17T14:22:08.398-05:00: Sending to TS-2000: RG050;
2012-11-17T14:22:08.398-05:00: Sending to TS-2000: FA;
2012-11-17T14:22:08.398-05:00: Sending to TS-2000: RG;
2012-11-17T14:22:08.398-05:00: Sending to TS-2000: FB;
2012-11-17T14:22:08.413-05:00: Sending to TS-2000: FC;
2012-11-17T14:22:08.413-05:00: Sending to TS-2000: MD;
2012-11-17T14:22:08.413-05:00: Sending to TS-2000: BY;
2012-11-17T14:22:08.413-05:00: Sending to TS-2000: SM0;
2012-11-17T14:22:18.366-05:00: Sending to TS-2000: DC;
2012-11-17T14:22:18.366-05:00: Sending to TS-2000: FR;
2012-11-17T14:22:18.366-05:00: Sending to TS-2000: FT;
2012-11-17T14:22:18.366-05:00: Sending to TS-2000: FA;
2012-11-17T14:22:18.366-05:00: Sending to TS-2000: FB;
2012-11-17T14:22:18.366-05:00: Sending to TS-2000: FC;
2012-11-17T14:22:18.382-05:00: Sending to TS-2000: MD;
2012-11-17T14:22:18.382-05:00: Sending to TS-2000: BY;
2012-11-17T14:22:18.382-05:00: Sending to TS-2000: SM0;
2012-11-17T14:22:20.007-05:00: Sending to TS-2000: FR0;
2012-11-17T14:22:20.007-05:00: Sending to TS-2000: FR;
2012-11-17T14:22:20.023-05:00: Sending to TS-2000: FT1;
2012-11-17T14:22:20.023-05:00: Sending to TS-2000: FT;
2012-11-17T14:22:20.038-05:00: Sending to TS-2000: FB00437405000;
2012-11-17T14:22:20.038-05:00: Sending to TS-2000: FB;
2012-11-17T14:22:20.038-05:00: Sending to TS-2000: FA00437405000;
2012-11-17T14:22:20.054-05:00: Sending to TS-2000: FA;
2012-11-17T14:22:26.241-05:00: Sending to TS-2000: FR0;
2012-11-17T14:22:26.241-05:00: Sending to TS-2000: FR;
2012-11-17T14:22:26.241-05:00: Sending to TS-2000: FT1;
2012-11-17T14:22:26.241-05:00: Sending to TS-2000: FT;
2012-11-17T14:22:26.257-05:00: Sending to TS-2000: FB00437415000;
2012-11-17T14:22:26.257-05:00: Sending to TS-2000: FB;
2012-11-17T14:22:26.273-05:00: Sending to TS-2000: FA00437415000;
2012-11-17T14:22:26.273-05:00: Sending to TS-2000: FA;
2012-11-17T14:22:28.366-05:00: Sending to TS-2000: DC;
2012-11-17T14:22:28.366-05:00: Sending to TS-2000: FR;
2012-11-17T14:22:28.382-05:00: Sending to TS-2000: FT;
2012-11-17T14:22:28.382-05:00: Sending to TS-2000: FA;
2012-11-17T14:22:28.382-05:00: Sending to TS-2000: FB;
2012-11-17T14:22:28.382-05:00: Sending to TS-2000: FC;
2012-11-17T14:22:28.382-05:00: Sending to TS-2000: MD;
2012-11-17T14:22:28.398-05:00: Sending to TS-2000: BY;
2012-11-17T14:22:28.398-05:00: Sending to TS-2000: SM0;
2012-11-17T14:22:30.226-05:00: Sending to TS-2000: FR0;
2012-11-17T14:22:30.226-05:00: Sending to TS-2000: FR;
2012-11-17T14:22:30.226-05:00: Sending to TS-2000: FT1;
2012-11-17T14:22:30.226-05:00: Sending to TS-2000: FT;
2012-11-17T14:22:30.241-05:00: Sending to TS-2000: FB00437405000;
2012-11-17T14:22:30.241-05:00: Sending to TS-2000: FB;
2012-11-17T14:22:30.257-05:00: Sending to TS-2000: FA00437405000;
2012-11-17T14:22:30.257-05:00: Sending to TS-2000: FA;
2012-11-17T14:22:31.929-05:00: Sending to TS-2000: FR0;
2012-11-17T14:22:31.929-05:00: Sending to TS-2000: FR;
2012-11-17T14:22:31.929-05:00: Sending to TS-2000: FT1;
2012-11-17T14:22:31.929-05:00: Sending to TS-2000: FT;
2012-11-17T14:22:31.944-05:00: Sending to TS-2000: FB00437405000;
2012-11-17T14:22:31.944-05:00: Sending to TS-2000: FB;
2012-11-17T14:22:31.960-05:00: Sending to TS-2000: FA00437405000;
2012-11-17T14:22:31.960-05:00: Sending to TS-2000: FA;
2012-11-17T14:22:38.366-05:00: Sending to TS-2000: DC;
2012-11-17T14:22:38.366-05:00: Sending to TS-2000: FR;
2012-11-17T14:22:38.366-05:00: Sending to TS-2000: FT;
2012-11-17T14:22:38.366-05:00: Sending to TS-2000: FA;
2012-11-17T14:22:38.382-05:00: Sending to TS-2000: FB;
2012-11-17T14:22:38.382-05:00: Sending to TS-2000: FC;
2012-11-17T14:22:38.382-05:00: Sending to TS-2000: MD;
2012-11-17T14:22:38.382-05:00: Sending to TS-2000: BY;
2012-11-17T14:22:38.382-05:00: Sending to TS-2000: SM0;
2012-11-17T14:22:48.366-05:00: Sending to TS-2000: DC;
2012-11-17T14:22:48.366-05:00: Sending to TS-2000: FR;
2012-11-17T14:22:48.366-05:00: Sending to TS-2000: FT;
2012-11-17T14:22:48.366-05:00: Sending to TS-2000: FA;
2012-11-17T14:22:48.366-05:00: Sending to TS-2000: FB;
2012-11-17T14:22:48.366-05:00: Sending to TS-2000: FC;
2012-11-17T14:22:48.382-05:00: Sending to TS-2000: MD;
2012-11-17T14:22:48.382-05:00: Sending to TS-2000: BY;
2012-11-17T14:22:48.382-05:00: Sending to TS-2000: SM0;
2012-11-17T14:22:58.366-05:00: Sending to TS-2000: DC;
2012-11-17T14:22:58.366-05:00: Sending to TS-2000: FR;
2012-11-17T14:22:58.366-05:00: Sending to TS-2000: FT;
2012-11-17T14:22:58.382-05:00: Sending to TS-2000: FA;
2012-11-17T14:22:58.382-05:00: Sending to TS-2000: FB;
2012-11-17T14:22:58.382-05:00: Sending to TS-2000: FC;
2012-11-17T14:22:58.382-05:00: Sending to TS-2000: MD;
2012-11-17T14:22:58.382-05:00: Sending to TS-2000: BY;
2012-11-17T14:22:58.398-05:00: Sending to TS-2000: SM0;
2012-11-17T14:23:08.366-05:00: Sending to TS-2000: DC;
2012-11-17T14:23:08.366-05:00: Sending to TS-2000: FR;
2012-11-17T14:23:08.366-05:00: Sending to TS-2000: FT;
2012-11-17T14:23:08.366-05:00: Sending to TS-2000: FA;
2012-11-17T14:23:08.366-05:00: Sending to TS-2000: FB;
2012-11-17T14:23:08.382-05:00: Sending to TS-2000: FC;
2012-11-17T14:23:08.382-05:00: Sending to TS-2000: MD;
2012-11-17T14:23:08.382-05:00: Sending to TS-2000: BY;
2012-11-17T14:23:08.382-05:00: Sending to TS-2000: SM0;
