2013-03-30T17:19:12.716-04:00: Stable Library
2013-03-30T17:19:12.716-04:00: =========================================
2013-03-30T17:19:12.731-04:00: Native lib Version = RXTX-2.1-7
2013-03-30T17:19:12.731-04:00: Java lib Version   = RXTX-2.1-7
2013-03-30T17:21:07.528-04:00: 
KANTRONICS ALL MODE COMMUNICATOR KAM-XL VERSION 1.07050
(C) COPYRIGHT 2006 BY KANTRONICS INC.  ALL RIGHTS RESERVED.
DUPLICATION PROHIBITED WITHOUT PERMISSION OF KANTRONICS.
cmd:
???

HB 0/1200
XMITLVL 40/25
INTFACE KISS
RESE
KANTRONICS ALL MODE COMMUNICATOR KAM-XL VERSION 1.07050
(C) COPYRIGHT 2006 BY KANTRONICS INC.  ALL RIGHTS RESERVED.
DUPLICATION PROHIBITED WITHOUT PERMISSION OF KANTRONICS.
cmd:
???

HB 0/9600
XMITLVL 40/55
INTFACE KISS
RES
KANTRONICS ALL MODE COMMUNICATOR KAM-XL VERSION 1.07050
(C) COPYRIGHT 2006 BY KANTRONICS INC.  ALL RIGHTS RESERVED.
DUPLICATION PROHIBITED WITHOUT PERMISSION OF KANTRONICS.
cmd:
???

HB 0/1200
XMITLVL 40/25
INTFACE KISS
RES