2013-09-14T12:42:41.796-04:00: Stable Library
2013-09-14T12:42:41.796-04:00: =========================================
2013-09-14T12:42:41.796-04:00: Native lib Version = RXTX-2.1-7
2013-09-14T12:42:41.796-04:00: Java lib Version   = RXTX-2.1-7
2013-09-14T12:44:10.624-04:00: Sending to TS-2000: SQ0050;
2013-09-14T12:44:10.624-04:00: Sending to TS-2000: DC;
2013-09-14T12:44:10.656-04:00: Sending to TS-2000: AG0155;
2013-09-14T12:44:10.656-04:00: Sending to TS-2000: FR;
2013-09-14T12:44:10.656-04:00: Sending to TS-2000: AG;
2013-09-14T12:44:10.656-04:00: Sending to TS-2000: FT;
2013-09-14T12:44:10.656-04:00: Sending to TS-2000: RG255;
2013-09-14T12:44:10.671-04:00: Sending to TS-2000: FA;
2013-09-14T12:44:10.671-04:00: Sending to TS-2000: RG;
2013-09-14T12:44:10.671-04:00: Sending to TS-2000: FB;
2013-09-14T12:44:10.671-04:00: Sending to TS-2000: FR0;
2013-09-14T12:44:10.687-04:00: Sending to TS-2000: FC;
2013-09-14T12:44:10.687-04:00: Sending to TS-2000: FR;
2013-09-14T12:44:10.687-04:00: Sending to TS-2000: MD;
2013-09-14T12:44:10.687-04:00: Sending to TS-2000: FT1;
2013-09-14T12:44:10.687-04:00: Sending to TS-2000: BY;
2013-09-14T12:44:10.702-04:00: Sending to TS-2000: FT;
2013-09-14T12:44:10.702-04:00: Sending to TS-2000: SM0;
2013-09-14T12:44:10.702-04:00: Sending to TS-2000: MD4;
2013-09-14T12:44:10.718-04:00: Sending to TS-2000: MD;
2013-09-14T12:44:10.718-04:00: Sending to TS-2000: FR1;
2013-09-14T12:44:10.718-04:00: Sending to TS-2000: FR;
2013-09-14T12:44:10.718-04:00: Sending to TS-2000: FT0;
2013-09-14T12:44:10.718-04:00: Sending to TS-2000: FT;
2013-09-14T12:44:10.734-04:00: Sending to TS-2000: MD4;
2013-09-14T12:44:10.734-04:00: Sending to TS-2000: MD;
2013-09-14T12:44:10.734-04:00: Sending to TS-2000: SQ1050;
2013-09-14T12:44:10.734-04:00: Sending to TS-2000: AG0155;
2013-09-14T12:44:10.749-04:00: Sending to TS-2000: AG;
2013-09-14T12:44:20.624-04:00: Sending to TS-2000: DC;
2013-09-14T12:44:20.624-04:00: Sending to TS-2000: FR;
2013-09-14T12:44:20.640-04:00: Sending to TS-2000: FT;
2013-09-14T12:44:20.640-04:00: Sending to TS-2000: FA;
2013-09-14T12:44:20.640-04:00: Sending to TS-2000: FB;
2013-09-14T12:44:20.640-04:00: Sending to TS-2000: FC;
2013-09-14T12:44:20.640-04:00: Sending to TS-2000: MD;
2013-09-14T12:44:20.640-04:00: Sending to TS-2000: BY;
2013-09-14T12:44:20.656-04:00: Sending to TS-2000: SM0;
2013-09-14T12:44:24.015-04:00: Sending to TS-2000: FR0;
2013-09-14T12:44:24.015-04:00: Sending to TS-2000: FR;
2013-09-14T12:44:24.015-04:00: Sending to TS-2000: FT1;
2013-09-14T12:44:24.015-04:00: Sending to TS-2000: FT;
2013-09-14T12:44:24.015-04:00: Sending to TS-2000: FB00437305000;
2013-09-14T12:44:24.031-04:00: Sending to TS-2000: FB;
2013-09-14T12:44:24.046-04:00: Sending to TS-2000: FA00437305000;
2013-09-14T12:44:24.046-04:00: Sending to TS-2000: FA;
2013-09-14T12:44:30.624-04:00: Sending to TS-2000: DC;
2013-09-14T12:44:30.624-04:00: Sending to TS-2000: FR;
2013-09-14T12:44:30.624-04:00: Sending to TS-2000: FT;
2013-09-14T12:44:30.624-04:00: Sending to TS-2000: FA;
2013-09-14T12:44:30.640-04:00: Sending to TS-2000: FB;
2013-09-14T12:44:30.640-04:00: Sending to TS-2000: FC;
2013-09-14T12:44:30.640-04:00: Sending to TS-2000: MD;
2013-09-14T12:44:30.640-04:00: Sending to TS-2000: BY;
2013-09-14T12:44:30.640-04:00: Sending to TS-2000: SM0;
2013-09-14T12:44:31.249-04:00: Sending to TS-2000: FR0;
2013-09-14T12:44:31.249-04:00: Sending to TS-2000: FR;
2013-09-14T12:44:31.249-04:00: Sending to TS-2000: FT1;
2013-09-14T12:44:31.249-04:00: Sending to TS-2000: FT;
2013-09-14T12:44:31.249-04:00: Sending to TS-2000: MD1;
2013-09-14T12:44:31.265-04:00: Sending to TS-2000: MD;
2013-09-14T12:44:31.265-04:00: Sending to TS-2000: FR1;
2013-09-14T12:44:31.265-04:00: Sending to TS-2000: FR;
2013-09-14T12:44:31.265-04:00: Sending to TS-2000: FT0;
2013-09-14T12:44:31.281-04:00: Sending to TS-2000: FT;
2013-09-14T12:44:31.281-04:00: Sending to TS-2000: MD1;
2013-09-14T12:44:31.281-04:00: Sending to TS-2000: MD;
2013-09-14T12:44:31.281-04:00: Sending to TS-2000: FR0;
2013-09-14T12:44:31.296-04:00: Sending to TS-2000: FR;
2013-09-14T12:44:31.296-04:00: Sending to TS-2000: FT1;
2013-09-14T12:44:31.296-04:00: Sending to TS-2000: FT;
2013-09-14T12:44:34.781-04:00: Sending to TS-2000: FR0;
2013-09-14T12:44:34.781-04:00: Sending to TS-2000: FR;
2013-09-14T12:44:34.781-04:00: Sending to TS-2000: FT1;
2013-09-14T12:44:34.781-04:00: Sending to TS-2000: FT;
2013-09-14T12:44:34.796-04:00: Sending to TS-2000: MD2;
2013-09-14T12:44:34.796-04:00: Sending to TS-2000: MD;
2013-09-14T12:44:34.796-04:00: Sending to TS-2000: FR1;
2013-09-14T12:44:34.796-04:00: Sending to TS-2000: FR;
2013-09-14T12:44:34.812-04:00: Sending to TS-2000: FT0;
2013-09-14T12:44:34.812-04:00: Sending to TS-2000: FT;
2013-09-14T12:44:34.812-04:00: Sending to TS-2000: MD2;
2013-09-14T12:44:34.812-04:00: Sending to TS-2000: MD;
2013-09-14T12:44:34.812-04:00: Sending to TS-2000: FR0;
2013-09-14T12:44:34.827-04:00: Sending to TS-2000: FR;
2013-09-14T12:44:34.827-04:00: Sending to TS-2000: FT1;
2013-09-14T12:44:34.827-04:00: Sending to TS-2000: FT;
2013-09-14T12:44:36.515-04:00: Sending to TS-2000: FR0;
2013-09-14T12:44:36.515-04:00: Sending to TS-2000: FR;
2013-09-14T12:44:36.531-04:00: Sending to TS-2000: FT1;
2013-09-14T12:44:36.531-04:00: Sending to TS-2000: FT;
2013-09-14T12:44:36.531-04:00: Sending to TS-2000: MD4;
2013-09-14T12:44:36.531-04:00: Sending to TS-2000: MD;
2013-09-14T12:44:36.546-04:00: Sending to TS-2000: FR1;
2013-09-14T12:44:36.546-04:00: Sending to TS-2000: FR;
2013-09-14T12:44:36.546-04:00: Sending to TS-2000: FT0;
2013-09-14T12:44:36.546-04:00: Sending to TS-2000: FT;
2013-09-14T12:44:36.562-04:00: Sending to TS-2000: MD4;
2013-09-14T12:44:36.562-04:00: Sending to TS-2000: MD;
2013-09-14T12:44:36.562-04:00: Sending to TS-2000: FR0;
2013-09-14T12:44:36.562-04:00: Sending to TS-2000: FR;
2013-09-14T12:44:36.562-04:00: Sending to TS-2000: FT1;
2013-09-14T12:44:36.577-04:00: Sending to TS-2000: FT;
2013-09-14T12:44:40.624-04:00: Sending to TS-2000: DC;
2013-09-14T12:44:40.640-04:00: Sending to TS-2000: FR;
2013-09-14T12:44:40.640-04:00: Sending to TS-2000: FT;
2013-09-14T12:44:40.640-04:00: Sending to TS-2000: FA;
2013-09-14T12:44:40.640-04:00: Sending to TS-2000: FB;
2013-09-14T12:44:40.640-04:00: Sending to TS-2000: FC;
2013-09-14T12:44:40.640-04:00: Sending to TS-2000: MD;
2013-09-14T12:44:40.656-04:00: Sending to TS-2000: BY;
2013-09-14T12:44:40.656-04:00: Sending to TS-2000: SM0;
2013-09-14T12:44:41.296-04:00: Sending to TS-2000: RG255;
2013-09-14T12:44:41.296-04:00: Sending to TS-2000: RG;
2013-09-14T12:44:41.312-04:00: Sending to TS-2000: RG252;
2013-09-14T12:44:41.312-04:00: Sending to TS-2000: RG;
2013-09-14T12:44:41.359-04:00: Sending to TS-2000: RG251;
2013-09-14T12:44:41.359-04:00: Sending to TS-2000: RG;
2013-09-14T12:44:41.390-04:00: Sending to TS-2000: RG249;
2013-09-14T12:44:41.390-04:00: Sending to TS-2000: RG;
2013-09-14T12:44:41.406-04:00: Sending to TS-2000: RG248;
2013-09-14T12:44:41.406-04:00: Sending to TS-2000: RG;
2013-09-14T12:44:41.468-04:00: Sending to TS-2000: RG247;
2013-09-14T12:44:41.468-04:00: Sending to TS-2000: RG;
2013-09-14T12:44:41.484-04:00: Sending to TS-2000: RG244;
2013-09-14T12:44:41.484-04:00: Sending to TS-2000: RG;
2013-09-14T12:44:41.499-04:00: Sending to TS-2000: RG241;
2013-09-14T12:44:41.499-04:00: Sending to TS-2000: RG;
2013-09-14T12:44:41.531-04:00: Sending to TS-2000: RG239;
2013-09-14T12:44:41.531-04:00: Sending to TS-2000: RG;
2013-09-14T12:44:41.546-04:00: Sending to TS-2000: RG235;
2013-09-14T12:44:41.546-04:00: Sending to TS-2000: RG;
2013-09-14T12:44:41.562-04:00: Sending to TS-2000: RG234;
2013-09-14T12:44:41.562-04:00: Sending to TS-2000: RG;
2013-09-14T12:44:41.593-04:00: Sending to TS-2000: RG232;
2013-09-14T12:44:41.593-04:00: Sending to TS-2000: RG;
2013-09-14T12:44:41.609-04:00: Sending to TS-2000: RG230;
2013-09-14T12:44:41.609-04:00: Sending to TS-2000: RG;
2013-09-14T12:44:41.624-04:00: Sending to TS-2000: RG227;
2013-09-14T12:44:41.624-04:00: Sending to TS-2000: RG;
2013-09-14T12:44:41.640-04:00: Sending to TS-2000: RG225;
2013-09-14T12:44:41.640-04:00: Sending to TS-2000: RG;
2013-09-14T12:44:41.656-04:00: Sending to TS-2000: RG224;
2013-09-14T12:44:41.656-04:00: Sending to TS-2000: RG;
2013-09-14T12:44:41.781-04:00: Sending to TS-2000: RG225;
2013-09-14T12:44:41.796-04:00: Sending to TS-2000: RG;
2013-09-14T12:44:41.812-04:00: Sending to TS-2000: RG230;
2013-09-14T12:44:41.812-04:00: Sending to TS-2000: RG;
2013-09-14T12:44:41.827-04:00: Sending to TS-2000: RG237;
2013-09-14T12:44:41.827-04:00: Sending to TS-2000: RG;
2013-09-14T12:44:41.843-04:00: Sending to TS-2000: RG247;
2013-09-14T12:44:41.843-04:00: Sending to TS-2000: RG;
2013-09-14T12:44:41.859-04:00: Sending to TS-2000: RG255;
2013-09-14T12:44:41.859-04:00: Sending to TS-2000: RG;
2013-09-14T12:44:42.218-04:00: Sending to TS-2000: RG255;
2013-09-14T12:44:42.218-04:00: Sending to TS-2000: RG;
2013-09-14T12:44:46.343-04:00: Sending to TS-2000: AG0155;
2013-09-14T12:44:46.343-04:00: Sending to TS-2000: AG;
2013-09-14T12:44:46.343-04:00: Sending to TS-2000: AG0156;
2013-09-14T12:44:46.359-04:00: Sending to TS-2000: AG;
2013-09-14T12:44:46.452-04:00: Sending to TS-2000: AG0153;
2013-09-14T12:44:46.452-04:00: Sending to TS-2000: AG;
2013-09-14T12:44:46.499-04:00: Sending to TS-2000: AG0152;
2013-09-14T12:44:46.499-04:00: Sending to TS-2000: AG;
2013-09-14T12:44:46.749-04:00: Sending to TS-2000: AG0153;
2013-09-14T12:44:46.749-04:00: Sending to TS-2000: AG;
2013-09-14T12:44:47.062-04:00: Sending to TS-2000: AG0154;
2013-09-14T12:44:47.062-04:00: Sending to TS-2000: AG;
2013-09-14T12:44:47.156-04:00: Sending to TS-2000: AG0156;
2013-09-14T12:44:47.156-04:00: Sending to TS-2000: AG;
2013-09-14T12:44:47.265-04:00: Sending to TS-2000: AG0157;
2013-09-14T12:44:47.265-04:00: Sending to TS-2000: AG;
2013-09-14T12:44:47.296-04:00: Sending to TS-2000: AG0159;
2013-09-14T12:44:47.296-04:00: Sending to TS-2000: AG;
2013-09-14T12:44:47.359-04:00: Sending to TS-2000: AG0160;
2013-09-14T12:44:47.359-04:00: Sending to TS-2000: AG;
2013-09-14T12:44:47.593-04:00: Sending to TS-2000: AG0159;
2013-09-14T12:44:47.593-04:00: Sending to TS-2000: AG;
2013-09-14T12:44:47.609-04:00: Sending to TS-2000: AG0157;
2013-09-14T12:44:47.609-04:00: Sending to TS-2000: AG;
2013-09-14T12:44:47.656-04:00: Sending to TS-2000: AG0156;
2013-09-14T12:44:47.656-04:00: Sending to TS-2000: AG;
2013-09-14T12:44:47.687-04:00: Sending to TS-2000: AG0154;
2013-09-14T12:44:47.687-04:00: Sending to TS-2000: AG;
2013-09-14T12:44:47.734-04:00: Sending to TS-2000: AG0153;
2013-09-14T12:44:47.734-04:00: Sending to TS-2000: AG;
2013-09-14T12:44:47.749-04:00: Sending to TS-2000: AG0152;
2013-09-14T12:44:47.765-04:00: Sending to TS-2000: AG;
2013-09-14T12:44:48.109-04:00: Sending to TS-2000: AG0153;
2013-09-14T12:44:48.109-04:00: Sending to TS-2000: AG;
2013-09-14T12:44:48.187-04:00: Sending to TS-2000: AG0153;
2013-09-14T12:44:48.187-04:00: Sending to TS-2000: AG;
2013-09-14T12:44:50.624-04:00: Sending to TS-2000: DC;
2013-09-14T12:44:50.624-04:00: Sending to TS-2000: FR;
2013-09-14T12:44:50.624-04:00: Sending to TS-2000: FT;
2013-09-14T12:44:50.640-04:00: Sending to TS-2000: FA;
2013-09-14T12:44:50.640-04:00: Sending to TS-2000: FB;
2013-09-14T12:44:50.640-04:00: Sending to TS-2000: FC;
2013-09-14T12:44:50.640-04:00: Sending to TS-2000: MD;
2013-09-14T12:44:50.640-04:00: Sending to TS-2000: BY;
2013-09-14T12:44:50.656-04:00: Sending to TS-2000: SM0;
2013-09-14T12:45:00.171-04:00: Sending to TS-2000: SQ1050;
2013-09-14T12:45:00.171-04:00: Sending to TS-2000: SQ1001;
2013-09-14T12:45:00.202-04:00: Sending to TS-2000: SQ1000;
2013-09-14T12:45:00.515-04:00: Sending to TS-2000: SQ1000;
2013-09-14T12:45:00.624-04:00: Sending to TS-2000: DC;
2013-09-14T12:45:00.624-04:00: Sending to TS-2000: FR;
2013-09-14T12:45:00.624-04:00: Sending to TS-2000: FT;
2013-09-14T12:45:00.624-04:00: Sending to TS-2000: FA;
2013-09-14T12:45:00.624-04:00: Sending to TS-2000: FB;
2013-09-14T12:45:00.640-04:00: Sending to TS-2000: FC;
2013-09-14T12:45:00.640-04:00: Sending to TS-2000: MD;
2013-09-14T12:45:00.640-04:00: Sending to TS-2000: BY;
2013-09-14T12:45:00.640-04:00: Sending to TS-2000: SM0;
2013-09-14T12:45:06.093-04:00: Sending to TS-2000: SQ1000;
2013-09-14T12:45:06.093-04:00: Sending to TS-2000: SQ1001;
2013-09-14T12:45:06.218-04:00: Sending to TS-2000: SQ1003;
2013-09-14T12:45:06.249-04:00: Sending to TS-2000: SQ1004;
2013-09-14T12:45:06.390-04:00: Sending to TS-2000: SQ1006;
2013-09-14T12:45:06.406-04:00: Sending to TS-2000: SQ1007;
2013-09-14T12:45:06.452-04:00: Sending to TS-2000: SQ1009;
2013-09-14T12:45:06.468-04:00: Sending to TS-2000: SQ1011;
2013-09-14T12:45:06.484-04:00: Sending to TS-2000: SQ1016;
2013-09-14T12:45:06.499-04:00: Sending to TS-2000: SQ1018;
2013-09-14T12:45:06.515-04:00: Sending to TS-2000: SQ1020;
2013-09-14T12:45:06.531-04:00: Sending to TS-2000: SQ1021;
2013-09-14T12:45:06.546-04:00: Sending to TS-2000: SQ1024;
2013-09-14T12:45:06.593-04:00: Sending to TS-2000: SQ1026;
2013-09-14T12:45:06.624-04:00: Sending to TS-2000: SQ1027;
2013-09-14T12:45:06.687-04:00: Sending to TS-2000: SQ1028;
2013-09-14T12:45:06.702-04:00: Sending to TS-2000: SQ1030;
2013-09-14T12:45:06.734-04:00: Sending to TS-2000: SQ1031;
2013-09-14T12:45:06.749-04:00: Sending to TS-2000: SQ1033;
2013-09-14T12:45:06.765-04:00: Sending to TS-2000: SQ1034;
2013-09-14T12:45:06.812-04:00: Sending to TS-2000: SQ1035;
2013-09-14T12:45:06.827-04:00: Sending to TS-2000: SQ1037;
2013-09-14T12:45:06.843-04:00: Sending to TS-2000: SQ1038;
2013-09-14T12:45:06.874-04:00: Sending to TS-2000: SQ1040;
2013-09-14T12:45:06.906-04:00: Sending to TS-2000: SQ1041;
2013-09-14T12:45:06.937-04:00: Sending to TS-2000: SQ1044;
2013-09-14T12:45:06.952-04:00: Sending to TS-2000: SQ1045;
2013-09-14T12:45:06.968-04:00: Sending to TS-2000: SQ1047;
2013-09-14T12:45:06.984-04:00: Sending to TS-2000: SQ1048;
2013-09-14T12:45:06.999-04:00: Sending to TS-2000: SQ1050;
2013-09-14T12:45:07.031-04:00: Sending to TS-2000: SQ1051;
2013-09-14T12:45:07.093-04:00: Sending to TS-2000: SQ1052;
2013-09-14T12:45:07.140-04:00: Sending to TS-2000: SQ1054;
2013-09-14T12:45:07.156-04:00: Sending to TS-2000: SQ1055;
2013-09-14T12:45:07.281-04:00: Sending to TS-2000: SQ1057;
2013-09-14T12:45:07.531-04:00: Sending to TS-2000: SQ1058;
2013-09-14T12:45:07.562-04:00: Sending to TS-2000: SQ1060;
2013-09-14T12:45:07.577-04:00: Sending to TS-2000: SQ1061;
2013-09-14T12:45:07.577-04:00: Sending to TS-2000: SQ1061;
2013-09-14T12:45:10.624-04:00: Sending to TS-2000: DC;
2013-09-14T12:45:10.624-04:00: Sending to TS-2000: FR;
2013-09-14T12:45:10.640-04:00: Sending to TS-2000: FT;
2013-09-14T12:45:10.640-04:00: Sending to TS-2000: FA;
2013-09-14T12:45:10.640-04:00: Sending to TS-2000: FB;
2013-09-14T12:45:10.640-04:00: Sending to TS-2000: FC;
2013-09-14T12:45:10.640-04:00: Sending to TS-2000: MD;
2013-09-14T12:45:10.656-04:00: Sending to TS-2000: BY;
2013-09-14T12:45:10.656-04:00: Sending to TS-2000: SM0;
2013-09-14T12:45:20.624-04:00: Sending to TS-2000: DC;
2013-09-14T12:45:20.624-04:00: Sending to TS-2000: FR;
2013-09-14T12:45:20.624-04:00: Sending to TS-2000: FT;
2013-09-14T12:45:20.624-04:00: Sending to TS-2000: FA;
2013-09-14T12:45:20.640-04:00: Sending to TS-2000: FB;
2013-09-14T12:45:20.640-04:00: Sending to TS-2000: FC;
2013-09-14T12:45:20.640-04:00: Sending to TS-2000: MD;
2013-09-14T12:45:20.640-04:00: Sending to TS-2000: BY;
2013-09-14T12:45:20.640-04:00: Sending to TS-2000: SM0;
2013-09-14T12:45:30.624-04:00: Sending to TS-2000: DC;
2013-09-14T12:45:30.624-04:00: Sending to TS-2000: FR;
2013-09-14T12:45:30.624-04:00: Sending to TS-2000: FT;
2013-09-14T12:45:30.624-04:00: Sending to TS-2000: FA;
2013-09-14T12:45:30.624-04:00: Sending to TS-2000: FB;
2013-09-14T12:45:30.624-04:00: Sending to TS-2000: FC;
2013-09-14T12:45:30.640-04:00: Sending to TS-2000: MD;
2013-09-14T12:45:30.640-04:00: Sending to TS-2000: BY;
2013-09-14T12:45:30.640-04:00: Sending to TS-2000: SM0;
2013-09-14T12:45:31.140-04:00: Sending to TS-2000: FR0;
2013-09-14T12:45:31.140-04:00: Sending to TS-2000: FR;
2013-09-14T12:45:31.156-04:00: Sending to TS-2000: FT1;
2013-09-14T12:45:31.156-04:00: Sending to TS-2000: FT;
2013-09-14T12:45:31.156-04:00: Sending to TS-2000: FB00437800000;
2013-09-14T12:45:31.156-04:00: Sending to TS-2000: FB;
2013-09-14T12:45:31.171-04:00: Sending to TS-2000: FA00437800000;
2013-09-14T12:45:31.171-04:00: Sending to TS-2000: FA;
2013-09-14T12:45:40.624-04:00: Sending to TS-2000: DC;
2013-09-14T12:45:40.624-04:00: Sending to TS-2000: FR;
2013-09-14T12:45:40.624-04:00: Sending to TS-2000: FT;
2013-09-14T12:45:40.640-04:00: Sending to TS-2000: FA;
2013-09-14T12:45:40.640-04:00: Sending to TS-2000: FB;
2013-09-14T12:45:40.640-04:00: Sending to TS-2000: FC;
2013-09-14T12:45:40.640-04:00: Sending to TS-2000: MD;
2013-09-14T12:45:40.640-04:00: Sending to TS-2000: BY;
2013-09-14T12:45:40.656-04:00: Sending to TS-2000: SM0;
2013-09-14T12:45:50.624-04:00: Sending to TS-2000: DC;
2013-09-14T12:45:50.624-04:00: Sending to TS-2000: FR;
2013-09-14T12:45:50.624-04:00: Sending to TS-2000: FT;
2013-09-14T12:45:50.624-04:00: Sending to TS-2000: FA;
2013-09-14T12:45:50.624-04:00: Sending to TS-2000: FB;
2013-09-14T12:45:50.640-04:00: Sending to TS-2000: FC;
2013-09-14T12:45:50.640-04:00: Sending to TS-2000: MD;
2013-09-14T12:45:50.640-04:00: Sending to TS-2000: BY;
2013-09-14T12:45:50.640-04:00: Sending to TS-2000: SM0;
2013-09-14T12:45:59.046-04:00: Sending to TS-2000: FR0;
2013-09-14T12:45:59.046-04:00: Sending to TS-2000: FR;
2013-09-14T12:45:59.046-04:00: Sending to TS-2000: FT1;
2013-09-14T12:45:59.046-04:00: Sending to TS-2000: FT;
2013-09-14T12:45:59.062-04:00: Sending to TS-2000: FB00437800000;
2013-09-14T12:45:59.062-04:00: Sending to TS-2000: FB;
2013-09-14T12:45:59.077-04:00: Sending to TS-2000: FA00437800000;
2013-09-14T12:45:59.077-04:00: Sending to TS-2000: FA;
2013-09-14T12:45:59.687-04:00: Sending to TS-2000: FR0;
2013-09-14T12:45:59.687-04:00: Sending to TS-2000: FR;
2013-09-14T12:45:59.687-04:00: Sending to TS-2000: FT1;
2013-09-14T12:45:59.687-04:00: Sending to TS-2000: FT;
2013-09-14T12:45:59.702-04:00: Sending to TS-2000: FB00437800000;
2013-09-14T12:45:59.702-04:00: Sending to TS-2000: FB;
2013-09-14T12:45:59.718-04:00: Sending to TS-2000: FA00437800000;
2013-09-14T12:45:59.718-04:00: Sending to TS-2000: FA;
2013-09-14T12:46:00.624-04:00: Sending to TS-2000: DC;
2013-09-14T12:46:00.624-04:00: Sending to TS-2000: FR;
2013-09-14T12:46:00.624-04:00: Sending to TS-2000: FT;
2013-09-14T12:46:00.640-04:00: Sending to TS-2000: FA;
2013-09-14T12:46:00.640-04:00: Sending to TS-2000: FB;
2013-09-14T12:46:00.640-04:00: Sending to TS-2000: FC;
2013-09-14T12:46:00.640-04:00: Sending to TS-2000: MD;
2013-09-14T12:46:00.640-04:00: Sending to TS-2000: BY;
2013-09-14T12:46:00.656-04:00: Sending to TS-2000: SM0;
2013-09-14T12:46:00.999-04:00: Set Az, El: 153.0, 0.0
2013-09-14T12:46:01.077-04:00: Set Az, El: 152.0, 0.0
2013-09-14T12:46:01.140-04:00: Set Az, El: 151.0, 0.0
2013-09-14T12:46:01.218-04:00: Set Az, El: 149.0, 0.0
2013-09-14T12:46:01.281-04:00: Set Az, El: 148.0, 0.0
2013-09-14T12:46:01.374-04:00: Set Az, El: 147.0, 0.0
2013-09-14T12:46:01.437-04:00: Set Az, El: 145.0, 0.0
2013-09-14T12:46:01.499-04:00: Set Az, El: 144.0, 0.0
2013-09-14T12:46:01.577-04:00: Set Az, El: 143.0, 0.0
2013-09-14T12:46:01.671-04:00: Set Az, El: 141.0, 0.0
2013-09-14T12:46:01.749-04:00: Set Az, El: 140.0, 0.0
2013-09-14T12:46:01.859-04:00: Set Az, El: 138.0, 0.0
2013-09-14T12:46:01.952-04:00: Set Az, El: 136.0, 0.0
2013-09-14T12:46:02.031-04:00: Set Az, El: 135.0, 0.0
2013-09-14T12:46:02.093-04:00: Set Az, El: 133.0, 0.0
2013-09-14T12:46:02.156-04:00: Set Az, El: 132.0, 0.0
2013-09-14T12:46:02.218-04:00: Set Az, El: 130.0, 0.0
2013-09-14T12:46:02.296-04:00: Set Az, El: 128.0, 0.0
2013-09-14T12:46:02.359-04:00: Set Az, El: 127.0, 0.0
2013-09-14T12:46:02.421-04:00: Set Az, El: 125.0, 0.0
2013-09-14T12:46:02.484-04:00: Set Az, El: 123.0, 0.0
2013-09-14T12:46:02.531-04:00: Set Az, El: 122.0, 0.0
2013-09-14T12:46:02.593-04:00: Set Az, El: 120.0, 0.0
2013-09-14T12:46:02.656-04:00: Set Az, El: 118.0, 0.0
2013-09-14T12:46:02.702-04:00: Set Az, El: 117.0, 0.0
2013-09-14T12:46:02.765-04:00: Set Az, El: 115.0, 0.0
2013-09-14T12:46:02.812-04:00: Set Az, El: 113.0, 0.0
2013-09-14T12:46:02.874-04:00: Set Az, El: 112.0, 0.0
2013-09-14T12:46:02.952-04:00: Set Az, El: 110.0, 0.0
2013-09-14T12:46:02.999-04:00: Set Az, El: 108.0, 0.0
2013-09-14T12:46:03.062-04:00: Set Az, El: 107.0, 0.0
2013-09-14T12:46:03.156-04:00: Set Az, El: 105.0, 0.0
2013-09-14T12:46:03.218-04:00: Set Az, El: 104.0, 0.0
2013-09-14T12:46:03.296-04:00: Set Az, El: 102.0, 0.0
2013-09-14T12:46:03.359-04:00: Set Az, El: 101.0, 0.0
2013-09-14T12:46:03.484-04:00: Set Az, El: 99.0, 0.0
2013-09-14T12:46:03.546-04:00: Set Az, El: 98.0, 0.0
2013-09-14T12:46:03.640-04:00: Set Az, El: 96.0, 0.0
2013-09-14T12:46:03.734-04:00: Set Az, El: 95.0, 0.0
2013-09-14T12:46:03.796-04:00: Set Az, El: 93.0, 0.0
2013-09-14T12:46:03.859-04:00: Set Az, El: 92.0, 0.0
2013-09-14T12:46:03.921-04:00: Set Az, El: 91.0, 0.0
2013-09-14T12:46:03.984-04:00: Set Az, El: 89.0, 0.0
2013-09-14T12:46:04.046-04:00: Set Az, El: 88.0, 0.0
2013-09-14T12:46:04.109-04:00: Set Az, El: 87.0, 0.0
2013-09-14T12:46:10.624-04:00: Sending to TS-2000: DC;
2013-09-14T12:46:10.624-04:00: Sending to TS-2000: FR;
2013-09-14T12:46:10.624-04:00: Sending to TS-2000: FT;
2013-09-14T12:46:10.624-04:00: Sending to TS-2000: FA;
2013-09-14T12:46:10.624-04:00: Sending to TS-2000: FB;
2013-09-14T12:46:10.640-04:00: Sending to TS-2000: FC;
2013-09-14T12:46:10.640-04:00: Sending to TS-2000: MD;
2013-09-14T12:46:10.640-04:00: Sending to TS-2000: BY;
2013-09-14T12:46:10.640-04:00: Sending to TS-2000: SM0;
2013-09-14T12:46:20.624-04:00: Sending to TS-2000: DC;
2013-09-14T12:46:20.624-04:00: Sending to TS-2000: FR;
2013-09-14T12:46:20.640-04:00: Sending to TS-2000: FT;
2013-09-14T12:46:20.640-04:00: Sending to TS-2000: FA;
2013-09-14T12:46:20.640-04:00: Sending to TS-2000: FB;
2013-09-14T12:46:20.640-04:00: Sending to TS-2000: FC;
2013-09-14T12:46:20.640-04:00: Sending to TS-2000: MD;
2013-09-14T12:46:20.656-04:00: Sending to TS-2000: BY;
2013-09-14T12:46:20.656-04:00: Sending to TS-2000: SM0;
2013-09-14T12:46:30.624-04:00: Sending to TS-2000: DC;
2013-09-14T12:46:30.624-04:00: Sending to TS-2000: FR;
2013-09-14T12:46:30.624-04:00: Sending to TS-2000: FT;
2013-09-14T12:46:30.624-04:00: Sending to TS-2000: FA;
2013-09-14T12:46:30.640-04:00: Sending to TS-2000: FB;
2013-09-14T12:46:30.640-04:00: Sending to TS-2000: FC;
2013-09-14T12:46:30.640-04:00: Sending to TS-2000: MD;
2013-09-14T12:46:30.640-04:00: Sending to TS-2000: BY;
2013-09-14T12:46:30.640-04:00: Sending to TS-2000: SM0;
2013-09-14T12:46:40.624-04:00: Sending to TS-2000: DC;
2013-09-14T12:46:40.624-04:00: Sending to TS-2000: FR;
2013-09-14T12:46:40.624-04:00: Sending to TS-2000: FT;
2013-09-14T12:46:40.624-04:00: Sending to TS-2000: FA;
2013-09-14T12:46:40.624-04:00: Sending to TS-2000: FB;
2013-09-14T12:46:40.624-04:00: Sending to TS-2000: FC;
2013-09-14T12:46:40.640-04:00: Sending to TS-2000: MD;
2013-09-14T12:46:40.640-04:00: Sending to TS-2000: BY;
2013-09-14T12:46:40.640-04:00: Sending to TS-2000: SM0;
2013-09-14T12:46:50.624-04:00: Sending to TS-2000: DC;
2013-09-14T12:46:50.624-04:00: Sending to TS-2000: FR;
2013-09-14T12:46:50.624-04:00: Sending to TS-2000: FT;
2013-09-14T12:46:50.640-04:00: Sending to TS-2000: FA;
2013-09-14T12:46:50.640-04:00: Sending to TS-2000: FB;
2013-09-14T12:46:50.640-04:00: Sending to TS-2000: FC;
2013-09-14T12:46:50.640-04:00: Sending to TS-2000: MD;
2013-09-14T12:46:50.640-04:00: Sending to TS-2000: BY;
2013-09-14T12:46:50.656-04:00: Sending to TS-2000: SM0;
2013-09-14T12:47:00.624-04:00: Sending to TS-2000: DC;
2013-09-14T12:47:00.624-04:00: Sending to TS-2000: FR;
2013-09-14T12:47:00.624-04:00: Sending to TS-2000: FT;
2013-09-14T12:47:00.624-04:00: Sending to TS-2000: FA;
2013-09-14T12:47:00.624-04:00: Sending to TS-2000: FB;
2013-09-14T12:47:00.640-04:00: Sending to TS-2000: FC;
2013-09-14T12:47:00.640-04:00: Sending to TS-2000: MD;
2013-09-14T12:47:00.640-04:00: Sending to TS-2000: BY;
2013-09-14T12:47:00.640-04:00: Sending to TS-2000: SM0;
2013-09-14T12:47:10.624-04:00: Sending to TS-2000: DC;
2013-09-14T12:47:10.624-04:00: Sending to TS-2000: FR;
2013-09-14T12:47:10.640-04:00: Sending to TS-2000: FT;
2013-09-14T12:47:10.640-04:00: Sending to TS-2000: FA;
2013-09-14T12:47:10.640-04:00: Sending to TS-2000: FB;
2013-09-14T12:47:10.640-04:00: Sending to TS-2000: FC;
2013-09-14T12:47:10.640-04:00: Sending to TS-2000: MD;
2013-09-14T12:47:10.656-04:00: Sending to TS-2000: BY;
2013-09-14T12:47:10.656-04:00: Sending to TS-2000: SM0;
2013-09-14T12:47:20.624-04:00: Sending to TS-2000: DC;
2013-09-14T12:47:20.624-04:00: Sending to TS-2000: FR;
2013-09-14T12:47:20.624-04:00: Sending to TS-2000: FT;
2013-09-14T12:47:20.624-04:00: Sending to TS-2000: FA;
2013-09-14T12:47:20.640-04:00: Sending to TS-2000: FB;
2013-09-14T12:47:20.640-04:00: Sending to TS-2000: FC;
2013-09-14T12:47:20.640-04:00: Sending to TS-2000: MD;
2013-09-14T12:47:20.640-04:00: Sending to TS-2000: BY;
2013-09-14T12:47:20.640-04:00: Sending to TS-2000: SM0;
2013-09-14T12:47:30.624-04:00: Sending to TS-2000: DC;
2013-09-14T12:47:30.640-04:00: Sending to TS-2000: FR;
2013-09-14T12:47:30.640-04:00: Sending to TS-2000: FT;
2013-09-14T12:47:30.640-04:00: Sending to TS-2000: FA;
2013-09-14T12:47:30.640-04:00: Sending to TS-2000: FB;
2013-09-14T12:47:30.640-04:00: Sending to TS-2000: FC;
2013-09-14T12:47:30.640-04:00: Sending to TS-2000: MD;
2013-09-14T12:47:30.656-04:00: Sending to TS-2000: BY;
2013-09-14T12:47:30.656-04:00: Sending to TS-2000: SM0;
2013-09-14T12:47:40.624-04:00: Sending to TS-2000: DC;
2013-09-14T12:47:40.624-04:00: Sending to TS-2000: FR;
2013-09-14T12:47:40.624-04:00: Sending to TS-2000: FT;
2013-09-14T12:47:40.624-04:00: Sending to TS-2000: FA;
2013-09-14T12:47:40.640-04:00: Sending to TS-2000: FB;
2013-09-14T12:47:40.640-04:00: Sending to TS-2000: FC;
2013-09-14T12:47:40.640-04:00: Sending to TS-2000: MD;
2013-09-14T12:47:40.640-04:00: Sending to TS-2000: BY;
2013-09-14T12:47:40.640-04:00: Sending to TS-2000: SM0;
2013-09-14T12:47:50.624-04:00: Sending to TS-2000: DC;
2013-09-14T12:47:50.624-04:00: Sending to TS-2000: FR;
2013-09-14T12:47:50.624-04:00: Sending to TS-2000: FT;
2013-09-14T12:47:50.624-04:00: Sending to TS-2000: FA;
2013-09-14T12:47:50.624-04:00: Sending to TS-2000: FB;
2013-09-14T12:47:50.624-04:00: Sending to TS-2000: FC;
2013-09-14T12:47:50.640-04:00: Sending to TS-2000: MD;
2013-09-14T12:47:50.640-04:00: Sending to TS-2000: BY;
2013-09-14T12:47:50.640-04:00: Sending to TS-2000: SM0;
2013-09-14T12:48:00.624-04:00: Sending to TS-2000: DC;
2013-09-14T12:48:00.624-04:00: Sending to TS-2000: FR;
2013-09-14T12:48:00.624-04:00: Sending to TS-2000: FT;
2013-09-14T12:48:00.640-04:00: Sending to TS-2000: FA;
2013-09-14T12:48:00.640-04:00: Sending to TS-2000: FB;
2013-09-14T12:48:00.640-04:00: Sending to TS-2000: FC;
2013-09-14T12:48:00.640-04:00: Sending to TS-2000: MD;
2013-09-14T12:48:00.640-04:00: Sending to TS-2000: BY;
2013-09-14T12:48:00.656-04:00: Sending to TS-2000: SM0;
2013-09-14T12:48:10.624-04:00: Sending to TS-2000: DC;
