2013-04-21T14:24:49.930-04:00: Exception in thread "AWT-EventQueue-0" java.lang.NoClassDefFoundError: gnu/io/SerialPortEventListener
2013-04-21T14:24:49.946-04:00: 	at java.lang.ClassLoader.defineClass1(Native Method)
2013-04-21T14:24:49.946-04:00: 	at java.lang.ClassLoader.defineClass(Unknown Source)
2013-04-21T14:24:49.946-04:00: 	at java.security.SecureClassLoader.defineClass(Unknown Source)
2013-04-21T14:24:49.946-04:00: 	at java.net.URLClassLoader.defineClass(Unknown Source)
2013-04-21T14:24:49.946-04:00: 	at java.net.URLClassLoader.access$100(Unknown Source)
2013-04-21T14:24:49.946-04:00: 	at java.net.URLClassLoader$1.run(Unknown Source)
2013-04-21T14:24:49.946-04:00: 	at java.net.URLClassLoader$1.run(Unknown Source)
2013-04-21T14:24:49.946-04:00: 	at java.security.AccessController.doPrivileged(Native Method)
2013-04-21T14:24:49.946-04:00: 	at java.net.URLClassLoader.findClass(Unknown Source)
2013-04-21T14:24:49.946-04:00: 	at java.lang.ClassLoader.loadClass(Unknown Source)
2013-04-21T14:24:49.946-04:00: 	at sun.misc.Launcher$AppClassLoader.loadClass(Unknown Source)
2013-04-21T14:24:49.946-04:00: 	at java.lang.ClassLoader.loadClass(Unknown Source)
2013-04-21T14:24:49.946-04:00: 	at java.lang.Class.getDeclaredMethods0(Native Method)
2013-04-21T14:24:49.946-04:00: 	at java.lang.Class.privateGetDeclaredMethods(Unknown Source)
2013-04-21T14:24:49.946-04:00: 	at java.lang.Class.getDeclaredMethod(Unknown Source)
2013-04-21T14:24:49.961-04:00: 	at java.awt.Component.isCoalesceEventsOverriden(Unknown Source)
2013-04-21T14:24:49.961-04:00: 	at java.awt.Component.access$500(Unknown Source)
2013-04-21T14:24:49.961-04:00: 	at java.awt.Component$3.run(Unknown Source)
2013-04-21T14:24:49.961-04:00: 	at java.awt.Component$3.run(Unknown Source)
2013-04-21T14:24:49.961-04:00: 	at java.security.AccessController.doPrivileged(Native Method)
2013-04-21T14:24:49.961-04:00: 	at java.awt.Component.checkCoalescing(Unknown Source)
2013-04-21T14:24:49.961-04:00: 	at java.awt.Component.<init>(Unknown Source)
2013-04-21T14:24:49.961-04:00: 	at java.awt.Container.<init>(Unknown Source)
2013-04-21T14:24:49.961-04:00: 	at javax.swing.JComponent.<init>(Unknown Source)
2013-04-21T14:24:49.961-04:00: 	at javax.swing.JPanel.<init>(Unknown Source)
2013-04-21T14:24:49.961-04:00: 	at javax.swing.JPanel.<init>(Unknown Source)
2013-04-21T14:24:49.961-04:00: 	at javax.swing.JPanel.<init>(Unknown Source)
2013-04-21T14:24:49.961-04:00: 	at edu.cusat.gs.gui.Ts2000ControlPanel.<init>(Ts2000ControlPanel.java:40)
2013-04-21T14:24:49.961-04:00: 	at edu.cusat.gs.gui.GroundSystemsPanel.initCustomComponents(GroundSystemsPanel.java:351)
2013-04-21T14:24:49.961-04:00: 	at edu.cusat.gs.gui.GroundSystemsPanel.<init>(GroundSystemsPanel.java:76)
2013-04-21T14:24:49.977-04:00: 	at jsattrak.gui.JSatTrak.showTritonInternalFrame(JSatTrak.java:2699)
2013-04-21T14:24:49.977-04:00: 	at jsattrak.gui.JSatTrak.jButtonTritonActionPerformed(JSatTrak.java:1557)
2013-04-21T14:24:49.977-04:00: 	at jsattrak.gui.JSatTrak.access$8(JSatTrak.java:1556)
2013-04-21T14:24:49.977-04:00: 	at jsattrak.gui.JSatTrak$8.actionPerformed(JSatTrak.java:877)
2013-04-21T14:24:49.977-04:00: 	at javax.swing.AbstractButton.fireActionPerformed(Unknown Source)
2013-04-21T14:24:49.977-04:00: 	at javax.swing.AbstractButton$Handler.actionPerformed(Unknown Source)
2013-04-21T14:24:49.977-04:00: 	at javax.swing.DefaultButtonModel.fireActionPerformed(Unknown Source)
2013-04-21T14:24:49.977-04:00: 	at javax.swing.DefaultButtonModel.setPressed(Unknown Source)
2013-04-21T14:24:49.977-04:00: 	at javax.swing.plaf.basic.BasicButtonListener.mouseReleased(Unknown Source)
2013-04-21T14:24:49.977-04:00: 	at org.jvnet.substance.utils.RolloverButtonListener.mouseReleased(RolloverButtonListener.java:111)
2013-04-21T14:24:49.977-04:00: 	at java.awt.AWTEventMulticaster.mouseReleased(Unknown Source)
2013-04-21T14:24:49.977-04:00: 	at java.awt.Component.processMouseEvent(Unknown Source)
2013-04-21T14:24:49.977-04:00: 	at javax.swing.JComponent.processMouseEvent(Unknown Source)
2013-04-21T14:24:49.977-04:00: 	at java.awt.Component.processEvent(Unknown Source)
2013-04-21T14:24:49.977-04:00: 	at java.awt.Container.processEvent(Unknown Source)
2013-04-21T14:24:49.977-04:00: 	at java.awt.Component.dispatchEventImpl(Unknown Source)
2013-04-21T14:24:49.977-04:00: 	at java.awt.Container.dispatchEventImpl(Unknown Source)
2013-04-21T14:24:49.977-04:00: 	at java.awt.Component.dispatchEvent(Unknown Source)
2013-04-21T14:24:49.977-04:00: 	at java.awt.LightweightDispatcher.retargetMouseEvent(Unknown Source)
2013-04-21T14:24:49.977-04:00: 	at java.awt.LightweightDispatcher.processMouseEvent(Unknown Source)
2013-04-21T14:24:49.992-04:00: 	at java.awt.LightweightDispatcher.dispatchEvent(Unknown Source)
2013-04-21T14:24:49.992-04:00: 	at java.awt.Container.dispatchEventImpl(Unknown Source)
2013-04-21T14:24:49.992-04:00: 	at java.awt.Window.dispatchEventImpl(Unknown Source)
2013-04-21T14:24:49.992-04:00: 	at java.awt.Component.dispatchEvent(Unknown Source)
2013-04-21T14:24:49.992-04:00: 	at java.awt.EventQueue.dispatchEventImpl(Unknown Source)
2013-04-21T14:24:49.992-04:00: 	at java.awt.EventQueue.access$000(Unknown Source)
2013-04-21T14:24:49.992-04:00: 	at java.awt.EventQueue$3.run(Unknown Source)
2013-04-21T14:24:49.992-04:00: 	at java.awt.EventQueue$3.run(Unknown Source)
2013-04-21T14:24:49.992-04:00: 	at java.security.AccessController.doPrivileged(Native Method)
2013-04-21T14:24:49.992-04:00: 	at java.security.ProtectionDomain$1.doIntersectionPrivilege(Unknown Source)
2013-04-21T14:24:49.992-04:00: 	at java.security.ProtectionDomain$1.doIntersectionPrivilege(Unknown Source)
2013-04-21T14:24:49.992-04:00: 	at java.awt.EventQueue$4.run(Unknown Source)
2013-04-21T14:24:49.992-04:00: 	at java.awt.EventQueue$4.run(Unknown Source)
2013-04-21T14:24:49.992-04:00: 	at java.security.AccessController.doPrivileged(Native Method)
2013-04-21T14:24:49.992-04:00: 	at java.security.ProtectionDomain$1.doIntersectionPrivilege(Unknown Source)
2013-04-21T14:24:49.992-04:00: 	at java.awt.EventQueue.dispatchEvent(Unknown Source)
2013-04-21T14:24:49.992-04:00: 	at java.awt.EventDispatchThread.pumpOneEventForFilters(Unknown Source)
2013-04-21T14:24:49.992-04:00: 	at java.awt.EventDispatchThread.pumpEventsForFilter(Unknown Source)
2013-04-21T14:24:49.992-04:00: 	at java.awt.EventDispatchThread.pumpEventsForHierarchy(Unknown Source)
2013-04-21T14:24:49.992-04:00: 	at java.awt.EventDispatchThread.pumpEvents(Unknown Source)
2013-04-21T14:24:49.992-04:00: 	at java.awt.EventDispatchThread.pumpEvents(Unknown Source)
2013-04-21T14:24:50.008-04:00: 	at java.awt.EventDispatchThread.run(Unknown Source)
2013-04-21T14:24:50.008-04:00: Caused by: java.lang.ClassNotFoundException: gnu.io.SerialPortEventListener
2013-04-21T14:24:50.008-04:00: 	at java.net.URLClassLoader$1.run(Unknown Source)
2013-04-21T14:24:50.008-04:00: 	at java.net.URLClassLoader$1.run(Unknown Source)
2013-04-21T14:24:50.008-04:00: 	at java.security.AccessController.doPrivileged(Native Method)
2013-04-21T14:24:50.008-04:00: 	at java.net.URLClassLoader.findClass(Unknown Source)
2013-04-21T14:24:50.008-04:00: 	at java.lang.ClassLoader.loadClass(Unknown Source)
2013-04-21T14:24:50.008-04:00: 	at sun.misc.Launcher$AppClassLoader.loadClass(Unknown Source)
2013-04-21T14:24:50.008-04:00: 	at java.lang.ClassLoader.loadClass(Unknown Source)
2013-04-21T14:24:50.008-04:00: 	... 72 more
2013-04-21T14:24:54.039-04:00: Exception in thread "AWT-EventQueue-0" java.lang.NoClassDefFoundError: gnu/io/SerialPortEventListener
2013-04-21T14:24:54.039-04:00: 	at java.lang.ClassLoader.defineClass1(Native Method)
2013-04-21T14:24:54.039-04:00: 	at java.lang.ClassLoader.defineClass(Unknown Source)
2013-04-21T14:24:54.039-04:00: 	at java.security.SecureClassLoader.defineClass(Unknown Source)
2013-04-21T14:24:54.039-04:00: 	at java.net.URLClassLoader.defineClass(Unknown Source)
2013-04-21T14:24:54.039-04:00: 	at java.net.URLClassLoader.access$100(Unknown Source)
2013-04-21T14:24:54.039-04:00: 	at java.net.URLClassLoader$1.run(Unknown Source)
2013-04-21T14:24:54.039-04:00: 	at java.net.URLClassLoader$1.run(Unknown Source)
2013-04-21T14:24:54.086-04:00: 	at java.security.AccessController.doPrivileged(Native Method)
2013-04-21T14:24:54.086-04:00: 	at java.net.URLClassLoader.findClass(Unknown Source)
2013-04-21T14:24:54.086-04:00: 	at java.lang.ClassLoader.loadClass(Unknown Source)
2013-04-21T14:24:54.086-04:00: 	at sun.misc.Launcher$AppClassLoader.loadClass(Unknown Source)
2013-04-21T14:24:54.086-04:00: 	at java.lang.ClassLoader.loadClass(Unknown Source)
2013-04-21T14:24:54.086-04:00: 	at java.lang.Class.getDeclaredMethods0(Native Method)
2013-04-21T14:24:54.086-04:00: 	at java.lang.Class.privateGetDeclaredMethods(Unknown Source)
2013-04-21T14:24:54.086-04:00: 	at java.lang.Class.getDeclaredMethod(Unknown Source)
2013-04-21T14:24:54.086-04:00: 	at java.awt.Component.isCoalesceEventsOverriden(Unknown Source)
2013-04-21T14:24:54.086-04:00: 	at java.awt.Component.access$500(Unknown Source)
2013-04-21T14:24:54.086-04:00: 	at java.awt.Component$3.run(Unknown Source)
2013-04-21T14:24:54.086-04:00: 	at java.awt.Component$3.run(Unknown Source)
2013-04-21T14:24:54.086-04:00: 	at java.security.AccessController.doPrivileged(Native Method)
2013-04-21T14:24:54.102-04:00: 	at java.awt.Component.checkCoalescing(Unknown Source)
2013-04-21T14:24:54.102-04:00: 	at java.awt.Component.<init>(Unknown Source)
2013-04-21T14:24:54.102-04:00: 	at java.awt.Container.<init>(Unknown Source)
2013-04-21T14:24:54.102-04:00: 	at javax.swing.JComponent.<init>(Unknown Source)
2013-04-21T14:24:54.102-04:00: 	at javax.swing.JPanel.<init>(Unknown Source)
2013-04-21T14:24:54.102-04:00: 	at javax.swing.JPanel.<init>(Unknown Source)
2013-04-21T14:24:54.102-04:00: 	at javax.swing.JPanel.<init>(Unknown Source)
2013-04-21T14:24:54.102-04:00: 	at edu.cusat.gs.gui.Ts2000ControlPanel.<init>(Ts2000ControlPanel.java:40)
2013-04-21T14:24:54.102-04:00: 	at edu.cusat.gs.gui.GroundSystemsPanel.initCustomComponents(GroundSystemsPanel.java:351)
2013-04-21T14:24:54.102-04:00: 	at edu.cusat.gs.gui.GroundSystemsPanel.<init>(GroundSystemsPanel.java:76)
2013-04-21T14:24:54.102-04:00: 	at jsattrak.gui.JSatTrak.showTritonInternalFrame(JSatTrak.java:2699)
2013-04-21T14:24:54.102-04:00: 	at jsattrak.gui.JSatTrak.jButtonTritonActionPerformed(JSatTrak.java:1557)
2013-04-21T14:24:54.102-04:00: 	at jsattrak.gui.JSatTrak.access$8(JSatTrak.java:1556)
2013-04-21T14:24:54.102-04:00: 	at jsattrak.gui.JSatTrak$8.actionPerformed(JSatTrak.java:877)
2013-04-21T14:24:54.102-04:00: 	at javax.swing.AbstractButton.fireActionPerformed(Unknown Source)
2013-04-21T14:24:54.102-04:00: 	at javax.swing.AbstractButton$Handler.actionPerformed(Unknown Source)
2013-04-21T14:24:54.102-04:00: 	at javax.swing.DefaultButtonModel.fireActionPerformed(Unknown Source)
2013-04-21T14:24:54.102-04:00: 	at javax.swing.DefaultButtonModel.setPressed(Unknown Source)
2013-04-21T14:24:54.102-04:00: 	at javax.swing.plaf.basic.BasicButtonListener.mouseReleased(Unknown Source)
2013-04-21T14:24:54.102-04:00: 	at org.jvnet.substance.utils.RolloverButtonListener.mouseReleased(RolloverButtonListener.java:111)
2013-04-21T14:24:54.102-04:00: 	at java.awt.AWTEventMulticaster.mouseReleased(Unknown Source)
2013-04-21T14:24:54.102-04:00: 	at java.awt.Component.processMouseEvent(Unknown Source)
2013-04-21T14:24:54.102-04:00: 	at javax.swing.JComponent.processMouseEvent(Unknown Source)
2013-04-21T14:24:54.117-04:00: 	at java.awt.Component.processEvent(Unknown Source)
2013-04-21T14:24:54.117-04:00: 	at java.awt.Container.processEvent(Unknown Source)
2013-04-21T14:24:54.117-04:00: 	at java.awt.Component.dispatchEventImpl(Unknown Source)
2013-04-21T14:24:54.117-04:00: 	at java.awt.Container.dispatchEventImpl(Unknown Source)
2013-04-21T14:24:54.117-04:00: 	at java.awt.Component.dispatchEvent(Unknown Source)
2013-04-21T14:24:54.117-04:00: 	at java.awt.LightweightDispatcher.retargetMouseEvent(Unknown Source)
2013-04-21T14:24:54.117-04:00: 	at java.awt.LightweightDispatcher.processMouseEvent(Unknown Source)
2013-04-21T14:24:54.117-04:00: 	at java.awt.LightweightDispatcher.dispatchEvent(Unknown Source)
2013-04-21T14:24:54.117-04:00: 	at java.awt.Container.dispatchEventImpl(Unknown Source)
2013-04-21T14:24:54.117-04:00: 	at java.awt.Window.dispatchEventImpl(Unknown Source)
2013-04-21T14:24:54.117-04:00: 	at java.awt.Component.dispatchEvent(Unknown Source)
2013-04-21T14:24:54.117-04:00: 	at java.awt.EventQueue.dispatchEventImpl(Unknown Source)
2013-04-21T14:24:54.117-04:00: 	at java.awt.EventQueue.access$000(Unknown Source)
2013-04-21T14:24:54.117-04:00: 	at java.awt.EventQueue$3.run(Unknown Source)
2013-04-21T14:24:54.117-04:00: 	at java.awt.EventQueue$3.run(Unknown Source)
2013-04-21T14:24:54.117-04:00: 	at java.security.AccessController.doPrivileged(Native Method)
2013-04-21T14:24:54.117-04:00: 	at java.security.ProtectionDomain$1.doIntersectionPrivilege(Unknown Source)
2013-04-21T14:24:54.117-04:00: 	at java.security.ProtectionDomain$1.doIntersectionPrivilege(Unknown Source)
2013-04-21T14:24:54.117-04:00: 	at java.awt.EventQueue$4.run(Unknown Source)
2013-04-21T14:24:54.117-04:00: 	at java.awt.EventQueue$4.run(Unknown Source)
2013-04-21T14:24:54.117-04:00: 	at java.security.AccessController.doPrivileged(Native Method)
2013-04-21T14:24:54.117-04:00: 	at java.security.ProtectionDomain$1.doIntersectionPrivilege(Unknown Source)
2013-04-21T14:24:54.117-04:00: 	at java.awt.EventQueue.dispatchEvent(Unknown Source)
2013-04-21T14:24:54.117-04:00: 	at java.awt.EventDispatchThread.pumpOneEventForFilters(Unknown Source)
2013-04-21T14:24:54.133-04:00: 	at java.awt.EventDispatchThread.pumpEventsForFilter(Unknown Source)
2013-04-21T14:24:54.133-04:00: 	at java.awt.EventDispatchThread.pumpEventsForHierarchy(Unknown Source)
2013-04-21T14:24:54.133-04:00: 	at java.awt.EventDispatchThread.pumpEvents(Unknown Source)
2013-04-21T14:24:54.133-04:00: 	at java.awt.EventDispatchThread.pumpEvents(Unknown Source)
2013-04-21T14:24:54.133-04:00: 	at java.awt.EventDispatchThread.run(Unknown Source)
2013-04-21T14:24:54.133-04:00: Caused by: java.lang.ClassNotFoundException: gnu.io.SerialPortEventListener
2013-04-21T14:24:54.133-04:00: 	at java.net.URLClassLoader$1.run(Unknown Source)
2013-04-21T14:24:54.133-04:00: 	at java.net.URLClassLoader$1.run(Unknown Source)
2013-04-21T14:24:54.133-04:00: 	at java.security.AccessController.doPrivileged(Native Method)
2013-04-21T14:24:54.133-04:00: 	at java.net.URLClassLoader.findClass(Unknown Source)
2013-04-21T14:24:54.133-04:00: 	at java.lang.ClassLoader.loadClass(Unknown Source)
2013-04-21T14:24:54.133-04:00: 	at sun.misc.Launcher$AppClassLoader.loadClass(Unknown Source)
2013-04-21T14:24:54.133-04:00: 	at java.lang.ClassLoader.loadClass(Unknown Source)
2013-04-21T14:24:54.133-04:00: 	... 72 more
2013-04-21T14:26:00.602-04:00: Exception in thread "AWT-EventQueue-0" java.lang.NoClassDefFoundError: gnu/io/SerialPortEventListener
2013-04-21T14:26:00.602-04:00: 	at java.lang.ClassLoader.defineClass1(Native Method)
2013-04-21T14:26:00.602-04:00: 	at java.lang.ClassLoader.defineClass(Unknown Source)
2013-04-21T14:26:00.602-04:00: 	at java.security.SecureClassLoader.defineClass(Unknown Source)
2013-04-21T14:26:00.602-04:00: 	at java.net.URLClassLoader.defineClass(Unknown Source)
2013-04-21T14:26:00.602-04:00: 	at java.net.URLClassLoader.access$100(Unknown Source)
2013-04-21T14:26:00.602-04:00: 	at java.net.URLClassLoader$1.run(Unknown Source)
2013-04-21T14:26:00.602-04:00: 	at java.net.URLClassLoader$1.run(Unknown Source)
2013-04-21T14:26:00.602-04:00: 	at java.security.AccessController.doPrivileged(Native Method)
2013-04-21T14:26:00.617-04:00: 	at java.net.URLClassLoader.findClass(Unknown Source)
2013-04-21T14:26:00.617-04:00: 	at java.lang.ClassLoader.loadClass(Unknown Source)
2013-04-21T14:26:00.617-04:00: 	at sun.misc.Launcher$AppClassLoader.loadClass(Unknown Source)
2013-04-21T14:26:00.617-04:00: 	at java.lang.ClassLoader.loadClass(Unknown Source)
2013-04-21T14:26:00.617-04:00: 	at java.lang.Class.getDeclaredMethods0(Native Method)
2013-04-21T14:26:00.617-04:00: 	at java.lang.Class.privateGetDeclaredMethods(Unknown Source)
2013-04-21T14:26:00.617-04:00: 	at java.lang.Class.getDeclaredMethod(Unknown Source)
2013-04-21T14:26:00.617-04:00: 	at java.awt.Component.isCoalesceEventsOverriden(Unknown Source)
2013-04-21T14:26:00.617-04:00: 	at java.awt.Component.access$500(Unknown Source)
2013-04-21T14:26:00.617-04:00: 	at java.awt.Component$3.run(Unknown Source)
2013-04-21T14:26:00.617-04:00: 	at java.awt.Component$3.run(Unknown Source)
2013-04-21T14:26:00.617-04:00: 	at java.security.AccessController.doPrivileged(Native Method)
2013-04-21T14:26:00.617-04:00: 	at java.awt.Component.checkCoalescing(Unknown Source)
2013-04-21T14:26:00.617-04:00: 	at java.awt.Component.<init>(Unknown Source)
2013-04-21T14:26:00.617-04:00: 	at java.awt.Container.<init>(Unknown Source)
2013-04-21T14:26:00.617-04:00: 	at javax.swing.JComponent.<init>(Unknown Source)
2013-04-21T14:26:00.617-04:00: 	at javax.swing.JPanel.<init>(Unknown Source)
2013-04-21T14:26:00.617-04:00: 	at javax.swing.JPanel.<init>(Unknown Source)
2013-04-21T14:26:00.617-04:00: 	at javax.swing.JPanel.<init>(Unknown Source)
2013-04-21T14:26:00.617-04:00: 	at edu.cusat.gs.gui.Ts2000ControlPanel.<init>(Ts2000ControlPanel.java:40)
2013-04-21T14:26:00.617-04:00: 	at edu.cusat.gs.gui.GroundSystemsPanel.initCustomComponents(GroundSystemsPanel.java:351)
2013-04-21T14:26:00.617-04:00: 	at edu.cusat.gs.gui.GroundSystemsPanel.<init>(GroundSystemsPanel.java:76)
2013-04-21T14:26:00.617-04:00: 	at jsattrak.gui.JSatTrak.showTritonInternalFrame(JSatTrak.java:2699)
2013-04-21T14:26:00.617-04:00: 	at jsattrak.gui.JSatTrak.jButtonTritonActionPerformed(JSatTrak.java:1557)
2013-04-21T14:26:00.617-04:00: 	at jsattrak.gui.JSatTrak.access$8(JSatTrak.java:1556)
2013-04-21T14:26:00.617-04:00: 	at jsattrak.gui.JSatTrak$8.actionPerformed(JSatTrak.java:877)
2013-04-21T14:26:00.633-04:00: 	at javax.swing.AbstractButton.fireActionPerformed(Unknown Source)
2013-04-21T14:26:00.633-04:00: 	at javax.swing.AbstractButton$Handler.actionPerformed(Unknown Source)
2013-04-21T14:26:00.633-04:00: 	at javax.swing.DefaultButtonModel.fireActionPerformed(Unknown Source)
2013-04-21T14:26:00.633-04:00: 	at javax.swing.DefaultButtonModel.setPressed(Unknown Source)
2013-04-21T14:26:00.633-04:00: 	at javax.swing.plaf.basic.BasicButtonListener.mouseReleased(Unknown Source)
2013-04-21T14:26:00.633-04:00: 	at org.jvnet.substance.utils.RolloverButtonListener.mouseReleased(RolloverButtonListener.java:111)
2013-04-21T14:26:00.633-04:00: 	at java.awt.AWTEventMulticaster.mouseReleased(Unknown Source)
2013-04-21T14:26:00.633-04:00: 	at java.awt.Component.processMouseEvent(Unknown Source)
2013-04-21T14:26:00.633-04:00: 	at javax.swing.JComponent.processMouseEvent(Unknown Source)
2013-04-21T14:26:00.633-04:00: 	at java.awt.Component.processEvent(Unknown Source)
2013-04-21T14:26:00.633-04:00: 	at java.awt.Container.processEvent(Unknown Source)
2013-04-21T14:26:00.633-04:00: 	at java.awt.Component.dispatchEventImpl(Unknown Source)
2013-04-21T14:26:00.633-04:00: 	at java.awt.Container.dispatchEventImpl(Unknown Source)
2013-04-21T14:26:00.633-04:00: 	at java.awt.Component.dispatchEvent(Unknown Source)
2013-04-21T14:26:00.633-04:00: 	at java.awt.LightweightDispatcher.retargetMouseEvent(Unknown Source)
2013-04-21T14:26:00.633-04:00: 	at java.awt.LightweightDispatcher.processMouseEvent(Unknown Source)
2013-04-21T14:26:00.633-04:00: 	at java.awt.LightweightDispatcher.dispatchEvent(Unknown Source)
2013-04-21T14:26:00.633-04:00: 	at java.awt.Container.dispatchEventImpl(Unknown Source)
2013-04-21T14:26:00.633-04:00: 	at java.awt.Window.dispatchEventImpl(Unknown Source)
2013-04-21T14:26:00.633-04:00: 	at java.awt.Component.dispatchEvent(Unknown Source)
2013-04-21T14:26:00.633-04:00: 	at java.awt.EventQueue.dispatchEventImpl(Unknown Source)
2013-04-21T14:26:00.633-04:00: 	at java.awt.EventQueue.access$000(Unknown Source)
2013-04-21T14:26:00.633-04:00: 	at java.awt.EventQueue$3.run(Unknown Source)
2013-04-21T14:26:00.633-04:00: 	at java.awt.EventQueue$3.run(Unknown Source)
2013-04-21T14:26:00.633-04:00: 	at java.security.AccessController.doPrivileged(Native Method)
2013-04-21T14:26:00.633-04:00: 	at java.security.ProtectionDomain$1.doIntersectionPrivilege(Unknown Source)
2013-04-21T14:26:00.633-04:00: 	at java.security.ProtectionDomain$1.doIntersectionPrivilege(Unknown Source)
2013-04-21T14:26:00.649-04:00: 	at java.awt.EventQueue$4.run(Unknown Source)
2013-04-21T14:26:00.649-04:00: 	at java.awt.EventQueue$4.run(Unknown Source)
2013-04-21T14:26:00.649-04:00: 	at java.security.AccessController.doPrivileged(Native Method)
2013-04-21T14:26:00.649-04:00: 	at java.security.ProtectionDomain$1.doIntersectionPrivilege(Unknown Source)
2013-04-21T14:26:00.649-04:00: 	at java.awt.EventQueue.dispatchEvent(Unknown Source)
2013-04-21T14:26:00.649-04:00: 	at java.awt.EventDispatchThread.pumpOneEventForFilters(Unknown Source)
2013-04-21T14:26:00.649-04:00: 	at java.awt.EventDispatchThread.pumpEventsForFilter(Unknown Source)
2013-04-21T14:26:00.649-04:00: 	at java.awt.EventDispatchThread.pumpEventsForHierarchy(Unknown Source)
2013-04-21T14:26:00.649-04:00: 	at java.awt.EventDispatchThread.pumpEvents(Unknown Source)
2013-04-21T14:26:00.649-04:00: 	at java.awt.EventDispatchThread.pumpEvents(Unknown Source)
2013-04-21T14:26:00.649-04:00: 	at java.awt.EventDispatchThread.run(Unknown Source)
2013-04-21T14:26:00.649-04:00: Caused by: java.lang.ClassNotFoundException: gnu.io.SerialPortEventListener
2013-04-21T14:26:00.649-04:00: 	at java.net.URLClassLoader$1.run(Unknown Source)
2013-04-21T14:26:00.649-04:00: 	at java.net.URLClassLoader$1.run(Unknown Source)
2013-04-21T14:26:00.649-04:00: 	at java.security.AccessController.doPrivileged(Native Method)
2013-04-21T14:26:00.649-04:00: 	at java.net.URLClassLoader.findClass(Unknown Source)
2013-04-21T14:26:00.649-04:00: 	at java.lang.ClassLoader.loadClass(Unknown Source)
2013-04-21T14:26:00.649-04:00: 	at sun.misc.Launcher$AppClassLoader.loadClass(Unknown Source)
2013-04-21T14:26:00.649-04:00: 	at java.lang.ClassLoader.loadClass(Unknown Source)
2013-04-21T14:26:00.649-04:00: 	... 72 more
2013-04-21T14:26:01.821-04:00: Exception in thread "AWT-EventQueue-0" java.lang.NoClassDefFoundError: gnu/io/SerialPortEventListener
2013-04-21T14:26:01.821-04:00: 	at java.lang.ClassLoader.defineClass1(Native Method)
2013-04-21T14:26:01.821-04:00: 	at java.lang.ClassLoader.defineClass(Unknown Source)
2013-04-21T14:26:01.821-04:00: 	at java.security.SecureClassLoader.defineClass(Unknown Source)
2013-04-21T14:26:01.821-04:00: 	at java.net.URLClassLoader.defineClass(Unknown Source)
2013-04-21T14:26:01.821-04:00: 	at java.net.URLClassLoader.access$100(Unknown Source)
2013-04-21T14:26:01.821-04:00: 	at java.net.URLClassLoader$1.run(Unknown Source)
2013-04-21T14:26:01.821-04:00: 	at java.net.URLClassLoader$1.run(Unknown Source)
2013-04-21T14:26:01.821-04:00: 	at java.security.AccessController.doPrivileged(Native Method)
2013-04-21T14:26:01.821-04:00: 	at java.net.URLClassLoader.findClass(Unknown Source)
2013-04-21T14:26:01.821-04:00: 	at java.lang.ClassLoader.loadClass(Unknown Source)
2013-04-21T14:26:01.821-04:00: 	at sun.misc.Launcher$AppClassLoader.loadClass(Unknown Source)
2013-04-21T14:26:01.821-04:00: 	at java.lang.ClassLoader.loadClass(Unknown Source)
2013-04-21T14:26:01.821-04:00: 	at java.lang.Class.getDeclaredMethods0(Native Method)
2013-04-21T14:26:01.821-04:00: 	at java.lang.Class.privateGetDeclaredMethods(Unknown Source)
2013-04-21T14:26:01.821-04:00: 	at java.lang.Class.getDeclaredMethod(Unknown Source)
2013-04-21T14:26:01.821-04:00: 	at java.awt.Component.isCoalesceEventsOverriden(Unknown Source)
2013-04-21T14:26:01.836-04:00: 	at java.awt.Component.access$500(Unknown Source)
2013-04-21T14:26:01.836-04:00: 	at java.awt.Component$3.run(Unknown Source)
2013-04-21T14:26:01.836-04:00: 	at java.awt.Component$3.run(Unknown Source)
2013-04-21T14:26:01.836-04:00: 	at java.security.AccessController.doPrivileged(Native Method)
2013-04-21T14:26:01.836-04:00: 	at java.awt.Component.checkCoalescing(Unknown Source)
2013-04-21T14:26:01.836-04:00: 	at java.awt.Component.<init>(Unknown Source)
2013-04-21T14:26:01.836-04:00: 	at java.awt.Container.<init>(Unknown Source)
2013-04-21T14:26:01.836-04:00: 	at javax.swing.JComponent.<init>(Unknown Source)
2013-04-21T14:26:01.836-04:00: 	at javax.swing.JPanel.<init>(Unknown Source)
2013-04-21T14:26:01.836-04:00: 	at javax.swing.JPanel.<init>(Unknown Source)
2013-04-21T14:26:01.836-04:00: 	at javax.swing.JPanel.<init>(Unknown Source)
2013-04-21T14:26:01.836-04:00: 	at edu.cusat.gs.gui.Ts2000ControlPanel.<init>(Ts2000ControlPanel.java:40)
2013-04-21T14:26:01.836-04:00: 	at edu.cusat.gs.gui.GroundSystemsPanel.initCustomComponents(GroundSystemsPanel.java:351)
2013-04-21T14:26:01.836-04:00: 	at edu.cusat.gs.gui.GroundSystemsPanel.<init>(GroundSystemsPanel.java:76)
2013-04-21T14:26:01.836-04:00: 	at jsattrak.gui.JSatTrak.showTritonInternalFrame(JSatTrak.java:2699)
2013-04-21T14:26:01.836-04:00: 	at jsattrak.gui.JSatTrak.jButtonTritonActionPerformed(JSatTrak.java:1557)
2013-04-21T14:26:01.836-04:00: 	at jsattrak.gui.JSatTrak.access$8(JSatTrak.java:1556)
2013-04-21T14:26:01.836-04:00: 	at jsattrak.gui.JSatTrak$8.actionPerformed(JSatTrak.java:877)
2013-04-21T14:26:01.836-04:00: 	at javax.swing.AbstractButton.fireActionPerformed(Unknown Source)
2013-04-21T14:26:01.836-04:00: 	at javax.swing.AbstractButton$Handler.actionPerformed(Unknown Source)
2013-04-21T14:26:01.836-04:00: 	at javax.swing.DefaultButtonModel.fireActionPerformed(Unknown Source)
2013-04-21T14:26:01.836-04:00: 	at javax.swing.DefaultButtonModel.setPressed(Unknown Source)
2013-04-21T14:26:01.836-04:00: 	at javax.swing.plaf.basic.BasicButtonListener.mouseReleased(Unknown Source)
2013-04-21T14:26:01.836-04:00: 	at org.jvnet.substance.utils.RolloverButtonListener.mouseReleased(RolloverButtonListener.java:111)
2013-04-21T14:26:01.836-04:00: 	at java.awt.AWTEventMulticaster.mouseReleased(Unknown Source)
2013-04-21T14:26:01.836-04:00: 	at java.awt.Component.processMouseEvent(Unknown Source)
2013-04-21T14:26:01.836-04:00: 	at javax.swing.JComponent.processMouseEvent(Unknown Source)
2013-04-21T14:26:01.836-04:00: 	at java.awt.Component.processEvent(Unknown Source)
2013-04-21T14:26:01.836-04:00: 	at java.awt.Container.processEvent(Unknown Source)
2013-04-21T14:26:01.852-04:00: 	at java.awt.Component.dispatchEventImpl(Unknown Source)
2013-04-21T14:26:01.852-04:00: 	at java.awt.Container.dispatchEventImpl(Unknown Source)
2013-04-21T14:26:01.852-04:00: 	at java.awt.Component.dispatchEvent(Unknown Source)
2013-04-21T14:26:01.852-04:00: 	at java.awt.LightweightDispatcher.retargetMouseEvent(Unknown Source)
2013-04-21T14:26:01.852-04:00: 	at java.awt.LightweightDispatcher.processMouseEvent(Unknown Source)
2013-04-21T14:26:01.852-04:00: 	at java.awt.LightweightDispatcher.dispatchEvent(Unknown Source)
2013-04-21T14:26:01.852-04:00: 	at java.awt.Container.dispatchEventImpl(Unknown Source)
2013-04-21T14:26:01.852-04:00: 	at java.awt.Window.dispatchEventImpl(Unknown Source)
2013-04-21T14:26:01.852-04:00: 	at java.awt.Component.dispatchEvent(Unknown Source)
2013-04-21T14:26:01.852-04:00: 	at java.awt.EventQueue.dispatchEventImpl(Unknown Source)
2013-04-21T14:26:01.852-04:00: 	at java.awt.EventQueue.access$000(Unknown Source)
2013-04-21T14:26:01.852-04:00: 	at java.awt.EventQueue$3.run(Unknown Source)
2013-04-21T14:26:01.852-04:00: 	at java.awt.EventQueue$3.run(Unknown Source)
2013-04-21T14:26:01.852-04:00: 	at java.security.AccessController.doPrivileged(Native Method)
2013-04-21T14:26:01.852-04:00: 	at java.security.ProtectionDomain$1.doIntersectionPrivilege(Unknown Source)
2013-04-21T14:26:01.852-04:00: 	at java.security.ProtectionDomain$1.doIntersectionPrivilege(Unknown Source)
2013-04-21T14:26:01.852-04:00: 	at java.awt.EventQueue$4.run(Unknown Source)
2013-04-21T14:26:01.852-04:00: 	at java.awt.EventQueue$4.run(Unknown Source)
2013-04-21T14:26:01.852-04:00: 	at java.security.AccessController.doPrivileged(Native Method)
2013-04-21T14:26:01.852-04:00: 	at java.security.ProtectionDomain$1.doIntersectionPrivilege(Unknown Source)
2013-04-21T14:26:01.852-04:00: 	at java.awt.EventQueue.dispatchEvent(Unknown Source)
2013-04-21T14:26:01.852-04:00: 	at java.awt.EventDispatchThread.pumpOneEventForFilters(Unknown Source)
2013-04-21T14:26:01.852-04:00: 	at java.awt.EventDispatchThread.pumpEventsForFilter(Unknown Source)
2013-04-21T14:26:01.852-04:00: 	at java.awt.EventDispatchThread.pumpEventsForHierarchy(Unknown Source)
2013-04-21T14:26:01.852-04:00: 	at java.awt.EventDispatchThread.pumpEvents(Unknown Source)
2013-04-21T14:26:01.852-04:00: 	at java.awt.EventDispatchThread.pumpEvents(Unknown Source)
2013-04-21T14:26:01.852-04:00: 	at java.awt.EventDispatchThread.run(Unknown Source)
2013-04-21T14:26:01.852-04:00: Caused by: java.lang.ClassNotFoundException: gnu.io.SerialPortEventListener
2013-04-21T14:26:01.867-04:00: 	at java.net.URLClassLoader$1.run(Unknown Source)
2013-04-21T14:26:01.867-04:00: 	at java.net.URLClassLoader$1.run(Unknown Source)
2013-04-21T14:26:01.867-04:00: 	at java.security.AccessController.doPrivileged(Native Method)
2013-04-21T14:26:01.867-04:00: 	at java.net.URLClassLoader.findClass(Unknown Source)
2013-04-21T14:26:01.867-04:00: 	at java.lang.ClassLoader.loadClass(Unknown Source)
2013-04-21T14:26:01.867-04:00: 	at sun.misc.Launcher$AppClassLoader.loadClass(Unknown Source)
2013-04-21T14:26:01.867-04:00: 	at java.lang.ClassLoader.loadClass(Unknown Source)
2013-04-21T14:26:01.867-04:00: 	... 72 more
2013-04-21T14:26:02.024-04:00: Exception in thread "AWT-EventQueue-0" java.lang.NoClassDefFoundError: gnu/io/SerialPortEventListener
2013-04-21T14:26:02.024-04:00: 	at java.lang.ClassLoader.defineClass1(Native Method)
2013-04-21T14:26:02.024-04:00: 	at java.lang.ClassLoader.defineClass(Unknown Source)
2013-04-21T14:26:02.024-04:00: 	at java.security.SecureClassLoader.defineClass(Unknown Source)
2013-04-21T14:26:02.024-04:00: 	at java.net.URLClassLoader.defineClass(Unknown Source)
2013-04-21T14:26:02.024-04:00: 	at java.net.URLClassLoader.access$100(Unknown Source)
2013-04-21T14:26:02.024-04:00: 	at java.net.URLClassLoader$1.run(Unknown Source)
2013-04-21T14:26:02.024-04:00: 	at java.net.URLClassLoader$1.run(Unknown Source)
2013-04-21T14:26:02.024-04:00: 	at java.security.AccessController.doPrivileged(Native Method)
2013-04-21T14:26:02.024-04:00: 	at java.net.URLClassLoader.findClass(Unknown Source)
2013-04-21T14:26:02.024-04:00: 	at java.lang.ClassLoader.loadClass(Unknown Source)
2013-04-21T14:26:02.024-04:00: 	at sun.misc.Launcher$AppClassLoader.loadClass(Unknown Source)
2013-04-21T14:26:02.024-04:00: 	at java.lang.ClassLoader.loadClass(Unknown Source)
2013-04-21T14:26:02.024-04:00: 	at java.lang.Class.getDeclaredMethods0(Native Method)
2013-04-21T14:26:02.024-04:00: 	at java.lang.Class.privateGetDeclaredMethods(Unknown Source)
2013-04-21T14:26:02.024-04:00: 	at java.lang.Class.getDeclaredMethod(Unknown Source)
2013-04-21T14:26:02.024-04:00: 	at java.awt.Component.isCoalesceEventsOverriden(Unknown Source)
2013-04-21T14:26:02.024-04:00: 	at java.awt.Component.access$500(Unknown Source)
2013-04-21T14:26:02.024-04:00: 	at java.awt.Component$3.run(Unknown Source)
2013-04-21T14:26:02.024-04:00: 	at java.awt.Component$3.run(Unknown Source)
2013-04-21T14:26:02.024-04:00: 	at java.security.AccessController.doPrivileged(Native Method)
2013-04-21T14:26:02.039-04:00: 	at java.awt.Component.checkCoalescing(Unknown Source)
2013-04-21T14:26:02.039-04:00: 	at java.awt.Component.<init>(Unknown Source)
2013-04-21T14:26:02.039-04:00: 	at java.awt.Container.<init>(Unknown Source)
2013-04-21T14:26:02.039-04:00: 	at javax.swing.JComponent.<init>(Unknown Source)
2013-04-21T14:26:02.039-04:00: 	at javax.swing.JPanel.<init>(Unknown Source)
2013-04-21T14:26:02.039-04:00: 	at javax.swing.JPanel.<init>(Unknown Source)
2013-04-21T14:26:02.039-04:00: 	at javax.swing.JPanel.<init>(Unknown Source)
2013-04-21T14:26:02.039-04:00: 	at edu.cusat.gs.gui.Ts2000ControlPanel.<init>(Ts2000ControlPanel.java:40)
2013-04-21T14:26:02.039-04:00: 	at edu.cusat.gs.gui.GroundSystemsPanel.initCustomComponents(GroundSystemsPanel.java:351)
2013-04-21T14:26:02.039-04:00: 	at edu.cusat.gs.gui.GroundSystemsPanel.<init>(GroundSystemsPanel.java:76)
2013-04-21T14:26:02.039-04:00: 	at jsattrak.gui.JSatTrak.showTritonInternalFrame(JSatTrak.java:2699)
2013-04-21T14:26:02.039-04:00: 	at jsattrak.gui.JSatTrak.jButtonTritonActionPerformed(JSatTrak.java:1557)
2013-04-21T14:26:02.039-04:00: 	at jsattrak.gui.JSatTrak.access$8(JSatTrak.java:1556)
2013-04-21T14:26:02.039-04:00: 	at jsattrak.gui.JSatTrak$8.actionPerformed(JSatTrak.java:877)
2013-04-21T14:26:02.039-04:00: 	at javax.swing.AbstractButton.fireActionPerformed(Unknown Source)
2013-04-21T14:26:02.039-04:00: 	at javax.swing.AbstractButton$Handler.actionPerformed(Unknown Source)
2013-04-21T14:26:02.039-04:00: 	at javax.swing.DefaultButtonModel.fireActionPerformed(Unknown Source)
2013-04-21T14:26:02.039-04:00: 	at javax.swing.DefaultButtonModel.setPressed(Unknown Source)
2013-04-21T14:26:02.039-04:00: 	at javax.swing.plaf.basic.BasicButtonListener.mouseReleased(Unknown Source)
2013-04-21T14:26:02.039-04:00: 	at org.jvnet.substance.utils.RolloverButtonListener.mouseReleased(RolloverButtonListener.java:111)
2013-04-21T14:26:02.039-04:00: 	at java.awt.AWTEventMulticaster.mouseReleased(Unknown Source)
2013-04-21T14:26:02.039-04:00: 	at java.awt.Component.processMouseEvent(Unknown Source)
2013-04-21T14:26:02.039-04:00: 	at javax.swing.JComponent.processMouseEvent(Unknown Source)
2013-04-21T14:26:02.039-04:00: 	at java.awt.Component.processEvent(Unknown Source)
2013-04-21T14:26:02.039-04:00: 	at java.awt.Container.processEvent(Unknown Source)
2013-04-21T14:26:02.039-04:00: 	at java.awt.Component.dispatchEventImpl(Unknown Source)
2013-04-21T14:26:02.039-04:00: 	at java.awt.Container.dispatchEventImpl(Unknown Source)
2013-04-21T14:26:02.039-04:00: 	at java.awt.Component.dispatchEvent(Unknown Source)
2013-04-21T14:26:02.039-04:00: 	at java.awt.LightweightDispatcher.retargetMouseEvent(Unknown Source)
2013-04-21T14:26:02.055-04:00: 	at java.awt.LightweightDispatcher.processMouseEvent(Unknown Source)
2013-04-21T14:26:02.055-04:00: 	at java.awt.LightweightDispatcher.dispatchEvent(Unknown Source)
2013-04-21T14:26:02.055-04:00: 	at java.awt.Container.dispatchEventImpl(Unknown Source)
2013-04-21T14:26:02.055-04:00: 	at java.awt.Window.dispatchEventImpl(Unknown Source)
2013-04-21T14:26:02.055-04:00: 	at java.awt.Component.dispatchEvent(Unknown Source)
2013-04-21T14:26:02.055-04:00: 	at java.awt.EventQueue.dispatchEventImpl(Unknown Source)
2013-04-21T14:26:02.055-04:00: 	at java.awt.EventQueue.access$000(Unknown Source)
2013-04-21T14:26:02.055-04:00: 	at java.awt.EventQueue$3.run(Unknown Source)
2013-04-21T14:26:02.055-04:00: 	at java.awt.EventQueue$3.run(Unknown Source)
2013-04-21T14:26:02.055-04:00: 	at java.security.AccessController.doPrivileged(Native Method)
2013-04-21T14:26:02.055-04:00: 	at java.security.ProtectionDomain$1.doIntersectionPrivilege(Unknown Source)
2013-04-21T14:26:02.055-04:00: 	at java.security.ProtectionDomain$1.doIntersectionPrivilege(Unknown Source)
2013-04-21T14:26:02.055-04:00: 	at java.awt.EventQueue$4.run(Unknown Source)
2013-04-21T14:26:02.055-04:00: 	at java.awt.EventQueue$4.run(Unknown Source)
2013-04-21T14:26:02.055-04:00: 	at java.security.AccessController.doPrivileged(Native Method)
2013-04-21T14:26:02.055-04:00: 	at java.security.ProtectionDomain$1.doIntersectionPrivilege(Unknown Source)
2013-04-21T14:26:02.055-04:00: 	at java.awt.EventQueue.dispatchEvent(Unknown Source)
2013-04-21T14:26:02.055-04:00: 	at java.awt.EventDispatchThread.pumpOneEventForFilters(Unknown Source)
2013-04-21T14:26:02.055-04:00: 	at java.awt.EventDispatchThread.pumpEventsForFilter(Unknown Source)
2013-04-21T14:26:02.055-04:00: 	at java.awt.EventDispatchThread.pumpEventsForHierarchy(Unknown Source)
2013-04-21T14:26:02.055-04:00: 	at java.awt.EventDispatchThread.pumpEvents(Unknown Source)
2013-04-21T14:26:02.055-04:00: 	at java.awt.EventDispatchThread.pumpEvents(Unknown Source)
2013-04-21T14:26:02.055-04:00: 	at java.awt.EventDispatchThread.run(Unknown Source)
2013-04-21T14:26:02.055-04:00: Caused by: java.lang.ClassNotFoundException: gnu.io.SerialPortEventListener
2013-04-21T14:26:02.055-04:00: 	at java.net.URLClassLoader$1.run(Unknown Source)
2013-04-21T14:26:02.055-04:00: 	at java.net.URLClassLoader$1.run(Unknown Source)
2013-04-21T14:26:02.055-04:00: 	at java.security.AccessController.doPrivileged(Native Method)
2013-04-21T14:26:02.055-04:00: 	at java.net.URLClassLoader.findClass(Unknown Source)
2013-04-21T14:26:02.055-04:00: 	at java.lang.ClassLoader.loadClass(Unknown Source)
2013-04-21T14:26:02.055-04:00: 	at sun.misc.Launcher$AppClassLoader.loadClass(Unknown Source)
2013-04-21T14:26:02.055-04:00: 	at java.lang.ClassLoader.loadClass(Unknown Source)
2013-04-21T14:26:02.071-04:00: 	... 72 more
2013-04-21T14:26:02.180-04:00: Exception in thread "AWT-EventQueue-0" java.lang.NoClassDefFoundError: gnu/io/SerialPortEventListener
2013-04-21T14:26:02.180-04:00: 	at java.lang.ClassLoader.defineClass1(Native Method)
2013-04-21T14:26:02.180-04:00: 	at java.lang.ClassLoader.defineClass(Unknown Source)
2013-04-21T14:26:02.180-04:00: 	at java.security.SecureClassLoader.defineClass(Unknown Source)
2013-04-21T14:26:02.196-04:00: 	at java.net.URLClassLoader.defineClass(Unknown Source)
2013-04-21T14:26:02.196-04:00: 	at java.net.URLClassLoader.access$100(Unknown Source)
2013-04-21T14:26:02.196-04:00: 	at java.net.URLClassLoader$1.run(Unknown Source)
2013-04-21T14:26:02.196-04:00: 	at java.net.URLClassLoader$1.run(Unknown Source)
2013-04-21T14:26:02.196-04:00: 	at java.security.AccessController.doPrivileged(Native Method)
2013-04-21T14:26:02.196-04:00: 	at java.net.URLClassLoader.findClass(Unknown Source)
2013-04-21T14:26:02.196-04:00: 	at java.lang.ClassLoader.loadClass(Unknown Source)
2013-04-21T14:26:02.196-04:00: 	at sun.misc.Launcher$AppClassLoader.loadClass(Unknown Source)
2013-04-21T14:26:02.196-04:00: 	at java.lang.ClassLoader.loadClass(Unknown Source)
2013-04-21T14:26:02.196-04:00: 	at java.lang.Class.getDeclaredMethods0(Native Method)
2013-04-21T14:26:02.196-04:00: 	at java.lang.Class.privateGetDeclaredMethods(Unknown Source)
2013-04-21T14:26:02.196-04:00: 	at java.lang.Class.getDeclaredMethod(Unknown Source)
2013-04-21T14:26:02.196-04:00: 	at java.awt.Component.isCoalesceEventsOverriden(Unknown Source)
2013-04-21T14:26:02.196-04:00: 	at java.awt.Component.access$500(Unknown Source)
2013-04-21T14:26:02.196-04:00: 	at java.awt.Component$3.run(Unknown Source)
2013-04-21T14:26:02.196-04:00: 	at java.awt.Component$3.run(Unknown Source)
2013-04-21T14:26:02.196-04:00: 	at java.security.AccessController.doPrivileged(Native Method)
2013-04-21T14:26:02.196-04:00: 	at java.awt.Component.checkCoalescing(Unknown Source)
2013-04-21T14:26:02.196-04:00: 	at java.awt.Component.<init>(Unknown Source)
2013-04-21T14:26:02.196-04:00: 	at java.awt.Container.<init>(Unknown Source)
2013-04-21T14:26:02.196-04:00: 	at javax.swing.JComponent.<init>(Unknown Source)
2013-04-21T14:26:02.196-04:00: 	at javax.swing.JPanel.<init>(Unknown Source)
2013-04-21T14:26:02.196-04:00: 	at javax.swing.JPanel.<init>(Unknown Source)
2013-04-21T14:26:02.196-04:00: 	at javax.swing.JPanel.<init>(Unknown Source)
2013-04-21T14:26:02.196-04:00: 	at edu.cusat.gs.gui.Ts2000ControlPanel.<init>(Ts2000ControlPanel.java:40)
2013-04-21T14:26:02.196-04:00: 	at edu.cusat.gs.gui.GroundSystemsPanel.initCustomComponents(GroundSystemsPanel.java:351)
2013-04-21T14:26:02.196-04:00: 	at edu.cusat.gs.gui.GroundSystemsPanel.<init>(GroundSystemsPanel.java:76)
2013-04-21T14:26:02.196-04:00: 	at jsattrak.gui.JSatTrak.showTritonInternalFrame(JSatTrak.java:2699)
2013-04-21T14:26:02.211-04:00: 	at jsattrak.gui.JSatTrak.jButtonTritonActionPerformed(JSatTrak.java:1557)
2013-04-21T14:26:02.211-04:00: 	at jsattrak.gui.JSatTrak.access$8(JSatTrak.java:1556)
2013-04-21T14:26:02.211-04:00: 	at jsattrak.gui.JSatTrak$8.actionPerformed(JSatTrak.java:877)
2013-04-21T14:26:02.211-04:00: 	at javax.swing.AbstractButton.fireActionPerformed(Unknown Source)
2013-04-21T14:26:02.211-04:00: 	at javax.swing.AbstractButton$Handler.actionPerformed(Unknown Source)
2013-04-21T14:26:02.211-04:00: 	at javax.swing.DefaultButtonModel.fireActionPerformed(Unknown Source)
2013-04-21T14:26:02.211-04:00: 	at javax.swing.DefaultButtonModel.setPressed(Unknown Source)
2013-04-21T14:26:02.211-04:00: 	at javax.swing.plaf.basic.BasicButtonListener.mouseReleased(Unknown Source)
2013-04-21T14:26:02.211-04:00: 	at org.jvnet.substance.utils.RolloverButtonListener.mouseReleased(RolloverButtonListener.java:111)
2013-04-21T14:26:02.211-04:00: 	at java.awt.AWTEventMulticaster.mouseReleased(Unknown Source)
2013-04-21T14:26:02.211-04:00: 	at java.awt.Component.processMouseEvent(Unknown Source)
2013-04-21T14:26:02.211-04:00: 	at javax.swing.JComponent.processMouseEvent(Unknown Source)
2013-04-21T14:26:02.211-04:00: 	at java.awt.Component.processEvent(Unknown Source)
2013-04-21T14:26:02.211-04:00: 	at java.awt.Container.processEvent(Unknown Source)
2013-04-21T14:26:02.211-04:00: 	at java.awt.Component.dispatchEventImpl(Unknown Source)
2013-04-21T14:26:02.211-04:00: 	at java.awt.Container.dispatchEventImpl(Unknown Source)
2013-04-21T14:26:02.211-04:00: 	at java.awt.Component.dispatchEvent(Unknown Source)
2013-04-21T14:26:02.211-04:00: 	at java.awt.LightweightDispatcher.retargetMouseEvent(Unknown Source)
2013-04-21T14:26:02.211-04:00: 	at java.awt.LightweightDispatcher.processMouseEvent(Unknown Source)
2013-04-21T14:26:02.211-04:00: 	at java.awt.LightweightDispatcher.dispatchEvent(Unknown Source)
2013-04-21T14:26:02.211-04:00: 	at java.awt.Container.dispatchEventImpl(Unknown Source)
2013-04-21T14:26:02.211-04:00: 	at java.awt.Window.dispatchEventImpl(Unknown Source)
2013-04-21T14:26:02.211-04:00: 	at java.awt.Component.dispatchEvent(Unknown Source)
2013-04-21T14:26:02.211-04:00: 	at java.awt.EventQueue.dispatchEventImpl(Unknown Source)
2013-04-21T14:26:02.211-04:00: 	at java.awt.EventQueue.access$000(Unknown Source)
2013-04-21T14:26:02.211-04:00: 	at java.awt.EventQueue$3.run(Unknown Source)
2013-04-21T14:26:02.227-04:00: 	at java.awt.EventQueue$3.run(Unknown Source)
2013-04-21T14:26:02.227-04:00: 	at java.security.AccessController.doPrivileged(Native Method)
2013-04-21T14:26:02.227-04:00: 	at java.security.ProtectionDomain$1.doIntersectionPrivilege(Unknown Source)
2013-04-21T14:26:02.227-04:00: 	at java.security.ProtectionDomain$1.doIntersectionPrivilege(Unknown Source)
2013-04-21T14:26:02.227-04:00: 	at java.awt.EventQueue$4.run(Unknown Source)
2013-04-21T14:26:02.227-04:00: 	at java.awt.EventQueue$4.run(Unknown Source)
2013-04-21T14:26:02.227-04:00: 	at java.security.AccessController.doPrivileged(Native Method)
2013-04-21T14:26:02.227-04:00: 	at java.security.ProtectionDomain$1.doIntersectionPrivilege(Unknown Source)
2013-04-21T14:26:02.227-04:00: 	at java.awt.EventQueue.dispatchEvent(Unknown Source)
2013-04-21T14:26:02.227-04:00: 	at java.awt.EventDispatchThread.pumpOneEventForFilters(Unknown Source)
2013-04-21T14:26:02.227-04:00: 	at java.awt.EventDispatchThread.pumpEventsForFilter(Unknown Source)
2013-04-21T14:26:02.227-04:00: 	at java.awt.EventDispatchThread.pumpEventsForHierarchy(Unknown Source)
2013-04-21T14:26:02.227-04:00: 	at java.awt.EventDispatchThread.pumpEvents(Unknown Source)
2013-04-21T14:26:02.227-04:00: 	at java.awt.EventDispatchThread.pumpEvents(Unknown Source)
2013-04-21T14:26:02.227-04:00: 	at java.awt.EventDispatchThread.run(Unknown Source)
2013-04-21T14:26:02.227-04:00: Caused by: java.lang.ClassNotFoundException: gnu.io.SerialPortEventListener
2013-04-21T14:26:02.227-04:00: 	at java.net.URLClassLoader$1.run(Unknown Source)
2013-04-21T14:26:02.227-04:00: 	at java.net.URLClassLoader$1.run(Unknown Source)
2013-04-21T14:26:02.227-04:00: 	at java.security.AccessController.doPrivileged(Native Method)
2013-04-21T14:26:02.227-04:00: 	at java.net.URLClassLoader.findClass(Unknown Source)
2013-04-21T14:26:02.227-04:00: 	at java.lang.ClassLoader.loadClass(Unknown Source)
2013-04-21T14:26:02.227-04:00: 	at sun.misc.Launcher$AppClassLoader.loadClass(Unknown Source)
2013-04-21T14:26:02.227-04:00: 	at java.lang.ClassLoader.loadClass(Unknown Source)
2013-04-21T14:26:02.227-04:00: 	... 72 more
