2013-09-01T13:35:56.704-04:00: Stable Library
2013-09-01T13:35:56.704-04:00: =========================================
2013-09-01T13:35:56.704-04:00: Native lib Version = RXTX-2.1-7
2013-09-01T13:35:56.704-04:00: Java lib Version   = RXTX-2.1-7
2013-09-01T13:35:58.438-04:00: Custom TLE data loaded from file: (Custom,amsat)amsat.txt
2013-09-01T13:35:58.438-04:00: Custom TLE data loaded from file: (Custom,cusat)cusat.txt
2013-09-01T13:36:01.438-04:00: Satellite TLE data was successfully updated!
2013-09-01T13:36:14.516-04:00: java.io.FileNotFoundException: current.SAT (The system cannot find the file specified)
2013-09-01T13:36:14.516-04:00: 	at java.io.FileInputStream.open(Native Method)
2013-09-01T13:36:14.516-04:00: 	at java.io.FileInputStream.<init>(Unknown Source)
2013-09-01T13:36:14.516-04:00: 	at java.io.FileReader.<init>(Unknown Source)
2013-09-01T13:36:14.516-04:00: 	at edu.cusat.gs.rawpacket.RawPacketManager.genPassLogger(RawPacketManager.java:67)
2013-09-01T13:36:14.532-04:00: 	at edu.cusat.gs.rawpacket.RawPacketManager.<init>(RawPacketManager.java:56)
2013-09-01T13:36:14.532-04:00: 	at edu.cusat.gs.rfgateway.GatewayMgr.createRawPacketManager(GatewayMgr.java:94)
2013-09-01T13:36:14.532-04:00: 	at edu.cusat.gs.rfgateway.TncSerialProvider.<init>(TncSerialProvider.java:67)
2013-09-01T13:36:14.532-04:00: 	at edu.cusat.gs.rfgateway.GatewayMgr.connectToTNC(GatewayMgr.java:239)
2013-09-01T13:36:14.532-04:00: 	at edu.cusat.gs.gui.RfGatewayPanel.tncConnectBtnActionPerformed(RfGatewayPanel.java:105)
2013-09-01T13:36:14.532-04:00: 	at edu.cusat.gs.gui.RfGatewayPanel.access$2(RfGatewayPanel.java:97)
2013-09-01T13:36:14.532-04:00: 	at edu.cusat.gs.gui.RfGatewayPanel$2.actionPerformed(RfGatewayPanel.java:311)
2013-09-01T13:36:14.532-04:00: 	at javax.swing.AbstractButton.fireActionPerformed(Unknown Source)
2013-09-01T13:36:14.532-04:00: 	at javax.swing.AbstractButton$Handler.actionPerformed(Unknown Source)
2013-09-01T13:36:14.532-04:00: 	at javax.swing.DefaultButtonModel.fireActionPerformed(Unknown Source)
2013-09-01T13:36:14.532-04:00: 	at javax.swing.DefaultButtonModel.setPressed(Unknown Source)
2013-09-01T13:36:14.532-04:00: 	at javax.swing.plaf.basic.BasicButtonListener.mouseReleased(Unknown Source)
2013-09-01T13:36:14.532-04:00: 	at org.jvnet.substance.utils.RolloverButtonListener.mouseReleased(RolloverButtonListener.java:111)
2013-09-01T13:36:14.532-04:00: 	at java.awt.Component.processMouseEvent(Unknown Source)
2013-09-01T13:36:14.532-04:00: 	at javax.swing.JComponent.processMouseEvent(Unknown Source)
2013-09-01T13:36:14.548-04:00: 	at java.awt.Component.processEvent(Unknown Source)
2013-09-01T13:36:14.548-04:00: 	at java.awt.Container.processEvent(Unknown Source)
2013-09-01T13:36:14.548-04:00: 	at java.awt.Component.dispatchEventImpl(Unknown Source)
2013-09-01T13:36:14.548-04:00: 	at java.awt.Container.dispatchEventImpl(Unknown Source)
2013-09-01T13:36:14.548-04:00: 	at java.awt.Component.dispatchEvent(Unknown Source)
2013-09-01T13:36:14.548-04:00: 	at java.awt.LightweightDispatcher.retargetMouseEvent(Unknown Source)
2013-09-01T13:36:14.548-04:00: 	at java.awt.LightweightDispatcher.processMouseEvent(Unknown Source)
2013-09-01T13:36:14.548-04:00: 	at java.awt.LightweightDispatcher.dispatchEvent(Unknown Source)
2013-09-01T13:36:14.548-04:00: 	at java.awt.Container.dispatchEventImpl(Unknown Source)
2013-09-01T13:36:14.548-04:00: 	at java.awt.Window.dispatchEventImpl(Unknown Source)
2013-09-01T13:36:14.548-04:00: 	at java.awt.Component.dispatchEvent(Unknown Source)
2013-09-01T13:36:14.548-04:00: 	at java.awt.EventQueue.dispatchEventImpl(Unknown Source)
2013-09-01T13:36:14.548-04:00: 	at java.awt.EventQueue.access$000(Unknown Source)
2013-09-01T13:36:14.548-04:00: 	at java.awt.EventQueue$3.run(Unknown Source)
2013-09-01T13:36:14.548-04:00: 	at java.awt.EventQueue$3.run(Unknown Source)
2013-09-01T13:36:14.548-04:00: 	at java.security.AccessController.doPrivileged(Native Method)
2013-09-01T13:36:14.548-04:00: 	at java.security.ProtectionDomain$1.doIntersectionPrivilege(Unknown Source)
2013-09-01T13:36:14.548-04:00: 	at java.security.ProtectionDomain$1.doIntersectionPrivilege(Unknown Source)
2013-09-01T13:36:14.548-04:00: 	at java.awt.EventQueue$4.run(Unknown Source)
2013-09-01T13:36:14.548-04:00: 	at java.awt.EventQueue$4.run(Unknown Source)
2013-09-01T13:36:14.563-04:00: 	at java.security.AccessController.doPrivileged(Native Method)
2013-09-01T13:36:14.563-04:00: 	at java.security.ProtectionDomain$1.doIntersectionPrivilege(Unknown Source)
2013-09-01T13:36:14.563-04:00: 	at java.awt.EventQueue.dispatchEvent(Unknown Source)
2013-09-01T13:36:14.563-04:00: 	at java.awt.EventDispatchThread.pumpOneEventForFilters(Unknown Source)
2013-09-01T13:36:14.563-04:00: 	at java.awt.EventDispatchThread.pumpEventsForFilter(Unknown Source)
2013-09-01T13:36:14.563-04:00: 	at java.awt.EventDispatchThread.pumpEventsForHierarchy(Unknown Source)
2013-09-01T13:36:14.563-04:00: 	at java.awt.EventDispatchThread.pumpEvents(Unknown Source)
2013-09-01T13:36:14.563-04:00: 	at java.awt.EventDispatchThread.pumpEvents(Unknown Source)
2013-09-01T13:36:14.563-04:00: 	at java.awt.EventDispatchThread.run(Unknown Source)
2013-09-01T13:36:14.563-04:00: The passLogger has been initialized within the raw packet manager
2013-09-01T13:36:14.657-04:00: java.io.FileNotFoundException: current.SAT (The system cannot find the file specified)
2013-09-01T13:36:14.657-04:00: 	at java.io.FileInputStream.open(Native Method)
2013-09-01T13:36:14.657-04:00: 	at java.io.FileInputStream.<init>(Unknown Source)
2013-09-01T13:36:14.673-04:00: 	at java.io.FileReader.<init>(Unknown Source)
2013-09-01T13:36:14.673-04:00: 	at edu.cusat.gs.rawpacket.RawPacketManager.genPassLogger(RawPacketManager.java:67)
2013-09-01T13:36:14.673-04:00: 	at edu.cusat.gs.rawpacket.RawPacketManager.<init>(RawPacketManager.java:56)
2013-09-01T13:36:14.673-04:00: 	at edu.cusat.gs.rfgateway.GatewayMgr.createRawPacketManager(GatewayMgr.java:94)
2013-09-01T13:36:14.673-04:00: 	at edu.cusat.gs.rfgateway.TncSerialProvider.<init>(TncSerialProvider.java:68)
2013-09-01T13:36:14.673-04:00: 	at edu.cusat.gs.rfgateway.GatewayMgr.connectToTNC(GatewayMgr.java:239)
2013-09-01T13:36:14.673-04:00: 	at edu.cusat.gs.gui.RfGatewayPanel.tncConnectBtnActionPerformed(RfGatewayPanel.java:105)
2013-09-01T13:36:14.673-04:00: 	at edu.cusat.gs.gui.RfGatewayPanel.access$2(RfGatewayPanel.java:97)
2013-09-01T13:36:14.673-04:00: 	at edu.cusat.gs.gui.RfGatewayPanel$2.actionPerformed(RfGatewayPanel.java:311)
2013-09-01T13:36:14.673-04:00: 	at javax.swing.AbstractButton.fireActionPerformed(Unknown Source)
2013-09-01T13:36:14.673-04:00: 	at javax.swing.AbstractButton$Handler.actionPerformed(Unknown Source)
2013-09-01T13:36:14.673-04:00: 	at javax.swing.DefaultButtonModel.fireActionPerformed(Unknown Source)
2013-09-01T13:36:14.673-04:00: 	at javax.swing.DefaultButtonModel.setPressed(Unknown Source)
2013-09-01T13:36:14.673-04:00: 	at javax.swing.plaf.basic.BasicButtonListener.mouseReleased(Unknown Source)
2013-09-01T13:36:14.673-04:00: 	at org.jvnet.substance.utils.RolloverButtonListener.mouseReleased(RolloverButtonListener.java:111)
2013-09-01T13:36:14.673-04:00: 	at java.awt.Component.processMouseEvent(Unknown Source)
2013-09-01T13:36:14.673-04:00: 	at javax.swing.JComponent.processMouseEvent(Unknown Source)
2013-09-01T13:36:14.673-04:00: 	at java.awt.Component.processEvent(Unknown Source)
2013-09-01T13:36:14.673-04:00: 	at java.awt.Container.processEvent(Unknown Source)
2013-09-01T13:36:14.673-04:00: 	at java.awt.Component.dispatchEventImpl(Unknown Source)
2013-09-01T13:36:14.673-04:00: 	at java.awt.Container.dispatchEventImpl(Unknown Source)
2013-09-01T13:36:14.688-04:00: 	at java.awt.Component.dispatchEvent(Unknown Source)
2013-09-01T13:36:14.688-04:00: 	at java.awt.LightweightDispatcher.retargetMouseEvent(Unknown Source)
2013-09-01T13:36:14.688-04:00: 	at java.awt.LightweightDispatcher.processMouseEvent(Unknown Source)
2013-09-01T13:36:14.688-04:00: 	at java.awt.LightweightDispatcher.dispatchEvent(Unknown Source)
2013-09-01T13:36:14.688-04:00: 	at java.awt.Container.dispatchEventImpl(Unknown Source)
2013-09-01T13:36:14.688-04:00: 	at java.awt.Window.dispatchEventImpl(Unknown Source)
2013-09-01T13:36:14.688-04:00: 	at java.awt.Component.dispatchEvent(Unknown Source)
2013-09-01T13:36:14.688-04:00: 	at java.awt.EventQueue.dispatchEventImpl(Unknown Source)
2013-09-01T13:36:14.688-04:00: 	at java.awt.EventQueue.access$000(Unknown Source)
2013-09-01T13:36:14.688-04:00: 	at java.awt.EventQueue$3.run(Unknown Source)
2013-09-01T13:36:14.688-04:00: 	at java.awt.EventQueue$3.run(Unknown Source)
2013-09-01T13:36:14.688-04:00: 	at java.security.AccessController.doPrivileged(Native Method)
2013-09-01T13:36:14.688-04:00: 	at java.security.ProtectionDomain$1.doIntersectionPrivilege(Unknown Source)
2013-09-01T13:36:14.688-04:00: 	at java.security.ProtectionDomain$1.doIntersectionPrivilege(Unknown Source)
2013-09-01T13:36:14.688-04:00: 	at java.awt.EventQueue$4.run(Unknown Source)
2013-09-01T13:36:14.688-04:00: 	at java.awt.EventQueue$4.run(Unknown Source)
2013-09-01T13:36:14.688-04:00: 	at java.security.AccessController.doPrivileged(Native Method)
2013-09-01T13:36:14.688-04:00: 	at java.security.ProtectionDomain$1.doIntersectionPrivilege(Unknown Source)
2013-09-01T13:36:14.688-04:00: 	at java.awt.EventQueue.dispatchEvent(Unknown Source)
2013-09-01T13:36:14.688-04:00: 	at java.awt.EventDispatchThread.pumpOneEventForFilters(Unknown Source)
2013-09-01T13:36:14.688-04:00: 	at java.awt.EventDispatchThread.pumpEventsForFilter(Unknown Source)
2013-09-01T13:36:14.688-04:00: 	at java.awt.EventDispatchThread.pumpEventsForHierarchy(Unknown Source)
2013-09-01T13:36:14.704-04:00: 	at java.awt.EventDispatchThread.pumpEvents(Unknown Source)
2013-09-01T13:36:14.704-04:00: 	at java.awt.EventDispatchThread.pumpEvents(Unknown Source)
2013-09-01T13:36:14.704-04:00: 	at java.awt.EventDispatchThread.run(Unknown Source)
2013-09-01T13:36:14.704-04:00: The passLogger has been initialized within the raw packet manager
2013-09-01T13:36:14.719-04:00: java.io.FileNotFoundException: current.SAT (The system cannot find the file specified)
2013-09-01T13:36:14.719-04:00: 	at java.io.FileInputStream.open(Native Method)
2013-09-01T13:36:14.719-04:00: 	at java.io.FileInputStream.<init>(Unknown Source)
2013-09-01T13:36:14.719-04:00: 	at java.io.FileReader.<init>(Unknown Source)
2013-09-01T13:36:14.735-04:00: 	at edu.cusat.gs.rawpacket.RawPacketManager.genPassLogger(RawPacketManager.java:67)
2013-09-01T13:36:14.735-04:00: 	at edu.cusat.gs.rawpacket.RawPacketManager.<init>(RawPacketManager.java:56)
2013-09-01T13:36:14.735-04:00: 	at edu.cusat.gs.rfgateway.GatewayMgr.createRawPacketManager(GatewayMgr.java:94)
2013-09-01T13:36:14.735-04:00: 	at edu.cusat.gs.rfgateway.TncSerialProvider.<init>(TncSerialProvider.java:69)
2013-09-01T13:36:14.735-04:00: 	at edu.cusat.gs.rfgateway.GatewayMgr.connectToTNC(GatewayMgr.java:239)
2013-09-01T13:36:14.735-04:00: 	at edu.cusat.gs.gui.RfGatewayPanel.tncConnectBtnActionPerformed(RfGatewayPanel.java:105)
2013-09-01T13:36:14.735-04:00: 	at edu.cusat.gs.gui.RfGatewayPanel.access$2(RfGatewayPanel.java:97)
2013-09-01T13:36:14.735-04:00: 	at edu.cusat.gs.gui.RfGatewayPanel$2.actionPerformed(RfGatewayPanel.java:311)
2013-09-01T13:36:14.735-04:00: 	at javax.swing.AbstractButton.fireActionPerformed(Unknown Source)
2013-09-01T13:36:14.735-04:00: 	at javax.swing.AbstractButton$Handler.actionPerformed(Unknown Source)
2013-09-01T13:36:14.735-04:00: 	at javax.swing.DefaultButtonModel.fireActionPerformed(Unknown Source)
2013-09-01T13:36:14.735-04:00: 	at javax.swing.DefaultButtonModel.setPressed(Unknown Source)
2013-09-01T13:36:14.735-04:00: 	at javax.swing.plaf.basic.BasicButtonListener.mouseReleased(Unknown Source)
2013-09-01T13:36:14.735-04:00: 	at org.jvnet.substance.utils.RolloverButtonListener.mouseReleased(RolloverButtonListener.java:111)
2013-09-01T13:36:14.735-04:00: 	at java.awt.Component.processMouseEvent(Unknown Source)
2013-09-01T13:36:14.735-04:00: 	at javax.swing.JComponent.processMouseEvent(Unknown Source)
2013-09-01T13:36:14.735-04:00: 	at java.awt.Component.processEvent(Unknown Source)
2013-09-01T13:36:14.735-04:00: 	at java.awt.Container.processEvent(Unknown Source)
2013-09-01T13:36:14.735-04:00: 	at java.awt.Component.dispatchEventImpl(Unknown Source)
2013-09-01T13:36:14.735-04:00: 	at java.awt.Container.dispatchEventImpl(Unknown Source)
2013-09-01T13:36:14.735-04:00: 	at java.awt.Component.dispatchEvent(Unknown Source)
2013-09-01T13:36:14.751-04:00: 	at java.awt.LightweightDispatcher.retargetMouseEvent(Unknown Source)
2013-09-01T13:36:14.751-04:00: 	at java.awt.LightweightDispatcher.processMouseEvent(Unknown Source)
2013-09-01T13:36:14.751-04:00: 	at java.awt.LightweightDispatcher.dispatchEvent(Unknown Source)
2013-09-01T13:36:14.751-04:00: 	at java.awt.Container.dispatchEventImpl(Unknown Source)
2013-09-01T13:36:14.751-04:00: 	at java.awt.Window.dispatchEventImpl(Unknown Source)
2013-09-01T13:36:14.751-04:00: 	at java.awt.Component.dispatchEvent(Unknown Source)
2013-09-01T13:36:14.751-04:00: 	at java.awt.EventQueue.dispatchEventImpl(Unknown Source)
2013-09-01T13:36:14.751-04:00: 	at java.awt.EventQueue.access$000(Unknown Source)
2013-09-01T13:36:14.751-04:00: 	at java.awt.EventQueue$3.run(Unknown Source)
2013-09-01T13:36:14.751-04:00: 	at java.awt.EventQueue$3.run(Unknown Source)
2013-09-01T13:36:14.751-04:00: 	at java.security.AccessController.doPrivileged(Native Method)
2013-09-01T13:36:14.751-04:00: 	at java.security.ProtectionDomain$1.doIntersectionPrivilege(Unknown Source)
2013-09-01T13:36:14.751-04:00: 	at java.security.ProtectionDomain$1.doIntersectionPrivilege(Unknown Source)
2013-09-01T13:36:14.751-04:00: 	at java.awt.EventQueue$4.run(Unknown Source)
2013-09-01T13:36:14.751-04:00: 	at java.awt.EventQueue$4.run(Unknown Source)
2013-09-01T13:36:14.751-04:00: 	at java.security.AccessController.doPrivileged(Native Method)
2013-09-01T13:36:14.751-04:00: 	at java.security.ProtectionDomain$1.doIntersectionPrivilege(Unknown Source)
2013-09-01T13:36:14.751-04:00: 	at java.awt.EventQueue.dispatchEvent(Unknown Source)
2013-09-01T13:36:14.751-04:00: 	at java.awt.EventDispatchThread.pumpOneEventForFilters(Unknown Source)
2013-09-01T13:36:14.751-04:00: 	at java.awt.EventDispatchThread.pumpEventsForFilter(Unknown Source)
2013-09-01T13:36:14.751-04:00: 	at java.awt.EventDispatchThread.pumpEventsForHierarchy(Unknown Source)
2013-09-01T13:36:14.751-04:00: 	at java.awt.EventDispatchThread.pumpEvents(Unknown Source)
2013-09-01T13:36:14.766-04:00: 	at java.awt.EventDispatchThread.pumpEvents(Unknown Source)
2013-09-01T13:36:14.766-04:00: 	at java.awt.EventDispatchThread.run(Unknown Source)
2013-09-01T13:36:14.766-04:00: The passLogger has been initialized within the raw packet manager
