2013-09-24T18:10:00.692-04:00: Deleted Satellite: ISS (ZARYA)             
2013-09-24T18:10:04.848-04:00: Stable Library
2013-09-24T18:10:04.848-04:00: =========================================
2013-09-24T18:10:04.848-04:00: Native lib Version = RXTX-2.1-7
2013-09-24T18:10:04.848-04:00: Java lib Version   = RXTX-2.1-7
2013-09-24T18:10:20.426-04:00: Custom TLE data loaded from file: (Custom,amsat)amsat.txt
2013-09-24T18:10:20.426-04:00: Custom TLE data loaded from file: (Custom,cusat)cusat.txt
2013-09-24T18:10:34.520-04:00: Satellite Added to Scenario: CUSAT
2013-09-24T18:10:44.442-04:00: Deleted Satellite: CUSAT
2013-09-24T18:13:50.973-04:00: Custom TLE data loaded from file: (Custom,amsat)amsat.txt
2013-09-24T18:13:50.989-04:00: Custom TLE data loaded from file: (Custom,cusat)cusat.txt
2013-09-24T18:13:56.317-04:00: Warning: Error Reading numb or elnum from TLE line 1 sat#:99999
2013-09-24T18:13:56.332-04:00: Satellite Added to Scenario: CUSAT
2013-09-24T18:16:17.645-04:00: Deleted Satellite: CUSAT
2013-09-24T18:19:03.098-04:00: Custom TLE data loaded from file: (Custom,amsat)amsat.txt
2013-09-24T18:19:03.114-04:00: Custom TLE data loaded from file: (Custom,cusat)cusat.txt
2013-09-24T18:19:10.114-04:00: Warning: Error Reading numb or elnum from TLE line 1 sat#:99999
2013-09-24T18:19:10.114-04:00: Warning: Error Reading revnum from TLE line 2 sat#:99999
java.lang.StringIndexOutOfBoundsException: String index out of range: 68
2013-09-24T18:19:10.114-04:00: ERROR adding satellite to scenarion, bad TLE data: CUSAT
2013-09-24T18:19:53.629-04:00: Custom TLE data loaded from file: (Custom,amsat)amsat.txt
2013-09-24T18:19:53.645-04:00: Custom TLE data loaded from file: (Custom,cusat)cusat.txt
2013-09-24T18:20:06.114-04:00: ERROR adding satellite to scenarion, bad TLE data: CUSAT
2013-09-24T18:20:58.129-04:00: Custom TLE data loaded from file: (Custom,amsat)amsat.txt
2013-09-24T18:20:58.145-04:00: Custom TLE data loaded from file: (Custom,cusat)cusat.txt
2013-09-24T18:21:05.629-04:00: Warning: Error Reading numb or elnum from TLE line 1 sat#:99999
2013-09-24T18:21:05.629-04:00: Warning: Error Reading revnum from TLE line 2 sat#:99999
java.lang.StringIndexOutOfBoundsException: String index out of range: 68
2013-09-24T18:21:05.629-04:00: ERROR adding satellite to scenarion, bad TLE data: CUSAT
2013-09-24T18:22:49.801-04:00: Custom TLE data loaded from file: (Custom,amsat)amsat.txt
2013-09-24T18:22:49.817-04:00: Custom TLE data loaded from file: (Custom,cusat)cusat.txt
2013-09-24T18:22:59.629-04:00: Warning: Error Reading numb or elnum from TLE line 1 sat#:99999
2013-09-24T18:22:59.629-04:00: Warning: Error Reading revnum from TLE line 2 sat#:99999
java.lang.StringIndexOutOfBoundsException: String index out of range: 68
2013-09-24T18:22:59.629-04:00: ERROR adding satellite to scenarion, bad TLE data: CUSAT
2013-09-24T18:24:17.020-04:00: Custom TLE data loaded from file: (Custom,amsat)amsat.txt
2013-09-24T18:24:17.051-04:00: Custom TLE data loaded from file: (Custom,cusat)cusat.txt
2013-09-24T18:24:22.426-04:00: Warning: Error Reading numb or elnum from TLE line 1 sat#:99999
2013-09-24T18:24:22.426-04:00: Warning: Error Reading revnum from TLE line 2 sat#:99999
java.lang.StringIndexOutOfBoundsException: String index out of range: 68
2013-09-24T18:24:22.426-04:00: ERROR adding satellite to scenarion, bad TLE data: CUSAT
2013-09-24T18:29:41.567-04:00: Custom TLE data loaded from file: (Custom,amsat)amsat.txt
2013-09-24T18:29:41.567-04:00: Custom TLE data loaded from file: (Custom,cusat)cusat.txt
2013-09-24T18:30:46.895-04:00: ERROR adding satellite to scenarion, bad TLE data: CUSAT
2013-09-24T18:34:59.473-04:00: ERROR adding satellite to scenarion, bad TLE data: CUSAT
2013-09-24T18:36:08.036-04:00: Custom TLE data loaded from file: (Custom,amsat)amsat.txt
2013-09-24T18:36:08.036-04:00: Custom TLE data loaded from file: (Custom,cusat)cusat.txt
2013-09-24T18:36:13.676-04:00: Warning: Error Reading numb or elnum from TLE line 1 sat#:99999
2013-09-24T18:36:13.754-04:00: Satellite Added to Scenario: CUSAT
2013-09-24T18:45:24.551-04:00: Deleted Satellite: CUSAT
2013-09-24T18:45:32.442-04:00: Custom TLE data loaded from file: (Custom,amsat)amsat.txt
2013-09-24T18:45:32.442-04:00: Custom TLE data loaded from file: (Custom,cusat)cusat.txt
2013-09-24T18:45:37.942-04:00: Error Reading TLE line 1: java.lang.StringIndexOutOfBoundsException: String index out of range: 59
2013-09-24T18:45:37.942-04:00: ERROR adding satellite to scenarion, bad TLE data: CUSAT
