2013-09-28T14:43:21.834-04:00: Deleted Satellite: ISS (ZARYA)             
2013-09-28T14:44:38.162-04:00: Custom TLE data loaded from file: (Custom,amsat)amsat.txt
2013-09-28T14:44:38.193-04:00: Custom TLE data loaded from file: (Custom,cusat)cusat.txt
2013-09-28T14:44:50.146-04:00: Warning: Error Reading numb or elnum from TLE line 1 sat#:99999
2013-09-28T14:44:50.146-04:00: Warning: Error Reading revnum from TLE line 2 sat#:99999
java.lang.StringIndexOutOfBoundsException: String index out of range: 68
2013-09-28T14:44:50.146-04:00: ERROR adding satellite to scenarion, bad TLE data: CUSAT
2013-09-28T14:46:36.037-04:00: Custom TLE data loaded from file: (Custom,amsat)amsat.txt
2013-09-28T14:46:36.052-04:00: Custom TLE data loaded from file: (Custom,cusat)cusat.txt
2013-09-28T14:46:38.021-04:00: Satellite TLE data was successfully updated!
2013-09-28T14:50:22.115-04:00: Custom TLE data loaded from file: (Custom,amsat)amsat.txt
2013-09-28T14:50:22.130-04:00: Custom TLE data loaded from file: (Custom,cusat)cusat.txt
2013-09-28T14:50:29.521-04:00: ERROR adding satellite to scenarion, bad TLE data: CUSAT
2013-09-28T14:53:03.224-04:00: Custom TLE data loaded from file: (Custom,amsat)amsat.txt
2013-09-28T14:53:03.240-04:00: Custom TLE data loaded from file: (Custom,cusat)cusat.txt
2013-09-28T14:53:11.052-04:00: Warning: Error Reading numb or elnum from TLE line 1 sat#:99999
2013-09-28T14:53:11.052-04:00: Error Reading TLE line 2: java.lang.StringIndexOutOfBoundsException: String index out of range: 63
2013-09-28T14:53:11.052-04:00: ERROR adding satellite to scenarion, bad TLE data: CUSAT
2013-09-28T14:53:24.896-04:00: Warning: Error Reading numb or elnum from TLE line 1 sat#:99999
2013-09-28T14:53:24.896-04:00: Error Reading TLE line 2: java.lang.StringIndexOutOfBoundsException: String index out of range: 63
2013-09-28T14:53:24.896-04:00: ERROR adding satellite to scenarion, bad TLE data: CUSAT
2013-09-28T14:54:06.302-04:00: Warning: Error Reading numb or elnum from TLE line 1 sat#:99999
2013-09-28T14:54:06.302-04:00: Error Reading TLE line 2: java.lang.StringIndexOutOfBoundsException: String index out of range: 63
2013-09-28T14:54:06.318-04:00: ERROR adding satellite to scenarion, bad TLE data: CUSAT
2013-09-28T14:54:16.599-04:00: Custom TLE data loaded from file: (Custom,amsat)amsat.txt
2013-09-28T14:54:16.599-04:00: Custom TLE data loaded from file: (Custom,cusat)cusat.txt
2013-09-28T14:54:23.380-04:00: ERROR adding satellite to scenarion, bad TLE data: CUSAT
