2014-04-24T01:52:49.052-04:00: Stable Library
2014-04-24T01:52:49.052-04:00: =========================================
2014-04-24T01:52:49.052-04:00: Native lib Version = RXTX-2.1-7
2014-04-24T01:52:49.052-04:00: Java lib Version   = RXTX-2.1-7
2014-04-24T01:55:18.052-04:00: a89ea0a89ea0e08ea49eaa9c88e103f0001100112233445566778899
2014-04-24T01:55:18.052-04:00: a8
2014-04-24T01:55:18.052-04:00: 9e
2014-04-24T01:55:18.052-04:00: a0
2014-04-24T01:55:18.067-04:00: a8
2014-04-24T01:55:18.067-04:00: 9e
2014-04-24T01:55:18.067-04:00: a0
2014-04-24T01:55:18.067-04:00: e0
2014-04-24T01:55:18.067-04:00: 8e
2014-04-24T01:55:18.067-04:00: a4
2014-04-24T01:55:18.067-04:00: 9e
2014-04-24T01:55:18.067-04:00: aa
2014-04-24T01:55:18.067-04:00: 9c
2014-04-24T01:55:18.067-04:00: 88
2014-04-24T01:55:18.067-04:00: e1
2014-04-24T01:55:18.067-04:00: 03
2014-04-24T01:55:18.067-04:00: f0
2014-04-24T01:55:18.067-04:00: 00
2014-04-24T01:55:18.067-04:00: 11
2014-04-24T01:55:18.067-04:00: 00
2014-04-24T01:55:18.067-04:00: 11
2014-04-24T01:55:18.083-04:00: 22
2014-04-24T01:55:18.083-04:00: 33
2014-04-24T01:55:18.083-04:00: 44
2014-04-24T01:55:18.083-04:00: 55
2014-04-24T01:55:18.083-04:00: 66
2014-04-24T01:55:18.083-04:00: 77
2014-04-24T01:55:18.083-04:00: 88
2014-04-24T01:55:18.083-04:00: 99
2014-04-24T01:56:08.864-04:00: a89ea0a89ea0e08ea49eaa9c88e103f0001100112233445566778899aabbccddeeff
2014-04-24T01:56:08.864-04:00: a8
2014-04-24T01:56:08.864-04:00: 9e
2014-04-24T01:56:08.864-04:00: a0
2014-04-24T01:56:08.864-04:00: a8
2014-04-24T01:56:08.864-04:00: 9e
2014-04-24T01:56:08.864-04:00: a0
2014-04-24T01:56:08.864-04:00: e0
2014-04-24T01:56:08.880-04:00: 8e
2014-04-24T01:56:08.880-04:00: a4
2014-04-24T01:56:08.880-04:00: 9e
2014-04-24T01:56:08.880-04:00: aa
2014-04-24T01:56:08.880-04:00: 9c
2014-04-24T01:56:08.880-04:00: 88
2014-04-24T01:56:08.880-04:00: e1
2014-04-24T01:56:08.880-04:00: 03
2014-04-24T01:56:08.880-04:00: f0
2014-04-24T01:56:08.880-04:00: 00
2014-04-24T01:56:08.880-04:00: 11
2014-04-24T01:56:08.880-04:00: 00
2014-04-24T01:56:08.880-04:00: 11
2014-04-24T01:56:08.880-04:00: 22
2014-04-24T01:56:08.880-04:00: 33
2014-04-24T01:56:08.880-04:00: 44
2014-04-24T01:56:08.880-04:00: 55
2014-04-24T01:56:08.880-04:00: 66
2014-04-24T01:56:08.880-04:00: 77
2014-04-24T01:56:08.880-04:00: 88
2014-04-24T01:56:08.895-04:00: 99
2014-04-24T01:56:08.895-04:00: aa
2014-04-24T01:56:08.895-04:00: bb
2014-04-24T01:56:08.895-04:00: cc
2014-04-24T01:56:08.895-04:00: dd
2014-04-24T01:56:08.895-04:00: ee
2014-04-24T01:56:08.895-04:00: ff
