2014-11-30T18:16:13.822-05:00: Stable Library
2014-11-30T18:16:13.838-05:00: =========================================
2014-11-30T18:16:13.838-05:00: Native lib Version = RXTX-2.1-7
2014-11-30T18:16:13.838-05:00: Java lib Version   = RXTX-2.1-7
2014-11-30T18:17:24.182-05:00: Sending to TS-2000: DC;
2014-11-30T18:17:24.182-05:00: Sending to TS-2000: SQ0050;
2014-11-30T18:17:24.213-05:00: Sending to TS-2000: FR;
2014-11-30T18:17:24.213-05:00: Sending to TS-2000: AG0155;
2014-11-30T18:17:24.213-05:00: Sending to TS-2000: FT;
2014-11-30T18:17:24.213-05:00: Sending to TS-2000: AG;
2014-11-30T18:17:24.229-05:00: Sending to TS-2000: FA;
2014-11-30T18:17:24.229-05:00: Sending to TS-2000: RG255;
2014-11-30T18:17:24.229-05:00: Sending to TS-2000: FB;
2014-11-30T18:17:24.229-05:00: Sending to TS-2000: RG;
2014-11-30T18:17:24.244-05:00: Sending to TS-2000: FC;
2014-11-30T18:17:24.244-05:00: Sending to TS-2000: FR0;
2014-11-30T18:17:24.244-05:00: Sending to TS-2000: MD;
2014-11-30T18:17:24.244-05:00: Sending to TS-2000: FR;
2014-11-30T18:17:24.260-05:00: Sending to TS-2000: BY;
2014-11-30T18:17:24.260-05:00: Sending to TS-2000: FT1;
2014-11-30T18:17:24.260-05:00: Sending to TS-2000: SM0;
2014-11-30T18:17:24.260-05:00: Sending to TS-2000: FT;
2014-11-30T18:17:24.276-05:00: Sending to TS-2000: MD4;
2014-11-30T18:17:24.276-05:00: Sending to TS-2000: MD;
2014-11-30T18:17:24.276-05:00: Sending to TS-2000: FR1;
2014-11-30T18:17:24.276-05:00: Sending to TS-2000: FR;
2014-11-30T18:17:24.291-05:00: Sending to TS-2000: FT0;
2014-11-30T18:17:24.291-05:00: Sending to TS-2000: FT;
2014-11-30T18:17:24.291-05:00: Sending to TS-2000: MD4;
2014-11-30T18:17:24.291-05:00: Sending to TS-2000: MD;
2014-11-30T18:17:24.307-05:00: Sending to TS-2000: SQ0050;
2014-11-30T18:17:24.307-05:00: Sending to TS-2000: AG0155;
2014-11-30T18:17:24.307-05:00: Sending to TS-2000: AG;
