2014-04-24T00:52:26.520-04:00: Stable Library
2014-04-24T00:52:26.520-04:00: =========================================
2014-04-24T00:52:26.520-04:00: Native lib Version = RXTX-2.1-7
2014-04-24T00:52:26.536-04:00: Java lib Version   = RXTX-2.1-7
2014-04-24T00:54:54.114-04:00: a89ea0a89ea0e08ea49eaa9c88e103f0f00f0ff0f000000000000000000000000000000000000000000000000000000000000000000000000000000000000000000000000000000000000000000000000000000000000000000000000000000000000000000000000000000000000000000000000000000000000000000000000000000000000000000000000000000000000000000000000000000000000000000000000000000000000000000000000000000000000000000000000000000000000000000000000000000000000000000000000000000000000000000000000000000000000000000000000000000000000000000000000000000000000000000000000000000000000000000000000000000000000000000000000000000000000000000000000000000000000000000000000000000000000000
2014-04-24T00:54:54.114-04:00: a8
2014-04-24T00:54:54.130-04:00: 9e
2014-04-24T00:54:54.130-04:00: a0
2014-04-24T00:54:54.130-04:00: a8
2014-04-24T00:54:54.130-04:00: 9e
2014-04-24T00:54:54.130-04:00: a0
2014-04-24T00:54:54.130-04:00: e0
2014-04-24T00:54:54.145-04:00: 8e
2014-04-24T00:54:54.145-04:00: a4
2014-04-24T00:54:54.145-04:00: 9e
2014-04-24T00:54:54.145-04:00: aa
2014-04-24T00:54:54.145-04:00: 9c
2014-04-24T00:54:54.161-04:00: 88
2014-04-24T00:54:54.161-04:00: e1
2014-04-24T00:54:54.161-04:00: 03
2014-04-24T00:54:54.161-04:00: f0
2014-04-24T00:54:54.161-04:00: f0
2014-04-24T00:54:54.161-04:00: 0f
2014-04-24T00:54:54.177-04:00: 0f
2014-04-24T00:54:54.177-04:00: f0
2014-04-24T00:54:54.177-04:00: f0
2014-04-24T00:54:54.177-04:00: 00
2014-04-24T00:54:54.177-04:00: 00
2014-04-24T00:54:54.192-04:00: 00
2014-04-24T00:54:54.192-04:00: 00
2014-04-24T00:54:54.192-04:00: 00
2014-04-24T00:54:54.192-04:00: 00
2014-04-24T00:54:54.208-04:00: 00
2014-04-24T00:54:54.208-04:00: 00
2014-04-24T00:54:54.208-04:00: 00
2014-04-24T00:54:54.208-04:00: 00
2014-04-24T00:54:54.208-04:00: 00
2014-04-24T00:54:54.224-04:00: 00
2014-04-24T00:54:54.224-04:00: 00
2014-04-24T00:54:54.224-04:00: 00
2014-04-24T00:54:54.224-04:00: 00
2014-04-24T00:54:54.239-04:00: 00
2014-04-24T00:54:54.239-04:00: 00
2014-04-24T00:54:54.239-04:00: 00
2014-04-24T00:54:54.239-04:00: 00
2014-04-24T00:54:54.239-04:00: 00
2014-04-24T00:54:54.255-04:00: 00
2014-04-24T00:54:54.255-04:00: 00
2014-04-24T00:54:54.255-04:00: 00
2014-04-24T00:54:54.255-04:00: 00
2014-04-24T00:54:54.255-04:00: 00
2014-04-24T00:54:54.255-04:00: 00
2014-04-24T00:54:54.270-04:00: 00
2014-04-24T00:54:54.270-04:00: 00
2014-04-24T00:54:54.286-04:00: 00
2014-04-24T00:54:54.286-04:00: 00
2014-04-24T00:54:54.286-04:00: 00
2014-04-24T00:54:54.286-04:00: 00
2014-04-24T00:54:54.286-04:00: 00
2014-04-24T00:54:54.302-04:00: 00
2014-04-24T00:54:54.302-04:00: 00
2014-04-24T00:54:54.302-04:00: 00
2014-04-24T00:54:54.302-04:00: 00
2014-04-24T00:54:54.302-04:00: 00
2014-04-24T00:54:54.317-04:00: 00
2014-04-24T00:54:54.317-04:00: 00
2014-04-24T00:54:54.317-04:00: 00
2014-04-24T00:54:54.317-04:00: 00
2014-04-24T00:54:54.317-04:00: 00
2014-04-24T00:54:54.333-04:00: 00
2014-04-24T00:54:54.333-04:00: 00
2014-04-24T00:54:54.333-04:00: 00
2014-04-24T00:54:54.333-04:00: 00
2014-04-24T00:54:54.333-04:00: 00
2014-04-24T00:54:54.333-04:00: 00
2014-04-24T00:54:54.349-04:00: 00
2014-04-24T00:54:54.349-04:00: 00
2014-04-24T00:54:54.349-04:00: 00
2014-04-24T00:54:54.349-04:00: 00
2014-04-24T00:54:54.349-04:00: 00
2014-04-24T00:54:54.364-04:00: 00
2014-04-24T00:54:54.364-04:00: 00
2014-04-24T00:54:54.364-04:00: 00
2014-04-24T00:54:54.364-04:00: 00
2014-04-24T00:54:54.364-04:00: 00
2014-04-24T00:54:54.364-04:00: 00
2014-04-24T00:54:54.380-04:00: 00
2014-04-24T00:54:54.380-04:00: 00
2014-04-24T00:54:54.380-04:00: 00
2014-04-24T00:54:54.380-04:00: 00
2014-04-24T00:54:54.380-04:00: 00
2014-04-24T00:54:54.395-04:00: 00
2014-04-24T00:54:54.395-04:00: 00
2014-04-24T00:54:54.395-04:00: 00
2014-04-24T00:54:54.395-04:00: 00
2014-04-24T00:54:54.395-04:00: 00
2014-04-24T00:54:54.395-04:00: 00
2014-04-24T00:54:54.411-04:00: 00
2014-04-24T00:54:54.411-04:00: 00
2014-04-24T00:54:54.411-04:00: 00
2014-04-24T00:54:54.411-04:00: 00
2014-04-24T00:54:54.411-04:00: 00
2014-04-24T00:54:54.411-04:00: 00
2014-04-24T00:54:54.427-04:00: 00
2014-04-24T00:54:54.427-04:00: 00
2014-04-24T00:54:54.427-04:00: 00
2014-04-24T00:54:54.427-04:00: 00
2014-04-24T00:54:54.427-04:00: 00
2014-04-24T00:54:54.442-04:00: 00
2014-04-24T00:54:54.442-04:00: 00
2014-04-24T00:54:54.442-04:00: 00
2014-04-24T00:54:54.442-04:00: 00
2014-04-24T00:54:54.442-04:00: 00
2014-04-24T00:54:54.442-04:00: 00
2014-04-24T00:54:54.458-04:00: 00
2014-04-24T00:54:54.458-04:00: 00
2014-04-24T00:54:54.458-04:00: 00
2014-04-24T00:54:54.458-04:00: 00
2014-04-24T00:54:54.458-04:00: 00
2014-04-24T00:54:54.474-04:00: 00
2014-04-24T00:54:54.474-04:00: 00
2014-04-24T00:54:54.474-04:00: 00
2014-04-24T00:54:54.474-04:00: 00
2014-04-24T00:54:54.474-04:00: 00
2014-04-24T00:54:54.474-04:00: 00
2014-04-24T00:54:54.489-04:00: 00
2014-04-24T00:54:54.489-04:00: 00
2014-04-24T00:54:54.489-04:00: 00
2014-04-24T00:54:54.489-04:00: 00
2014-04-24T00:54:54.489-04:00: 00
2014-04-24T00:54:54.489-04:00: 00
2014-04-24T00:54:54.505-04:00: 00
2014-04-24T00:54:54.505-04:00: 00
2014-04-24T00:54:54.505-04:00: 00
2014-04-24T00:54:54.505-04:00: 00
2014-04-24T00:54:54.505-04:00: 00
2014-04-24T00:54:54.520-04:00: 00
2014-04-24T00:54:54.520-04:00: 00
2014-04-24T00:54:54.520-04:00: 00
2014-04-24T00:54:54.520-04:00: 00
2014-04-24T00:54:54.520-04:00: 00
2014-04-24T00:54:54.520-04:00: 00
2014-04-24T00:54:54.536-04:00: 00
2014-04-24T00:54:54.536-04:00: 00
2014-04-24T00:54:54.536-04:00: 00
2014-04-24T00:54:54.536-04:00: 00
2014-04-24T00:54:54.552-04:00: 00
2014-04-24T00:54:54.552-04:00: 00
2014-04-24T00:54:54.567-04:00: 00
2014-04-24T00:54:54.567-04:00: 00
2014-04-24T00:54:54.567-04:00: 00
2014-04-24T00:54:54.583-04:00: 00
2014-04-24T00:54:54.583-04:00: 00
2014-04-24T00:54:54.583-04:00: 00
2014-04-24T00:54:54.583-04:00: 00
2014-04-24T00:54:54.583-04:00: 00
2014-04-24T00:54:54.599-04:00: 00
2014-04-24T00:54:54.599-04:00: 00
2014-04-24T00:54:54.599-04:00: 00
2014-04-24T00:54:54.614-04:00: 00
2014-04-24T00:54:54.614-04:00: 00
2014-04-24T00:54:54.614-04:00: 00
2014-04-24T00:54:54.614-04:00: 00
2014-04-24T00:54:54.614-04:00: 00
2014-04-24T00:54:54.630-04:00: 00
2014-04-24T00:54:54.630-04:00: 00
2014-04-24T00:54:54.630-04:00: 00
2014-04-24T00:54:54.630-04:00: 00
2014-04-24T00:54:54.630-04:00: 00
2014-04-24T00:54:54.645-04:00: 00
2014-04-24T00:54:54.645-04:00: 00
2014-04-24T00:54:54.645-04:00: 00
2014-04-24T00:54:54.645-04:00: 00
2014-04-24T00:54:54.645-04:00: 00
2014-04-24T00:54:54.661-04:00: 00
2014-04-24T00:54:54.661-04:00: 00
2014-04-24T00:54:54.661-04:00: 00
2014-04-24T00:54:54.661-04:00: 00
2014-04-24T00:54:54.661-04:00: 00
2014-04-24T00:54:54.677-04:00: 00
2014-04-24T00:54:54.677-04:00: 00
2014-04-24T00:54:54.692-04:00: 00
2014-04-24T00:54:54.692-04:00: 00
2014-04-24T00:54:54.708-04:00: 00
2014-04-24T00:54:54.708-04:00: 00
2014-04-24T00:54:54.708-04:00: 00
2014-04-24T00:54:54.724-04:00: 00
2014-04-24T00:54:54.724-04:00: 00
2014-04-24T00:54:54.724-04:00: 00
2014-04-24T00:54:54.739-04:00: 00
2014-04-24T00:54:54.739-04:00: 00
2014-04-24T00:54:54.739-04:00: 00
2014-04-24T00:54:54.755-04:00: 00
2014-04-24T00:54:54.755-04:00: 00
2014-04-24T00:54:54.755-04:00: 00
2014-04-24T00:54:54.770-04:00: 00
2014-04-24T00:54:54.770-04:00: 00
2014-04-24T00:54:54.770-04:00: 00
2014-04-24T00:54:54.770-04:00: 00
2014-04-24T00:54:54.786-04:00: 00
2014-04-24T00:54:54.786-04:00: 00
2014-04-24T00:54:54.802-04:00: 00
2014-04-24T00:54:54.802-04:00: 00
2014-04-24T00:54:54.802-04:00: 00
2014-04-24T00:54:54.802-04:00: 00
2014-04-24T00:54:54.802-04:00: 00
2014-04-24T00:54:54.817-04:00: 00
2014-04-24T00:54:54.817-04:00: 00
2014-04-24T00:54:54.817-04:00: 00
2014-04-24T00:54:54.817-04:00: 00
2014-04-24T00:54:54.817-04:00: 00
2014-04-24T00:54:54.833-04:00: 00
2014-04-24T00:54:54.833-04:00: 00
2014-04-24T00:54:54.833-04:00: 00
2014-04-24T00:54:54.833-04:00: 00
2014-04-24T00:54:54.833-04:00: 00
2014-04-24T00:54:54.849-04:00: 00
2014-04-24T00:54:54.849-04:00: 00
2014-04-24T00:54:54.849-04:00: 00
2014-04-24T00:54:54.849-04:00: 00
2014-04-24T00:54:54.849-04:00: 00
2014-04-24T00:54:54.849-04:00: 00
2014-04-24T00:54:54.864-04:00: 00
2014-04-24T00:54:54.864-04:00: 00
2014-04-24T00:54:54.864-04:00: 00
2014-04-24T00:54:54.864-04:00: 00
2014-04-24T00:54:54.864-04:00: 00
2014-04-24T00:54:54.880-04:00: 00
2014-04-24T00:54:54.880-04:00: 00
2014-04-24T00:54:54.880-04:00: 00
2014-04-24T00:54:54.880-04:00: 00
2014-04-24T00:54:54.880-04:00: 00
2014-04-24T00:54:54.895-04:00: 00
2014-04-24T00:54:54.895-04:00: 00
2014-04-24T00:54:54.895-04:00: 00
2014-04-24T00:54:54.895-04:00: 00
2014-04-24T00:54:54.895-04:00: 00
2014-04-24T00:54:54.895-04:00: 00
2014-04-24T00:54:54.911-04:00: 00
2014-04-24T00:54:54.911-04:00: 00
2014-04-24T00:54:54.911-04:00: 00
2014-04-24T00:54:54.911-04:00: 00
2014-04-24T00:54:54.911-04:00: 00
2014-04-24T00:54:54.927-04:00: 00
2014-04-24T00:54:54.927-04:00: 00
2014-04-24T00:54:54.927-04:00: 00
2014-04-24T00:54:54.927-04:00: 00
2014-04-24T00:54:54.927-04:00: 00
2014-04-24T00:54:54.942-04:00: 00
2014-04-24T00:54:54.942-04:00: 00
2014-04-24T00:54:54.942-04:00: 00
2014-04-24T00:54:54.942-04:00: 00
2014-04-24T00:54:54.942-04:00: 00
2014-04-24T00:54:54.958-04:00: 00
2014-04-24T00:54:54.958-04:00: 00
2014-04-24T00:54:54.958-04:00: 00
2014-04-24T00:54:54.958-04:00: 00
2014-04-24T00:54:54.958-04:00: 00
2014-04-24T00:54:54.974-04:00: 00
2014-04-24T00:54:54.974-04:00: 00
2014-04-24T00:54:54.974-04:00: 00
2014-04-24T00:54:54.974-04:00: 00
2014-04-24T00:54:54.974-04:00: 00
2014-04-24T00:54:54.989-04:00: 00
2014-04-24T00:54:54.989-04:00: 00
2014-04-24T00:54:54.989-04:00: 00
2014-04-24T00:54:54.989-04:00: 00
2014-04-24T00:54:54.989-04:00: 00
2014-04-24T00:54:54.989-04:00: 00
2014-04-24T00:54:55.005-04:00: 00
2014-04-24T00:54:55.005-04:00: 00
2014-04-24T00:54:55.005-04:00: 00
2014-04-24T00:54:55.005-04:00: 00
2014-04-24T00:54:55.005-04:00: 00
2014-04-24T00:54:55.020-04:00: 00
2014-04-24T00:54:55.020-04:00: 00
2014-04-24T00:54:55.020-04:00: 00
2014-04-24T00:54:55.020-04:00: 00
2014-04-24T00:54:55.020-04:00: 00
2014-04-24T00:54:55.036-04:00: 00
2014-04-24T00:54:55.036-04:00: 00
2014-04-24T00:54:55.036-04:00: 00
2014-04-24T00:54:55.036-04:00: 00
2014-04-24T00:54:55.036-04:00: 00
2014-04-24T00:54:55.036-04:00: 00
2014-04-24T00:54:55.052-04:00: 00
2014-04-24T00:54:55.052-04:00: 00
2014-04-24T00:54:55.052-04:00: 00
2014-04-24T00:54:55.052-04:00: 00
2014-04-24T00:54:55.052-04:00: 00
2014-04-24T00:54:55.067-04:00: 00
2014-04-24T00:54:55.067-04:00: 00
2014-04-24T00:54:55.067-04:00: 00
2014-04-24T00:54:55.067-04:00: 00
2014-04-24T00:54:55.067-04:00: 00
2014-04-24T00:54:55.067-04:00: 00
2014-04-24T00:54:55.083-04:00: 00
2014-04-24T00:54:55.083-04:00: 00
2014-04-24T00:54:55.083-04:00: 00
2014-04-24T00:54:55.083-04:00: 00
2014-04-24T00:54:55.083-04:00: 00
2014-04-24T00:54:55.099-04:00: 00
2014-04-24T00:54:55.099-04:00: 00
2014-04-24T00:54:55.099-04:00: 00
2014-04-24T00:54:55.099-04:00: 00
2014-04-24T00:54:55.114-04:00: 00
2014-04-24T00:54:55.114-04:00: 00
2014-04-24T00:54:55.114-04:00: 00
2014-04-24T00:54:55.114-04:00: 00
2014-04-24T00:54:55.114-04:00: 00
2014-04-24T00:54:55.114-04:00: 00
2014-04-24T00:54:55.130-04:00: 00
2014-04-24T00:54:55.130-04:00: 00
2014-04-24T00:54:55.130-04:00: 00
2014-04-24T00:54:55.130-04:00: 00
2014-04-24T00:54:55.130-04:00: 00
2014-04-24T00:54:55.145-04:00: 00
2014-04-24T00:54:55.145-04:00: 00
2014-04-24T00:54:55.145-04:00: 00
2014-04-24T00:54:55.145-04:00: 00
2014-04-24T00:54:55.161-04:00: 00
2014-04-24T00:55:56.755-04:00: a89ea0a89ea0e08ea49eaa9c88e103f0f00f0ff0f000000000000000000000000000000000000000000000000000000000000000000000000000000000000000000000000000000000000000000000000000000000000000000000000000000000000000000000000000000000000000000000000000000000000000000000000000000000000000000000000000000000000000000000000000000000000000000000000000000000000000000000000000000000000000000000000000000000000000000000000000000000000000000000000000000000000000000000000000000000000000000000000000000000000000000000000000000000000000000000000000000000000000000000000000000000000000000000000000000000000000000000000000000000000000000000000000000000000000
2014-04-24T00:55:56.755-04:00: a8
2014-04-24T00:55:56.755-04:00: 9e
2014-04-24T00:55:56.770-04:00: a0
2014-04-24T00:55:56.770-04:00: a8
2014-04-24T00:55:56.770-04:00: 9e
2014-04-24T00:55:56.770-04:00: a0
2014-04-24T00:55:56.770-04:00: e0
2014-04-24T00:55:56.770-04:00: 8e
2014-04-24T00:55:56.786-04:00: a4
2014-04-24T00:55:56.786-04:00: 9e
2014-04-24T00:55:56.786-04:00: aa
2014-04-24T00:55:56.786-04:00: 9c
2014-04-24T00:55:56.786-04:00: 88
2014-04-24T00:55:56.786-04:00: e1
2014-04-24T00:55:56.802-04:00: 03
2014-04-24T00:55:56.802-04:00: f0
2014-04-24T00:55:56.802-04:00: f0
2014-04-24T00:55:56.802-04:00: 0f
2014-04-24T00:55:56.802-04:00: 0f
2014-04-24T00:55:56.802-04:00: f0
2014-04-24T00:55:56.817-04:00: f0
2014-04-24T00:55:56.817-04:00: 00
2014-04-24T00:55:56.817-04:00: 00
2014-04-24T00:55:56.817-04:00: 00
2014-04-24T00:55:56.817-04:00: 00
2014-04-24T00:55:56.833-04:00: 00
2014-04-24T00:55:56.833-04:00: 00
2014-04-24T00:55:56.833-04:00: 00
2014-04-24T00:55:56.833-04:00: 00
2014-04-24T00:55:56.833-04:00: 00
2014-04-24T00:55:56.849-04:00: 00
2014-04-24T00:55:56.849-04:00: 00
2014-04-24T00:55:56.849-04:00: 00
2014-04-24T00:55:56.849-04:00: 00
2014-04-24T00:55:56.849-04:00: 00
2014-04-24T00:55:56.864-04:00: 00
2014-04-24T00:55:56.864-04:00: 00
2014-04-24T00:55:56.864-04:00: 00
2014-04-24T00:55:56.864-04:00: 00
2014-04-24T00:55:56.880-04:00: 00
2014-04-24T00:55:56.880-04:00: 00
2014-04-24T00:55:56.880-04:00: 00
2014-04-24T00:55:56.880-04:00: 00
2014-04-24T00:55:56.880-04:00: 00
2014-04-24T00:55:56.895-04:00: 00
2014-04-24T00:55:56.895-04:00: 00
2014-04-24T00:55:56.895-04:00: 00
2014-04-24T00:55:56.895-04:00: 00
2014-04-24T00:55:56.911-04:00: 00
2014-04-24T00:55:56.911-04:00: 00
2014-04-24T00:55:56.911-04:00: 00
2014-04-24T00:55:56.911-04:00: 00
2014-04-24T00:55:56.927-04:00: 00
2014-04-24T00:55:56.927-04:00: 00
2014-04-24T00:55:56.927-04:00: 00
2014-04-24T00:55:56.927-04:00: 00
2014-04-24T00:55:56.927-04:00: 00
2014-04-24T00:55:56.942-04:00: 00
2014-04-24T00:55:56.942-04:00: 00
2014-04-24T00:55:56.942-04:00: 00
2014-04-24T00:55:56.942-04:00: 00
2014-04-24T00:55:56.958-04:00: 00
2014-04-24T00:55:56.958-04:00: 00
2014-04-24T00:55:56.958-04:00: 00
2014-04-24T00:55:56.958-04:00: 00
2014-04-24T00:55:56.974-04:00: 00
2014-04-24T00:55:56.974-04:00: 00
2014-04-24T00:55:56.974-04:00: 00
2014-04-24T00:55:56.974-04:00: 00
2014-04-24T00:55:56.974-04:00: 00
2014-04-24T00:55:56.989-04:00: 00
2014-04-24T00:55:56.989-04:00: 00
2014-04-24T00:55:56.989-04:00: 00
2014-04-24T00:55:56.989-04:00: 00
2014-04-24T00:55:56.989-04:00: 00
2014-04-24T00:55:56.989-04:00: 00
2014-04-24T00:55:57.005-04:00: 00
2014-04-24T00:55:57.005-04:00: 00
2014-04-24T00:55:57.005-04:00: 00
2014-04-24T00:55:57.005-04:00: 00
2014-04-24T00:55:57.005-04:00: 00
2014-04-24T00:55:57.020-04:00: 00
2014-04-24T00:55:57.020-04:00: 00
2014-04-24T00:55:57.020-04:00: 00
2014-04-24T00:55:57.020-04:00: 00
2014-04-24T00:55:57.020-04:00: 00
2014-04-24T00:55:57.020-04:00: 00
2014-04-24T00:55:57.036-04:00: 00
2014-04-24T00:55:57.036-04:00: 00
2014-04-24T00:55:57.036-04:00: 00
2014-04-24T00:55:57.036-04:00: 00
2014-04-24T00:55:57.036-04:00: 00
2014-04-24T00:55:57.036-04:00: 00
2014-04-24T00:55:57.052-04:00: 00
2014-04-24T00:55:57.052-04:00: 00
2014-04-24T00:55:57.052-04:00: 00
2014-04-24T00:55:57.052-04:00: 00
2014-04-24T00:55:57.052-04:00: 00
2014-04-24T00:55:57.067-04:00: 00
2014-04-24T00:55:57.067-04:00: 00
2014-04-24T00:55:57.067-04:00: 00
2014-04-24T00:55:57.067-04:00: 00
2014-04-24T00:55:57.067-04:00: 00
2014-04-24T00:55:57.083-04:00: 00
2014-04-24T00:55:57.083-04:00: 00
2014-04-24T00:55:57.083-04:00: 00
2014-04-24T00:55:57.083-04:00: 00
2014-04-24T00:55:57.083-04:00: 00
2014-04-24T00:55:57.083-04:00: 00
2014-04-24T00:55:57.099-04:00: 00
2014-04-24T00:55:57.099-04:00: 00
2014-04-24T00:55:57.099-04:00: 00
2014-04-24T00:55:57.099-04:00: 00
2014-04-24T00:55:57.099-04:00: 00
2014-04-24T00:55:57.114-04:00: 00
2014-04-24T00:55:57.114-04:00: 00
2014-04-24T00:55:57.114-04:00: 00
2014-04-24T00:55:57.114-04:00: 00
2014-04-24T00:55:57.114-04:00: 00
2014-04-24T00:55:57.114-04:00: 00
2014-04-24T00:55:57.130-04:00: 00
2014-04-24T00:55:57.130-04:00: 00
2014-04-24T00:55:57.130-04:00: 00
2014-04-24T00:55:57.130-04:00: 00
2014-04-24T00:55:57.130-04:00: 00
2014-04-24T00:55:57.130-04:00: 00
2014-04-24T00:55:57.145-04:00: 00
2014-04-24T00:55:57.145-04:00: 00
2014-04-24T00:55:57.145-04:00: 00
2014-04-24T00:55:57.145-04:00: 00
2014-04-24T00:55:57.145-04:00: 00
2014-04-24T00:55:57.161-04:00: 00
2014-04-24T00:55:57.161-04:00: 00
2014-04-24T00:55:57.161-04:00: 00
2014-04-24T00:55:57.161-04:00: 00
2014-04-24T00:55:57.161-04:00: 00
2014-04-24T00:55:57.161-04:00: 00
2014-04-24T00:55:57.177-04:00: 00
2014-04-24T00:55:57.177-04:00: 00
2014-04-24T00:55:57.177-04:00: 00
2014-04-24T00:55:57.177-04:00: 00
2014-04-24T00:55:57.177-04:00: 00
2014-04-24T00:55:57.177-04:00: 00
2014-04-24T00:55:57.192-04:00: 00
2014-04-24T00:55:57.192-04:00: 00
2014-04-24T00:55:57.192-04:00: 00
2014-04-24T00:55:57.192-04:00: 00
2014-04-24T00:55:57.192-04:00: 00
2014-04-24T00:55:57.208-04:00: 00
2014-04-24T00:55:57.208-04:00: 00
2014-04-24T00:55:57.208-04:00: 00
2014-04-24T00:55:57.208-04:00: 00
2014-04-24T00:55:57.208-04:00: 00
2014-04-24T00:55:57.208-04:00: 00
2014-04-24T00:55:57.224-04:00: 00
2014-04-24T00:55:57.224-04:00: 00
2014-04-24T00:55:57.224-04:00: 00
2014-04-24T00:55:57.224-04:00: 00
2014-04-24T00:55:57.224-04:00: 00
2014-04-24T00:55:57.224-04:00: 00
2014-04-24T00:55:57.239-04:00: 00
2014-04-24T00:55:57.239-04:00: 00
2014-04-24T00:55:57.239-04:00: 00
2014-04-24T00:55:57.239-04:00: 00
2014-04-24T00:55:57.239-04:00: 00
2014-04-24T00:55:57.255-04:00: 00
2014-04-24T00:55:57.255-04:00: 00
2014-04-24T00:55:57.255-04:00: 00
2014-04-24T00:55:57.255-04:00: 00
2014-04-24T00:55:57.255-04:00: 00
2014-04-24T00:55:57.255-04:00: 00
2014-04-24T00:55:57.270-04:00: 00
2014-04-24T00:55:57.270-04:00: 00
2014-04-24T00:55:57.270-04:00: 00
2014-04-24T00:55:57.270-04:00: 00
2014-04-24T00:55:57.270-04:00: 00
2014-04-24T00:55:57.270-04:00: 00
2014-04-24T00:55:57.286-04:00: 00
2014-04-24T00:55:57.286-04:00: 00
2014-04-24T00:55:57.286-04:00: 00
2014-04-24T00:55:57.286-04:00: 00
2014-04-24T00:55:57.286-04:00: 00
2014-04-24T00:55:57.286-04:00: 00
2014-04-24T00:55:57.302-04:00: 00
2014-04-24T00:55:57.302-04:00: 00
2014-04-24T00:55:57.302-04:00: 00
2014-04-24T00:55:57.302-04:00: 00
2014-04-24T00:55:57.302-04:00: 00
2014-04-24T00:55:57.317-04:00: 00
2014-04-24T00:55:57.317-04:00: 00
2014-04-24T00:55:57.317-04:00: 00
2014-04-24T00:55:57.317-04:00: 00
2014-04-24T00:55:57.317-04:00: 00
2014-04-24T00:55:57.317-04:00: 00
2014-04-24T00:55:57.333-04:00: 00
2014-04-24T00:55:57.333-04:00: 00
2014-04-24T00:55:57.333-04:00: 00
2014-04-24T00:55:57.333-04:00: 00
2014-04-24T00:55:57.333-04:00: 00
2014-04-24T00:55:57.333-04:00: 00
2014-04-24T00:55:57.349-04:00: 00
2014-04-24T00:55:57.349-04:00: 00
2014-04-24T00:55:57.349-04:00: 00
2014-04-24T00:55:57.349-04:00: 00
2014-04-24T00:55:57.349-04:00: 00
2014-04-24T00:55:57.364-04:00: 00
2014-04-24T00:55:57.364-04:00: 00
2014-04-24T00:55:57.364-04:00: 00
2014-04-24T00:55:57.364-04:00: 00
2014-04-24T00:55:57.364-04:00: 00
2014-04-24T00:55:57.364-04:00: 00
2014-04-24T00:55:57.380-04:00: 00
2014-04-24T00:55:57.380-04:00: 00
2014-04-24T00:55:57.380-04:00: 00
2014-04-24T00:55:57.380-04:00: 00
2014-04-24T00:55:57.380-04:00: 00
2014-04-24T00:55:57.395-04:00: 00
2014-04-24T00:55:57.395-04:00: 00
2014-04-24T00:55:57.395-04:00: 00
2014-04-24T00:55:57.395-04:00: 00
2014-04-24T00:55:57.395-04:00: 00
2014-04-24T00:55:57.395-04:00: 00
2014-04-24T00:55:57.411-04:00: 00
2014-04-24T00:55:57.411-04:00: 00
2014-04-24T00:55:57.411-04:00: 00
2014-04-24T00:55:57.411-04:00: 00
2014-04-24T00:55:57.411-04:00: 00
2014-04-24T00:55:57.411-04:00: 00
2014-04-24T00:55:57.427-04:00: 00
2014-04-24T00:55:57.427-04:00: 00
2014-04-24T00:55:57.427-04:00: 00
2014-04-24T00:55:57.427-04:00: 00
2014-04-24T00:55:57.427-04:00: 00
2014-04-24T00:55:57.442-04:00: 00
2014-04-24T00:55:57.442-04:00: 00
2014-04-24T00:55:57.442-04:00: 00
2014-04-24T00:55:57.442-04:00: 00
2014-04-24T00:55:57.442-04:00: 00
2014-04-24T00:55:57.442-04:00: 00
2014-04-24T00:55:57.458-04:00: 00
2014-04-24T00:55:57.458-04:00: 00
2014-04-24T00:55:57.458-04:00: 00
2014-04-24T00:55:57.458-04:00: 00
2014-04-24T00:55:57.458-04:00: 00
2014-04-24T00:55:57.458-04:00: 00
2014-04-24T00:55:57.474-04:00: 00
2014-04-24T00:55:57.474-04:00: 00
2014-04-24T00:55:57.474-04:00: 00
2014-04-24T00:55:57.474-04:00: 00
2014-04-24T00:55:57.474-04:00: 00
2014-04-24T00:55:57.489-04:00: 00
2014-04-24T00:55:57.489-04:00: 00
2014-04-24T00:55:57.489-04:00: 00
2014-04-24T00:55:57.489-04:00: 00
2014-04-24T00:55:57.489-04:00: 00
2014-04-24T00:55:57.489-04:00: 00
2014-04-24T00:55:57.505-04:00: 00
2014-04-24T00:55:57.505-04:00: 00
2014-04-24T00:55:57.505-04:00: 00
2014-04-24T00:55:57.505-04:00: 00
2014-04-24T00:55:57.505-04:00: 00
2014-04-24T00:55:57.505-04:00: 00
2014-04-24T00:55:57.520-04:00: 00
2014-04-24T00:55:57.520-04:00: 00
2014-04-24T00:55:57.520-04:00: 00
2014-04-24T00:55:57.520-04:00: 00
2014-04-24T00:55:57.520-04:00: 00
2014-04-24T00:55:57.536-04:00: 00
2014-04-24T00:55:57.536-04:00: 00
2014-04-24T00:55:57.536-04:00: 00
2014-04-24T00:55:57.536-04:00: 00
2014-04-24T00:55:57.536-04:00: 00
2014-04-24T00:55:57.536-04:00: 00
2014-04-24T00:55:57.552-04:00: 00
2014-04-24T00:55:57.552-04:00: 00
2014-04-24T00:55:57.552-04:00: 00
2014-04-24T00:55:57.552-04:00: 00
2014-04-24T00:55:57.552-04:00: 00
2014-04-24T00:55:57.552-04:00: 00
2014-04-24T00:55:57.567-04:00: 00
2014-04-24T00:55:57.567-04:00: 00
2014-04-24T00:55:57.567-04:00: 00
2014-04-24T00:55:57.567-04:00: 00
2014-04-24T00:55:57.567-04:00: 00
2014-04-24T00:55:57.583-04:00: 00
2014-04-24T00:55:57.583-04:00: 00
2014-04-24T00:55:57.583-04:00: 00
2014-04-24T00:55:57.583-04:00: 00
2014-04-24T00:55:57.583-04:00: 00
2014-04-24T00:55:57.583-04:00: 00
2014-04-24T00:55:57.599-04:00: 00
2014-04-24T00:55:57.599-04:00: 00
2014-04-24T00:55:57.599-04:00: 00
2014-04-24T00:55:57.599-04:00: 00
2014-04-24T00:55:57.599-04:00: 00
2014-04-24T00:55:57.599-04:00: 00
2014-04-24T00:55:57.614-04:00: 00
2014-04-24T00:55:57.614-04:00: 00
2014-04-24T00:55:57.614-04:00: 00
2014-04-24T00:55:57.614-04:00: 00
2014-04-24T00:55:57.614-04:00: 00
2014-04-24T00:55:57.630-04:00: 00
2014-04-24T00:55:57.630-04:00: 00
2014-04-24T00:55:57.630-04:00: 00
2014-04-24T00:55:57.630-04:00: 00
2014-04-24T00:55:57.630-04:00: 00
2014-04-24T00:55:57.630-04:00: 00
2014-04-24T00:55:57.645-04:00: 00
2014-04-24T00:55:57.645-04:00: 00
2014-04-24T00:55:57.645-04:00: 00
2014-04-24T00:55:57.645-04:00: 00
2014-04-24T00:55:57.645-04:00: 00
2014-04-24T00:55:57.645-04:00: 00
2014-04-24T00:55:57.661-04:00: 00
2014-04-24T00:55:57.661-04:00: 00
2014-04-24T00:55:57.661-04:00: 00
