2014-03-22T14:33:03.089-04:00: Stable Library
2014-03-22T14:33:03.089-04:00: =========================================
2014-03-22T14:33:03.105-04:00: Native lib Version = RXTX-2.1-7
2014-03-22T14:33:03.105-04:00: Java lib Version   = RXTX-2.1-7
2014-03-22T14:33:11.527-04:00: 0d WAIT 
2014-03-22T14:33:11.527-04:00: 0a WAIT 
2014-03-22T14:33:11.527-04:00: 
4b WAIT 
2014-03-22T14:33:11.527-04:00: K41 WAIT 
2014-03-22T14:33:11.527-04:00: A4e WAIT 
2014-03-22T14:33:11.527-04:00: N54 WAIT 
2014-03-22T14:33:11.527-04:00: T52 WAIT 
2014-03-22T14:33:11.527-04:00: R4f WAIT 
2014-03-22T14:33:11.527-04:00: O4e WAIT 
2014-03-22T14:33:11.542-04:00: N49 WAIT 
2014-03-22T14:33:11.542-04:00: I43 WAIT 
2014-03-22T14:33:11.542-04:00: C53 WAIT 
2014-03-22T14:33:11.542-04:00: S20 WAIT 
2014-03-22T14:33:11.542-04:00:  41 WAIT 
2014-03-22T14:33:11.542-04:00: A4c WAIT 
2014-03-22T14:33:11.542-04:00: L4c WAIT 
2014-03-22T14:33:11.542-04:00: L20 WAIT 
2014-03-22T14:33:11.542-04:00:  4d WAIT 
2014-03-22T14:33:11.542-04:00: M4f WAIT 
2014-03-22T14:33:11.542-04:00: O44 WAIT 
2014-03-22T14:33:11.542-04:00: D45 WAIT 
2014-03-22T14:33:11.542-04:00: E20 WAIT 
2014-03-22T14:33:11.542-04:00:  43 WAIT 
2014-03-22T14:33:11.542-04:00: C4f WAIT 
2014-03-22T14:33:11.558-04:00: O4d WAIT 
2014-03-22T14:33:11.558-04:00: M4d WAIT 
2014-03-22T14:33:11.558-04:00: M55 WAIT 
2014-03-22T14:33:11.558-04:00: U4e WAIT 
2014-03-22T14:33:11.558-04:00: N49 WAIT 
2014-03-22T14:33:11.558-04:00: I43 WAIT 
2014-03-22T14:33:11.558-04:00: C41 WAIT 
2014-03-22T14:33:11.558-04:00: A54 WAIT 
2014-03-22T14:33:11.558-04:00: T4f WAIT 
2014-03-22T14:33:11.558-04:00: O52 WAIT 
2014-03-22T14:33:11.558-04:00: R20 WAIT 
2014-03-22T14:33:11.558-04:00:  4b WAIT 
2014-03-22T14:33:11.558-04:00: K41 WAIT 
2014-03-22T14:33:11.558-04:00: A4d WAIT 
2014-03-22T14:33:11.558-04:00: M2d WAIT 
2014-03-22T14:33:11.558-04:00: -58 WAIT 
2014-03-22T14:33:11.574-04:00: X4c WAIT 
2014-03-22T14:33:11.574-04:00: L20 WAIT 
2014-03-22T14:33:11.574-04:00:  56 WAIT 
2014-03-22T14:33:11.574-04:00: V45 WAIT 
2014-03-22T14:33:11.574-04:00: E52 WAIT 
2014-03-22T14:33:11.574-04:00: R53 WAIT 
2014-03-22T14:33:11.574-04:00: S49 WAIT 
2014-03-22T14:33:11.574-04:00: I4f WAIT 
2014-03-22T14:33:11.574-04:00: O4e WAIT 
2014-03-22T14:33:11.574-04:00: N20 WAIT 
2014-03-22T14:33:11.574-04:00:  31 WAIT 
2014-03-22T14:33:11.574-04:00: 12e WAIT 
2014-03-22T14:33:11.574-04:00: .30 WAIT 
2014-03-22T14:33:11.574-04:00: 037 WAIT 
2014-03-22T14:33:11.574-04:00: 730 WAIT 
2014-03-22T14:33:11.574-04:00: 035 WAIT 
2014-03-22T14:33:11.574-04:00: 530 WAIT 
2014-03-22T14:33:11.589-04:00: 00d WAIT 
2014-03-22T14:33:11.589-04:00: 0a WAIT 
2014-03-22T14:33:11.589-04:00: 
28 WAIT 
2014-03-22T14:33:11.589-04:00: (43 WAIT 
2014-03-22T14:33:11.589-04:00: C29 WAIT 
2014-03-22T14:33:11.589-04:00: )20 WAIT 
2014-03-22T14:33:11.589-04:00:  43 WAIT 
2014-03-22T14:33:11.589-04:00: C4f WAIT 
2014-03-22T14:33:11.589-04:00: O50 WAIT 
2014-03-22T14:33:11.589-04:00: P59 WAIT 
2014-03-22T14:33:11.589-04:00: Y52 WAIT 
2014-03-22T14:33:11.589-04:00: R49 WAIT 
2014-03-22T14:33:11.589-04:00: I47 WAIT 
2014-03-22T14:33:11.589-04:00: G48 WAIT 
2014-03-22T14:33:11.589-04:00: H54 WAIT 
2014-03-22T14:33:11.589-04:00: T20 WAIT 
2014-03-22T14:33:11.589-04:00:  32 WAIT 
2014-03-22T14:33:11.589-04:00: 230 WAIT 
2014-03-22T14:33:11.605-04:00: 030 WAIT 
2014-03-22T14:33:11.605-04:00: 036 WAIT 
2014-03-22T14:33:11.605-04:00: 620 WAIT 
2014-03-22T14:33:11.605-04:00:  42 WAIT 
2014-03-22T14:33:11.605-04:00: B59 WAIT 
2014-03-22T14:33:11.605-04:00: Y20 WAIT 
2014-03-22T14:33:11.605-04:00:  4b WAIT 
2014-03-22T14:33:11.605-04:00: K41 WAIT 
2014-03-22T14:33:11.605-04:00: A4e WAIT 
2014-03-22T14:33:11.605-04:00: N54 WAIT 
2014-03-22T14:33:11.605-04:00: T52 WAIT 
2014-03-22T14:33:11.605-04:00: R4f WAIT 
2014-03-22T14:33:11.605-04:00: O4e WAIT 
2014-03-22T14:33:11.605-04:00: N49 WAIT 
2014-03-22T14:33:11.605-04:00: I43 WAIT 
2014-03-22T14:33:11.605-04:00: C53 WAIT 
2014-03-22T14:33:11.605-04:00: S20 WAIT 
2014-03-22T14:33:11.605-04:00:  49 WAIT 
2014-03-22T14:33:11.605-04:00: I4e WAIT 
2014-03-22T14:33:11.620-04:00: N43 WAIT 
2014-03-22T14:33:11.620-04:00: C2e WAIT 
2014-03-22T14:33:11.620-04:00: .20 WAIT 
2014-03-22T14:33:11.620-04:00:  20 WAIT 
2014-03-22T14:33:11.620-04:00:  41 WAIT 
2014-03-22T14:33:11.620-04:00: A4c WAIT 
2014-03-22T14:33:11.620-04:00: L4c WAIT 
2014-03-22T14:33:11.620-04:00: L20 WAIT 
2014-03-22T14:33:11.620-04:00:  52 WAIT 
2014-03-22T14:33:11.620-04:00: R49 WAIT 
2014-03-22T14:33:11.620-04:00: I47 WAIT 
2014-03-22T14:33:11.620-04:00: G48 WAIT 
2014-03-22T14:33:11.620-04:00: H54 WAIT 
2014-03-22T14:33:11.636-04:00: T53 WAIT 
2014-03-22T14:33:11.636-04:00: S20 WAIT 
2014-03-22T14:33:11.636-04:00:  52 WAIT 
2014-03-22T14:33:11.636-04:00: R45 WAIT 
2014-03-22T14:33:11.636-04:00: E53 WAIT 
2014-03-22T14:33:11.636-04:00: S45 WAIT 
2014-03-22T14:33:11.636-04:00: E52 WAIT 
2014-03-22T14:33:11.636-04:00: R56 WAIT 
2014-03-22T14:33:11.636-04:00: V45 WAIT 
2014-03-22T14:33:11.636-04:00: E44 WAIT 
2014-03-22T14:33:11.636-04:00: D2e WAIT 
2014-03-22T14:33:11.636-04:00: .0d WAIT 
2014-03-22T14:33:11.636-04:00: 0a WAIT 
2014-03-22T14:33:11.636-04:00: 
44 WAIT 
2014-03-22T14:33:11.652-04:00: D55 WAIT 
2014-03-22T14:33:11.652-04:00: U50 WAIT 
2014-03-22T14:33:11.652-04:00: P4c WAIT 
2014-03-22T14:33:11.652-04:00: L49 WAIT 
2014-03-22T14:33:11.652-04:00: I43 WAIT 
2014-03-22T14:33:11.652-04:00: C41 WAIT 
2014-03-22T14:33:11.652-04:00: A54 WAIT 
2014-03-22T14:33:11.652-04:00: T49 WAIT 
2014-03-22T14:33:11.652-04:00: I4f WAIT 
2014-03-22T14:33:11.652-04:00: O4e WAIT 
2014-03-22T14:33:11.652-04:00: N20 WAIT 
2014-03-22T14:33:11.652-04:00:  50 WAIT 
2014-03-22T14:33:11.652-04:00: P52 WAIT 
2014-03-22T14:33:11.652-04:00: R4f WAIT 
2014-03-22T14:33:11.652-04:00: O48 WAIT 
2014-03-22T14:33:11.652-04:00: H49 WAIT 
2014-03-22T14:33:11.652-04:00: I42 WAIT 
2014-03-22T14:33:11.667-04:00: B49 WAIT 
2014-03-22T14:33:11.667-04:00: I54 WAIT 
2014-03-22T14:33:11.667-04:00: T45 WAIT 
2014-03-22T14:33:11.667-04:00: E44 WAIT 
2014-03-22T14:33:11.667-04:00: D20 WAIT 
2014-03-22T14:33:11.667-04:00:  57 WAIT 
2014-03-22T14:33:11.667-04:00: W49 WAIT 
2014-03-22T14:33:11.667-04:00: I54 WAIT 
2014-03-22T14:33:11.667-04:00: T48 WAIT 
2014-03-22T14:33:11.667-04:00: H4f WAIT 
2014-03-22T14:33:11.667-04:00: O55 WAIT 
2014-03-22T14:33:11.667-04:00: U54 WAIT 
2014-03-22T14:33:11.667-04:00: T20 WAIT 
2014-03-22T14:33:11.667-04:00:  50 WAIT 
2014-03-22T14:33:11.667-04:00: P45 WAIT 
2014-03-22T14:33:11.683-04:00: E52 WAIT 
2014-03-22T14:33:11.683-04:00: R4d WAIT 
2014-03-22T14:33:11.683-04:00: M49 WAIT 
2014-03-22T14:33:11.683-04:00: I53 WAIT 
2014-03-22T14:33:11.683-04:00: S53 WAIT 
2014-03-22T14:33:11.683-04:00: S49 WAIT 
2014-03-22T14:33:11.683-04:00: I4f WAIT 
2014-03-22T14:33:11.683-04:00: O4e WAIT 
2014-03-22T14:33:11.683-04:00: N20 WAIT 
2014-03-22T14:33:11.683-04:00:  4f WAIT 
2014-03-22T14:33:11.683-04:00: O46 WAIT 
2014-03-22T14:33:11.683-04:00: F20 WAIT 
2014-03-22T14:33:11.683-04:00:  4b WAIT 
2014-03-22T14:33:11.683-04:00: K41 WAIT 
2014-03-22T14:33:11.683-04:00: A4e WAIT 
2014-03-22T14:33:11.683-04:00: N54 WAIT 
2014-03-22T14:33:11.699-04:00: T52 WAIT 
2014-03-22T14:33:11.699-04:00: R4f WAIT 
2014-03-22T14:33:11.699-04:00: O4e WAIT 
2014-03-22T14:33:11.699-04:00: N49 WAIT 
2014-03-22T14:33:11.699-04:00: I43 WAIT 
2014-03-22T14:33:11.699-04:00: C53 WAIT 
2014-03-22T14:33:11.699-04:00: S2e WAIT 
2014-03-22T14:33:11.699-04:00: .0d WAIT 
2014-03-22T14:33:11.699-04:00: 0a WAIT 
2014-03-22T14:33:11.699-04:00: 
63 WAIT 
2014-03-22T14:33:11.699-04:00: c6d WAIT 
2014-03-22T14:33:11.699-04:00: m64 WAIT 
2014-03-22T14:33:11.699-04:00: d3a WAIT 
2014-03-22T14:33:11.699-04:00: :0d WAIT 
2014-03-22T14:33:12.917-04:00: 0a WAIT 
2014-03-22T14:33:12.917-04:00: 
3f WAIT 
2014-03-22T14:33:12.917-04:00: ?3f WAIT 
2014-03-22T14:33:12.917-04:00: ?3f WAIT 
2014-03-22T14:33:12.917-04:00: ?0d WAIT 
2014-03-22T14:33:12.917-04:00: 0a WAIT 
2014-03-22T14:33:12.917-04:00: 
0d WAIT 
2014-03-22T14:33:12.917-04:00: 0a WAIT 
2014-03-22T14:33:12.917-04:00: 
48 WAIT 
2014-03-22T14:33:12.917-04:00: H42 WAIT 
2014-03-22T14:33:12.917-04:00: B20 WAIT 
2014-03-22T14:33:12.933-04:00:  30 WAIT 
2014-03-22T14:33:12.933-04:00: 02f WAIT 
2014-03-22T14:33:12.933-04:00: /31 WAIT 
2014-03-22T14:33:12.933-04:00: 132 WAIT 
2014-03-22T14:33:12.933-04:00: 230 WAIT 
2014-03-22T14:33:12.933-04:00: 030 WAIT 
2014-03-22T14:33:12.933-04:00: 00d WAIT 
2014-03-22T14:33:12.933-04:00: 0a WAIT 
2014-03-22T14:33:12.933-04:00: 
58 WAIT 
2014-03-22T14:33:12.933-04:00: X4d WAIT 
2014-03-22T14:33:12.933-04:00: M49 WAIT 
2014-03-22T14:33:12.933-04:00: I54 WAIT 
2014-03-22T14:33:12.933-04:00: T4c WAIT 
2014-03-22T14:33:12.933-04:00: L56 WAIT 
2014-03-22T14:33:12.933-04:00: V4c WAIT 
2014-03-22T14:33:12.933-04:00: L20 WAIT 
2014-03-22T14:33:12.949-04:00:  34 WAIT 
2014-03-22T14:33:12.949-04:00: 430 WAIT 
2014-03-22T14:33:12.949-04:00: 02f WAIT 
2014-03-22T14:33:12.949-04:00: /32 WAIT 
2014-03-22T14:33:12.949-04:00: 235 WAIT 
2014-03-22T14:33:12.949-04:00: 50d WAIT 
2014-03-22T14:33:12.949-04:00: 0a WAIT 
2014-03-22T14:33:12.949-04:00: 
49 WAIT 
2014-03-22T14:33:12.949-04:00: I4e WAIT 
2014-03-22T14:33:12.949-04:00: N54 WAIT 
2014-03-22T14:33:12.949-04:00: T46 WAIT 
2014-03-22T14:33:12.949-04:00: F41 WAIT 
2014-03-22T14:33:12.949-04:00: A43 WAIT 
2014-03-22T14:33:12.949-04:00: C45 WAIT 
2014-03-22T14:33:12.949-04:00: E20 WAIT 
2014-03-22T14:33:12.964-04:00:  4b WAIT 
2014-03-22T14:33:12.964-04:00: K49 WAIT 
2014-03-22T14:33:12.964-04:00: I53 WAIT 
2014-03-22T14:33:12.964-04:00: S53 WAIT 
2014-03-22T14:33:12.964-04:00: S0d WAIT 
2014-03-22T14:33:12.964-04:00: 0a WAIT 
2014-03-22T14:33:12.964-04:00: 
52 WAIT 
2014-03-22T14:33:12.964-04:00: R45 WAIT 
2014-03-22T14:33:12.964-04:00: E53 WAIT 
2014-03-22T14:33:12.964-04:00: S45 WAIT 
2014-03-22T14:33:12.964-04:00: EException in thread "AWT-EventQueue-0" java.lang.NullPointerException
2014-03-22T14:36:28.949-04:00: 	at edu.cusat.gs.rfgateway.TncSerialProvider.receive(TncSerialProvider.java:272)
2014-03-22T14:36:28.995-04:00: 	at edu.cusat.gs.rfgateway.GatewayMgr.tncRxTest(GatewayMgr.java:441)
2014-03-22T14:36:29.011-04:00: 	at edu.cusat.gs.gui.RfGatewayPanel.testRxBtnActionPerformed(RfGatewayPanel.java:776)
2014-03-22T14:36:29.027-04:00: 	at edu.cusat.gs.gui.RfGatewayPanel.access$6(RfGatewayPanel.java:775)
2014-03-22T14:36:29.042-04:00: 	at edu.cusat.gs.gui.RfGatewayPanel$6.actionPerformed(RfGatewayPanel.java:354)
2014-03-22T14:36:29.042-04:00: 	at javax.swing.AbstractButton.fireActionPerformed(Unknown Source)
2014-03-22T14:36:29.042-04:00: 	at javax.swing.AbstractButton$Handler.actionPerformed(Unknown Source)
2014-03-22T14:36:29.042-04:00: 	at javax.swing.DefaultButtonModel.fireActionPerformed(Unknown Source)
2014-03-22T14:36:29.042-04:00: 	at javax.swing.DefaultButtonModel.setPressed(Unknown Source)
2014-03-22T14:36:29.042-04:00: 	at javax.swing.plaf.basic.BasicButtonListener.mouseReleased(Unknown Source)
2014-03-22T14:36:29.042-04:00: 	at org.jvnet.substance.utils.RolloverButtonListener.mouseReleased(RolloverButtonListener.java:111)
2014-03-22T14:36:29.074-04:00: 	at java.awt.Component.processMouseEvent(Unknown Source)
2014-03-22T14:36:29.074-04:00: 	at javax.swing.JComponent.processMouseEvent(Unknown Source)
2014-03-22T14:36:29.074-04:00: 	at java.awt.Component.processEvent(Unknown Source)
2014-03-22T14:36:29.074-04:00: 	at java.awt.Container.processEvent(Unknown Source)
2014-03-22T14:36:29.074-04:00: 	at java.awt.Component.dispatchEventImpl(Unknown Source)
2014-03-22T14:36:29.089-04:00: 	at java.awt.Container.dispatchEventImpl(Unknown Source)
2014-03-22T14:36:29.089-04:00: 	at java.awt.Component.dispatchEvent(Unknown Source)
2014-03-22T14:36:29.089-04:00: 	at java.awt.LightweightDispatcher.retargetMouseEvent(Unknown Source)
2014-03-22T14:36:29.089-04:00: 	at java.awt.LightweightDispatcher.processMouseEvent(Unknown Source)
2014-03-22T14:36:29.089-04:00: 	at java.awt.LightweightDispatcher.dispatchEvent(Unknown Source)
2014-03-22T14:36:29.089-04:00: 	at java.awt.Container.dispatchEventImpl(Unknown Source)
2014-03-22T14:36:29.089-04:00: 	at java.awt.Window.dispatchEventImpl(Unknown Source)
2014-03-22T14:36:29.105-04:00: 	at java.awt.Component.dispatchEvent(Unknown Source)
2014-03-22T14:36:29.105-04:00: 	at java.awt.EventQueue.dispatchEventImpl(Unknown Source)
2014-03-22T14:36:29.105-04:00: 	at java.awt.EventQueue.access$000(Unknown Source)
2014-03-22T14:36:29.105-04:00: 	at java.awt.EventQueue$3.run(Unknown Source)
2014-03-22T14:36:29.105-04:00: 	at java.awt.EventQueue$3.run(Unknown Source)
2014-03-22T14:36:29.105-04:00: 	at java.security.AccessController.doPrivileged(Native Method)
2014-03-22T14:36:29.105-04:00: 	at java.security.ProtectionDomain$1.doIntersectionPrivilege(Unknown Source)
2014-03-22T14:36:29.120-04:00: 	at java.security.ProtectionDomain$1.doIntersectionPrivilege(Unknown Source)
2014-03-22T14:36:29.120-04:00: 	at java.awt.EventQueue$4.run(Unknown Source)
2014-03-22T14:36:29.120-04:00: 	at java.awt.EventQueue$4.run(Unknown Source)
2014-03-22T14:36:29.120-04:00: 	at java.security.AccessController.doPrivileged(Native Method)
2014-03-22T14:36:29.120-04:00: 	at java.security.ProtectionDomain$1.doIntersectionPrivilege(Unknown Source)
2014-03-22T14:36:29.120-04:00: 	at java.awt.EventQueue.dispatchEvent(Unknown Source)
2014-03-22T14:36:29.120-04:00: 	at java.awt.EventDispatchThread.pumpOneEventForFilters(Unknown Source)
2014-03-22T14:36:29.136-04:00: 	at java.awt.EventDispatchThread.pumpEventsForFilter(Unknown Source)
2014-03-22T14:36:29.136-04:00: 	at java.awt.EventDispatchThread.pumpEventsForHierarchy(Unknown Source)
2014-03-22T14:36:29.136-04:00: 	at java.awt.EventDispatchThread.pumpEvents(Unknown Source)
2014-03-22T14:36:29.136-04:00: 	at java.awt.EventDispatchThread.pumpEvents(Unknown Source)
2014-03-22T14:36:29.136-04:00: 	at java.awt.EventDispatchThread.run(Unknown Source)
2014-03-22T14:37:10.339-04:00: Exception in thread "AWT-EventQueue-0" java.lang.NullPointerException
2014-03-22T14:37:10.339-04:00: 	at edu.cusat.gs.rfgateway.TncSerialProvider.receive(TncSerialProvider.java:272)
2014-03-22T14:37:10.339-04:00: 	at edu.cusat.gs.rfgateway.GatewayMgr.tncRxTest(GatewayMgr.java:441)
2014-03-22T14:37:10.355-04:00: 	at edu.cusat.gs.gui.RfGatewayPanel.testRxBtnActionPerformed(RfGatewayPanel.java:776)
2014-03-22T14:37:10.355-04:00: 	at edu.cusat.gs.gui.RfGatewayPanel.access$6(RfGatewayPanel.java:775)
2014-03-22T14:37:10.355-04:00: 	at edu.cusat.gs.gui.RfGatewayPanel$6.actionPerformed(RfGatewayPanel.java:354)
2014-03-22T14:37:10.355-04:00: 	at javax.swing.AbstractButton.fireActionPerformed(Unknown Source)
2014-03-22T14:37:10.355-04:00: 	at javax.swing.AbstractButton$Handler.actionPerformed(Unknown Source)
2014-03-22T14:37:10.355-04:00: 	at javax.swing.DefaultButtonModel.fireActionPerformed(Unknown Source)
2014-03-22T14:37:10.355-04:00: 	at javax.swing.DefaultButtonModel.setPressed(Unknown Source)
2014-03-22T14:37:10.355-04:00: 	at javax.swing.plaf.basic.BasicButtonListener.mouseReleased(Unknown Source)
2014-03-22T14:37:10.355-04:00: 	at org.jvnet.substance.utils.RolloverButtonListener.mouseReleased(RolloverButtonListener.java:111)
2014-03-22T14:37:10.355-04:00: 	at java.awt.Component.processMouseEvent(Unknown Source)
2014-03-22T14:37:10.355-04:00: 	at javax.swing.JComponent.processMouseEvent(Unknown Source)
2014-03-22T14:37:10.355-04:00: 	at java.awt.Component.processEvent(Unknown Source)
2014-03-22T14:37:10.355-04:00: 	at java.awt.Container.processEvent(Unknown Source)
2014-03-22T14:37:10.355-04:00: 	at java.awt.Component.dispatchEventImpl(Unknown Source)
2014-03-22T14:37:10.355-04:00: 	at java.awt.Container.dispatchEventImpl(Unknown Source)
2014-03-22T14:37:10.355-04:00: 	at java.awt.Component.dispatchEvent(Unknown Source)
2014-03-22T14:37:10.355-04:00: 	at java.awt.LightweightDispatcher.retargetMouseEvent(Unknown Source)
2014-03-22T14:37:10.355-04:00: 	at java.awt.LightweightDispatcher.processMouseEvent(Unknown Source)
2014-03-22T14:37:10.355-04:00: 	at java.awt.LightweightDispatcher.dispatchEvent(Unknown Source)
2014-03-22T14:37:10.370-04:00: 	at java.awt.Container.dispatchEventImpl(Unknown Source)
2014-03-22T14:37:10.370-04:00: 	at java.awt.Window.dispatchEventImpl(Unknown Source)
2014-03-22T14:37:10.370-04:00: 	at java.awt.Component.dispatchEvent(Unknown Source)
2014-03-22T14:37:10.370-04:00: 	at java.awt.EventQueue.dispatchEventImpl(Unknown Source)
2014-03-22T14:37:10.370-04:00: 	at java.awt.EventQueue.access$000(Unknown Source)
2014-03-22T14:37:10.370-04:00: 	at java.awt.EventQueue$3.run(Unknown Source)
2014-03-22T14:37:10.370-04:00: 	at java.awt.EventQueue$3.run(Unknown Source)
2014-03-22T14:37:10.370-04:00: 	at java.security.AccessController.doPrivileged(Native Method)
2014-03-22T14:37:10.370-04:00: 	at java.security.ProtectionDomain$1.doIntersectionPrivilege(Unknown Source)
2014-03-22T14:37:10.370-04:00: 	at java.security.ProtectionDomain$1.doIntersectionPrivilege(Unknown Source)
2014-03-22T14:37:10.370-04:00: 	at java.awt.EventQueue$4.run(Unknown Source)
2014-03-22T14:37:10.370-04:00: 	at java.awt.EventQueue$4.run(Unknown Source)
2014-03-22T14:37:10.370-04:00: 	at java.security.AccessController.doPrivileged(Native Method)
2014-03-22T14:37:10.370-04:00: 	at java.security.ProtectionDomain$1.doIntersectionPrivilege(Unknown Source)
2014-03-22T14:37:10.370-04:00: 	at java.awt.EventQueue.dispatchEvent(Unknown Source)
2014-03-22T14:37:10.386-04:00: 	at java.awt.EventDispatchThread.pumpOneEventForFilters(Unknown Source)
2014-03-22T14:37:10.386-04:00: 	at java.awt.EventDispatchThread.pumpEventsForFilter(Unknown Source)
2014-03-22T14:37:10.386-04:00: 	at java.awt.EventDispatchThread.pumpEventsForHierarchy(Unknown Source)
2014-03-22T14:37:10.386-04:00: 	at java.awt.EventDispatchThread.pumpEvents(Unknown Source)
2014-03-22T14:37:10.386-04:00: 	at java.awt.EventDispatchThread.pumpEvents(Unknown Source)
2014-03-22T14:37:10.386-04:00: 	at java.awt.EventDispatchThread.run(Unknown Source)
