2014-04-24T01:05:20.067-04:00: Stable Library
2014-04-24T01:05:20.067-04:00: =========================================
2014-04-24T01:05:20.067-04:00: Native lib Version = RXTX-2.1-7
2014-04-24T01:05:20.067-04:00: Java lib Version   = RXTX-2.1-7
2014-04-24T01:06:54.520-04:00: Exception in thread "AWT-EventQueue-0" java.lang.ArrayIndexOutOfBoundsException: 1 >= 1
2014-04-24T01:06:54.520-04:00: 	at java.util.Vector.elementAt(Unknown Source)
2014-04-24T01:06:54.536-04:00: 	at javax.swing.table.DefaultTableColumnModel.getColumn(Unknown Source)
2014-04-24T01:06:54.536-04:00: 	at org.jvnet.substance.SubstanceTableHeaderUI.paint(SubstanceTableHeaderUI.java:400)
2014-04-24T01:06:54.536-04:00: 	at org.jvnet.substance.SubstanceTableHeaderUI.__org__jvnet__substance__SubstanceTableHeaderUI__update(SubstanceTableHeaderUI.java:697)
2014-04-24T01:06:54.536-04:00: 	at org.jvnet.substance.SubstanceTableHeaderUI.update(SubstanceTableHeaderUI.java)
2014-04-24T01:06:54.536-04:00: 	at javax.swing.JComponent.paintComponent(Unknown Source)
2014-04-24T01:06:54.536-04:00: 	at javax.swing.JComponent.paint(Unknown Source)
2014-04-24T01:06:54.536-04:00: 	at javax.swing.JComponent.paintChildren(Unknown Source)
2014-04-24T01:06:54.536-04:00: 	at javax.swing.JComponent.paint(Unknown Source)
2014-04-24T01:06:54.536-04:00: 	at javax.swing.JViewport.paint(Unknown Source)
2014-04-24T01:06:54.536-04:00: 	at javax.swing.JComponent.paintChildren(Unknown Source)
2014-04-24T01:06:54.536-04:00: 	at javax.swing.JComponent.paint(Unknown Source)
2014-04-24T01:06:54.536-04:00: 	at javax.swing.JComponent.paintChildren(Unknown Source)
2014-04-24T01:06:54.536-04:00: 	at javax.swing.JComponent.paint(Unknown Source)
2014-04-24T01:06:54.536-04:00: 	at javax.swing.JComponent.paintToOffscreen(Unknown Source)
2014-04-24T01:06:54.552-04:00: 	at javax.swing.BufferStrategyPaintManager.paint(Unknown Source)
2014-04-24T01:06:54.552-04:00: 	at javax.swing.RepaintManager.paint(Unknown Source)
2014-04-24T01:06:54.552-04:00: 	at javax.swing.JComponent._paintImmediately(Unknown Source)
2014-04-24T01:06:54.552-04:00: 	at javax.swing.JComponent.paintImmediately(Unknown Source)
2014-04-24T01:06:54.552-04:00: 	at javax.swing.RepaintManager.paintDirtyRegions(Unknown Source)
2014-04-24T01:06:54.552-04:00: 	at javax.swing.RepaintManager.paintDirtyRegions(Unknown Source)
2014-04-24T01:06:54.552-04:00: 	at javax.swing.RepaintManager.prePaintDirtyRegions(Unknown Source)
2014-04-24T01:06:54.567-04:00: 	at javax.swing.RepaintManager.access$700(Unknown Source)
2014-04-24T01:06:54.567-04:00: 	at javax.swing.RepaintManager$ProcessingRunnable.run(Unknown Source)
2014-04-24T01:06:54.567-04:00: 	at java.awt.event.InvocationEvent.dispatch(Unknown Source)
2014-04-24T01:06:54.567-04:00: 	at java.awt.EventQueue.dispatchEventImpl(Unknown Source)
2014-04-24T01:06:54.567-04:00: 	at java.awt.EventQueue.access$000(Unknown Source)
2014-04-24T01:06:54.567-04:00: 	at java.awt.EventQueue$3.run(Unknown Source)
2014-04-24T01:06:54.567-04:00: 	at java.awt.EventQueue$3.run(Unknown Source)
2014-04-24T01:06:54.567-04:00: 	at java.security.AccessController.doPrivileged(Native Method)
2014-04-24T01:06:54.567-04:00: 	at java.security.ProtectionDomain$1.doIntersectionPrivilege(Unknown Source)
2014-04-24T01:06:54.567-04:00: 	at java.awt.EventQueue.dispatchEvent(Unknown Source)
2014-04-24T01:06:54.567-04:00: 	at java.awt.EventDispatchThread.pumpOneEventForFilters(Unknown Source)
2014-04-24T01:06:54.567-04:00: 	at java.awt.EventDispatchThread.pumpEventsForFilter(Unknown Source)
2014-04-24T01:06:54.567-04:00: 	at java.awt.EventDispatchThread.pumpEventsForHierarchy(Unknown Source)
2014-04-24T01:06:54.567-04:00: 	at java.awt.EventDispatchThread.pumpEvents(Unknown Source)
2014-04-24T01:06:54.567-04:00: 	at java.awt.EventDispatchThread.pumpEvents(Unknown Source)
2014-04-24T01:06:54.567-04:00: 	at java.awt.EventDispatchThread.run(Unknown Source)
2014-04-24T01:06:54.630-04:00: Exception in thread "AWT-EventQueue-0" java.lang.ArrayIndexOutOfBoundsException: 7 >= 7
2014-04-24T01:06:54.630-04:00: 	at java.util.Vector.elementAt(Unknown Source)
2014-04-24T01:06:54.630-04:00: 	at javax.swing.table.DefaultTableColumnModel.getColumn(Unknown Source)
2014-04-24T01:06:54.630-04:00: 	at org.jvnet.substance.SubstanceTableUI.paintGrid(SubstanceTableUI.java:661)
2014-04-24T01:06:54.630-04:00: 	at org.jvnet.substance.SubstanceTableUI.paint(SubstanceTableUI.java:602)
2014-04-24T01:06:54.630-04:00: 	at org.jvnet.substance.SubstanceTableUI.__org__jvnet__substance__SubstanceTableUI__update(SubstanceTableUI.java:2752)
2014-04-24T01:06:54.630-04:00: 	at org.jvnet.substance.SubstanceTableUI.update(SubstanceTableUI.java)
2014-04-24T01:06:54.630-04:00: 	at javax.swing.JComponent.paintComponent(Unknown Source)
2014-04-24T01:06:54.630-04:00: 	at javax.swing.JComponent.paint(Unknown Source)
2014-04-24T01:06:54.630-04:00: 	at javax.swing.JComponent.paintChildren(Unknown Source)
2014-04-24T01:06:54.630-04:00: 	at javax.swing.JComponent.paint(Unknown Source)
2014-04-24T01:06:54.630-04:00: 	at javax.swing.JViewport.paint(Unknown Source)
2014-04-24T01:06:54.645-04:00: 	at javax.swing.JComponent.paintChildren(Unknown Source)
2014-04-24T01:06:54.645-04:00: 	at javax.swing.JComponent.paint(Unknown Source)
2014-04-24T01:06:54.645-04:00: 	at javax.swing.JComponent.paintChildren(Unknown Source)
2014-04-24T01:06:54.645-04:00: 	at javax.swing.JComponent.paint(Unknown Source)
2014-04-24T01:06:54.645-04:00: 	at javax.swing.JComponent.paintToOffscreen(Unknown Source)
2014-04-24T01:06:54.645-04:00: 	at javax.swing.BufferStrategyPaintManager.paint(Unknown Source)
2014-04-24T01:06:54.645-04:00: 	at javax.swing.RepaintManager.paint(Unknown Source)
2014-04-24T01:06:54.645-04:00: 	at javax.swing.JComponent._paintImmediately(Unknown Source)
2014-04-24T01:06:54.645-04:00: 	at javax.swing.JComponent.paintImmediately(Unknown Source)
2014-04-24T01:06:54.645-04:00: 	at javax.swing.RepaintManager.paintDirtyRegions(Unknown Source)
2014-04-24T01:06:54.645-04:00: 	at javax.swing.RepaintManager.paintDirtyRegions(Unknown Source)
2014-04-24T01:06:54.645-04:00: 	at javax.swing.RepaintManager.prePaintDirtyRegions(Unknown Source)
2014-04-24T01:06:54.645-04:00: 	at javax.swing.RepaintManager.access$700(Unknown Source)
2014-04-24T01:06:54.645-04:00: 	at javax.swing.RepaintManager$ProcessingRunnable.run(Unknown Source)
2014-04-24T01:06:54.645-04:00: 	at java.awt.event.InvocationEvent.dispatch(Unknown Source)
2014-04-24T01:06:54.645-04:00: 	at java.awt.EventQueue.dispatchEventImpl(Unknown Source)
2014-04-24T01:06:54.645-04:00: 	at java.awt.EventQueue.access$000(Unknown Source)
2014-04-24T01:06:54.645-04:00: 	at java.awt.EventQueue$3.run(Unknown Source)
2014-04-24T01:06:54.645-04:00: 	at java.awt.EventQueue$3.run(Unknown Source)
2014-04-24T01:06:54.645-04:00: 	at java.security.AccessController.doPrivileged(Native Method)
2014-04-24T01:06:54.645-04:00: 	at java.security.ProtectionDomain$1.doIntersectionPrivilege(Unknown Source)
2014-04-24T01:06:54.645-04:00: 	at java.awt.EventQueue.dispatchEvent(Unknown Source)
2014-04-24T01:06:54.645-04:00: 	at java.awt.EventDispatchThread.pumpOneEventForFilters(Unknown Source)
2014-04-24T01:06:54.645-04:00: 	at java.awt.EventDispatchThread.pumpEventsForFilter(Unknown Source)
2014-04-24T01:06:54.645-04:00: 	at java.awt.EventDispatchThread.pumpEventsForHierarchy(Unknown Source)
2014-04-24T01:06:54.645-04:00: 	at java.awt.EventDispatchThread.pumpEvents(Unknown Source)
2014-04-24T01:06:54.645-04:00: 	at java.awt.EventDispatchThread.pumpEvents(Unknown Source)
2014-04-24T01:06:54.645-04:00: 	at java.awt.EventDispatchThread.run(Unknown Source)
2014-04-24T01:06:54.661-04:00: Exception in thread "AWT-EventQueue-0" java.lang.ArrayIndexOutOfBoundsException: 5 >= 4
2014-04-24T01:06:54.661-04:00: 	at java.util.Vector.elementAt(Unknown Source)
2014-04-24T01:06:54.661-04:00: 	at javax.swing.table.DefaultTableColumnModel.getColumn(Unknown Source)
2014-04-24T01:06:54.661-04:00: 	at org.jvnet.substance.SubstanceTableHeaderUI.paint(SubstanceTableHeaderUI.java:400)
2014-04-24T01:06:54.661-04:00: 	at org.jvnet.substance.SubstanceTableHeaderUI.__org__jvnet__substance__SubstanceTableHeaderUI__update(SubstanceTableHeaderUI.java:697)
2014-04-24T01:06:54.661-04:00: 	at org.jvnet.substance.SubstanceTableHeaderUI.update(SubstanceTableHeaderUI.java)
2014-04-24T01:06:54.661-04:00: 	at javax.swing.JComponent.paintComponent(Unknown Source)
2014-04-24T01:06:54.661-04:00: 	at javax.swing.JComponent.paint(Unknown Source)
2014-04-24T01:06:54.661-04:00: 	at javax.swing.JComponent.paintChildren(Unknown Source)
2014-04-24T01:06:54.661-04:00: 	at javax.swing.JComponent.paint(Unknown Source)
2014-04-24T01:06:54.661-04:00: 	at javax.swing.JViewport.paint(Unknown Source)
2014-04-24T01:06:54.661-04:00: 	at javax.swing.JComponent.paintChildren(Unknown Source)
2014-04-24T01:06:54.661-04:00: 	at javax.swing.JComponent.paint(Unknown Source)
2014-04-24T01:06:54.661-04:00: 	at javax.swing.JComponent.paintChildren(Unknown Source)
2014-04-24T01:06:54.661-04:00: 	at javax.swing.JComponent.paint(Unknown Source)
2014-04-24T01:06:54.661-04:00: 	at javax.swing.JComponent.paintToOffscreen(Unknown Source)
2014-04-24T01:06:54.661-04:00: 	at javax.swing.BufferStrategyPaintManager.paint(Unknown Source)
2014-04-24T01:06:54.661-04:00: 	at javax.swing.RepaintManager.paint(Unknown Source)
2014-04-24T01:06:54.661-04:00: 	at javax.swing.JComponent._paintImmediately(Unknown Source)
2014-04-24T01:06:54.661-04:00: 	at javax.swing.JComponent.paintImmediately(Unknown Source)
2014-04-24T01:06:54.661-04:00: 	at javax.swing.RepaintManager.paintDirtyRegions(Unknown Source)
2014-04-24T01:06:54.661-04:00: 	at javax.swing.RepaintManager.paintDirtyRegions(Unknown Source)
2014-04-24T01:06:54.661-04:00: 	at javax.swing.RepaintManager.prePaintDirtyRegions(Unknown Source)
2014-04-24T01:06:54.661-04:00: 	at javax.swing.RepaintManager.access$700(Unknown Source)
2014-04-24T01:06:54.661-04:00: 	at javax.swing.RepaintManager$ProcessingRunnable.run(Unknown Source)
2014-04-24T01:06:54.661-04:00: 	at java.awt.event.InvocationEvent.dispatch(Unknown Source)
2014-04-24T01:06:54.661-04:00: 	at java.awt.EventQueue.dispatchEventImpl(Unknown Source)
2014-04-24T01:06:54.661-04:00: 	at java.awt.EventQueue.access$000(Unknown Source)
2014-04-24T01:06:54.677-04:00: 	at java.awt.EventQueue$3.run(Unknown Source)
2014-04-24T01:06:54.677-04:00: 	at java.awt.EventQueue$3.run(Unknown Source)
2014-04-24T01:06:54.677-04:00: 	at java.security.AccessController.doPrivileged(Native Method)
2014-04-24T01:06:54.677-04:00: 	at java.security.ProtectionDomain$1.doIntersectionPrivilege(Unknown Source)
2014-04-24T01:06:54.677-04:00: 	at java.awt.EventQueue.dispatchEvent(Unknown Source)
2014-04-24T01:06:54.677-04:00: 	at java.awt.EventDispatchThread.pumpOneEventForFilters(Unknown Source)
2014-04-24T01:06:54.677-04:00: 	at java.awt.EventDispatchThread.pumpEventsForFilter(Unknown Source)
2014-04-24T01:06:54.677-04:00: 	at java.awt.EventDispatchThread.pumpEventsForHierarchy(Unknown Source)
2014-04-24T01:06:54.677-04:00: 	at java.awt.EventDispatchThread.pumpEvents(Unknown Source)
2014-04-24T01:06:54.677-04:00: 	at java.awt.EventDispatchThread.pumpEvents(Unknown Source)
2014-04-24T01:06:54.677-04:00: 	at java.awt.EventDispatchThread.run(Unknown Source)
2014-04-24T01:06:54.692-04:00: Exception in thread "AWT-EventQueue-0" java.lang.ArrayIndexOutOfBoundsException: 3 >= 3
2014-04-24T01:06:54.692-04:00: 	at java.util.Vector.elementAt(Unknown Source)
2014-04-24T01:06:54.692-04:00: 	at javax.swing.table.DefaultTableColumnModel.getColumn(Unknown Source)
2014-04-24T01:06:54.692-04:00: 	at org.jvnet.substance.SubstanceTableHeaderUI.paint(SubstanceTableHeaderUI.java:400)
2014-04-24T01:06:54.692-04:00: 	at org.jvnet.substance.SubstanceTableHeaderUI.__org__jvnet__substance__SubstanceTableHeaderUI__update(SubstanceTableHeaderUI.java:697)
2014-04-24T01:06:54.692-04:00: 	at org.jvnet.substance.SubstanceTableHeaderUI.update(SubstanceTableHeaderUI.java)
2014-04-24T01:06:54.692-04:00: 	at javax.swing.JComponent.paintComponent(Unknown Source)
2014-04-24T01:06:54.692-04:00: 	at javax.swing.JComponent.paint(Unknown Source)
2014-04-24T01:06:54.692-04:00: 	at javax.swing.JComponent.paintChildren(Unknown Source)
2014-04-24T01:06:54.692-04:00: 	at javax.swing.JComponent.paint(Unknown Source)
2014-04-24T01:06:54.692-04:00: 	at javax.swing.JViewport.paint(Unknown Source)
2014-04-24T01:06:54.692-04:00: 	at javax.swing.JComponent.paintChildren(Unknown Source)
2014-04-24T01:06:54.692-04:00: 	at javax.swing.JComponent.paint(Unknown Source)
2014-04-24T01:06:54.692-04:00: 	at javax.swing.JComponent.paintChildren(Unknown Source)
2014-04-24T01:06:54.692-04:00: 	at javax.swing.JComponent.paint(Unknown Source)
2014-04-24T01:06:54.692-04:00: 	at javax.swing.JComponent.paintToOffscreen(Unknown Source)
2014-04-24T01:06:54.692-04:00: 	at javax.swing.BufferStrategyPaintManager.paint(Unknown Source)
2014-04-24T01:06:54.692-04:00: 	at javax.swing.RepaintManager.paint(Unknown Source)
2014-04-24T01:06:54.692-04:00: 	at javax.swing.JComponent._paintImmediately(Unknown Source)
2014-04-24T01:06:54.692-04:00: 	at javax.swing.JComponent.paintImmediately(Unknown Source)
2014-04-24T01:06:54.692-04:00: 	at javax.swing.RepaintManager.paintDirtyRegions(Unknown Source)
2014-04-24T01:06:54.692-04:00: 	at javax.swing.RepaintManager.paintDirtyRegions(Unknown Source)
2014-04-24T01:06:54.692-04:00: 	at javax.swing.RepaintManager.prePaintDirtyRegions(Unknown Source)
2014-04-24T01:06:54.692-04:00: 	at javax.swing.RepaintManager.access$700(Unknown Source)
2014-04-24T01:06:54.692-04:00: 	at javax.swing.RepaintManager$ProcessingRunnable.run(Unknown Source)
2014-04-24T01:06:54.692-04:00: 	at java.awt.event.InvocationEvent.dispatch(Unknown Source)
2014-04-24T01:06:54.692-04:00: 	at java.awt.EventQueue.dispatchEventImpl(Unknown Source)
2014-04-24T01:06:54.692-04:00: 	at java.awt.EventQueue.access$000(Unknown Source)
2014-04-24T01:06:54.692-04:00: 	at java.awt.EventQueue$3.run(Unknown Source)
2014-04-24T01:06:54.692-04:00: 	at java.awt.EventQueue$3.run(Unknown Source)
2014-04-24T01:06:54.692-04:00: 	at java.security.AccessController.doPrivileged(Native Method)
2014-04-24T01:06:54.692-04:00: 	at java.security.ProtectionDomain$1.doIntersectionPrivilege(Unknown Source)
2014-04-24T01:06:54.708-04:00: 	at java.awt.EventQueue.dispatchEvent(Unknown Source)
2014-04-24T01:06:54.708-04:00: 	at java.awt.EventDispatchThread.pumpOneEventForFilters(Unknown Source)
2014-04-24T01:06:54.708-04:00: 	at java.awt.EventDispatchThread.pumpEventsForFilter(Unknown Source)
2014-04-24T01:06:54.708-04:00: 	at java.awt.EventDispatchThread.pumpEventsForHierarchy(Unknown Source)
2014-04-24T01:06:54.708-04:00: 	at java.awt.EventDispatchThread.pumpEvents(Unknown Source)
2014-04-24T01:06:54.708-04:00: 	at java.awt.EventDispatchThread.pumpEvents(Unknown Source)
2014-04-24T01:06:54.708-04:00: 	at java.awt.EventDispatchThread.run(Unknown Source)
2014-04-24T01:06:54.802-04:00: a89ea0a89ea0e08ea49eaa9c88e103f0f00f0ff0f000000000000000000000000000000000000000000000000000000000000000000000000000000000000000000000000000000000000000000000000000000000000000000000000000000000000000000000000000000000000000000000000000000000000000000000000000000000000000000000000000000000000000000000000000000000000000000000000000000000000000000000000000000000000000000000000000000000000000000000000000000000000000000000000000000000000000000000000000000000000000000000000000000000000000000000000000000000000000000000000000000000000000000000000000000000000000000000000000000000000000000000000000000000000000000000000000000000000000
2014-04-24T01:06:54.833-04:00: a8
2014-04-24T01:06:54.833-04:00: 9e
2014-04-24T01:06:54.833-04:00: a0
2014-04-24T01:06:54.833-04:00: a8
2014-04-24T01:06:54.833-04:00: 9e
2014-04-24T01:06:54.849-04:00: a0
2014-04-24T01:06:54.849-04:00: e0
2014-04-24T01:06:54.849-04:00: 8e
2014-04-24T01:06:54.849-04:00: a4
2014-04-24T01:06:54.849-04:00: 9e
2014-04-24T01:06:54.849-04:00: aa
2014-04-24T01:06:54.864-04:00: 9c
2014-04-24T01:06:54.864-04:00: 88
2014-04-24T01:06:54.864-04:00: e1
2014-04-24T01:06:54.864-04:00: 03
2014-04-24T01:06:54.864-04:00: f0
2014-04-24T01:06:54.864-04:00: f0
2014-04-24T01:06:54.880-04:00: 0f
2014-04-24T01:06:54.880-04:00: 0f
2014-04-24T01:06:54.880-04:00: f0
2014-04-24T01:06:54.880-04:00: f0
2014-04-24T01:06:54.895-04:00: 00
2014-04-24T01:06:54.895-04:00: 00
2014-04-24T01:06:54.895-04:00: 00
2014-04-24T01:06:54.895-04:00: 00
2014-04-24T01:06:54.895-04:00: 00
2014-04-24T01:06:54.895-04:00: 00
2014-04-24T01:06:54.911-04:00: 00
2014-04-24T01:06:54.911-04:00: 00
2014-04-24T01:06:54.911-04:00: 00
2014-04-24T01:06:54.911-04:00: 00
2014-04-24T01:06:54.911-04:00: 00
2014-04-24T01:06:54.911-04:00: 00
2014-04-24T01:06:54.927-04:00: 00
2014-04-24T01:06:54.927-04:00: 00
2014-04-24T01:06:54.927-04:00: 00
2014-04-24T01:06:54.927-04:00: 00
2014-04-24T01:06:54.927-04:00: 00
2014-04-24T01:06:54.942-04:00: 00
2014-04-24T01:06:54.942-04:00: 00
2014-04-24T01:06:54.942-04:00: 00
2014-04-24T01:06:54.942-04:00: 00
2014-04-24T01:06:54.942-04:00: 00
2014-04-24T01:06:54.942-04:00: 00
2014-04-24T01:06:54.958-04:00: 00
2014-04-24T01:06:54.958-04:00: 00
2014-04-24T01:06:54.958-04:00: 00
2014-04-24T01:06:54.958-04:00: 00
2014-04-24T01:06:54.958-04:00: 00
2014-04-24T01:06:54.974-04:00: 00
2014-04-24T01:06:54.974-04:00: 00
2014-04-24T01:06:54.974-04:00: 00
2014-04-24T01:06:54.974-04:00: 00
2014-04-24T01:06:54.974-04:00: 00
2014-04-24T01:06:54.974-04:00: 00
2014-04-24T01:06:54.989-04:00: 00
2014-04-24T01:06:54.989-04:00: 00
2014-04-24T01:06:54.989-04:00: 00
2014-04-24T01:06:54.989-04:00: 00
2014-04-24T01:06:54.989-04:00: 00
2014-04-24T01:06:55.005-04:00: 00
2014-04-24T01:06:55.005-04:00: 00
2014-04-24T01:06:55.005-04:00: 00
2014-04-24T01:06:55.005-04:00: 00
2014-04-24T01:06:55.005-04:00: 00
2014-04-24T01:06:55.005-04:00: 00
2014-04-24T01:06:55.020-04:00: 00
2014-04-24T01:06:55.020-04:00: 00
2014-04-24T01:06:55.020-04:00: 00
2014-04-24T01:06:55.020-04:00: 00
2014-04-24T01:06:55.020-04:00: 00
2014-04-24T01:06:55.020-04:00: 00
2014-04-24T01:06:55.036-04:00: 00
2014-04-24T01:06:55.036-04:00: 00
2014-04-24T01:06:55.036-04:00: 00
2014-04-24T01:06:55.036-04:00: 00
2014-04-24T01:06:55.036-04:00: 00
2014-04-24T01:06:55.052-04:00: 00
2014-04-24T01:06:55.052-04:00: 00
2014-04-24T01:06:55.052-04:00: 00
2014-04-24T01:06:55.052-04:00: 00
2014-04-24T01:06:55.052-04:00: 00
2014-04-24T01:06:55.052-04:00: 00
2014-04-24T01:06:55.067-04:00: 00
2014-04-24T01:06:55.067-04:00: 00
2014-04-24T01:06:55.083-04:00: 00
2014-04-24T01:06:55.083-04:00: 00
2014-04-24T01:06:55.083-04:00: 00
2014-04-24T01:06:55.083-04:00: 00
2014-04-24T01:06:55.099-04:00: 00
2014-04-24T01:06:55.099-04:00: 00
2014-04-24T01:06:55.099-04:00: 00
2014-04-24T01:06:55.099-04:00: 00
2014-04-24T01:06:55.099-04:00: 00
2014-04-24T01:06:55.099-04:00: 00
2014-04-24T01:06:55.114-04:00: 00
2014-04-24T01:06:55.114-04:00: 00
2014-04-24T01:06:55.114-04:00: 00
2014-04-24T01:06:55.114-04:00: 00
2014-04-24T01:06:55.114-04:00: 00
2014-04-24T01:06:55.130-04:00: 00
2014-04-24T01:06:55.130-04:00: 00
2014-04-24T01:06:55.130-04:00: 00
2014-04-24T01:06:55.130-04:00: 00
2014-04-24T01:06:55.130-04:00: 00
2014-04-24T01:06:55.145-04:00: 00
2014-04-24T01:06:55.145-04:00: 00
2014-04-24T01:06:55.145-04:00: 00
2014-04-24T01:06:55.145-04:00: 00
2014-04-24T01:06:55.145-04:00: 00
2014-04-24T01:06:55.145-04:00: 00
2014-04-24T01:06:55.161-04:00: 00
2014-04-24T01:06:55.161-04:00: 00
2014-04-24T01:06:55.161-04:00: 00
2014-04-24T01:06:55.161-04:00: 00
2014-04-24T01:06:55.161-04:00: 00
2014-04-24T01:06:55.177-04:00: 00
2014-04-24T01:06:55.177-04:00: 00
2014-04-24T01:06:55.177-04:00: 00
2014-04-24T01:06:55.177-04:00: 00
2014-04-24T01:06:55.177-04:00: 00
2014-04-24T01:06:55.177-04:00: 00
2014-04-24T01:06:55.192-04:00: 00
2014-04-24T01:06:55.192-04:00: 00
2014-04-24T01:06:55.192-04:00: 00
2014-04-24T01:06:55.192-04:00: 00
2014-04-24T01:06:55.192-04:00: 00
2014-04-24T01:06:55.192-04:00: 00
2014-04-24T01:06:55.208-04:00: 00
2014-04-24T01:06:55.208-04:00: 00
2014-04-24T01:06:55.208-04:00: 00
2014-04-24T01:06:55.208-04:00: 00
2014-04-24T01:06:55.208-04:00: 00
2014-04-24T01:06:55.224-04:00: 00
2014-04-24T01:06:55.224-04:00: 00
2014-04-24T01:06:55.224-04:00: 00
2014-04-24T01:06:55.224-04:00: 00
2014-04-24T01:06:55.224-04:00: 00
2014-04-24T01:06:55.239-04:00: 00
2014-04-24T01:06:55.239-04:00: 00
2014-04-24T01:06:55.239-04:00: 00
2014-04-24T01:06:55.239-04:00: 00
2014-04-24T01:06:55.239-04:00: 00
2014-04-24T01:06:55.239-04:00: 00
2014-04-24T01:06:55.255-04:00: 00
2014-04-24T01:06:55.255-04:00: 00
2014-04-24T01:06:55.255-04:00: 00
2014-04-24T01:06:55.255-04:00: 00
2014-04-24T01:06:55.255-04:00: 00
2014-04-24T01:06:55.270-04:00: 00
2014-04-24T01:06:55.270-04:00: 00
2014-04-24T01:06:55.270-04:00: 00
2014-04-24T01:06:55.270-04:00: 00
2014-04-24T01:06:55.270-04:00: 00
2014-04-24T01:06:55.270-04:00: 00
2014-04-24T01:06:55.286-04:00: 00
2014-04-24T01:06:55.286-04:00: 00
2014-04-24T01:06:55.286-04:00: 00
2014-04-24T01:06:55.286-04:00: 00
2014-04-24T01:06:55.286-04:00: 00
2014-04-24T01:06:55.302-04:00: 00
2014-04-24T01:06:55.302-04:00: 00
2014-04-24T01:06:55.302-04:00: 00
2014-04-24T01:06:55.302-04:00: 00
2014-04-24T01:06:55.302-04:00: 00
2014-04-24T01:06:55.302-04:00: 00
2014-04-24T01:06:55.317-04:00: 00
2014-04-24T01:06:55.317-04:00: 00
2014-04-24T01:06:55.317-04:00: 00
2014-04-24T01:06:55.317-04:00: 00
2014-04-24T01:06:55.317-04:00: 00
2014-04-24T01:06:55.317-04:00: 00
2014-04-24T01:06:55.333-04:00: 00
2014-04-24T01:06:55.333-04:00: 00
2014-04-24T01:06:55.333-04:00: 00
2014-04-24T01:06:55.333-04:00: 00
2014-04-24T01:06:55.333-04:00: 00
2014-04-24T01:06:55.349-04:00: 00
2014-04-24T01:06:55.349-04:00: 00
2014-04-24T01:06:55.349-04:00: 00
2014-04-24T01:06:55.349-04:00: 00
2014-04-24T01:06:55.349-04:00: 00
2014-04-24T01:06:55.349-04:00: 00
2014-04-24T01:06:55.364-04:00: 00
2014-04-24T01:06:55.364-04:00: 00
2014-04-24T01:06:55.364-04:00: 00
2014-04-24T01:06:55.364-04:00: 00
2014-04-24T01:06:55.364-04:00: 00
2014-04-24T01:06:55.380-04:00: 00
2014-04-24T01:06:55.380-04:00: 00
2014-04-24T01:06:55.380-04:00: 00
2014-04-24T01:06:55.380-04:00: 00
2014-04-24T01:06:55.380-04:00: 00
2014-04-24T01:06:55.380-04:00: 00
2014-04-24T01:06:55.395-04:00: 00
2014-04-24T01:06:55.395-04:00: 00
2014-04-24T01:06:55.395-04:00: 00
2014-04-24T01:06:55.395-04:00: 00
2014-04-24T01:06:55.395-04:00: 00
2014-04-24T01:06:55.411-04:00: 00
2014-04-24T01:06:55.411-04:00: 00
2014-04-24T01:06:55.411-04:00: 00
2014-04-24T01:06:55.411-04:00: 00
2014-04-24T01:06:55.411-04:00: 00
2014-04-24T01:06:55.411-04:00: 00
2014-04-24T01:06:55.427-04:00: 00
2014-04-24T01:06:55.427-04:00: 00
2014-04-24T01:06:55.427-04:00: 00
2014-04-24T01:06:55.427-04:00: 00
2014-04-24T01:06:55.427-04:00: 00
2014-04-24T01:06:55.442-04:00: 00
2014-04-24T01:06:55.442-04:00: 00
2014-04-24T01:06:55.442-04:00: 00
2014-04-24T01:06:55.442-04:00: 00
2014-04-24T01:06:55.442-04:00: 00
2014-04-24T01:06:55.458-04:00: 00
2014-04-24T01:06:55.458-04:00: 00
2014-04-24T01:06:55.458-04:00: 00
2014-04-24T01:06:55.458-04:00: 00
2014-04-24T01:06:55.458-04:00: 00
2014-04-24T01:06:55.458-04:00: 00
2014-04-24T01:06:55.474-04:00: 00
2014-04-24T01:06:55.474-04:00: 00
2014-04-24T01:06:55.474-04:00: 00
2014-04-24T01:06:55.474-04:00: 00
2014-04-24T01:06:55.474-04:00: 00
2014-04-24T01:06:55.489-04:00: 00
2014-04-24T01:06:55.489-04:00: 00
2014-04-24T01:06:55.489-04:00: 00
2014-04-24T01:06:55.489-04:00: 00
2014-04-24T01:06:55.489-04:00: 00
2014-04-24T01:06:55.489-04:00: 00
2014-04-24T01:06:55.505-04:00: 00
2014-04-24T01:06:55.505-04:00: 00
2014-04-24T01:06:55.505-04:00: 00
2014-04-24T01:06:55.505-04:00: 00
2014-04-24T01:06:55.505-04:00: 00
2014-04-24T01:06:55.520-04:00: 00
2014-04-24T01:06:55.520-04:00: 00
2014-04-24T01:06:55.520-04:00: 00
2014-04-24T01:06:55.520-04:00: 00
2014-04-24T01:06:55.520-04:00: 00
2014-04-24T01:06:55.520-04:00: 00
2014-04-24T01:06:55.536-04:00: 00
2014-04-24T01:06:55.536-04:00: 00
2014-04-24T01:06:55.536-04:00: 00
2014-04-24T01:06:55.536-04:00: 00
2014-04-24T01:06:55.536-04:00: 00
2014-04-24T01:06:55.552-04:00: 00
2014-04-24T01:06:55.552-04:00: 00
2014-04-24T01:06:55.552-04:00: 00
2014-04-24T01:06:55.552-04:00: 00
2014-04-24T01:06:55.552-04:00: 00
2014-04-24T01:06:55.552-04:00: 00
2014-04-24T01:06:55.567-04:00: 00
2014-04-24T01:06:55.567-04:00: 00
2014-04-24T01:06:55.567-04:00: 00
2014-04-24T01:06:55.567-04:00: 00
2014-04-24T01:06:55.567-04:00: 00
2014-04-24T01:06:55.583-04:00: 00
2014-04-24T01:06:55.583-04:00: 00
2014-04-24T01:06:55.583-04:00: 00
2014-04-24T01:06:55.583-04:00: 00
2014-04-24T01:06:55.583-04:00: 00
2014-04-24T01:06:55.583-04:00: 00
2014-04-24T01:06:55.599-04:00: 00
2014-04-24T01:06:55.599-04:00: 00
2014-04-24T01:06:55.599-04:00: 00
2014-04-24T01:06:55.599-04:00: 00
2014-04-24T01:06:55.599-04:00: 00
2014-04-24T01:06:55.614-04:00: 00
2014-04-24T01:06:55.614-04:00: 00
2014-04-24T01:06:55.614-04:00: 00
2014-04-24T01:06:55.614-04:00: 00
2014-04-24T01:06:55.614-04:00: 00
2014-04-24T01:06:55.614-04:00: 00
2014-04-24T01:06:55.630-04:00: 00
2014-04-24T01:06:55.630-04:00: 00
2014-04-24T01:06:55.630-04:00: 00
2014-04-24T01:06:55.630-04:00: 00
2014-04-24T01:06:55.630-04:00: 00
2014-04-24T01:06:55.645-04:00: 00
2014-04-24T01:06:55.645-04:00: 00
2014-04-24T01:06:55.645-04:00: 00
2014-04-24T01:06:55.645-04:00: 00
2014-04-24T01:06:55.645-04:00: 00
2014-04-24T01:06:55.645-04:00: 00
2014-04-24T01:06:55.661-04:00: 00
2014-04-24T01:06:55.661-04:00: 00
2014-04-24T01:06:55.661-04:00: 00
2014-04-24T01:06:55.661-04:00: 00
2014-04-24T01:06:55.661-04:00: 00
2014-04-24T01:06:55.677-04:00: 00
2014-04-24T01:06:55.677-04:00: 00
2014-04-24T01:06:55.677-04:00: 00
2014-04-24T01:06:55.677-04:00: 00
2014-04-24T01:06:55.677-04:00: 00
2014-04-24T01:06:55.677-04:00: 00
2014-04-24T01:06:55.692-04:00: 00
2014-04-24T01:06:55.692-04:00: 00
2014-04-24T01:06:55.692-04:00: 00
2014-04-24T01:06:55.692-04:00: 00
2014-04-24T01:06:55.692-04:00: 00
2014-04-24T01:06:55.708-04:00: 00
2014-04-24T01:06:55.708-04:00: 00
2014-04-24T01:06:55.708-04:00: 00
2014-04-24T01:06:55.708-04:00: 00
2014-04-24T01:06:55.708-04:00: 00
2014-04-24T01:06:55.708-04:00: 00
2014-04-24T01:06:55.724-04:00: 00
2014-04-24T01:06:55.724-04:00: 00
2014-04-24T01:06:55.724-04:00: 00
2014-04-24T01:06:55.724-04:00: 00
2014-04-24T01:06:55.724-04:00: 00
2014-04-24T01:06:55.739-04:00: 00
2014-04-24T01:06:55.739-04:00: 00
