2014-04-24T01:21:20.958-04:00: Stable Library
2014-04-24T01:21:20.958-04:00: =========================================
2014-04-24T01:21:20.958-04:00: Native lib Version = RXTX-2.1-7
2014-04-24T01:21:20.958-04:00: Java lib Version   = RXTX-2.1-7
2014-04-24T01:21:48.505-04:00: a89ea0a89ea0e08ea49eaa9c88e103f0f00f0ff0f000000000000000000000000000000000000000000000000000000000000000000000000000000000000000000000000000000000000000000000000000000000000000000000000000000000000000000000000000000000000000000000000000000000000000000000000000000000000000000000000000000000000000000000000000000000000000000000000000000000000000000000000000000000000000000000000000000000000000000000000000000000000000000000000000000000000000000000000000000000000000000000000000000000000000000000000000000000000000000000000000000000000000000000000000000000000000000000000000000000000000000000000000000000000000000000000000000000000000
2014-04-24T01:21:48.505-04:00: a8
2014-04-24T01:21:48.505-04:00: 9e
2014-04-24T01:21:48.505-04:00: a0
2014-04-24T01:21:48.505-04:00: a8
2014-04-24T01:21:48.520-04:00: 9e
2014-04-24T01:21:48.520-04:00: a0
2014-04-24T01:21:48.520-04:00: e0
2014-04-24T01:21:48.520-04:00: 8e
2014-04-24T01:21:48.520-04:00: a4
2014-04-24T01:21:48.520-04:00: 9e
2014-04-24T01:21:48.520-04:00: aa
2014-04-24T01:21:48.520-04:00: 9c
2014-04-24T01:21:48.520-04:00: 88
2014-04-24T01:21:48.520-04:00: e1
2014-04-24T01:21:48.520-04:00: 03
2014-04-24T01:21:48.520-04:00: f0
2014-04-24T01:21:48.520-04:00: f0
2014-04-24T01:21:48.520-04:00: 0f
2014-04-24T01:21:48.520-04:00: 0f
2014-04-24T01:21:48.520-04:00: f0
2014-04-24T01:21:48.520-04:00: f0
2014-04-24T01:21:48.520-04:00: 00
2014-04-24T01:21:48.520-04:00: 00
2014-04-24T01:21:48.520-04:00: 00
2014-04-24T01:21:48.520-04:00: 00
2014-04-24T01:21:48.520-04:00: 00
2014-04-24T01:21:48.520-04:00: 00
2014-04-24T01:21:48.520-04:00: 00
2014-04-24T01:21:48.520-04:00: 00
2014-04-24T01:21:48.520-04:00: 00
2014-04-24T01:21:48.520-04:00: 00
2014-04-24T01:21:48.520-04:00: 00
2014-04-24T01:21:48.520-04:00: 00
2014-04-24T01:21:48.520-04:00: 00
2014-04-24T01:21:48.520-04:00: 00
2014-04-24T01:21:48.520-04:00: 00
2014-04-24T01:21:48.520-04:00: 00
2014-04-24T01:21:48.520-04:00: 00
2014-04-24T01:21:48.520-04:00: 00
2014-04-24T01:21:48.520-04:00: 00
2014-04-24T01:21:48.520-04:00: 00
2014-04-24T01:21:48.520-04:00: 00
2014-04-24T01:21:48.520-04:00: 00
2014-04-24T01:21:48.520-04:00: 00
2014-04-24T01:21:48.520-04:00: 00
2014-04-24T01:21:48.520-04:00: 00
2014-04-24T01:21:48.520-04:00: 00
2014-04-24T01:21:48.520-04:00: 00
2014-04-24T01:21:48.520-04:00: 00
2014-04-24T01:21:48.520-04:00: 00
2014-04-24T01:21:48.520-04:00: 00
2014-04-24T01:21:48.536-04:00: 00
2014-04-24T01:21:48.536-04:00: 00
2014-04-24T01:21:48.536-04:00: 00
2014-04-24T01:21:48.536-04:00: 00
2014-04-24T01:21:48.536-04:00: 00
2014-04-24T01:21:48.536-04:00: 00
2014-04-24T01:21:48.536-04:00: 00
2014-04-24T01:21:48.536-04:00: 00
2014-04-24T01:21:48.536-04:00: 00
2014-04-24T01:21:48.536-04:00: 00
2014-04-24T01:21:48.536-04:00: 00
2014-04-24T01:21:48.536-04:00: 00
2014-04-24T01:21:48.536-04:00: 00
2014-04-24T01:21:48.536-04:00: 00
2014-04-24T01:21:48.536-04:00: 00
2014-04-24T01:21:48.536-04:00: 00
2014-04-24T01:21:48.536-04:00: 00
2014-04-24T01:21:48.536-04:00: 00
2014-04-24T01:21:48.536-04:00: 00
2014-04-24T01:21:48.536-04:00: 00
2014-04-24T01:21:48.536-04:00: 00
2014-04-24T01:21:48.536-04:00: 00
2014-04-24T01:21:48.536-04:00: 00
2014-04-24T01:21:48.536-04:00: 00
2014-04-24T01:21:48.536-04:00: 00
2014-04-24T01:21:48.536-04:00: 00
2014-04-24T01:21:48.536-04:00: 00
2014-04-24T01:21:48.536-04:00: 00
2014-04-24T01:21:48.536-04:00: 00
2014-04-24T01:21:48.536-04:00: 00
2014-04-24T01:21:48.536-04:00: 00
2014-04-24T01:21:48.536-04:00: 00
2014-04-24T01:21:48.536-04:00: 00
2014-04-24T01:21:48.536-04:00: 00
2014-04-24T01:21:48.536-04:00: 00
2014-04-24T01:21:48.536-04:00: 00
2014-04-24T01:21:48.536-04:00: 00
2014-04-24T01:21:48.536-04:00: 00
2014-04-24T01:21:48.536-04:00: 00
2014-04-24T01:21:48.536-04:00: 00
2014-04-24T01:21:48.536-04:00: 00
2014-04-24T01:21:48.536-04:00: 00
2014-04-24T01:21:48.536-04:00: 00
2014-04-24T01:21:48.536-04:00: 00
2014-04-24T01:21:48.536-04:00: 00
2014-04-24T01:21:48.536-04:00: 00
2014-04-24T01:21:48.536-04:00: 00
2014-04-24T01:21:48.536-04:00: 00
2014-04-24T01:21:48.536-04:00: 00
2014-04-24T01:21:48.536-04:00: 00
2014-04-24T01:21:48.536-04:00: 00
2014-04-24T01:21:48.552-04:00: 00
2014-04-24T01:21:48.552-04:00: 00
2014-04-24T01:21:48.552-04:00: 00
2014-04-24T01:21:48.552-04:00: 00
2014-04-24T01:21:48.552-04:00: 00
2014-04-24T01:21:48.552-04:00: 00
2014-04-24T01:21:48.552-04:00: 00
2014-04-24T01:21:48.552-04:00: 00
2014-04-24T01:21:48.552-04:00: 00
2014-04-24T01:21:48.552-04:00: 00
2014-04-24T01:21:48.552-04:00: 00
2014-04-24T01:21:48.552-04:00: 00
2014-04-24T01:21:48.552-04:00: 00
2014-04-24T01:21:48.552-04:00: 00
2014-04-24T01:21:48.552-04:00: 00
2014-04-24T01:21:48.552-04:00: 00
2014-04-24T01:21:48.552-04:00: 00
2014-04-24T01:21:48.552-04:00: 00
2014-04-24T01:21:48.552-04:00: 00
2014-04-24T01:21:48.552-04:00: 00
2014-04-24T01:21:48.552-04:00: 00
2014-04-24T01:21:48.552-04:00: 00
2014-04-24T01:21:48.552-04:00: 00
2014-04-24T01:21:48.552-04:00: 00
2014-04-24T01:21:48.552-04:00: 00
2014-04-24T01:21:48.552-04:00: 00
2014-04-24T01:21:48.552-04:00: 00
2014-04-24T01:21:48.552-04:00: 00
2014-04-24T01:21:48.552-04:00: 00
2014-04-24T01:21:48.552-04:00: 00
2014-04-24T01:21:48.552-04:00: 00
2014-04-24T01:21:48.552-04:00: 00
2014-04-24T01:21:48.552-04:00: 00
2014-04-24T01:21:48.552-04:00: 00
2014-04-24T01:21:48.552-04:00: 00
2014-04-24T01:21:48.552-04:00: 00
2014-04-24T01:21:48.552-04:00: 00
2014-04-24T01:21:48.552-04:00: 00
2014-04-24T01:21:48.552-04:00: 00
2014-04-24T01:21:48.552-04:00: 00
2014-04-24T01:21:48.552-04:00: 00
2014-04-24T01:21:48.552-04:00: 00
2014-04-24T01:21:48.552-04:00: 00
2014-04-24T01:21:48.552-04:00: 00
2014-04-24T01:21:48.552-04:00: 00
2014-04-24T01:21:48.552-04:00: 00
2014-04-24T01:21:48.552-04:00: 00
2014-04-24T01:21:48.552-04:00: 00
2014-04-24T01:21:48.552-04:00: 00
2014-04-24T01:21:48.552-04:00: 00
2014-04-24T01:21:48.552-04:00: 00
2014-04-24T01:21:48.552-04:00: 00
2014-04-24T01:21:48.552-04:00: 00
2014-04-24T01:21:48.552-04:00: 00
2014-04-24T01:21:48.552-04:00: 00
2014-04-24T01:21:48.552-04:00: 00
2014-04-24T01:21:48.552-04:00: 00
2014-04-24T01:21:48.552-04:00: 00
2014-04-24T01:21:48.552-04:00: 00
2014-04-24T01:21:48.567-04:00: 00
2014-04-24T01:21:48.567-04:00: 00
2014-04-24T01:21:48.567-04:00: 00
2014-04-24T01:21:48.567-04:00: 00
2014-04-24T01:21:48.567-04:00: 00
2014-04-24T01:21:48.567-04:00: 00
2014-04-24T01:21:48.567-04:00: 00
2014-04-24T01:21:48.567-04:00: 00
2014-04-24T01:21:48.567-04:00: 00
2014-04-24T01:21:48.567-04:00: 00
2014-04-24T01:21:48.567-04:00: 00
2014-04-24T01:21:48.567-04:00: 00
2014-04-24T01:21:48.567-04:00: 00
2014-04-24T01:21:48.567-04:00: 00
2014-04-24T01:21:48.567-04:00: 00
2014-04-24T01:21:48.567-04:00: 00
2014-04-24T01:21:48.567-04:00: 00
2014-04-24T01:21:48.567-04:00: 00
2014-04-24T01:21:48.567-04:00: 00
2014-04-24T01:21:48.567-04:00: 00
2014-04-24T01:21:48.567-04:00: 00
2014-04-24T01:21:48.567-04:00: 00
2014-04-24T01:21:48.567-04:00: 00
2014-04-24T01:21:48.567-04:00: 00
2014-04-24T01:21:48.567-04:00: 00
2014-04-24T01:21:48.567-04:00: 00
2014-04-24T01:21:48.567-04:00: 00
2014-04-24T01:21:48.567-04:00: 00
2014-04-24T01:21:48.567-04:00: 00
2014-04-24T01:21:48.567-04:00: 00
2014-04-24T01:21:48.567-04:00: 00
2014-04-24T01:21:48.567-04:00: 00
2014-04-24T01:21:48.567-04:00: 00
2014-04-24T01:21:48.567-04:00: 00
2014-04-24T01:21:48.567-04:00: 00
2014-04-24T01:21:48.567-04:00: 00
2014-04-24T01:21:48.567-04:00: 00
2014-04-24T01:21:48.567-04:00: 00
2014-04-24T01:21:48.567-04:00: 00
2014-04-24T01:21:48.567-04:00: 00
2014-04-24T01:21:48.567-04:00: 00
2014-04-24T01:21:48.567-04:00: 00
2014-04-24T01:21:48.567-04:00: 00
2014-04-24T01:21:48.567-04:00: 00
2014-04-24T01:21:48.567-04:00: 00
2014-04-24T01:21:48.567-04:00: 00
2014-04-24T01:21:48.567-04:00: 00
2014-04-24T01:21:48.614-04:00: 00
2014-04-24T01:21:48.614-04:00: 00
2014-04-24T01:21:48.614-04:00: 00
2014-04-24T01:21:48.614-04:00: 00
2014-04-24T01:21:48.614-04:00: 00
2014-04-24T01:21:48.614-04:00: 00
2014-04-24T01:21:48.614-04:00: 00
2014-04-24T01:21:48.614-04:00: 00
2014-04-24T01:21:48.614-04:00: 00
2014-04-24T01:21:48.614-04:00: 00
2014-04-24T01:21:48.614-04:00: 00
2014-04-24T01:21:48.614-04:00: 00
2014-04-24T01:21:48.614-04:00: 00
2014-04-24T01:21:48.614-04:00: 00
2014-04-24T01:21:48.614-04:00: 00
2014-04-24T01:21:48.614-04:00: 00
2014-04-24T01:21:48.614-04:00: 00
2014-04-24T01:21:48.614-04:00: 00
2014-04-24T01:21:48.614-04:00: 00
2014-04-24T01:21:48.614-04:00: 00
2014-04-24T01:21:48.614-04:00: 00
2014-04-24T01:21:48.614-04:00: 00
2014-04-24T01:21:48.614-04:00: 00
2014-04-24T01:21:48.614-04:00: 00
2014-04-24T01:21:48.614-04:00: 00
2014-04-24T01:21:48.614-04:00: 00
2014-04-24T01:21:48.614-04:00: 00
2014-04-24T01:21:48.614-04:00: 00
2014-04-24T01:21:48.614-04:00: 00
2014-04-24T01:21:48.614-04:00: 00
2014-04-24T01:21:48.614-04:00: 00
2014-04-24T01:21:48.614-04:00: 00
2014-04-24T01:21:48.630-04:00: 00
2014-04-24T01:21:48.630-04:00: 00
2014-04-24T01:21:48.630-04:00: 00
2014-04-24T01:21:48.630-04:00: 00
2014-04-24T01:21:48.630-04:00: 00
2014-04-24T01:21:48.630-04:00: 00
2014-04-24T01:21:48.630-04:00: 00
2014-04-24T01:21:48.630-04:00: 00
2014-04-24T01:21:48.630-04:00: 00
2014-04-24T01:21:48.630-04:00: 00
2014-04-24T01:21:48.630-04:00: 00
2014-04-24T01:21:48.630-04:00: 00
2014-04-24T01:21:48.630-04:00: 00
2014-04-24T01:21:48.630-04:00: 00
2014-04-24T01:21:48.630-04:00: 00
2014-04-24T01:21:48.630-04:00: 00
2014-04-24T01:21:48.630-04:00: 00
2014-04-24T01:21:48.630-04:00: 00
2014-04-24T01:21:48.630-04:00: 00
2014-04-24T01:21:48.630-04:00: 00
2014-04-24T01:21:48.630-04:00: 00
2014-04-24T01:21:48.630-04:00: 00
2014-04-24T01:21:48.630-04:00: 00
2014-04-24T01:21:48.630-04:00: 00
2014-04-24T01:21:48.630-04:00: 00
2014-04-24T01:21:48.630-04:00: 00
2014-04-24T01:21:48.630-04:00: 00
2014-04-24T01:21:48.630-04:00: 00
2014-04-24T01:21:48.630-04:00: 00
2014-04-24T01:21:48.630-04:00: 00
2014-04-24T01:21:48.630-04:00: 00
2014-04-24T01:21:48.630-04:00: 00
2014-04-24T01:21:48.630-04:00: 00
2014-04-24T01:21:48.630-04:00: 00
2014-04-24T01:21:48.630-04:00: 00
2014-04-24T01:21:48.630-04:00: 00
2014-04-24T01:21:48.630-04:00: 00
2014-04-24T01:21:48.630-04:00: 00
2014-04-24T01:21:48.630-04:00: 00
2014-04-24T01:21:48.630-04:00: 00
2014-04-24T01:21:48.630-04:00: 00
2014-04-24T01:21:48.630-04:00: 00
2014-04-24T01:21:48.630-04:00: 00
2014-04-24T01:21:48.630-04:00: 00
2014-04-24T01:21:48.630-04:00: 00
2014-04-24T01:21:48.630-04:00: 00
2014-04-24T01:21:48.630-04:00: 00
2014-04-24T01:21:48.630-04:00: 00
2014-04-24T01:21:48.630-04:00: 00
2014-04-24T01:21:48.630-04:00: 00
2014-04-24T01:21:48.630-04:00: 00
2014-04-24T01:21:48.630-04:00: 00
2014-04-24T01:21:48.630-04:00: 00
2014-04-24T01:21:48.630-04:00: 00
2014-04-24T01:21:48.630-04:00: 00
2014-04-24T01:21:48.630-04:00: 00
2014-04-24T01:21:48.630-04:00: 00
2014-04-24T01:21:48.630-04:00: 00
2014-04-24T01:21:48.630-04:00: 00
2014-04-24T01:21:48.630-04:00: 00
2014-04-24T01:21:48.630-04:00: 00
2014-04-24T01:21:48.630-04:00: 00
2014-04-24T01:21:48.630-04:00: 00
2014-04-24T01:21:48.630-04:00: 00
2014-04-24T01:21:48.630-04:00: 00
2014-04-24T01:21:48.645-04:00: 00
2014-04-24T01:21:48.645-04:00: 00
2014-04-24T01:21:48.645-04:00: 00
2014-04-24T01:21:48.645-04:00: 00
2014-04-24T01:21:48.645-04:00: 00
2014-04-24T01:21:48.645-04:00: 00
2014-04-24T01:21:48.645-04:00: 00
2014-04-24T01:21:48.645-04:00: 00
2014-04-24T01:21:48.645-04:00: 00
2014-04-24T01:21:48.645-04:00: 00
2014-04-24T01:21:48.645-04:00: 00
