2014-04-24T02:48:16.724-04:00: Stable Library
2014-04-24T02:48:16.724-04:00: =========================================
2014-04-24T02:48:16.724-04:00: Native lib Version = RXTX-2.1-7
2014-04-24T02:48:16.724-04:00: Java lib Version   = RXTX-2.1-7
2014-04-24T02:49:03.755-04:00: acd2ded8cae8e08ea49eaa9c88e103f0001100112233445566778899aabbccddeeff
2014-04-24T02:49:03.755-04:00: ac
2014-04-24T02:49:03.755-04:00: d2
2014-04-24T02:49:03.755-04:00: de
2014-04-24T02:49:03.755-04:00: d8
2014-04-24T02:49:03.755-04:00: ca
2014-04-24T02:49:03.755-04:00: e8
2014-04-24T02:49:03.755-04:00: e0
2014-04-24T02:49:03.755-04:00: 8e
2014-04-24T02:49:03.755-04:00: a4
2014-04-24T02:49:03.755-04:00: 9e
2014-04-24T02:49:03.755-04:00: aa
2014-04-24T02:49:03.755-04:00: 9c
2014-04-24T02:49:03.755-04:00: 88
2014-04-24T02:49:03.755-04:00: e1
2014-04-24T02:49:03.770-04:00: 03
2014-04-24T02:49:03.770-04:00: f0
2014-04-24T02:49:03.770-04:00: 00
2014-04-24T02:49:03.770-04:00: 11
2014-04-24T02:49:03.770-04:00: 00
2014-04-24T02:49:03.770-04:00: 11
2014-04-24T02:49:03.770-04:00: 22
2014-04-24T02:49:03.770-04:00: 33
2014-04-24T02:49:03.770-04:00: 44
2014-04-24T02:49:03.770-04:00: 55
2014-04-24T02:49:03.770-04:00: 66
2014-04-24T02:49:03.770-04:00: 77
2014-04-24T02:49:03.770-04:00: 88
2014-04-24T02:49:03.770-04:00: 99
2014-04-24T02:49:03.770-04:00: aa
2014-04-24T02:49:03.770-04:00: bb
2014-04-24T02:49:03.770-04:00: cc
2014-04-24T02:49:03.770-04:00: dd
2014-04-24T02:49:03.770-04:00: ee
2014-04-24T02:49:03.770-04:00: ff
2014-04-24T02:49:22.786-04:00: acd2ded8cae8e08ea49eaa9c88e103f0001100112233445566778899aabbccddeeff
2014-04-24T02:49:22.786-04:00: ac
2014-04-24T02:49:22.786-04:00: d2
2014-04-24T02:49:22.786-04:00: de
2014-04-24T02:49:22.786-04:00: d8
2014-04-24T02:49:22.786-04:00: ca
2014-04-24T02:49:22.786-04:00: e8
2014-04-24T02:49:22.802-04:00: e0
2014-04-24T02:49:22.802-04:00: 8e
2014-04-24T02:49:22.802-04:00: a4
2014-04-24T02:49:22.802-04:00: 9e
2014-04-24T02:49:22.802-04:00: aa
2014-04-24T02:49:22.802-04:00: 9c
2014-04-24T02:49:22.802-04:00: 88
2014-04-24T02:49:22.802-04:00: e1
2014-04-24T02:49:22.802-04:00: 03
2014-04-24T02:49:22.802-04:00: f0
2014-04-24T02:49:22.802-04:00: 00
2014-04-24T02:49:22.802-04:00: 11
2014-04-24T02:49:22.802-04:00: 00
2014-04-24T02:49:22.802-04:00: 11
2014-04-24T02:49:22.802-04:00: 22
2014-04-24T02:49:22.802-04:00: 33
2014-04-24T02:49:22.802-04:00: 44
2014-04-24T02:49:22.802-04:00: 55
2014-04-24T02:49:22.802-04:00: 66
2014-04-24T02:49:22.802-04:00: 77
2014-04-24T02:49:22.802-04:00: 88
2014-04-24T02:49:22.802-04:00: 99
2014-04-24T02:49:22.802-04:00: aa
2014-04-24T02:49:22.817-04:00: bb
2014-04-24T02:49:22.817-04:00: cc
2014-04-24T02:49:22.817-04:00: dd
2014-04-24T02:49:22.817-04:00: ee
2014-04-24T02:49:22.817-04:00: ff
2014-04-24T02:49:23.302-04:00: acd2ded8cae8e08ea49eaa9c88e103f0001100112233445566778899aabbccddeeff
2014-04-24T02:49:23.302-04:00: ac
2014-04-24T02:49:23.302-04:00: d2
2014-04-24T02:49:23.302-04:00: de
2014-04-24T02:49:23.302-04:00: d8
2014-04-24T02:49:23.302-04:00: ca
2014-04-24T02:49:23.302-04:00: e8
2014-04-24T02:49:23.302-04:00: e0
2014-04-24T02:49:23.302-04:00: 8e
2014-04-24T02:49:23.302-04:00: a4
2014-04-24T02:49:23.302-04:00: 9e
2014-04-24T02:49:23.302-04:00: aa
2014-04-24T02:49:23.302-04:00: 9c
2014-04-24T02:49:23.302-04:00: 88
2014-04-24T02:49:23.302-04:00: e1
2014-04-24T02:49:23.317-04:00: 03
2014-04-24T02:49:23.317-04:00: f0
2014-04-24T02:49:23.317-04:00: 00
2014-04-24T02:49:23.317-04:00: 11
2014-04-24T02:49:23.317-04:00: 00
2014-04-24T02:49:23.317-04:00: 11
2014-04-24T02:49:23.317-04:00: 22
2014-04-24T02:49:23.317-04:00: 33
2014-04-24T02:49:23.317-04:00: 44
2014-04-24T02:49:23.317-04:00: 55
2014-04-24T02:49:23.317-04:00: 66
2014-04-24T02:49:23.317-04:00: 77
2014-04-24T02:49:23.317-04:00: 88
2014-04-24T02:49:23.317-04:00: 99
2014-04-24T02:49:23.317-04:00: aa
2014-04-24T02:49:23.317-04:00: bb
2014-04-24T02:49:23.317-04:00: cc
2014-04-24T02:49:23.317-04:00: dd
2014-04-24T02:49:23.317-04:00: ee
2014-04-24T02:49:23.317-04:00: ff
2014-04-24T02:49:23.833-04:00: acd2ded8cae8e08ea49eaa9c88e103f0001100112233445566778899aabbccddeeff
2014-04-24T02:49:23.833-04:00: ac
2014-04-24T02:49:23.833-04:00: d2
2014-04-24T02:49:23.833-04:00: de
2014-04-24T02:49:23.849-04:00: d8
2014-04-24T02:49:23.849-04:00: ca
2014-04-24T02:49:23.849-04:00: e8
2014-04-24T02:49:23.849-04:00: e0
2014-04-24T02:49:23.849-04:00: 8e
2014-04-24T02:49:23.849-04:00: a4
2014-04-24T02:49:23.849-04:00: 9e
2014-04-24T02:49:23.849-04:00: aa
2014-04-24T02:49:23.849-04:00: 9c
2014-04-24T02:49:23.849-04:00: 88
2014-04-24T02:49:23.849-04:00: e1
2014-04-24T02:49:23.849-04:00: 03
2014-04-24T02:49:23.849-04:00: f0
2014-04-24T02:49:23.849-04:00: 00
2014-04-24T02:49:23.849-04:00: 11
2014-04-24T02:49:23.849-04:00: 00
2014-04-24T02:49:23.849-04:00: 11
2014-04-24T02:49:23.849-04:00: 22
2014-04-24T02:49:23.849-04:00: 33
2014-04-24T02:49:23.849-04:00: 44
2014-04-24T02:49:23.849-04:00: 55
2014-04-24T02:49:23.849-04:00: 66
2014-04-24T02:49:23.849-04:00: 77
2014-04-24T02:49:23.849-04:00: 88
2014-04-24T02:49:23.849-04:00: 99
2014-04-24T02:49:23.864-04:00: aa
2014-04-24T02:49:23.864-04:00: bb
2014-04-24T02:49:23.864-04:00: cc
2014-04-24T02:49:23.864-04:00: dd
2014-04-24T02:49:23.864-04:00: ee
2014-04-24T02:49:23.864-04:00: ff
2014-04-24T02:49:31.974-04:00: acd2ded8cae8e08ea49eaa9c88e103f00011001122334455667788
2014-04-24T02:49:31.974-04:00: ac
2014-04-24T02:49:31.974-04:00: d2
2014-04-24T02:49:31.974-04:00: de
2014-04-24T02:49:31.974-04:00: d8
2014-04-24T02:49:31.974-04:00: ca
2014-04-24T02:49:31.974-04:00: e8
2014-04-24T02:49:31.974-04:00: e0
2014-04-24T02:49:31.974-04:00: 8e
2014-04-24T02:49:31.974-04:00: a4
2014-04-24T02:49:31.974-04:00: 9e
2014-04-24T02:49:31.989-04:00: aa
2014-04-24T02:49:31.989-04:00: 9c
2014-04-24T02:49:31.989-04:00: 88
2014-04-24T02:49:31.989-04:00: e1
2014-04-24T02:49:31.989-04:00: 03
2014-04-24T02:49:31.989-04:00: f0
2014-04-24T02:49:31.989-04:00: 00
2014-04-24T02:49:31.989-04:00: 11
2014-04-24T02:49:31.989-04:00: 00
2014-04-24T02:49:31.989-04:00: 11
2014-04-24T02:49:31.989-04:00: 22
2014-04-24T02:49:31.989-04:00: 33
2014-04-24T02:49:31.989-04:00: 44
2014-04-24T02:49:31.989-04:00: 55
2014-04-24T02:49:31.989-04:00: 66
2014-04-24T02:49:31.989-04:00: 77
2014-04-24T02:49:31.989-04:00: 88
2014-04-24T02:49:45.552-04:00: acd2ded8cae8e08ea49eaa9c88e103f00011001122334455667788c0
2014-04-24T02:49:45.552-04:00: ac
2014-04-24T02:49:45.552-04:00: d2
2014-04-24T02:49:45.552-04:00: de
2014-04-24T02:49:45.552-04:00: d8
2014-04-24T02:49:45.552-04:00: ca
2014-04-24T02:49:45.552-04:00: e8
2014-04-24T02:49:45.552-04:00: e0
2014-04-24T02:49:45.552-04:00: 8e
2014-04-24T02:49:45.552-04:00: a4
2014-04-24T02:49:45.552-04:00: 9e
2014-04-24T02:49:45.552-04:00: aa
2014-04-24T02:49:45.552-04:00: 9c
2014-04-24T02:49:45.552-04:00: 88
2014-04-24T02:49:45.552-04:00: e1
2014-04-24T02:49:45.552-04:00: 03
2014-04-24T02:49:45.552-04:00: f0
2014-04-24T02:49:45.552-04:00: 00
2014-04-24T02:49:45.552-04:00: 11
2014-04-24T02:49:45.552-04:00: 00
2014-04-24T02:49:45.552-04:00: 11
2014-04-24T02:49:45.552-04:00: 22
2014-04-24T02:49:45.567-04:00: 33
2014-04-24T02:49:45.567-04:00: 44
2014-04-24T02:49:45.567-04:00: 55
2014-04-24T02:49:45.567-04:00: 66
2014-04-24T02:49:45.567-04:00: 77
2014-04-24T02:49:45.567-04:00: 88
2014-04-24T02:49:45.567-04:00: first if case:db
2014-04-24T02:49:45.567-04:00: first if case c0:dc
2014-04-24T02:49:56.864-04:00: acd2ded8cae8e08ea49eaa9c88e103f00011001122334455667788c0c0
2014-04-24T02:49:56.864-04:00: ac
2014-04-24T02:49:56.864-04:00: d2
2014-04-24T02:49:56.864-04:00: de
2014-04-24T02:49:56.864-04:00: d8
2014-04-24T02:49:56.864-04:00: ca
2014-04-24T02:49:56.864-04:00: e8
2014-04-24T02:49:56.864-04:00: e0
2014-04-24T02:49:56.864-04:00: 8e
2014-04-24T02:49:56.864-04:00: a4
2014-04-24T02:49:56.864-04:00: 9e
2014-04-24T02:49:56.864-04:00: aa
2014-04-24T02:49:56.864-04:00: 9c
2014-04-24T02:49:56.864-04:00: 88
2014-04-24T02:49:56.864-04:00: e1
2014-04-24T02:49:56.864-04:00: 03
2014-04-24T02:49:56.864-04:00: f0
2014-04-24T02:49:56.864-04:00: 00
2014-04-24T02:49:56.864-04:00: 11
2014-04-24T02:49:56.880-04:00: 00
2014-04-24T02:49:56.880-04:00: 11
2014-04-24T02:49:56.880-04:00: 22
2014-04-24T02:49:56.880-04:00: 33
2014-04-24T02:49:56.880-04:00: 44
2014-04-24T02:49:56.880-04:00: 55
2014-04-24T02:49:56.880-04:00: 66
2014-04-24T02:49:56.880-04:00: 77
2014-04-24T02:49:56.880-04:00: 88
2014-04-24T02:49:56.880-04:00: first if case:db
2014-04-24T02:49:56.880-04:00: first if case c0:dc
2014-04-24T02:49:56.880-04:00: first if case:db
2014-04-24T02:49:56.880-04:00: first if case c0:dc
2014-04-24T02:50:09.302-04:00: acd2ded8cae8e08ea49eaa9c88e103f00011001122334455667788c0c0
2014-04-24T02:50:09.302-04:00: ac
2014-04-24T02:50:09.302-04:00: d2
2014-04-24T02:50:09.302-04:00: de
2014-04-24T02:50:09.302-04:00: d8
2014-04-24T02:50:09.302-04:00: ca
2014-04-24T02:50:09.302-04:00: e8
2014-04-24T02:50:09.302-04:00: e0
2014-04-24T02:50:09.302-04:00: 8e
2014-04-24T02:50:09.302-04:00: a4
2014-04-24T02:50:09.302-04:00: 9e
2014-04-24T02:50:09.302-04:00: aa
2014-04-24T02:50:09.302-04:00: 9c
2014-04-24T02:50:09.302-04:00: 88
2014-04-24T02:50:09.317-04:00: e1
2014-04-24T02:50:09.317-04:00: 03
2014-04-24T02:50:09.317-04:00: f0
2014-04-24T02:50:09.317-04:00: 00
2014-04-24T02:50:09.317-04:00: 11
2014-04-24T02:50:09.317-04:00: 00
2014-04-24T02:50:09.317-04:00: 11
2014-04-24T02:50:09.317-04:00: 22
2014-04-24T02:50:09.317-04:00: 33
2014-04-24T02:50:09.317-04:00: 44
2014-04-24T02:50:09.317-04:00: 55
2014-04-24T02:50:09.317-04:00: 66
2014-04-24T02:50:09.317-04:00: 77
2014-04-24T02:50:09.317-04:00: 88
2014-04-24T02:50:09.317-04:00: first if case:db
2014-04-24T02:50:09.317-04:00: first if case c0:dc
2014-04-24T02:50:09.317-04:00: first if case:db
2014-04-24T02:50:09.317-04:00: first if case c0:dc
2014-04-24T02:50:09.942-04:00: acd2ded8cae8e08ea49eaa9c88e103f00011001122334455667788c0c0
2014-04-24T02:50:09.942-04:00: ac
2014-04-24T02:50:09.942-04:00: d2
2014-04-24T02:50:09.942-04:00: de
2014-04-24T02:50:09.942-04:00: d8
2014-04-24T02:50:09.942-04:00: ca
2014-04-24T02:50:09.942-04:00: e8
2014-04-24T02:50:09.942-04:00: e0
2014-04-24T02:50:09.942-04:00: 8e
2014-04-24T02:50:09.942-04:00: a4
2014-04-24T02:50:09.942-04:00: 9e
2014-04-24T02:50:09.942-04:00: aa
2014-04-24T02:50:09.942-04:00: 9c
2014-04-24T02:50:09.942-04:00: 88
2014-04-24T02:50:09.942-04:00: e1
2014-04-24T02:50:09.942-04:00: 03
2014-04-24T02:50:09.942-04:00: f0
2014-04-24T02:50:09.942-04:00: 00
2014-04-24T02:50:09.942-04:00: 11
2014-04-24T02:50:09.942-04:00: 00
2014-04-24T02:50:09.942-04:00: 11
2014-04-24T02:50:09.942-04:00: 22
2014-04-24T02:50:09.942-04:00: 33
2014-04-24T02:50:09.942-04:00: 44
2014-04-24T02:50:09.942-04:00: 55
2014-04-24T02:50:09.942-04:00: 66
2014-04-24T02:50:09.942-04:00: 77
2014-04-24T02:50:09.942-04:00: 88
2014-04-24T02:50:09.942-04:00: first if case:db
2014-04-24T02:50:09.958-04:00: first if case c0:dc
2014-04-24T02:50:09.958-04:00: first if case:db
2014-04-24T02:50:09.958-04:00: first if case c0:dc
