2014-04-24T01:02:34.692-04:00: Stable Library
2014-04-24T01:02:34.692-04:00: =========================================
2014-04-24T01:02:34.692-04:00: Native lib Version = RXTX-2.1-7
2014-04-24T01:02:34.692-04:00: Java lib Version   = RXTX-2.1-7
2014-04-24T01:02:48.552-04:00: Exception in thread "AWT-EventQueue-0" java.lang.ArrayIndexOutOfBoundsException: 0 >= 0
2014-04-24T01:02:48.552-04:00: 	at java.util.Vector.elementAt(Unknown Source)
2014-04-24T01:02:48.552-04:00: 	at javax.swing.table.DefaultTableColumnModel.getColumn(Unknown Source)
2014-04-24T01:02:48.552-04:00: 	at javax.swing.plaf.basic.BasicTableHeaderUI.getHeaderRenderer(Unknown Source)
2014-04-24T01:02:48.552-04:00: 	at javax.swing.plaf.basic.BasicTableHeaderUI.getHeaderHeight(Unknown Source)
2014-04-24T01:02:48.552-04:00: 	at javax.swing.plaf.basic.BasicTableHeaderUI.createHeaderSize(Unknown Source)
2014-04-24T01:02:48.552-04:00: 	at javax.swing.plaf.basic.BasicTableHeaderUI.getPreferredSize(Unknown Source)
2014-04-24T01:02:48.552-04:00: 	at javax.swing.JComponent.getPreferredSize(Unknown Source)
2014-04-24T01:02:48.552-04:00: 	at javax.swing.ViewportLayout.preferredLayoutSize(Unknown Source)
2014-04-24T01:02:48.552-04:00: 	at java.awt.Container.preferredSize(Unknown Source)
2014-04-24T01:02:48.552-04:00: 	at java.awt.Container.getPreferredSize(Unknown Source)
2014-04-24T01:02:48.552-04:00: 	at javax.swing.JComponent.getPreferredSize(Unknown Source)
2014-04-24T01:02:48.552-04:00: 	at javax.swing.ScrollPaneLayout.layoutContainer(Unknown Source)
2014-04-24T01:02:48.567-04:00: 	at org.jvnet.substance.SubstanceScrollPaneUI$AdjustedLayout.layoutContainer(SubstanceScrollPaneUI.java:493)
2014-04-24T01:02:48.567-04:00: 	at java.awt.Container.layout(Unknown Source)
2014-04-24T01:02:48.567-04:00: 	at java.awt.Container.doLayout(Unknown Source)
2014-04-24T01:02:48.567-04:00: 	at java.awt.Container.validateTree(Unknown Source)
2014-04-24T01:02:48.567-04:00: 	at java.awt.Container.validate(Unknown Source)
2014-04-24T01:02:48.567-04:00: 	at javax.swing.RepaintManager.validateInvalidComponents(Unknown Source)
2014-04-24T01:02:48.567-04:00: 	at javax.swing.RepaintManager$ProcessingRunnable.run(Unknown Source)
2014-04-24T01:02:48.567-04:00: 	at java.awt.event.InvocationEvent.dispatch(Unknown Source)
2014-04-24T01:02:48.567-04:00: 	at java.awt.EventQueue.dispatchEventImpl(Unknown Source)
2014-04-24T01:02:48.567-04:00: 	at java.awt.EventQueue.access$000(Unknown Source)
2014-04-24T01:02:48.567-04:00: 	at java.awt.EventQueue$3.run(Unknown Source)
2014-04-24T01:02:48.567-04:00: 	at java.awt.EventQueue$3.run(Unknown Source)
2014-04-24T01:02:48.567-04:00: 	at java.security.AccessController.doPrivileged(Native Method)
2014-04-24T01:02:48.567-04:00: 	at java.security.ProtectionDomain$1.doIntersectionPrivilege(Unknown Source)
2014-04-24T01:02:48.567-04:00: 	at java.awt.EventQueue.dispatchEvent(Unknown Source)
2014-04-24T01:02:48.567-04:00: 	at java.awt.EventDispatchThread.pumpOneEventForFilters(Unknown Source)
2014-04-24T01:02:48.567-04:00: 	at java.awt.EventDispatchThread.pumpEventsForFilter(Unknown Source)
2014-04-24T01:02:48.567-04:00: 	at java.awt.EventDispatchThread.pumpEventsForHierarchy(Unknown Source)
2014-04-24T01:02:48.567-04:00: 	at java.awt.EventDispatchThread.pumpEvents(Unknown Source)
2014-04-24T01:02:48.583-04:00: 	at java.awt.EventDispatchThread.pumpEvents(Unknown Source)
2014-04-24T01:02:48.583-04:00: 	at java.awt.EventDispatchThread.run(Unknown Source)
2014-04-24T01:03:15.239-04:00: a89ea0a89ea0e08ea49eaa9c88e103f0f00f0ff0f000000000000000000000000000000000000000000000000000000000000000000000000000000000000000000000000000000000000000000000000000000000000000000000000000000000000000000000000000000000000000000000000000000000000000000000000000000000000000000000000000000000000000000000000000000000000000000000000000000000000000000000000000000000000000000000000000000000000000000000000000000000000000000000000000000000000000000000000000000000000000000000000000000000000000000000000000000000000000000000000000000000000000000000000000000000000000000000000000000000000000000000000000000000000000000000000000000000000000
2014-04-24T01:03:15.239-04:00: a8
2014-04-24T01:03:15.239-04:00: 9e
2014-04-24T01:03:15.239-04:00: a0
2014-04-24T01:03:15.239-04:00: a8
2014-04-24T01:03:15.239-04:00: 9e
2014-04-24T01:03:15.239-04:00: a0
2014-04-24T01:03:15.255-04:00: e0
2014-04-24T01:03:15.255-04:00: 8e
2014-04-24T01:03:15.255-04:00: a4
2014-04-24T01:03:15.255-04:00: 9e
2014-04-24T01:03:15.255-04:00: aa
2014-04-24T01:03:15.255-04:00: 9c
2014-04-24T01:03:15.255-04:00: 88
2014-04-24T01:03:15.255-04:00: e1
2014-04-24T01:03:15.255-04:00: 03
2014-04-24T01:03:15.255-04:00: f0
2014-04-24T01:03:15.255-04:00: f0
2014-04-24T01:03:15.255-04:00: 0f
2014-04-24T01:03:15.255-04:00: 0f
2014-04-24T01:03:15.255-04:00: f0
2014-04-24T01:03:15.255-04:00: f0
2014-04-24T01:03:15.255-04:00: 00
2014-04-24T01:03:15.255-04:00: 00
2014-04-24T01:03:15.255-04:00: 00
2014-04-24T01:03:15.255-04:00: 00
2014-04-24T01:03:15.255-04:00: 00
2014-04-24T01:03:15.255-04:00: 00
2014-04-24T01:03:15.255-04:00: 00
2014-04-24T01:03:15.255-04:00: 00
2014-04-24T01:03:15.255-04:00: 00
2014-04-24T01:03:15.270-04:00: 00
2014-04-24T01:03:15.270-04:00: 00
2014-04-24T01:03:15.270-04:00: 00
2014-04-24T01:03:15.270-04:00: 00
2014-04-24T01:03:15.270-04:00: 00
2014-04-24T01:03:15.270-04:00: 00
2014-04-24T01:03:15.270-04:00: 00
2014-04-24T01:03:15.270-04:00: 00
2014-04-24T01:03:15.270-04:00: 00
2014-04-24T01:03:15.270-04:00: 00
2014-04-24T01:03:15.270-04:00: 00
2014-04-24T01:03:15.270-04:00: 00
2014-04-24T01:03:15.270-04:00: 00
2014-04-24T01:03:15.270-04:00: 00
2014-04-24T01:03:15.270-04:00: 00
2014-04-24T01:03:15.270-04:00: 00
2014-04-24T01:03:15.270-04:00: 00
2014-04-24T01:03:15.270-04:00: 00
2014-04-24T01:03:15.270-04:00: 00
2014-04-24T01:03:15.270-04:00: 00
2014-04-24T01:03:15.270-04:00: 00
2014-04-24T01:03:15.286-04:00: 00
2014-04-24T01:03:15.286-04:00: 00
2014-04-24T01:03:15.286-04:00: 00
2014-04-24T01:03:15.286-04:00: 00
2014-04-24T01:03:15.286-04:00: 00
2014-04-24T01:03:15.286-04:00: 00
2014-04-24T01:03:15.286-04:00: 00
2014-04-24T01:03:15.286-04:00: 00
2014-04-24T01:03:15.286-04:00: 00
2014-04-24T01:03:15.286-04:00: 00
2014-04-24T01:03:15.286-04:00: 00
2014-04-24T01:03:15.286-04:00: 00
2014-04-24T01:03:15.286-04:00: 00
2014-04-24T01:03:15.286-04:00: 00
2014-04-24T01:03:15.286-04:00: 00
2014-04-24T01:03:15.286-04:00: 00
2014-04-24T01:03:15.286-04:00: 00
2014-04-24T01:03:15.286-04:00: 00
2014-04-24T01:03:15.286-04:00: 00
2014-04-24T01:03:15.286-04:00: 00
2014-04-24T01:03:15.286-04:00: 00
2014-04-24T01:03:15.286-04:00: 00
2014-04-24T01:03:15.286-04:00: 00
2014-04-24T01:03:15.286-04:00: 00
2014-04-24T01:03:15.286-04:00: 00
2014-04-24T01:03:15.286-04:00: 00
2014-04-24T01:03:15.286-04:00: 00
2014-04-24T01:03:15.286-04:00: 00
2014-04-24T01:03:15.286-04:00: 00
2014-04-24T01:03:15.286-04:00: 00
2014-04-24T01:03:15.286-04:00: 00
2014-04-24T01:03:15.286-04:00: 00
2014-04-24T01:03:15.286-04:00: 00
2014-04-24T01:03:15.286-04:00: 00
2014-04-24T01:03:15.286-04:00: 00
2014-04-24T01:03:15.286-04:00: 00
2014-04-24T01:03:15.286-04:00: 00
2014-04-24T01:03:15.286-04:00: 00
2014-04-24T01:03:15.286-04:00: 00
2014-04-24T01:03:15.286-04:00: 00
2014-04-24T01:03:15.286-04:00: 00
2014-04-24T01:03:15.286-04:00: 00
2014-04-24T01:03:15.286-04:00: 00
2014-04-24T01:03:15.286-04:00: 00
2014-04-24T01:03:15.286-04:00: 00
2014-04-24T01:03:15.286-04:00: 00
2014-04-24T01:03:15.286-04:00: 00
2014-04-24T01:03:15.286-04:00: 00
2014-04-24T01:03:15.286-04:00: 00
2014-04-24T01:03:15.286-04:00: 00
2014-04-24T01:03:15.286-04:00: 00
2014-04-24T01:03:15.286-04:00: 00
2014-04-24T01:03:15.286-04:00: 00
2014-04-24T01:03:15.286-04:00: 00
2014-04-24T01:03:15.286-04:00: 00
2014-04-24T01:03:15.286-04:00: 00
2014-04-24T01:03:15.286-04:00: 00
2014-04-24T01:03:15.302-04:00: 00
2014-04-24T01:03:15.302-04:00: 00
2014-04-24T01:03:15.302-04:00: 00
2014-04-24T01:03:15.302-04:00: 00
2014-04-24T01:03:15.302-04:00: 00
2014-04-24T01:03:15.302-04:00: 00
2014-04-24T01:03:15.302-04:00: 00
2014-04-24T01:03:15.302-04:00: 00
2014-04-24T01:03:15.302-04:00: 00
2014-04-24T01:03:15.302-04:00: 00
2014-04-24T01:03:15.302-04:00: 00
2014-04-24T01:03:15.302-04:00: 00
2014-04-24T01:03:15.302-04:00: 00
2014-04-24T01:03:15.302-04:00: 00
2014-04-24T01:03:15.302-04:00: 00
2014-04-24T01:03:15.302-04:00: 00
2014-04-24T01:03:15.302-04:00: 00
2014-04-24T01:03:15.302-04:00: 00
2014-04-24T01:03:15.302-04:00: 00
2014-04-24T01:03:15.302-04:00: 00
2014-04-24T01:03:15.302-04:00: 00
2014-04-24T01:03:15.302-04:00: 00
2014-04-24T01:03:15.302-04:00: 00
2014-04-24T01:03:15.302-04:00: 00
2014-04-24T01:03:15.302-04:00: 00
2014-04-24T01:03:15.302-04:00: 00
2014-04-24T01:03:15.302-04:00: 00
2014-04-24T01:03:15.302-04:00: 00
2014-04-24T01:03:15.302-04:00: 00
2014-04-24T01:03:15.302-04:00: 00
2014-04-24T01:03:15.302-04:00: 00
2014-04-24T01:03:15.302-04:00: 00
2014-04-24T01:03:15.302-04:00: 00
2014-04-24T01:03:15.302-04:00: 00
2014-04-24T01:03:15.302-04:00: 00
2014-04-24T01:03:15.302-04:00: 00
2014-04-24T01:03:15.302-04:00: 00
2014-04-24T01:03:15.302-04:00: 00
2014-04-24T01:03:15.302-04:00: 00
2014-04-24T01:03:15.302-04:00: 00
2014-04-24T01:03:15.302-04:00: 00
2014-04-24T01:03:15.302-04:00: 00
2014-04-24T01:03:15.302-04:00: 00
2014-04-24T01:03:15.302-04:00: 00
2014-04-24T01:03:15.302-04:00: 00
2014-04-24T01:03:15.302-04:00: 00
2014-04-24T01:03:15.302-04:00: 00
2014-04-24T01:03:15.317-04:00: 00
2014-04-24T01:03:15.317-04:00: 00
2014-04-24T01:03:15.317-04:00: 00
2014-04-24T01:03:15.317-04:00: 00
2014-04-24T01:03:15.317-04:00: 00
2014-04-24T01:03:15.317-04:00: 00
2014-04-24T01:03:15.317-04:00: 00
2014-04-24T01:03:15.317-04:00: 00
2014-04-24T01:03:15.317-04:00: 00
2014-04-24T01:03:15.317-04:00: 00
2014-04-24T01:03:15.317-04:00: 00
2014-04-24T01:03:15.317-04:00: 00
2014-04-24T01:03:15.317-04:00: 00
2014-04-24T01:03:15.317-04:00: 00
2014-04-24T01:03:15.317-04:00: 00
2014-04-24T01:03:15.317-04:00: 00
2014-04-24T01:03:15.317-04:00: 00
2014-04-24T01:03:15.317-04:00: 00
2014-04-24T01:03:15.317-04:00: 00
2014-04-24T01:03:15.317-04:00: 00
2014-04-24T01:03:15.317-04:00: 00
2014-04-24T01:03:15.317-04:00: 00
2014-04-24T01:03:15.317-04:00: 00
2014-04-24T01:03:15.317-04:00: 00
2014-04-24T01:03:15.317-04:00: 00
2014-04-24T01:03:15.317-04:00: 00
2014-04-24T01:03:15.317-04:00: 00
2014-04-24T01:03:15.317-04:00: 00
2014-04-24T01:03:15.317-04:00: 00
2014-04-24T01:03:15.317-04:00: 00
2014-04-24T01:03:15.317-04:00: 00
2014-04-24T01:03:15.317-04:00: 00
2014-04-24T01:03:15.317-04:00: 00
2014-04-24T01:03:15.317-04:00: 00
2014-04-24T01:03:15.317-04:00: 00
2014-04-24T01:03:15.317-04:00: 00
2014-04-24T01:03:15.317-04:00: 00
2014-04-24T01:03:15.317-04:00: 00
2014-04-24T01:03:15.317-04:00: 00
2014-04-24T01:03:15.317-04:00: 00
2014-04-24T01:03:15.317-04:00: 00
2014-04-24T01:03:15.317-04:00: 00
2014-04-24T01:03:15.317-04:00: 00
2014-04-24T01:03:15.317-04:00: 00
2014-04-24T01:03:15.317-04:00: 00
2014-04-24T01:03:15.317-04:00: 00
2014-04-24T01:03:15.317-04:00: 00
2014-04-24T01:03:15.317-04:00: 00
2014-04-24T01:03:15.317-04:00: 00
2014-04-24T01:03:15.317-04:00: 00
2014-04-24T01:03:15.317-04:00: 00
2014-04-24T01:03:15.317-04:00: 00
2014-04-24T01:03:15.317-04:00: 00
2014-04-24T01:03:15.317-04:00: 00
2014-04-24T01:03:15.317-04:00: 00
2014-04-24T01:03:15.317-04:00: 00
2014-04-24T01:03:15.317-04:00: 00
2014-04-24T01:03:15.317-04:00: 00
2014-04-24T01:03:15.333-04:00: 00
2014-04-24T01:03:15.333-04:00: 00
2014-04-24T01:03:15.333-04:00: 00
2014-04-24T01:03:15.333-04:00: 00
2014-04-24T01:03:15.333-04:00: 00
2014-04-24T01:03:15.333-04:00: 00
2014-04-24T01:03:15.333-04:00: 00
2014-04-24T01:03:15.333-04:00: 00
2014-04-24T01:03:15.333-04:00: 00
2014-04-24T01:03:15.333-04:00: 00
2014-04-24T01:03:15.333-04:00: 00
2014-04-24T01:03:15.333-04:00: 00
2014-04-24T01:03:15.333-04:00: 00
2014-04-24T01:03:15.333-04:00: 00
2014-04-24T01:03:15.333-04:00: 00
2014-04-24T01:03:15.333-04:00: 00
2014-04-24T01:03:15.333-04:00: 00
2014-04-24T01:03:15.333-04:00: 00
2014-04-24T01:03:15.333-04:00: 00
2014-04-24T01:03:15.333-04:00: 00
2014-04-24T01:03:15.333-04:00: 00
2014-04-24T01:03:15.333-04:00: 00
2014-04-24T01:03:15.333-04:00: 00
2014-04-24T01:03:15.333-04:00: 00
2014-04-24T01:03:15.333-04:00: 00
2014-04-24T01:03:15.333-04:00: 00
2014-04-24T01:03:15.333-04:00: 00
2014-04-24T01:03:15.333-04:00: 00
2014-04-24T01:03:15.333-04:00: 00
2014-04-24T01:03:15.333-04:00: 00
2014-04-24T01:03:15.333-04:00: 00
2014-04-24T01:03:15.333-04:00: 00
2014-04-24T01:03:15.333-04:00: 00
2014-04-24T01:03:15.333-04:00: 00
2014-04-24T01:03:15.333-04:00: 00
2014-04-24T01:03:15.333-04:00: 00
2014-04-24T01:03:15.333-04:00: 00
2014-04-24T01:03:15.333-04:00: 00
2014-04-24T01:03:15.333-04:00: 00
2014-04-24T01:03:15.333-04:00: 00
2014-04-24T01:03:15.333-04:00: 00
2014-04-24T01:03:15.333-04:00: 00
2014-04-24T01:03:15.333-04:00: 00
2014-04-24T01:03:15.333-04:00: 00
2014-04-24T01:03:15.333-04:00: 00
2014-04-24T01:03:15.333-04:00: 00
2014-04-24T01:03:15.333-04:00: 00
2014-04-24T01:03:15.333-04:00: 00
2014-04-24T01:03:15.333-04:00: 00
2014-04-24T01:03:15.333-04:00: 00
2014-04-24T01:03:15.333-04:00: 00
2014-04-24T01:03:15.333-04:00: 00
2014-04-24T01:03:15.333-04:00: 00
2014-04-24T01:03:15.333-04:00: 00
2014-04-24T01:03:15.333-04:00: 00
2014-04-24T01:03:15.333-04:00: 00
2014-04-24T01:03:15.333-04:00: 00
2014-04-24T01:03:15.333-04:00: 00
2014-04-24T01:03:15.333-04:00: 00
2014-04-24T01:03:15.333-04:00: 00
2014-04-24T01:03:15.333-04:00: 00
2014-04-24T01:03:15.333-04:00: 00
2014-04-24T01:03:15.333-04:00: 00
2014-04-24T01:03:15.333-04:00: 00
2014-04-24T01:03:15.349-04:00: 00
2014-04-24T01:03:15.349-04:00: 00
2014-04-24T01:03:15.349-04:00: 00
2014-04-24T01:03:15.349-04:00: 00
2014-04-24T01:03:15.349-04:00: 00
2014-04-24T01:03:15.349-04:00: 00
2014-04-24T01:03:15.349-04:00: 00
2014-04-24T01:03:15.349-04:00: 00
2014-04-24T01:03:15.349-04:00: 00
2014-04-24T01:03:15.349-04:00: 00
2014-04-24T01:03:15.349-04:00: 00
2014-04-24T01:03:15.349-04:00: 00
2014-04-24T01:03:15.349-04:00: 00
2014-04-24T01:03:15.349-04:00: 00
2014-04-24T01:03:15.349-04:00: 00
2014-04-24T01:03:15.349-04:00: 00
2014-04-24T01:03:15.349-04:00: 00
2014-04-24T01:03:15.349-04:00: 00
2014-04-24T01:03:15.349-04:00: 00
2014-04-24T01:03:15.349-04:00: 00
2014-04-24T01:03:15.349-04:00: 00
2014-04-24T01:03:15.349-04:00: 00
2014-04-24T01:03:15.349-04:00: 00
2014-04-24T01:03:15.349-04:00: 00
2014-04-24T01:03:15.349-04:00: 00
2014-04-24T01:03:15.349-04:00: 00
2014-04-24T01:03:15.349-04:00: 00
2014-04-24T01:03:15.349-04:00: 00
2014-04-24T01:03:15.349-04:00: 00
2014-04-24T01:03:15.349-04:00: 00
2014-04-24T01:03:15.349-04:00: 00
2014-04-24T01:03:15.349-04:00: 00
2014-04-24T01:03:15.349-04:00: 00
2014-04-24T01:03:15.349-04:00: 00
2014-04-24T01:03:15.349-04:00: 00
2014-04-24T01:03:15.349-04:00: 00
2014-04-24T01:03:15.349-04:00: 00
2014-04-24T01:03:15.349-04:00: 00
2014-04-24T01:03:15.349-04:00: 00
2014-04-24T01:03:32.099-04:00: a89ea0a89ea0e08ea49eaa9c88e103f0f00f0ff0f000000000000000000000000000000000000000000000000000000000000000000000000000000000000000000000000000000000000000000000000000000000000000000000000000000000000000000000000000000000000000000000000000000000000000000000000000000000000000000000000000000000000000000000000000000000000000000000000000000000000000000000000000000000000000000000000000000000000000000000000000000000000000000000000000000000000000000000000000000000000000000000000000000000000000000000000000000000000000000000000000000000000000000000000000000000000000000000000000000000000000000000000000000000000000000000000000000000000000
2014-04-24T01:03:32.114-04:00: a8
2014-04-24T01:03:32.114-04:00: 9e
2014-04-24T01:03:32.114-04:00: a0
2014-04-24T01:03:32.114-04:00: a8
2014-04-24T01:03:32.114-04:00: 9e
2014-04-24T01:03:32.114-04:00: a0
2014-04-24T01:03:32.114-04:00: e0
2014-04-24T01:03:32.114-04:00: 8e
2014-04-24T01:03:32.114-04:00: a4
2014-04-24T01:03:32.114-04:00: 9e
2014-04-24T01:03:32.114-04:00: aa
2014-04-24T01:03:32.114-04:00: 9c
2014-04-24T01:03:32.114-04:00: 88
2014-04-24T01:03:32.114-04:00: e1
2014-04-24T01:03:32.114-04:00: 03
2014-04-24T01:03:32.114-04:00: f0
2014-04-24T01:03:32.114-04:00: f0
2014-04-24T01:03:32.114-04:00: 0f
2014-04-24T01:03:32.114-04:00: 0f
2014-04-24T01:03:32.114-04:00: f0
2014-04-24T01:03:32.114-04:00: f0
2014-04-24T01:03:32.114-04:00: 00
2014-04-24T01:03:32.114-04:00: 00
2014-04-24T01:03:32.114-04:00: 00
2014-04-24T01:03:32.114-04:00: 00
2014-04-24T01:03:32.114-04:00: 00
2014-04-24T01:03:32.114-04:00: 00
2014-04-24T01:03:32.114-04:00: 00
2014-04-24T01:03:32.130-04:00: 00
2014-04-24T01:03:32.130-04:00: 00
2014-04-24T01:03:32.130-04:00: 00
2014-04-24T01:03:32.130-04:00: 00
2014-04-24T01:03:32.145-04:00: 00
2014-04-24T01:03:32.145-04:00: 00
2014-04-24T01:03:32.145-04:00: 00
2014-04-24T01:03:32.145-04:00: 00
2014-04-24T01:03:32.145-04:00: 00
2014-04-24T01:03:32.145-04:00: 00
2014-04-24T01:03:32.145-04:00: 00
2014-04-24T01:03:32.145-04:00: 00
2014-04-24T01:03:32.145-04:00: 00
2014-04-24T01:03:32.145-04:00: 00
2014-04-24T01:03:32.145-04:00: 00
2014-04-24T01:03:32.145-04:00: 00
2014-04-24T01:03:32.145-04:00: 00
2014-04-24T01:03:32.145-04:00: 00
2014-04-24T01:03:32.145-04:00: 00
2014-04-24T01:03:32.145-04:00: 00
2014-04-24T01:03:32.145-04:00: 00
2014-04-24T01:03:32.145-04:00: 00
2014-04-24T01:03:32.145-04:00: 00
2014-04-24T01:03:32.145-04:00: 00
2014-04-24T01:03:32.145-04:00: 00
2014-04-24T01:03:32.145-04:00: 00
2014-04-24T01:03:32.145-04:00: 00
2014-04-24T01:03:32.145-04:00: 00
2014-04-24T01:03:32.161-04:00: 00
2014-04-24T01:03:32.161-04:00: 00
2014-04-24T01:03:32.161-04:00: 00
2014-04-24T01:03:32.161-04:00: 00
2014-04-24T01:03:32.161-04:00: 00
2014-04-24T01:03:32.161-04:00: 00
2014-04-24T01:03:32.161-04:00: 00
2014-04-24T01:03:32.161-04:00: 00
2014-04-24T01:03:32.161-04:00: 00
2014-04-24T01:03:32.161-04:00: 00
2014-04-24T01:03:32.161-04:00: 00
2014-04-24T01:03:32.161-04:00: 00
2014-04-24T01:03:32.161-04:00: 00
2014-04-24T01:03:32.161-04:00: 00
2014-04-24T01:03:32.161-04:00: 00
2014-04-24T01:03:32.161-04:00: 00
2014-04-24T01:03:32.161-04:00: 00
2014-04-24T01:03:32.161-04:00: 00
2014-04-24T01:03:32.161-04:00: 00
2014-04-24T01:03:32.161-04:00: 00
2014-04-24T01:03:32.161-04:00: 00
2014-04-24T01:03:32.161-04:00: 00
2014-04-24T01:03:32.161-04:00: 00
2014-04-24T01:03:32.161-04:00: 00
2014-04-24T01:03:32.161-04:00: 00
2014-04-24T01:03:32.161-04:00: 00
2014-04-24T01:03:32.161-04:00: 00
2014-04-24T01:03:32.161-04:00: 00
2014-04-24T01:03:32.161-04:00: 00
2014-04-24T01:03:32.161-04:00: 00
2014-04-24T01:03:32.161-04:00: 00
2014-04-24T01:03:32.161-04:00: 00
2014-04-24T01:03:32.177-04:00: 00
2014-04-24T01:03:32.177-04:00: 00
2014-04-24T01:03:32.177-04:00: 00
2014-04-24T01:03:32.177-04:00: 00
2014-04-24T01:03:32.177-04:00: 00
2014-04-24T01:03:32.177-04:00: 00
2014-04-24T01:03:32.177-04:00: 00
2014-04-24T01:03:32.177-04:00: 00
2014-04-24T01:03:32.177-04:00: 00
2014-04-24T01:03:32.177-04:00: 00
2014-04-24T01:03:32.177-04:00: 00
2014-04-24T01:03:32.177-04:00: 00
2014-04-24T01:03:32.177-04:00: 00
2014-04-24T01:03:32.177-04:00: 00
2014-04-24T01:03:32.177-04:00: 00
2014-04-24T01:03:32.177-04:00: 00
2014-04-24T01:03:32.177-04:00: 00
2014-04-24T01:03:32.177-04:00: 00
2014-04-24T01:03:32.177-04:00: 00
2014-04-24T01:03:32.177-04:00: 00
2014-04-24T01:03:32.177-04:00: 00
2014-04-24T01:03:32.177-04:00: 00
2014-04-24T01:03:32.177-04:00: 00
2014-04-24T01:03:32.177-04:00: 00
2014-04-24T01:03:32.177-04:00: 00
2014-04-24T01:03:32.177-04:00: 00
2014-04-24T01:03:32.177-04:00: 00
2014-04-24T01:03:32.177-04:00: 00
2014-04-24T01:03:32.177-04:00: 00
2014-04-24T01:03:32.177-04:00: 00
2014-04-24T01:03:32.192-04:00: 00
2014-04-24T01:03:32.192-04:00: 00
2014-04-24T01:03:32.192-04:00: 00
2014-04-24T01:03:32.192-04:00: 00
2014-04-24T01:03:32.192-04:00: 00
2014-04-24T01:03:32.192-04:00: 00
2014-04-24T01:03:32.192-04:00: 00
2014-04-24T01:03:32.192-04:00: 00
2014-04-24T01:03:32.192-04:00: 00
2014-04-24T01:03:32.192-04:00: 00
2014-04-24T01:03:32.192-04:00: 00
2014-04-24T01:03:32.192-04:00: 00
2014-04-24T01:03:32.192-04:00: 00
2014-04-24T01:03:32.192-04:00: 00
2014-04-24T01:03:32.192-04:00: 00
2014-04-24T01:03:32.192-04:00: 00
2014-04-24T01:03:32.192-04:00: 00
2014-04-24T01:03:32.192-04:00: 00
2014-04-24T01:03:32.192-04:00: 00
2014-04-24T01:03:32.192-04:00: 00
2014-04-24T01:03:32.192-04:00: 00
2014-04-24T01:03:32.192-04:00: 00
2014-04-24T01:03:32.192-04:00: 00
2014-04-24T01:03:32.192-04:00: 00
2014-04-24T01:03:32.192-04:00: 00
2014-04-24T01:03:32.192-04:00: 00
2014-04-24T01:03:32.192-04:00: 00
2014-04-24T01:03:32.192-04:00: 00
2014-04-24T01:03:32.192-04:00: 00
2014-04-24T01:03:32.192-04:00: 00
2014-04-24T01:03:32.192-04:00: 00
2014-04-24T01:03:32.192-04:00: 00
2014-04-24T01:03:32.192-04:00: 00
2014-04-24T01:03:32.192-04:00: 00
2014-04-24T01:03:32.192-04:00: 00
2014-04-24T01:03:32.192-04:00: 00
2014-04-24T01:03:32.192-04:00: 00
2014-04-24T01:03:32.192-04:00: 00
2014-04-24T01:03:32.192-04:00: 00
2014-04-24T01:03:32.192-04:00: 00
2014-04-24T01:03:32.192-04:00: 00
2014-04-24T01:03:32.192-04:00: 00
2014-04-24T01:03:32.192-04:00: 00
2014-04-24T01:03:32.192-04:00: 00
2014-04-24T01:03:32.192-04:00: 00
2014-04-24T01:03:32.192-04:00: 00
2014-04-24T01:03:32.192-04:00: 00
2014-04-24T01:03:32.192-04:00: 00
2014-04-24T01:03:32.192-04:00: 00
2014-04-24T01:03:32.192-04:00: 00
2014-04-24T01:03:32.192-04:00: 00
2014-04-24T01:03:32.192-04:00: 00
2014-04-24T01:03:32.192-04:00: 00
2014-04-24T01:03:32.192-04:00: 00
2014-04-24T01:03:32.192-04:00: 00
2014-04-24T01:03:32.192-04:00: 00
2014-04-24T01:03:32.192-04:00: 00
2014-04-24T01:03:32.192-04:00: 00
2014-04-24T01:03:32.192-04:00: 00
2014-04-24T01:03:32.192-04:00: 00
2014-04-24T01:03:32.192-04:00: 00
2014-04-24T01:03:32.192-04:00: 00
2014-04-24T01:03:32.192-04:00: 00
2014-04-24T01:03:32.192-04:00: 00
2014-04-24T01:03:32.192-04:00: 00
2014-04-24T01:03:32.192-04:00: 00
2014-04-24T01:03:32.192-04:00: 00
2014-04-24T01:03:32.192-04:00: 00
2014-04-24T01:03:32.192-04:00: 00
2014-04-24T01:03:32.192-04:00: 00
2014-04-24T01:03:32.192-04:00: 00
2014-04-24T01:03:32.192-04:00: 00
2014-04-24T01:03:32.192-04:00: 00
2014-04-24T01:03:32.208-04:00: 00
2014-04-24T01:03:32.208-04:00: 00
2014-04-24T01:03:32.208-04:00: 00
2014-04-24T01:03:32.208-04:00: 00
2014-04-24T01:03:32.208-04:00: 00
2014-04-24T01:03:32.208-04:00: 00
2014-04-24T01:03:32.208-04:00: 00
2014-04-24T01:03:32.208-04:00: 00
2014-04-24T01:03:32.208-04:00: 00
2014-04-24T01:03:32.208-04:00: 00
2014-04-24T01:03:32.208-04:00: 00
2014-04-24T01:03:32.208-04:00: 00
2014-04-24T01:03:32.208-04:00: 00
2014-04-24T01:03:32.208-04:00: 00
2014-04-24T01:03:32.208-04:00: 00
2014-04-24T01:03:32.208-04:00: 00
2014-04-24T01:03:32.208-04:00: 00
2014-04-24T01:03:32.208-04:00: 00
2014-04-24T01:03:32.208-04:00: 00
2014-04-24T01:03:32.208-04:00: 00
2014-04-24T01:03:32.208-04:00: 00
2014-04-24T01:03:32.208-04:00: 00
2014-04-24T01:03:32.208-04:00: 00
2014-04-24T01:03:32.208-04:00: 00
2014-04-24T01:03:32.208-04:00: 00
2014-04-24T01:03:32.208-04:00: 00
2014-04-24T01:03:32.208-04:00: 00
2014-04-24T01:03:32.208-04:00: 00
2014-04-24T01:03:32.208-04:00: 00
2014-04-24T01:03:32.208-04:00: 00
2014-04-24T01:03:32.208-04:00: 00
2014-04-24T01:03:32.208-04:00: 00
2014-04-24T01:03:32.208-04:00: 00
2014-04-24T01:03:32.208-04:00: 00
2014-04-24T01:03:32.208-04:00: 00
2014-04-24T01:03:32.208-04:00: 00
2014-04-24T01:03:32.208-04:00: 00
2014-04-24T01:03:32.208-04:00: 00
2014-04-24T01:03:32.208-04:00: 00
2014-04-24T01:03:32.208-04:00: 00
2014-04-24T01:03:32.208-04:00: 00
2014-04-24T01:03:32.208-04:00: 00
2014-04-24T01:03:32.208-04:00: 00
2014-04-24T01:03:32.208-04:00: 00
2014-04-24T01:03:32.208-04:00: 00
2014-04-24T01:03:32.208-04:00: 00
2014-04-24T01:03:32.208-04:00: 00
2014-04-24T01:03:32.208-04:00: 00
2014-04-24T01:03:32.208-04:00: 00
2014-04-24T01:03:32.208-04:00: 00
2014-04-24T01:03:32.208-04:00: 00
2014-04-24T01:03:32.208-04:00: 00
2014-04-24T01:03:32.208-04:00: 00
2014-04-24T01:03:32.208-04:00: 00
2014-04-24T01:03:32.208-04:00: 00
2014-04-24T01:03:32.208-04:00: 00
2014-04-24T01:03:32.208-04:00: 00
2014-04-24T01:03:32.208-04:00: 00
2014-04-24T01:03:32.208-04:00: 00
2014-04-24T01:03:32.208-04:00: 00
2014-04-24T01:03:32.208-04:00: 00
2014-04-24T01:03:32.208-04:00: 00
2014-04-24T01:03:32.208-04:00: 00
2014-04-24T01:03:32.208-04:00: 00
2014-04-24T01:03:32.208-04:00: 00
2014-04-24T01:03:32.208-04:00: 00
2014-04-24T01:03:32.208-04:00: 00
2014-04-24T01:03:32.208-04:00: 00
2014-04-24T01:03:32.208-04:00: 00
2014-04-24T01:03:32.208-04:00: 00
2014-04-24T01:03:32.208-04:00: 00
2014-04-24T01:03:32.208-04:00: 00
2014-04-24T01:03:32.208-04:00: 00
2014-04-24T01:03:32.208-04:00: 00
2014-04-24T01:03:32.208-04:00: 00
2014-04-24T01:03:32.208-04:00: 00
2014-04-24T01:03:32.208-04:00: 00
2014-04-24T01:03:32.208-04:00: 00
2014-04-24T01:03:32.208-04:00: 00
2014-04-24T01:03:32.224-04:00: 00
2014-04-24T01:03:32.224-04:00: 00
2014-04-24T01:03:32.224-04:00: 00
2014-04-24T01:03:32.224-04:00: 00
2014-04-24T01:03:32.224-04:00: 00
2014-04-24T01:03:32.224-04:00: 00
2014-04-24T01:03:32.224-04:00: 00
2014-04-24T01:03:32.224-04:00: 00
2014-04-24T01:03:32.224-04:00: 00
2014-04-24T01:03:32.224-04:00: 00
2014-04-24T01:03:32.224-04:00: 00
2014-04-24T01:03:32.224-04:00: 00
2014-04-24T01:03:32.224-04:00: 00
2014-04-24T01:03:32.224-04:00: 00
2014-04-24T01:03:32.224-04:00: 00
2014-04-24T01:03:32.224-04:00: 00
2014-04-24T01:03:32.224-04:00: 00
2014-04-24T01:03:32.224-04:00: 00
2014-04-24T01:03:32.224-04:00: 00
2014-04-24T01:03:32.224-04:00: 00
2014-04-24T01:03:32.224-04:00: 00
2014-04-24T01:03:32.224-04:00: 00
2014-04-24T01:03:32.224-04:00: 00
2014-04-24T01:03:32.224-04:00: 00
2014-04-24T01:03:32.224-04:00: 00
2014-04-24T01:03:32.224-04:00: 00
2014-04-24T01:03:32.224-04:00: 00
2014-04-24T01:03:32.224-04:00: 00
2014-04-24T01:03:32.224-04:00: 00
2014-04-24T01:03:32.224-04:00: 00
2014-04-24T01:03:32.224-04:00: 00
2014-04-24T01:03:32.224-04:00: 00
2014-04-24T01:03:32.224-04:00: 00
2014-04-24T01:03:32.224-04:00: 00
2014-04-24T01:03:32.224-04:00: 00
2014-04-24T01:03:32.224-04:00: 00
2014-04-24T01:03:32.224-04:00: 00
2014-04-24T01:03:32.224-04:00: 00
2014-04-24T01:03:32.224-04:00: 00
2014-04-24T01:03:32.224-04:00: 00
2014-04-24T01:03:32.224-04:00: 00
2014-04-24T01:03:32.224-04:00: 00
2014-04-24T01:03:32.224-04:00: 00
2014-04-24T01:03:32.224-04:00: 00
2014-04-24T01:03:32.224-04:00: 00
2014-04-24T01:03:32.224-04:00: 00
2014-04-24T01:03:32.880-04:00: a89ea0a89ea0e08ea49eaa9c88e103f0f00f0ff0f000000000000000000000000000000000000000000000000000000000000000000000000000000000000000000000000000000000000000000000000000000000000000000000000000000000000000000000000000000000000000000000000000000000000000000000000000000000000000000000000000000000000000000000000000000000000000000000000000000000000000000000000000000000000000000000000000000000000000000000000000000000000000000000000000000000000000000000000000000000000000000000000000000000000000000000000000000000000000000000000000000000000000000000000000000000000000000000000000000000000000000000000000000000000000000000000000000000000000
2014-04-24T01:03:32.880-04:00: a8
2014-04-24T01:03:32.880-04:00: 9e
2014-04-24T01:03:32.880-04:00: a0
2014-04-24T01:03:32.880-04:00: a8
2014-04-24T01:03:32.880-04:00: 9e
2014-04-24T01:03:32.880-04:00: a0
2014-04-24T01:03:32.880-04:00: e0
2014-04-24T01:03:32.880-04:00: 8e
2014-04-24T01:03:32.880-04:00: a4
2014-04-24T01:03:32.880-04:00: 9e
2014-04-24T01:03:32.880-04:00: aa
2014-04-24T01:03:32.880-04:00: 9c
2014-04-24T01:03:32.880-04:00: 88
2014-04-24T01:03:32.880-04:00: e1
2014-04-24T01:03:32.880-04:00: 03
2014-04-24T01:03:32.880-04:00: f0
2014-04-24T01:03:32.880-04:00: f0
2014-04-24T01:03:32.880-04:00: 0f
2014-04-24T01:03:32.880-04:00: 0f
2014-04-24T01:03:32.880-04:00: f0
2014-04-24T01:03:32.880-04:00: f0
2014-04-24T01:03:32.895-04:00: 00
2014-04-24T01:03:32.895-04:00: 00
2014-04-24T01:03:32.895-04:00: 00
2014-04-24T01:03:32.895-04:00: 00
2014-04-24T01:03:32.895-04:00: 00
2014-04-24T01:03:32.895-04:00: 00
2014-04-24T01:03:32.895-04:00: 00
2014-04-24T01:03:32.895-04:00: 00
2014-04-24T01:03:32.895-04:00: 00
2014-04-24T01:03:32.895-04:00: 00
2014-04-24T01:03:32.895-04:00: 00
2014-04-24T01:03:32.895-04:00: 00
2014-04-24T01:03:32.895-04:00: 00
2014-04-24T01:03:32.895-04:00: 00
2014-04-24T01:03:32.895-04:00: 00
2014-04-24T01:03:32.895-04:00: 00
2014-04-24T01:03:32.895-04:00: 00
2014-04-24T01:03:32.895-04:00: 00
2014-04-24T01:03:32.895-04:00: 00
2014-04-24T01:03:32.895-04:00: 00
2014-04-24T01:03:32.911-04:00: 00
2014-04-24T01:03:32.911-04:00: 00
2014-04-24T01:03:32.911-04:00: 00
2014-04-24T01:03:32.911-04:00: 00
2014-04-24T01:03:32.911-04:00: 00
2014-04-24T01:03:32.911-04:00: 00
2014-04-24T01:03:32.911-04:00: 00
2014-04-24T01:03:32.911-04:00: 00
2014-04-24T01:03:32.911-04:00: 00
2014-04-24T01:03:32.911-04:00: 00
2014-04-24T01:03:32.911-04:00: 00
2014-04-24T01:03:32.911-04:00: 00
2014-04-24T01:03:32.911-04:00: 00
2014-04-24T01:03:32.911-04:00: 00
2014-04-24T01:03:32.911-04:00: 00
2014-04-24T01:03:32.911-04:00: 00
2014-04-24T01:03:32.911-04:00: 00
2014-04-24T01:03:32.911-04:00: 00
2014-04-24T01:03:32.911-04:00: 00
2014-04-24T01:03:32.911-04:00: 00
2014-04-24T01:03:32.911-04:00: 00
2014-04-24T01:03:32.911-04:00: 00
2014-04-24T01:03:32.911-04:00: 00
2014-04-24T01:03:32.911-04:00: 00
2014-04-24T01:03:32.911-04:00: 00
2014-04-24T01:03:32.911-04:00: 00
2014-04-24T01:03:32.911-04:00: 00
2014-04-24T01:03:32.911-04:00: 00
2014-04-24T01:03:32.911-04:00: 00
2014-04-24T01:03:32.911-04:00: 00
2014-04-24T01:03:32.927-04:00: 00
2014-04-24T01:03:32.927-04:00: 00
2014-04-24T01:03:32.927-04:00: 00
2014-04-24T01:03:32.927-04:00: 00
2014-04-24T01:03:32.927-04:00: 00
2014-04-24T01:03:32.927-04:00: 00
2014-04-24T01:03:32.927-04:00: 00
2014-04-24T01:03:32.927-04:00: 00
2014-04-24T01:03:32.927-04:00: 00
2014-04-24T01:03:32.927-04:00: 00
2014-04-24T01:03:32.927-04:00: 00
2014-04-24T01:03:32.927-04:00: 00
2014-04-24T01:03:32.927-04:00: 00
2014-04-24T01:03:32.927-04:00: 00
2014-04-24T01:03:32.927-04:00: 00
2014-04-24T01:03:32.927-04:00: 00
2014-04-24T01:03:32.927-04:00: 00
2014-04-24T01:03:32.927-04:00: 00
2014-04-24T01:03:32.927-04:00: 00
2014-04-24T01:03:32.927-04:00: 00
2014-04-24T01:03:32.927-04:00: 00
2014-04-24T01:03:32.927-04:00: 00
2014-04-24T01:03:32.927-04:00: 00
2014-04-24T01:03:32.927-04:00: 00
2014-04-24T01:03:32.942-04:00: 00
2014-04-24T01:03:32.942-04:00: 00
2014-04-24T01:03:32.942-04:00: 00
2014-04-24T01:03:32.942-04:00: 00
2014-04-24T01:03:32.942-04:00: 00
2014-04-24T01:03:32.942-04:00: 00
2014-04-24T01:03:32.942-04:00: 00
2014-04-24T01:03:32.942-04:00: 00
2014-04-24T01:03:32.942-04:00: 00
2014-04-24T01:03:32.942-04:00: 00
2014-04-24T01:03:32.942-04:00: 00
2014-04-24T01:03:32.942-04:00: 00
2014-04-24T01:03:32.942-04:00: 00
2014-04-24T01:03:32.942-04:00: 00
2014-04-24T01:03:32.942-04:00: 00
2014-04-24T01:03:32.942-04:00: 00
2014-04-24T01:03:32.942-04:00: 00
2014-04-24T01:03:32.942-04:00: 00
2014-04-24T01:03:32.942-04:00: 00
2014-04-24T01:03:32.942-04:00: 00
2014-04-24T01:03:32.942-04:00: 00
2014-04-24T01:03:32.942-04:00: 00
2014-04-24T01:03:32.942-04:00: 00
2014-04-24T01:03:32.942-04:00: 00
2014-04-24T01:03:32.942-04:00: 00
2014-04-24T01:03:32.942-04:00: 00
2014-04-24T01:03:32.942-04:00: 00
2014-04-24T01:03:32.942-04:00: 00
2014-04-24T01:03:32.942-04:00: 00
2014-04-24T01:03:32.942-04:00: 00
2014-04-24T01:03:32.942-04:00: 00
2014-04-24T01:03:32.942-04:00: 00
2014-04-24T01:03:32.942-04:00: 00
2014-04-24T01:03:32.942-04:00: 00
2014-04-24T01:03:32.942-04:00: 00
2014-04-24T01:03:32.942-04:00: 00
2014-04-24T01:03:32.942-04:00: 00
2014-04-24T01:03:32.942-04:00: 00
2014-04-24T01:03:32.942-04:00: 00
2014-04-24T01:03:32.942-04:00: 00
2014-04-24T01:03:32.958-04:00: 00
2014-04-24T01:03:32.958-04:00: 00
2014-04-24T01:03:32.958-04:00: 00
2014-04-24T01:03:32.958-04:00: 00
2014-04-24T01:03:32.958-04:00: 00
2014-04-24T01:03:32.958-04:00: 00
2014-04-24T01:03:32.958-04:00: 00
2014-04-24T01:03:32.958-04:00: 00
2014-04-24T01:03:32.958-04:00: 00
2014-04-24T01:03:32.958-04:00: 00
2014-04-24T01:03:32.958-04:00: 00
2014-04-24T01:03:32.958-04:00: 00
2014-04-24T01:03:32.958-04:00: 00
2014-04-24T01:03:32.958-04:00: 00
2014-04-24T01:03:32.958-04:00: 00
2014-04-24T01:03:32.958-04:00: 00
2014-04-24T01:03:32.958-04:00: 00
2014-04-24T01:03:32.958-04:00: 00
2014-04-24T01:03:32.958-04:00: 00
2014-04-24T01:03:32.958-04:00: 00
2014-04-24T01:03:32.958-04:00: 00
2014-04-24T01:03:32.958-04:00: 00
2014-04-24T01:03:32.958-04:00: 00
2014-04-24T01:03:32.958-04:00: 00
2014-04-24T01:03:32.958-04:00: 00
2014-04-24T01:03:32.958-04:00: 00
2014-04-24T01:03:32.958-04:00: 00
2014-04-24T01:03:32.958-04:00: 00
2014-04-24T01:03:32.958-04:00: 00
2014-04-24T01:03:32.958-04:00: 00
2014-04-24T01:03:32.958-04:00: 00
2014-04-24T01:03:32.958-04:00: 00
2014-04-24T01:03:32.958-04:00: 00
2014-04-24T01:03:32.958-04:00: 00
2014-04-24T01:03:32.958-04:00: 00
2014-04-24T01:03:32.958-04:00: 00
2014-04-24T01:03:32.958-04:00: 00
2014-04-24T01:03:32.958-04:00: 00
2014-04-24T01:03:32.958-04:00: 00
2014-04-24T01:03:32.958-04:00: 00
2014-04-24T01:03:32.958-04:00: 00
2014-04-24T01:03:32.958-04:00: 00
2014-04-24T01:03:32.958-04:00: 00
2014-04-24T01:03:32.958-04:00: 00
2014-04-24T01:03:32.958-04:00: 00
2014-04-24T01:03:32.958-04:00: 00
2014-04-24T01:03:32.958-04:00: 00
2014-04-24T01:03:32.958-04:00: 00
2014-04-24T01:03:32.958-04:00: 00
2014-04-24T01:03:32.958-04:00: 00
2014-04-24T01:03:32.958-04:00: 00
2014-04-24T01:03:32.958-04:00: 00
2014-04-24T01:03:32.958-04:00: 00
2014-04-24T01:03:32.958-04:00: 00
2014-04-24T01:03:32.958-04:00: 00
2014-04-24T01:03:32.958-04:00: 00
2014-04-24T01:03:32.958-04:00: 00
2014-04-24T01:03:32.958-04:00: 00
2014-04-24T01:03:32.958-04:00: 00
2014-04-24T01:03:32.958-04:00: 00
2014-04-24T01:03:32.958-04:00: 00
2014-04-24T01:03:32.958-04:00: 00
2014-04-24T01:03:32.958-04:00: 00
2014-04-24T01:03:32.958-04:00: 00
2014-04-24T01:03:32.958-04:00: 00
2014-04-24T01:03:32.958-04:00: 00
2014-04-24T01:03:32.958-04:00: 00
2014-04-24T01:03:32.958-04:00: 00
2014-04-24T01:03:32.958-04:00: 00
2014-04-24T01:03:32.958-04:00: 00
2014-04-24T01:03:32.958-04:00: 00
2014-04-24T01:03:32.958-04:00: 00
2014-04-24T01:03:32.958-04:00: 00
2014-04-24T01:03:32.958-04:00: 00
2014-04-24T01:03:32.958-04:00: 00
2014-04-24T01:03:32.958-04:00: 00
2014-04-24T01:03:32.958-04:00: 00
2014-04-24T01:03:32.958-04:00: 00
2014-04-24T01:03:32.958-04:00: 00
2014-04-24T01:03:32.958-04:00: 00
2014-04-24T01:03:32.958-04:00: 00
2014-04-24T01:03:32.958-04:00: 00
2014-04-24T01:03:32.958-04:00: 00
2014-04-24T01:03:32.958-04:00: 00
2014-04-24T01:03:32.958-04:00: 00
2014-04-24T01:03:32.958-04:00: 00
2014-04-24T01:03:32.958-04:00: 00
2014-04-24T01:03:32.958-04:00: 00
2014-04-24T01:03:32.974-04:00: 00
2014-04-24T01:03:32.974-04:00: 00
2014-04-24T01:03:32.974-04:00: 00
2014-04-24T01:03:32.974-04:00: 00
2014-04-24T01:03:32.974-04:00: 00
2014-04-24T01:03:32.974-04:00: 00
2014-04-24T01:03:32.974-04:00: 00
2014-04-24T01:03:32.974-04:00: 00
2014-04-24T01:03:32.974-04:00: 00
2014-04-24T01:03:32.974-04:00: 00
2014-04-24T01:03:32.974-04:00: 00
2014-04-24T01:03:32.974-04:00: 00
2014-04-24T01:03:32.974-04:00: 00
2014-04-24T01:03:32.974-04:00: 00
2014-04-24T01:03:32.974-04:00: 00
2014-04-24T01:03:32.974-04:00: 00
2014-04-24T01:03:32.974-04:00: 00
2014-04-24T01:03:32.974-04:00: 00
2014-04-24T01:03:32.974-04:00: 00
2014-04-24T01:03:32.974-04:00: 00
2014-04-24T01:03:32.974-04:00: 00
2014-04-24T01:03:32.974-04:00: 00
2014-04-24T01:03:32.974-04:00: 00
2014-04-24T01:03:32.974-04:00: 00
2014-04-24T01:03:32.974-04:00: 00
2014-04-24T01:03:32.974-04:00: 00
2014-04-24T01:03:32.974-04:00: 00
2014-04-24T01:03:32.974-04:00: 00
2014-04-24T01:03:32.974-04:00: 00
2014-04-24T01:03:32.974-04:00: 00
2014-04-24T01:03:32.974-04:00: 00
2014-04-24T01:03:32.974-04:00: 00
2014-04-24T01:03:32.974-04:00: 00
2014-04-24T01:03:32.974-04:00: 00
2014-04-24T01:03:32.974-04:00: 00
2014-04-24T01:03:32.974-04:00: 00
2014-04-24T01:03:32.974-04:00: 00
2014-04-24T01:03:32.974-04:00: 00
2014-04-24T01:03:32.974-04:00: 00
2014-04-24T01:03:32.974-04:00: 00
2014-04-24T01:03:32.974-04:00: 00
2014-04-24T01:03:32.974-04:00: 00
2014-04-24T01:03:32.974-04:00: 00
2014-04-24T01:03:32.974-04:00: 00
2014-04-24T01:03:32.974-04:00: 00
2014-04-24T01:03:32.974-04:00: 00
2014-04-24T01:03:32.974-04:00: 00
2014-04-24T01:03:32.974-04:00: 00
2014-04-24T01:03:32.974-04:00: 00
2014-04-24T01:03:32.974-04:00: 00
2014-04-24T01:03:32.974-04:00: 00
2014-04-24T01:03:32.974-04:00: 00
2014-04-24T01:03:32.974-04:00: 00
2014-04-24T01:03:32.974-04:00: 00
2014-04-24T01:03:32.974-04:00: 00
2014-04-24T01:03:32.974-04:00: 00
2014-04-24T01:03:32.974-04:00: 00
2014-04-24T01:03:32.974-04:00: 00
2014-04-24T01:03:32.974-04:00: 00
2014-04-24T01:03:32.974-04:00: 00
2014-04-24T01:03:32.974-04:00: 00
2014-04-24T01:03:32.974-04:00: 00
2014-04-24T01:03:32.974-04:00: 00
2014-04-24T01:03:32.974-04:00: 00
2014-04-24T01:03:32.974-04:00: 00
2014-04-24T01:03:32.974-04:00: 00
2014-04-24T01:03:32.974-04:00: 00
2014-04-24T01:03:32.974-04:00: 00
2014-04-24T01:03:32.974-04:00: 00
2014-04-24T01:03:32.974-04:00: 00
2014-04-24T01:03:32.974-04:00: 00
2014-04-24T01:03:32.974-04:00: 00
2014-04-24T01:03:32.974-04:00: 00
2014-04-24T01:03:32.974-04:00: 00
2014-04-24T01:03:32.974-04:00: 00
2014-04-24T01:03:32.974-04:00: 00
2014-04-24T01:03:32.974-04:00: 00
2014-04-24T01:03:32.974-04:00: 00
2014-04-24T01:03:32.974-04:00: 00
2014-04-24T01:03:32.974-04:00: 00
2014-04-24T01:03:32.974-04:00: 00
2014-04-24T01:03:32.974-04:00: 00
2014-04-24T01:03:32.974-04:00: 00
2014-04-24T01:03:32.974-04:00: 00
2014-04-24T01:03:32.974-04:00: 00
2014-04-24T01:03:32.974-04:00: 00
2014-04-24T01:03:32.974-04:00: 00
2014-04-24T01:03:32.974-04:00: 00
2014-04-24T01:03:32.974-04:00: 00
2014-04-24T01:03:32.974-04:00: 00
2014-04-24T01:03:32.989-04:00: 00
2014-04-24T01:03:32.989-04:00: 00
2014-04-24T01:03:32.989-04:00: 00
2014-04-24T01:03:34.489-04:00: a89ea0a89ea0e08ea49eaa9c88e103f0f00f0ff0f000000000000000000000000000000000000000000000000000000000000000000000000000000000000000000000000000000000000000000000000000000000000000000000000000000000000000000000000000000000000000000000000000000000000000000000000000000000000000000000000000000000000000000000000000000000000000000000000000000000000000000000000000000000000000000000000000000000000000000000000000000000000000000000000000000000000000000000000000000000000000000000000000000000000000000000000000000000000000000000000000000000000000000000000000000000000000000000000000000000000000000000000000000000000000000000000000000000000000
2014-04-24T01:03:34.489-04:00: a8
2014-04-24T01:03:34.489-04:00: 9e
2014-04-24T01:03:34.489-04:00: a0
2014-04-24T01:03:34.489-04:00: a8
2014-04-24T01:03:34.489-04:00: 9e
2014-04-24T01:03:34.489-04:00: a0
2014-04-24T01:03:34.489-04:00: e0
2014-04-24T01:03:34.489-04:00: 8e
2014-04-24T01:03:34.489-04:00: a4
2014-04-24T01:03:34.489-04:00: 9e
2014-04-24T01:03:34.489-04:00: aa
2014-04-24T01:03:34.489-04:00: 9c
2014-04-24T01:03:34.489-04:00: 88
2014-04-24T01:03:34.489-04:00: e1
2014-04-24T01:03:34.489-04:00: 03
2014-04-24T01:03:34.489-04:00: f0
2014-04-24T01:03:34.489-04:00: f0
2014-04-24T01:03:34.489-04:00: 0f
2014-04-24T01:03:34.489-04:00: 0f
2014-04-24T01:03:34.505-04:00: f0
2014-04-24T01:03:34.505-04:00: f0
2014-04-24T01:03:34.505-04:00: 00
2014-04-24T01:03:34.505-04:00: 00
2014-04-24T01:03:34.505-04:00: 00
2014-04-24T01:03:34.505-04:00: 00
2014-04-24T01:03:34.505-04:00: 00
2014-04-24T01:03:34.505-04:00: 00
2014-04-24T01:03:34.505-04:00: 00
2014-04-24T01:03:34.505-04:00: 00
2014-04-24T01:03:34.505-04:00: 00
2014-04-24T01:03:34.505-04:00: 00
2014-04-24T01:03:34.505-04:00: 00
2014-04-24T01:03:34.505-04:00: 00
2014-04-24T01:03:34.505-04:00: 00
2014-04-24T01:03:34.505-04:00: 00
2014-04-24T01:03:34.505-04:00: 00
2014-04-24T01:03:34.505-04:00: 00
2014-04-24T01:03:34.505-04:00: 00
2014-04-24T01:03:34.505-04:00: 00
2014-04-24T01:03:34.505-04:00: 00
2014-04-24T01:03:34.505-04:00: 00
2014-04-24T01:03:34.505-04:00: 00
2014-04-24T01:03:34.505-04:00: 00
2014-04-24T01:03:34.505-04:00: 00
2014-04-24T01:03:34.505-04:00: 00
2014-04-24T01:03:34.505-04:00: 00
2014-04-24T01:03:34.505-04:00: 00
2014-04-24T01:03:34.505-04:00: 00
2014-04-24T01:03:34.505-04:00: 00
2014-04-24T01:03:34.505-04:00: 00
2014-04-24T01:03:34.505-04:00: 00
2014-04-24T01:03:34.505-04:00: 00
2014-04-24T01:03:34.505-04:00: 00
2014-04-24T01:03:34.505-04:00: 00
2014-04-24T01:03:34.505-04:00: 00
2014-04-24T01:03:34.505-04:00: 00
2014-04-24T01:03:34.505-04:00: 00
2014-04-24T01:03:34.505-04:00: 00
2014-04-24T01:03:34.505-04:00: 00
2014-04-24T01:03:34.505-04:00: 00
2014-04-24T01:03:34.505-04:00: 00
2014-04-24T01:03:34.505-04:00: 00
2014-04-24T01:03:34.505-04:00: 00
2014-04-24T01:03:34.505-04:00: 00
2014-04-24T01:03:34.505-04:00: 00
2014-04-24T01:03:34.505-04:00: 00
2014-04-24T01:03:34.505-04:00: 00
2014-04-24T01:03:34.505-04:00: 00
2014-04-24T01:03:34.505-04:00: 00
2014-04-24T01:03:34.505-04:00: 00
2014-04-24T01:03:34.505-04:00: 00
2014-04-24T01:03:34.520-04:00: 00
2014-04-24T01:03:34.520-04:00: 00
2014-04-24T01:03:34.520-04:00: 00
2014-04-24T01:03:34.520-04:00: 00
2014-04-24T01:03:34.520-04:00: 00
2014-04-24T01:03:34.520-04:00: 00
2014-04-24T01:03:34.520-04:00: 00
2014-04-24T01:03:34.520-04:00: 00
2014-04-24T01:03:34.520-04:00: 00
2014-04-24T01:03:34.520-04:00: 00
2014-04-24T01:03:34.520-04:00: 00
2014-04-24T01:03:34.520-04:00: 00
2014-04-24T01:03:34.520-04:00: 00
2014-04-24T01:03:34.520-04:00: 00
2014-04-24T01:03:34.520-04:00: 00
2014-04-24T01:03:34.520-04:00: 00
2014-04-24T01:03:34.520-04:00: 00
2014-04-24T01:03:34.520-04:00: 00
2014-04-24T01:03:34.520-04:00: 00
2014-04-24T01:03:34.520-04:00: 00
2014-04-24T01:03:34.520-04:00: 00
2014-04-24T01:03:34.520-04:00: 00
2014-04-24T01:03:34.520-04:00: 00
2014-04-24T01:03:34.520-04:00: 00
2014-04-24T01:03:34.520-04:00: 00
2014-04-24T01:03:34.520-04:00: 00
2014-04-24T01:03:34.520-04:00: 00
2014-04-24T01:03:34.520-04:00: 00
2014-04-24T01:03:34.520-04:00: 00
2014-04-24T01:03:34.520-04:00: 00
2014-04-24T01:03:34.520-04:00: 00
2014-04-24T01:03:34.520-04:00: 00
2014-04-24T01:03:34.520-04:00: 00
2014-04-24T01:03:34.520-04:00: 00
2014-04-24T01:03:34.520-04:00: 00
2014-04-24T01:03:34.520-04:00: 00
2014-04-24T01:03:34.520-04:00: 00
2014-04-24T01:03:34.520-04:00: 00
2014-04-24T01:03:34.520-04:00: 00
2014-04-24T01:03:34.520-04:00: 00
2014-04-24T01:03:34.520-04:00: 00
2014-04-24T01:03:34.520-04:00: 00
2014-04-24T01:03:34.520-04:00: 00
2014-04-24T01:03:34.520-04:00: 00
2014-04-24T01:03:34.520-04:00: 00
2014-04-24T01:03:34.520-04:00: 00
2014-04-24T01:03:34.520-04:00: 00
2014-04-24T01:03:34.520-04:00: 00
2014-04-24T01:03:34.520-04:00: 00
2014-04-24T01:03:34.520-04:00: 00
2014-04-24T01:03:34.536-04:00: 00
2014-04-24T01:03:34.536-04:00: 00
2014-04-24T01:03:34.536-04:00: 00
2014-04-24T01:03:34.536-04:00: 00
2014-04-24T01:03:34.536-04:00: 00
2014-04-24T01:03:34.536-04:00: 00
2014-04-24T01:03:34.536-04:00: 00
2014-04-24T01:03:34.536-04:00: 00
2014-04-24T01:03:34.536-04:00: 00
2014-04-24T01:03:34.536-04:00: 00
2014-04-24T01:03:34.536-04:00: 00
2014-04-24T01:03:34.536-04:00: 00
2014-04-24T01:03:34.536-04:00: 00
2014-04-24T01:03:34.536-04:00: 00
2014-04-24T01:03:34.536-04:00: 00
2014-04-24T01:03:34.536-04:00: 00
2014-04-24T01:03:34.536-04:00: 00
2014-04-24T01:03:34.536-04:00: 00
2014-04-24T01:03:34.536-04:00: 00
2014-04-24T01:03:34.536-04:00: 00
2014-04-24T01:03:34.536-04:00: 00
2014-04-24T01:03:34.536-04:00: 00
2014-04-24T01:03:34.536-04:00: 00
2014-04-24T01:03:34.536-04:00: 00
2014-04-24T01:03:34.536-04:00: 00
2014-04-24T01:03:34.536-04:00: 00
2014-04-24T01:03:34.536-04:00: 00
2014-04-24T01:03:34.536-04:00: 00
2014-04-24T01:03:34.536-04:00: 00
2014-04-24T01:03:34.536-04:00: 00
2014-04-24T01:03:34.536-04:00: 00
2014-04-24T01:03:34.536-04:00: 00
2014-04-24T01:03:34.536-04:00: 00
2014-04-24T01:03:34.536-04:00: 00
2014-04-24T01:03:34.536-04:00: 00
2014-04-24T01:03:34.536-04:00: 00
2014-04-24T01:03:34.536-04:00: 00
2014-04-24T01:03:34.536-04:00: 00
2014-04-24T01:03:34.536-04:00: 00
2014-04-24T01:03:34.536-04:00: 00
2014-04-24T01:03:34.536-04:00: 00
2014-04-24T01:03:34.536-04:00: 00
2014-04-24T01:03:34.536-04:00: 00
2014-04-24T01:03:34.536-04:00: 00
2014-04-24T01:03:34.536-04:00: 00
2014-04-24T01:03:34.536-04:00: 00
2014-04-24T01:03:34.536-04:00: 00
2014-04-24T01:03:34.536-04:00: 00
2014-04-24T01:03:34.536-04:00: 00
2014-04-24T01:03:34.552-04:00: 00
2014-04-24T01:03:34.552-04:00: 00
2014-04-24T01:03:34.552-04:00: 00
2014-04-24T01:03:34.552-04:00: 00
2014-04-24T01:03:34.552-04:00: 00
2014-04-24T01:03:34.552-04:00: 00
2014-04-24T01:03:34.552-04:00: 00
2014-04-24T01:03:34.552-04:00: 00
2014-04-24T01:03:34.552-04:00: 00
2014-04-24T01:03:34.552-04:00: 00
2014-04-24T01:03:34.552-04:00: 00
2014-04-24T01:03:34.552-04:00: 00
2014-04-24T01:03:34.552-04:00: 00
2014-04-24T01:03:34.552-04:00: 00
2014-04-24T01:03:34.552-04:00: 00
2014-04-24T01:03:34.552-04:00: 00
2014-04-24T01:03:34.552-04:00: 00
2014-04-24T01:03:34.552-04:00: 00
2014-04-24T01:03:34.552-04:00: 00
2014-04-24T01:03:34.552-04:00: 00
2014-04-24T01:03:34.552-04:00: 00
2014-04-24T01:03:34.552-04:00: 00
2014-04-24T01:03:34.552-04:00: 00
2014-04-24T01:03:34.552-04:00: 00
2014-04-24T01:03:34.552-04:00: 00
2014-04-24T01:03:34.552-04:00: 00
2014-04-24T01:03:34.552-04:00: 00
2014-04-24T01:03:34.552-04:00: 00
2014-04-24T01:03:34.552-04:00: 00
2014-04-24T01:03:34.552-04:00: 00
2014-04-24T01:03:34.552-04:00: 00
2014-04-24T01:03:34.552-04:00: 00
2014-04-24T01:03:34.552-04:00: 00
2014-04-24T01:03:34.552-04:00: 00
2014-04-24T01:03:34.552-04:00: 00
2014-04-24T01:03:34.552-04:00: 00
2014-04-24T01:03:34.552-04:00: 00
2014-04-24T01:03:34.552-04:00: 00
2014-04-24T01:03:34.552-04:00: 00
2014-04-24T01:03:34.552-04:00: 00
2014-04-24T01:03:34.552-04:00: 00
2014-04-24T01:03:34.552-04:00: 00
2014-04-24T01:03:34.552-04:00: 00
2014-04-24T01:03:34.552-04:00: 00
2014-04-24T01:03:34.552-04:00: 00
2014-04-24T01:03:34.552-04:00: 00
2014-04-24T01:03:34.552-04:00: 00
2014-04-24T01:03:34.567-04:00: 00
2014-04-24T01:03:34.567-04:00: 00
2014-04-24T01:03:34.567-04:00: 00
2014-04-24T01:03:34.567-04:00: 00
2014-04-24T01:03:34.567-04:00: 00
2014-04-24T01:03:34.567-04:00: 00
2014-04-24T01:03:34.567-04:00: 00
2014-04-24T01:03:34.567-04:00: 00
2014-04-24T01:03:34.567-04:00: 00
2014-04-24T01:03:34.567-04:00: 00
2014-04-24T01:03:34.567-04:00: 00
2014-04-24T01:03:34.567-04:00: 00
2014-04-24T01:03:34.567-04:00: 00
2014-04-24T01:03:34.567-04:00: 00
2014-04-24T01:03:34.567-04:00: 00
2014-04-24T01:03:34.567-04:00: 00
2014-04-24T01:03:34.567-04:00: 00
2014-04-24T01:03:34.567-04:00: 00
2014-04-24T01:03:34.567-04:00: 00
2014-04-24T01:03:34.567-04:00: 00
2014-04-24T01:03:34.567-04:00: 00
2014-04-24T01:03:34.567-04:00: 00
2014-04-24T01:03:34.567-04:00: 00
2014-04-24T01:03:34.567-04:00: 00
2014-04-24T01:03:34.567-04:00: 00
2014-04-24T01:03:34.567-04:00: 00
2014-04-24T01:03:34.567-04:00: 00
2014-04-24T01:03:34.567-04:00: 00
2014-04-24T01:03:34.567-04:00: 00
2014-04-24T01:03:34.567-04:00: 00
2014-04-24T01:03:34.567-04:00: 00
2014-04-24T01:03:34.567-04:00: 00
2014-04-24T01:03:34.567-04:00: 00
2014-04-24T01:03:34.567-04:00: 00
2014-04-24T01:03:34.567-04:00: 00
2014-04-24T01:03:34.567-04:00: 00
2014-04-24T01:03:34.567-04:00: 00
2014-04-24T01:03:34.567-04:00: 00
2014-04-24T01:03:34.567-04:00: 00
2014-04-24T01:03:34.567-04:00: 00
2014-04-24T01:03:34.567-04:00: 00
2014-04-24T01:03:34.567-04:00: 00
2014-04-24T01:03:34.567-04:00: 00
2014-04-24T01:03:34.567-04:00: 00
2014-04-24T01:03:34.567-04:00: 00
2014-04-24T01:03:34.583-04:00: 00
2014-04-24T01:03:34.583-04:00: 00
2014-04-24T01:03:34.583-04:00: 00
2014-04-24T01:03:34.583-04:00: 00
2014-04-24T01:03:34.583-04:00: 00
2014-04-24T01:03:34.583-04:00: 00
2014-04-24T01:03:34.583-04:00: 00
2014-04-24T01:03:34.583-04:00: 00
2014-04-24T01:03:34.583-04:00: 00
2014-04-24T01:03:34.583-04:00: 00
2014-04-24T01:03:34.583-04:00: 00
2014-04-24T01:03:34.583-04:00: 00
2014-04-24T01:03:34.583-04:00: 00
2014-04-24T01:03:34.583-04:00: 00
2014-04-24T01:03:34.583-04:00: 00
2014-04-24T01:03:34.583-04:00: 00
2014-04-24T01:03:34.583-04:00: 00
2014-04-24T01:03:34.583-04:00: 00
2014-04-24T01:03:34.583-04:00: 00
2014-04-24T01:03:34.583-04:00: 00
2014-04-24T01:03:34.583-04:00: 00
2014-04-24T01:03:34.583-04:00: 00
2014-04-24T01:03:34.583-04:00: 00
2014-04-24T01:03:34.583-04:00: 00
2014-04-24T01:03:34.583-04:00: 00
2014-04-24T01:03:34.583-04:00: 00
2014-04-24T01:03:34.583-04:00: 00
2014-04-24T01:03:34.583-04:00: 00
2014-04-24T01:03:34.583-04:00: 00
2014-04-24T01:03:34.583-04:00: 00
2014-04-24T01:03:34.583-04:00: 00
2014-04-24T01:03:34.583-04:00: 00
2014-04-24T01:03:34.583-04:00: 00
2014-04-24T01:03:34.583-04:00: 00
2014-04-24T01:03:34.583-04:00: 00
2014-04-24T01:03:34.583-04:00: 00
2014-04-24T01:03:34.583-04:00: 00
2014-04-24T01:03:34.583-04:00: 00
2014-04-24T01:03:34.583-04:00: 00
2014-04-24T01:03:34.583-04:00: 00
2014-04-24T01:03:34.583-04:00: 00
2014-04-24T01:03:34.583-04:00: 00
2014-04-24T01:03:34.583-04:00: 00
2014-04-24T01:03:34.583-04:00: 00
2014-04-24T01:03:34.583-04:00: 00
2014-04-24T01:03:34.583-04:00: 00
2014-04-24T01:03:34.599-04:00: 00
2014-04-24T01:03:34.599-04:00: 00
2014-04-24T01:03:34.599-04:00: 00
2014-04-24T01:03:34.599-04:00: 00
2014-04-24T01:03:34.599-04:00: 00
2014-04-24T01:03:34.599-04:00: 00
2014-04-24T01:03:34.599-04:00: 00
2014-04-24T01:03:34.599-04:00: 00
