2014-04-24T01:41:15.224-04:00: Stable Library
2014-04-24T01:41:15.224-04:00: =========================================
2014-04-24T01:41:15.224-04:00: Native lib Version = RXTX-2.1-7
2014-04-24T01:41:15.224-04:00: Java lib Version   = RXTX-2.1-7
2014-04-24T01:42:03.849-04:00: a89ea0a89ea0e08ea49eaa9c88e103f0f00f0ff0f0111111
2014-04-24T01:42:03.849-04:00: a8
2014-04-24T01:42:03.849-04:00: 9e
2014-04-24T01:42:03.849-04:00: a0
2014-04-24T01:42:03.849-04:00: a8
2014-04-24T01:42:03.849-04:00: 9e
2014-04-24T01:42:03.849-04:00: a0
2014-04-24T01:42:03.849-04:00: e0
2014-04-24T01:42:03.849-04:00: 8e
2014-04-24T01:42:03.849-04:00: a4
2014-04-24T01:42:03.849-04:00: 9e
2014-04-24T01:42:03.849-04:00: aa
2014-04-24T01:42:03.849-04:00: 9c
2014-04-24T01:42:03.849-04:00: 88
2014-04-24T01:42:03.849-04:00: e1
2014-04-24T01:42:03.849-04:00: 03
2014-04-24T01:42:03.849-04:00: f0
2014-04-24T01:42:03.849-04:00: f0
2014-04-24T01:42:03.849-04:00: 0f
2014-04-24T01:42:03.849-04:00: 0f
2014-04-24T01:42:03.849-04:00: f0
2014-04-24T01:42:03.849-04:00: f0
2014-04-24T01:42:03.849-04:00: 11
2014-04-24T01:42:03.849-04:00: 11
2014-04-24T01:42:03.849-04:00: 11
