2015-02-09T15:09:25.662-05:00: Stable Library
2015-02-09T15:09:25.662-05:00: =========================================
2015-02-09T15:09:25.662-05:00: Native lib Version = RXTX-2.1-7
2015-02-09T15:09:25.662-05:00: Java lib Version   = RXTX-2.1-7
2015-02-09T15:21:56.662-05:00: Sending to TS-2000: SQ0050;
2015-02-09T15:21:56.662-05:00: Sending to TS-2000: DC;
2015-02-09T15:21:56.662-05:00: Sending to TS-2000: AG0155;
2015-02-09T15:21:56.678-05:00: Sending to TS-2000: FR;
2015-02-09T15:21:56.678-05:00: Sending to TS-2000: AG;
2015-02-09T15:21:56.678-05:00: Sending to TS-2000: FT;
2015-02-09T15:21:56.678-05:00: Sending to TS-2000: RG255;
2015-02-09T15:21:56.694-05:00: Sending to TS-2000: FA;
2015-02-09T15:21:56.694-05:00: Sending to TS-2000: FB;
2015-02-09T15:21:56.694-05:00: Sending to TS-2000: RG;
2015-02-09T15:21:56.694-05:00: Sending to TS-2000: FC;
2015-02-09T15:21:56.709-05:00: Sending to TS-2000: FR0;
2015-02-09T15:21:56.709-05:00: Sending to TS-2000: MD;
2015-02-09T15:21:56.709-05:00: Sending to TS-2000: FR;
2015-02-09T15:21:56.709-05:00: Sending to TS-2000: BY;
2015-02-09T15:21:56.725-05:00: Sending to TS-2000: FT1;
2015-02-09T15:21:56.725-05:00: Sending to TS-2000: SM0;
2015-02-09T15:21:56.725-05:00: Sending to TS-2000: FT;
2015-02-09T15:21:56.725-05:00: Sending to TS-2000: MD4;
2015-02-09T15:21:56.741-05:00: Sending to TS-2000: MD;
2015-02-09T15:21:56.741-05:00: Sending to TS-2000: FR1;
2015-02-09T15:21:56.741-05:00: Sending to TS-2000: FR;
2015-02-09T15:21:56.741-05:00: Sending to TS-2000: FT0;
2015-02-09T15:21:56.756-05:00: Sending to TS-2000: FT;
2015-02-09T15:21:56.756-05:00: Sending to TS-2000: MD4;
2015-02-09T15:21:56.756-05:00: Sending to TS-2000: MD;
2015-02-09T15:21:56.756-05:00: Sending to TS-2000: SQ0050;
2015-02-09T15:21:56.772-05:00: Sending to TS-2000: AG0155;
2015-02-09T15:21:56.772-05:00: Sending to TS-2000: AG;
2015-02-09T15:22:05.162-05:00: Sending to TS-2000: FR0;
2015-02-09T15:22:05.162-05:00: Sending to TS-2000: FR;
2015-02-09T15:22:05.162-05:00: Sending to TS-2000: FT1;
2015-02-09T15:22:05.178-05:00: Sending to TS-2000: FT;
2015-02-09T15:22:05.178-05:00: Sending to TS-2000: FB00437410000;
2015-02-09T15:22:05.178-05:00: Sending to TS-2000: FB;
2015-02-09T15:22:05.194-05:00: Sending to TS-2000: FA00437410000;
2015-02-09T15:22:05.194-05:00: Sending to TS-2000: FA;
2015-02-09T15:22:06.662-05:00: Sending to TS-2000: DC;
2015-02-09T15:22:06.662-05:00: Sending to TS-2000: FR;
2015-02-09T15:22:06.662-05:00: Sending to TS-2000: FT;
2015-02-09T15:22:06.678-05:00: Sending to TS-2000: FA;
2015-02-09T15:22:06.678-05:00: Sending to TS-2000: FB;
2015-02-09T15:22:06.678-05:00: Sending to TS-2000: FC;
2015-02-09T15:22:06.678-05:00: Sending to TS-2000: MD;
2015-02-09T15:22:06.678-05:00: Sending to TS-2000: BY;
2015-02-09T15:22:06.694-05:00: Sending to TS-2000: SM0;
2015-02-09T15:22:12.428-05:00: Sending to TS-2000: FR0;
2015-02-09T15:22:12.428-05:00: Sending to TS-2000: FR;
2015-02-09T15:22:12.428-05:00: Sending to TS-2000: FT1;
2015-02-09T15:22:12.444-05:00: Sending to TS-2000: FT;
2015-02-09T15:22:12.444-05:00: Sending to TS-2000: FB00437405000;
2015-02-09T15:22:12.444-05:00: Sending to TS-2000: FB;
2015-02-09T15:22:12.459-05:00: Sending to TS-2000: FA00437405000;
2015-02-09T15:22:12.459-05:00: Sending to TS-2000: FA;
2015-02-09T15:22:16.662-05:00: Sending to TS-2000: DC;
2015-02-09T15:22:16.662-05:00: Sending to TS-2000: FR;
2015-02-09T15:22:16.662-05:00: Sending to TS-2000: FT;
2015-02-09T15:22:16.662-05:00: Sending to TS-2000: FA;
2015-02-09T15:22:16.662-05:00: Sending to TS-2000: FB;
2015-02-09T15:22:16.678-05:00: Sending to TS-2000: FC;
2015-02-09T15:22:16.678-05:00: Sending to TS-2000: MD;
2015-02-09T15:22:16.678-05:00: Sending to TS-2000: BY;
2015-02-09T15:22:16.678-05:00: Sending to TS-2000: SM0;
2015-02-09T15:22:24.475-05:00: java.io.IOException: Underlying input stream returned zero bytes
2015-02-09T15:22:24.475-05:00: 	at sun.nio.cs.StreamDecoder.readBytes(Unknown Source)
2015-02-09T15:22:24.475-05:00: 	at sun.nio.cs.StreamDecoder.implRead(Unknown Source)
2015-02-09T15:22:24.491-05:00: 	at sun.nio.cs.StreamDecoder.read(Unknown Source)
2015-02-09T15:22:24.491-05:00: 	at java.io.InputStreamReader.read(Unknown Source)
2015-02-09T15:22:24.491-05:00: 	at java.io.BufferedReader.fill(Unknown Source)
2015-02-09T15:22:24.491-05:00: 	at java.io.BufferedReader.read(Unknown Source)
2015-02-09T15:22:24.491-05:00: 	at edu.cusat.gs.ts2000.KenwoodTs2kController.readToSemicolon(KenwoodTs2kController.java:409)
2015-02-09T15:22:24.491-05:00: 	at edu.cusat.gs.ts2000.KenwoodTs2kController.serialEvent(KenwoodTs2kController.java:393)
2015-02-09T15:22:24.491-05:00: 	at gnu.io.RXTXPort.sendEvent(RXTXPort.java:732)
2015-02-09T15:22:24.491-05:00: 	at gnu.io.RXTXPort.eventLoop(Native Method)
2015-02-09T15:22:24.491-05:00: 	at gnu.io.RXTXPort$MonitorThread.run(RXTXPort.java:1575)
2015-02-09T15:22:26.662-05:00: Sending to TS-2000: DC;
2015-02-09T15:22:26.662-05:00: Sending to TS-2000: FR;
2015-02-09T15:22:26.678-05:00: Sending to TS-2000: FT;
2015-02-09T15:22:26.678-05:00: Sending to TS-2000: FA;
2015-02-09T15:22:26.678-05:00: Sending to TS-2000: FB;
2015-02-09T15:22:26.678-05:00: Sending to TS-2000: FC;
2015-02-09T15:22:26.678-05:00: Sending to TS-2000: MD;
2015-02-09T15:22:26.678-05:00: Sending to TS-2000: BY;
2015-02-09T15:22:26.678-05:00: Sending to TS-2000: SM0;
2015-02-09T15:22:36.662-05:00: Sending to TS-2000: DC;
2015-02-09T15:22:36.662-05:00: Sending to TS-2000: FR;
2015-02-09T15:22:36.662-05:00: Sending to TS-2000: FT;
2015-02-09T15:22:36.662-05:00: Sending to TS-2000: FA;
2015-02-09T15:22:36.662-05:00: Sending to TS-2000: FB;
2015-02-09T15:22:36.662-05:00: Sending to TS-2000: FC;
2015-02-09T15:22:36.662-05:00: Sending to TS-2000: MD;
2015-02-09T15:22:36.662-05:00: Sending to TS-2000: BY;
2015-02-09T15:22:36.662-05:00: Sending to TS-2000: SM0;
2015-02-09T15:22:46.662-05:00: Sending to TS-2000: DC;
2015-02-09T15:22:46.662-05:00: Sending to TS-2000: FR;
2015-02-09T15:22:46.662-05:00: Sending to TS-2000: FT;
2015-02-09T15:22:46.662-05:00: Sending to TS-2000: FA;
2015-02-09T15:22:46.662-05:00: Sending to TS-2000: FB;
2015-02-09T15:22:46.678-05:00: Sending to TS-2000: FC;
2015-02-09T15:22:46.678-05:00: Sending to TS-2000: MD;
2015-02-09T15:22:46.678-05:00: Sending to TS-2000: BY;
2015-02-09T15:22:46.678-05:00: Sending to TS-2000: SM0;
2015-02-09T15:22:56.662-05:00: Sending to TS-2000: DC;
2015-02-09T15:22:56.662-05:00: Sending to TS-2000: FR;
2015-02-09T15:22:56.662-05:00: Sending to TS-2000: FT;
2015-02-09T15:22:56.662-05:00: Sending to TS-2000: FA;
2015-02-09T15:22:56.662-05:00: Sending to TS-2000: FB;
2015-02-09T15:22:56.662-05:00: Sending to TS-2000: FC;
2015-02-09T15:22:56.662-05:00: Sending to TS-2000: MD;
2015-02-09T15:22:56.662-05:00: Sending to TS-2000: BY;
2015-02-09T15:22:56.662-05:00: Sending to TS-2000: SM0;
