2015-02-09T17:32:39.442-05:00: Stable Library
2015-02-09T17:32:39.442-05:00: =========================================
2015-02-09T17:32:39.457-05:00: Native lib Version = RXTX-2.1-7
2015-02-09T17:32:39.457-05:00: Java lib Version   = RXTX-2.1-7
2015-02-09T17:33:23.379-05:00: Enable 10 Minute Callsign Broadcast 
2015-02-09T17:33:29.754-05:00: 0d WAIT 
2015-02-09T17:33:29.754-05:00: 0a WAIT 
2015-02-09T17:33:29.754-05:00: 
4b WAIT 
2015-02-09T17:33:29.754-05:00: K41 WAIT 
2015-02-09T17:33:29.754-05:00: A4e WAIT 
2015-02-09T17:33:29.754-05:00: N54 WAIT 
2015-02-09T17:33:29.754-05:00: T52 WAIT 
2015-02-09T17:33:29.754-05:00: R4f WAIT 
2015-02-09T17:33:29.754-05:00: O4e WAIT 
2015-02-09T17:33:29.754-05:00: N49 WAIT 
2015-02-09T17:33:29.754-05:00: I43 WAIT 
2015-02-09T17:33:29.754-05:00: C53 WAIT 
2015-02-09T17:33:29.770-05:00: S20 WAIT 
2015-02-09T17:33:29.770-05:00:  41 WAIT 
2015-02-09T17:33:29.770-05:00: A4c WAIT 
2015-02-09T17:33:29.770-05:00: L4c WAIT 
2015-02-09T17:33:29.770-05:00: L20 WAIT 
2015-02-09T17:33:29.770-05:00:  4d WAIT 
2015-02-09T17:33:29.770-05:00: M4f WAIT 
2015-02-09T17:33:29.770-05:00: O44 WAIT 
2015-02-09T17:33:29.770-05:00: D45 WAIT 
2015-02-09T17:33:29.770-05:00: E20 WAIT 
2015-02-09T17:33:29.770-05:00:  43 WAIT 
2015-02-09T17:33:29.770-05:00: C4f WAIT 
2015-02-09T17:33:29.770-05:00: O4d WAIT 
2015-02-09T17:33:29.770-05:00: M4d WAIT 
2015-02-09T17:33:29.770-05:00: M55 WAIT 
2015-02-09T17:33:29.786-05:00: U4e WAIT 
2015-02-09T17:33:29.786-05:00: N49 WAIT 
2015-02-09T17:33:29.786-05:00: I43 WAIT 
2015-02-09T17:33:29.786-05:00: C41 WAIT 
2015-02-09T17:33:29.786-05:00: A54 WAIT 
2015-02-09T17:33:29.786-05:00: T4f WAIT 
2015-02-09T17:33:29.786-05:00: O52 WAIT 
2015-02-09T17:33:29.786-05:00: R20 WAIT 
2015-02-09T17:33:29.786-05:00:  4b WAIT 
2015-02-09T17:33:29.786-05:00: K41 WAIT 
2015-02-09T17:33:29.786-05:00: A4d WAIT 
2015-02-09T17:33:29.786-05:00: M2d WAIT 
2015-02-09T17:33:29.786-05:00: -58 WAIT 
2015-02-09T17:33:29.786-05:00: X4c WAIT 
2015-02-09T17:33:29.786-05:00: L20 WAIT 
2015-02-09T17:33:29.786-05:00:  56 WAIT 
2015-02-09T17:33:29.801-05:00: V45 WAIT 
2015-02-09T17:33:29.801-05:00: E52 WAIT 
2015-02-09T17:33:29.801-05:00: R53 WAIT 
2015-02-09T17:33:29.801-05:00: S49 WAIT 
2015-02-09T17:33:29.801-05:00: I4f WAIT 
2015-02-09T17:33:29.801-05:00: O4e WAIT 
2015-02-09T17:33:29.801-05:00: N20 WAIT 
2015-02-09T17:33:29.801-05:00:  31 WAIT 
2015-02-09T17:33:29.801-05:00: 12e WAIT 
2015-02-09T17:33:29.801-05:00: .30 WAIT 
2015-02-09T17:33:29.801-05:00: 037 WAIT 
2015-02-09T17:33:29.801-05:00: 730 WAIT 
2015-02-09T17:33:29.801-05:00: 035 WAIT 
2015-02-09T17:33:29.801-05:00: 530 WAIT 
2015-02-09T17:33:29.801-05:00: 00d WAIT 
2015-02-09T17:33:29.801-05:00: 0a WAIT 
2015-02-09T17:33:29.801-05:00: 
28 WAIT 
2015-02-09T17:33:29.817-05:00: (43 WAIT 
2015-02-09T17:33:29.817-05:00: C29 WAIT 
2015-02-09T17:33:29.817-05:00: )20 WAIT 
2015-02-09T17:33:29.817-05:00:  43 WAIT 
2015-02-09T17:33:29.817-05:00: C4f WAIT 
2015-02-09T17:33:29.817-05:00: O50 WAIT 
2015-02-09T17:33:29.817-05:00: P59 WAIT 
2015-02-09T17:33:29.817-05:00: Y52 WAIT 
2015-02-09T17:33:29.817-05:00: R49 WAIT 
2015-02-09T17:33:29.817-05:00: I47 WAIT 
2015-02-09T17:33:29.817-05:00: G48 WAIT 
2015-02-09T17:33:29.817-05:00: H54 WAIT 
2015-02-09T17:33:29.817-05:00: T20 WAIT 
2015-02-09T17:33:29.817-05:00:  32 WAIT 
2015-02-09T17:33:29.817-05:00: 230 WAIT 
2015-02-09T17:33:29.817-05:00: 030 WAIT 
2015-02-09T17:33:29.817-05:00: 036 WAIT 
2015-02-09T17:33:29.817-05:00: 620 WAIT 
2015-02-09T17:33:29.817-05:00:  42 WAIT 
2015-02-09T17:33:29.817-05:00: B59 WAIT 
2015-02-09T17:33:29.817-05:00: Y20 WAIT 
2015-02-09T17:33:29.817-05:00:  4b WAIT 
2015-02-09T17:33:29.817-05:00: K41 WAIT 
2015-02-09T17:33:29.817-05:00: A4e WAIT 
2015-02-09T17:33:29.817-05:00: N54 WAIT 
2015-02-09T17:33:29.817-05:00: T52 WAIT 
2015-02-09T17:33:29.817-05:00: R4f WAIT 
2015-02-09T17:33:29.817-05:00: O4e WAIT 
2015-02-09T17:33:29.817-05:00: N49 WAIT 
2015-02-09T17:33:29.817-05:00: I43 WAIT 
2015-02-09T17:33:29.817-05:00: C53 WAIT 
2015-02-09T17:33:29.817-05:00: S20 WAIT 
2015-02-09T17:33:29.817-05:00:  49 WAIT 
2015-02-09T17:33:29.817-05:00: I4e WAIT 
2015-02-09T17:33:29.817-05:00: N43 WAIT 
2015-02-09T17:33:29.817-05:00: C2e WAIT 
2015-02-09T17:33:29.817-05:00: .20 WAIT 
2015-02-09T17:33:29.817-05:00:  20 WAIT 
2015-02-09T17:33:29.817-05:00:  41 WAIT 
2015-02-09T17:33:29.817-05:00: A4c WAIT 
2015-02-09T17:33:29.817-05:00: L4c WAIT 
2015-02-09T17:33:29.817-05:00: L20 WAIT 
2015-02-09T17:33:29.817-05:00:  52 WAIT 
2015-02-09T17:33:29.817-05:00: R49 WAIT 
2015-02-09T17:33:29.817-05:00: I47 WAIT 
2015-02-09T17:33:29.817-05:00: G48 WAIT 
2015-02-09T17:33:29.832-05:00: H54 WAIT 
2015-02-09T17:33:29.832-05:00: T53 WAIT 
2015-02-09T17:33:29.832-05:00: S20 WAIT 
2015-02-09T17:33:29.832-05:00:  52 WAIT 
2015-02-09T17:33:29.832-05:00: R45 WAIT 
2015-02-09T17:33:29.832-05:00: E53 WAIT 
2015-02-09T17:33:29.832-05:00: S45 WAIT 
2015-02-09T17:33:29.832-05:00: E52 WAIT 
2015-02-09T17:33:29.832-05:00: R56 WAIT 
2015-02-09T17:33:29.832-05:00: V45 WAIT 
2015-02-09T17:33:29.832-05:00: E44 WAIT 
2015-02-09T17:33:29.832-05:00: D2e WAIT 
2015-02-09T17:33:29.832-05:00: .0d WAIT 
2015-02-09T17:33:29.832-05:00: 0a WAIT 
2015-02-09T17:33:29.832-05:00: 
44 WAIT 
2015-02-09T17:33:29.832-05:00: D55 WAIT 
2015-02-09T17:33:29.832-05:00: U50 WAIT 
2015-02-09T17:33:29.832-05:00: P4c WAIT 
2015-02-09T17:33:29.832-05:00: L49 WAIT 
2015-02-09T17:33:29.832-05:00: I43 WAIT 
2015-02-09T17:33:29.832-05:00: C41 WAIT 
2015-02-09T17:33:29.832-05:00: A54 WAIT 
2015-02-09T17:33:29.832-05:00: T49 WAIT 
2015-02-09T17:33:29.832-05:00: I4f WAIT 
2015-02-09T17:33:29.832-05:00: O4e WAIT 
2015-02-09T17:33:29.832-05:00: N20 WAIT 
2015-02-09T17:33:29.832-05:00:  50 WAIT 
2015-02-09T17:33:29.832-05:00: P52 WAIT 
2015-02-09T17:33:29.832-05:00: R4f WAIT 
2015-02-09T17:33:29.832-05:00: O48 WAIT 
2015-02-09T17:33:29.832-05:00: H49 WAIT 
2015-02-09T17:33:29.832-05:00: I42 WAIT 
2015-02-09T17:33:29.832-05:00: B49 WAIT 
2015-02-09T17:33:29.832-05:00: I54 WAIT 
2015-02-09T17:33:29.832-05:00: T45 WAIT 
2015-02-09T17:33:29.832-05:00: E44 WAIT 
2015-02-09T17:33:29.832-05:00: D20 WAIT 
2015-02-09T17:33:29.832-05:00:  57 WAIT 
2015-02-09T17:33:29.832-05:00: W49 WAIT 
2015-02-09T17:33:29.832-05:00: I54 WAIT 
2015-02-09T17:33:29.832-05:00: T48 WAIT 
2015-02-09T17:33:29.832-05:00: H4f WAIT 
2015-02-09T17:33:29.832-05:00: O55 WAIT 
2015-02-09T17:33:29.832-05:00: U54 WAIT 
2015-02-09T17:33:29.832-05:00: T20 WAIT 
2015-02-09T17:33:29.832-05:00:  50 WAIT 
2015-02-09T17:33:29.832-05:00: P45 WAIT 
2015-02-09T17:33:29.832-05:00: E52 WAIT 
2015-02-09T17:33:29.832-05:00: R4d WAIT 
2015-02-09T17:33:29.832-05:00: M49 WAIT 
2015-02-09T17:33:29.832-05:00: I53 WAIT 
2015-02-09T17:33:29.832-05:00: S53 WAIT 
2015-02-09T17:33:29.848-05:00: S49 WAIT 
2015-02-09T17:33:29.848-05:00: I4f WAIT 
2015-02-09T17:33:29.848-05:00: O4e WAIT 
2015-02-09T17:33:29.848-05:00: N20 WAIT 
2015-02-09T17:33:29.848-05:00:  4f WAIT 
2015-02-09T17:33:29.848-05:00: O46 WAIT 
2015-02-09T17:33:29.848-05:00: F20 WAIT 
2015-02-09T17:33:29.848-05:00:  4b WAIT 
2015-02-09T17:33:29.848-05:00: K41 WAIT 
2015-02-09T17:33:29.848-05:00: A4e WAIT 
2015-02-09T17:33:29.848-05:00: N54 WAIT 
2015-02-09T17:33:29.848-05:00: T52 WAIT 
2015-02-09T17:33:29.848-05:00: R4f WAIT 
2015-02-09T17:33:29.848-05:00: O4e WAIT 
2015-02-09T17:33:29.848-05:00: N49 WAIT 
2015-02-09T17:33:29.848-05:00: I43 WAIT 
2015-02-09T17:33:29.848-05:00: C53 WAIT 
2015-02-09T17:33:29.848-05:00: S2e WAIT 
2015-02-09T17:33:29.848-05:00: .0d WAIT 
2015-02-09T17:33:29.848-05:00: 0a WAIT 
2015-02-09T17:33:29.848-05:00: 
63 WAIT 
2015-02-09T17:33:29.848-05:00: c6d WAIT 
2015-02-09T17:33:29.848-05:00: m64 WAIT 
2015-02-09T17:33:29.848-05:00: d3a WAIT 
2015-02-09T17:33:29.848-05:00: :0d WAIT 
2015-02-09T17:33:31.082-05:00: 0a WAIT 
2015-02-09T17:33:31.082-05:00: 
3f WAIT 
2015-02-09T17:33:31.082-05:00: ?3f WAIT 
2015-02-09T17:33:31.082-05:00: ?3f WAIT 
2015-02-09T17:33:31.082-05:00: ?0d WAIT 
2015-02-09T17:33:31.098-05:00: 0a WAIT 
2015-02-09T17:33:31.098-05:00: 
0d WAIT 
2015-02-09T17:33:31.098-05:00: 0a WAIT 
2015-02-09T17:33:31.098-05:00: 
48 WAIT 
2015-02-09T17:33:31.098-05:00: H42 WAIT 
2015-02-09T17:33:31.098-05:00: B20 WAIT 
2015-02-09T17:33:31.098-05:00:  30 WAIT 
2015-02-09T17:33:31.098-05:00: 02f WAIT 
2015-02-09T17:33:31.098-05:00: /31 WAIT 
2015-02-09T17:33:31.098-05:00: 132 WAIT 
2015-02-09T17:33:31.098-05:00: 230 WAIT 
2015-02-09T17:33:31.098-05:00: 030 WAIT 
2015-02-09T17:33:31.114-05:00: 00d WAIT 
2015-02-09T17:33:31.114-05:00: 0a WAIT 
2015-02-09T17:33:31.114-05:00: 
58 WAIT 
2015-02-09T17:33:31.114-05:00: X4d WAIT 
2015-02-09T17:33:31.114-05:00: M49 WAIT 
2015-02-09T17:33:31.114-05:00: I54 WAIT 
2015-02-09T17:33:31.114-05:00: T4c WAIT 
2015-02-09T17:33:31.114-05:00: L56 WAIT 
2015-02-09T17:33:31.114-05:00: V4c WAIT 
2015-02-09T17:33:31.114-05:00: L20 WAIT 
2015-02-09T17:33:31.114-05:00:  34 WAIT 
2015-02-09T17:33:31.114-05:00: 430 WAIT 
2015-02-09T17:33:31.114-05:00: 02f WAIT 
2015-02-09T17:33:31.114-05:00: /32 WAIT 
2015-02-09T17:33:31.114-05:00: 235 WAIT 
2015-02-09T17:33:31.114-05:00: 50d WAIT 
2015-02-09T17:33:31.114-05:00: 0a WAIT 
2015-02-09T17:33:31.129-05:00: 
49 WAIT 
2015-02-09T17:33:31.129-05:00: I4e WAIT 
2015-02-09T17:33:31.129-05:00: N54 WAIT 
2015-02-09T17:33:31.129-05:00: T46 WAIT 
2015-02-09T17:33:31.129-05:00: F41 WAIT 
2015-02-09T17:33:31.129-05:00: A43 WAIT 
2015-02-09T17:33:31.129-05:00: C45 WAIT 
2015-02-09T17:33:31.129-05:00: E20 WAIT 
2015-02-09T17:33:31.129-05:00:  4b WAIT 
2015-02-09T17:33:31.129-05:00: K49 WAIT 
2015-02-09T17:33:31.129-05:00: I53 WAIT 
2015-02-09T17:33:31.129-05:00: S53 WAIT 
2015-02-09T17:33:31.129-05:00: S0d WAIT 
2015-02-09T17:33:31.129-05:00: 0a WAIT 
2015-02-09T17:33:31.145-05:00: 
52 WAIT 
2015-02-09T17:33:31.145-05:00: R45 WAIT 
2015-02-09T17:33:31.145-05:00: E53 WAIT 
2015-02-09T17:33:31.145-05:00: S45 WAIT 
2015-02-09T17:33:31.145-05:00: Ea89ea0a89ea0e18ea49eaa9c88e018ffffffffffffffffffffffffffffffffffffffffffffffffffffffffffffffffff0100
2015-02-09T17:33:38.770-05:00: a8
2015-02-09T17:33:38.770-05:00: 9e
2015-02-09T17:33:38.770-05:00: a0
2015-02-09T17:33:38.770-05:00: a8
2015-02-09T17:33:38.770-05:00: 9e
2015-02-09T17:33:38.770-05:00: a0
2015-02-09T17:33:38.770-05:00: e1
2015-02-09T17:33:38.770-05:00: 8e
2015-02-09T17:33:38.770-05:00: a4
2015-02-09T17:33:38.770-05:00: 9e
2015-02-09T17:33:38.770-05:00: aa
2015-02-09T17:33:38.770-05:00: 9c
2015-02-09T17:33:38.770-05:00: 88
2015-02-09T17:33:38.770-05:00: e0
2015-02-09T17:33:38.770-05:00: 18
2015-02-09T17:33:38.770-05:00: ff
2015-02-09T17:33:38.770-05:00: ff
2015-02-09T17:33:38.770-05:00: ff
2015-02-09T17:33:38.770-05:00: ff
2015-02-09T17:33:38.770-05:00: ff
2015-02-09T17:33:38.770-05:00: ff
2015-02-09T17:33:38.770-05:00: ff
2015-02-09T17:33:38.770-05:00: ff
2015-02-09T17:33:38.786-05:00: ff
2015-02-09T17:33:38.786-05:00: ff
2015-02-09T17:33:38.786-05:00: ff
2015-02-09T17:33:38.786-05:00: ff
2015-02-09T17:33:38.786-05:00: ff
2015-02-09T17:33:38.786-05:00: ff
2015-02-09T17:33:38.786-05:00: ff
2015-02-09T17:33:38.786-05:00: ff
2015-02-09T17:33:38.786-05:00: ff
2015-02-09T17:33:38.786-05:00: ff
2015-02-09T17:33:38.786-05:00: ff
2015-02-09T17:33:38.786-05:00: ff
2015-02-09T17:33:38.786-05:00: ff
2015-02-09T17:33:38.786-05:00: ff
2015-02-09T17:33:38.786-05:00: ff
2015-02-09T17:33:38.786-05:00: ff
2015-02-09T17:33:38.786-05:00: ff
2015-02-09T17:33:38.786-05:00: ff
2015-02-09T17:33:38.786-05:00: ff
2015-02-09T17:33:38.786-05:00: ff
2015-02-09T17:33:38.786-05:00: ff
2015-02-09T17:33:38.786-05:00: ff
2015-02-09T17:33:38.786-05:00: ff
2015-02-09T17:33:38.786-05:00: ff
2015-02-09T17:33:38.786-05:00: ff
2015-02-09T17:33:38.786-05:00: 01
2015-02-09T17:33:38.786-05:00: 00
2015-02-09T17:33:47.473-05:00: 0d WAIT 
2015-02-09T17:33:47.473-05:00: 0a WAIT 
2015-02-09T17:33:47.473-05:00: 
4b WAIT 
2015-02-09T17:33:47.473-05:00: K41 WAIT 
2015-02-09T17:33:47.473-05:00: A4e WAIT 
2015-02-09T17:33:47.473-05:00: N54 WAIT 
2015-02-09T17:33:47.473-05:00: T52 WAIT 
2015-02-09T17:33:47.473-05:00: R4f WAIT 
2015-02-09T17:33:47.473-05:00: O4e WAIT 
2015-02-09T17:33:47.473-05:00: N49 WAIT 
2015-02-09T17:33:47.473-05:00: I43 WAIT 
2015-02-09T17:33:47.473-05:00: C53 WAIT 
2015-02-09T17:33:47.473-05:00: S20 WAIT 
2015-02-09T17:33:47.489-05:00:  41 WAIT 
2015-02-09T17:33:47.489-05:00: A4c WAIT 
2015-02-09T17:33:47.489-05:00: L4c WAIT 
2015-02-09T17:33:47.489-05:00: L20 WAIT 
2015-02-09T17:33:47.489-05:00:  4d WAIT 
2015-02-09T17:33:47.489-05:00: M4f WAIT 
2015-02-09T17:33:47.489-05:00: O44 WAIT 
2015-02-09T17:33:47.489-05:00: D45 WAIT 
2015-02-09T17:33:47.489-05:00: E20 WAIT 
2015-02-09T17:33:47.489-05:00:  43 WAIT 
2015-02-09T17:33:47.489-05:00: C4f WAIT 
2015-02-09T17:33:47.489-05:00: O4d WAIT 
2015-02-09T17:33:47.489-05:00: M4d WAIT 
2015-02-09T17:33:47.489-05:00: M55 WAIT 
2015-02-09T17:33:47.489-05:00: U4e WAIT 
2015-02-09T17:33:47.489-05:00: N49 WAIT 
2015-02-09T17:33:47.504-05:00: I43 WAIT 
2015-02-09T17:33:47.504-05:00: C41 WAIT 
2015-02-09T17:33:47.504-05:00: A54 WAIT 
2015-02-09T17:33:47.504-05:00: T4f WAIT 
2015-02-09T17:33:47.504-05:00: O52 WAIT 
2015-02-09T17:33:47.504-05:00: R20 WAIT 
2015-02-09T17:33:47.504-05:00:  4b WAIT 
2015-02-09T17:33:47.504-05:00: K41 WAIT 
2015-02-09T17:33:47.504-05:00: A4d WAIT 
2015-02-09T17:33:47.504-05:00: M2d WAIT 
2015-02-09T17:33:47.504-05:00: -58 WAIT 
2015-02-09T17:33:47.504-05:00: X4c WAIT 
2015-02-09T17:33:47.520-05:00: L20 WAIT 
2015-02-09T17:33:47.520-05:00:  56 WAIT 
2015-02-09T17:33:47.520-05:00: V45 WAIT 
2015-02-09T17:33:47.520-05:00: E52 WAIT 
2015-02-09T17:33:47.520-05:00: R53 WAIT 
2015-02-09T17:33:47.520-05:00: S49 WAIT 
2015-02-09T17:33:47.520-05:00: I4f WAIT 
2015-02-09T17:33:47.520-05:00: O4e WAIT 
2015-02-09T17:33:47.520-05:00: N20 WAIT 
2015-02-09T17:33:47.520-05:00:  31 WAIT 
2015-02-09T17:33:47.520-05:00: 12e WAIT 
2015-02-09T17:33:47.520-05:00: .30 WAIT 
2015-02-09T17:33:47.520-05:00: 037 WAIT 
2015-02-09T17:33:47.520-05:00: 730 WAIT 
2015-02-09T17:33:47.520-05:00: 035 WAIT 
2015-02-09T17:33:47.520-05:00: 530 WAIT 
2015-02-09T17:33:47.520-05:00: 00d WAIT 
2015-02-09T17:33:47.536-05:00: 0a WAIT 
2015-02-09T17:33:47.536-05:00: 
28 WAIT 
2015-02-09T17:33:47.536-05:00: (43 WAIT 
2015-02-09T17:33:47.536-05:00: C29 WAIT 
2015-02-09T17:33:47.536-05:00: )20 WAIT 
2015-02-09T17:33:47.536-05:00:  43 WAIT 
2015-02-09T17:33:47.536-05:00: C4f WAIT 
2015-02-09T17:33:47.536-05:00: O50 WAIT 
2015-02-09T17:33:47.536-05:00: P59 WAIT 
2015-02-09T17:33:47.536-05:00: Y52 WAIT 
2015-02-09T17:33:47.536-05:00: R49 WAIT 
2015-02-09T17:33:47.536-05:00: I47 WAIT 
2015-02-09T17:33:47.536-05:00: G48 WAIT 
2015-02-09T17:33:47.536-05:00: H54 WAIT 
2015-02-09T17:33:47.536-05:00: T20 WAIT 
2015-02-09T17:33:47.551-05:00:  32 WAIT 
2015-02-09T17:33:47.551-05:00: 230 WAIT 
2015-02-09T17:33:47.551-05:00: 030 WAIT 
2015-02-09T17:33:47.551-05:00: 036 WAIT 
2015-02-09T17:33:47.551-05:00: 620 WAIT 
2015-02-09T17:33:47.551-05:00:  42 WAIT 
2015-02-09T17:33:47.551-05:00: B59 WAIT 
2015-02-09T17:33:47.551-05:00: Y20 WAIT 
2015-02-09T17:33:47.551-05:00:  4b WAIT 
2015-02-09T17:33:47.551-05:00: K41 WAIT 
2015-02-09T17:33:47.551-05:00: A4e WAIT 
2015-02-09T17:33:47.551-05:00: N54 WAIT 
2015-02-09T17:33:47.551-05:00: T52 WAIT 
2015-02-09T17:33:47.551-05:00: R4f WAIT 
2015-02-09T17:33:47.551-05:00: O4e WAIT 
2015-02-09T17:33:47.551-05:00: N49 WAIT 
2015-02-09T17:33:47.567-05:00: I43 WAIT 
2015-02-09T17:33:47.567-05:00: C53 WAIT 
2015-02-09T17:33:47.567-05:00: S20 WAIT 
2015-02-09T17:33:47.567-05:00:  49 WAIT 
2015-02-09T17:33:47.567-05:00: I4e WAIT 
2015-02-09T17:33:47.567-05:00: N43 WAIT 
2015-02-09T17:33:47.567-05:00: C2e WAIT 
2015-02-09T17:33:47.567-05:00: .20 WAIT 
2015-02-09T17:33:47.567-05:00:  20 WAIT 
2015-02-09T17:33:47.567-05:00:  41 WAIT 
2015-02-09T17:33:47.567-05:00: A4c WAIT 
2015-02-09T17:33:47.567-05:00: L4c WAIT 
2015-02-09T17:33:47.567-05:00: L20 WAIT 
2015-02-09T17:33:47.567-05:00:  52 WAIT 
2015-02-09T17:33:47.567-05:00: R49 WAIT 
2015-02-09T17:33:47.567-05:00: I47 WAIT 
2015-02-09T17:33:47.582-05:00: G48 WAIT 
2015-02-09T17:33:47.582-05:00: H54 WAIT 
2015-02-09T17:33:47.582-05:00: T53 WAIT 
2015-02-09T17:33:47.582-05:00: S20 WAIT 
2015-02-09T17:33:47.582-05:00:  52 WAIT 
2015-02-09T17:33:47.582-05:00: R45 WAIT 
2015-02-09T17:33:47.582-05:00: E53 WAIT 
2015-02-09T17:33:47.582-05:00: S45 WAIT 
2015-02-09T17:33:47.582-05:00: E52 WAIT 
2015-02-09T17:33:47.582-05:00: R56 WAIT 
2015-02-09T17:33:47.582-05:00: V45 WAIT 
2015-02-09T17:33:47.582-05:00: E44 WAIT 
2015-02-09T17:33:47.582-05:00: D2e WAIT 
2015-02-09T17:33:47.598-05:00: .0d WAIT 
2015-02-09T17:33:47.598-05:00: 0a WAIT 
2015-02-09T17:33:47.598-05:00: 
44 WAIT 
2015-02-09T17:33:47.598-05:00: D55 WAIT 
2015-02-09T17:33:47.598-05:00: U50 WAIT 
2015-02-09T17:33:47.598-05:00: P4c WAIT 
2015-02-09T17:33:47.598-05:00: L49 WAIT 
2015-02-09T17:33:47.598-05:00: I43 WAIT 
2015-02-09T17:33:47.598-05:00: C41 WAIT 
2015-02-09T17:33:47.598-05:00: A54 WAIT 
2015-02-09T17:33:47.598-05:00: T49 WAIT 
2015-02-09T17:33:47.598-05:00: I4f WAIT 
2015-02-09T17:33:47.598-05:00: O4e WAIT 
2015-02-09T17:33:47.598-05:00: N20 WAIT 
2015-02-09T17:33:47.598-05:00:  50 WAIT 
2015-02-09T17:33:47.614-05:00: P52 WAIT 
2015-02-09T17:33:47.614-05:00: R4f WAIT 
2015-02-09T17:33:47.614-05:00: O48 WAIT 
2015-02-09T17:33:47.614-05:00: H49 WAIT 
2015-02-09T17:33:47.614-05:00: I42 WAIT 
2015-02-09T17:33:47.614-05:00: B49 WAIT 
2015-02-09T17:33:47.614-05:00: I54 WAIT 
2015-02-09T17:33:47.614-05:00: T45 WAIT 
2015-02-09T17:33:47.614-05:00: E44 WAIT 
2015-02-09T17:33:47.614-05:00: D20 WAIT 
2015-02-09T17:33:47.614-05:00:  57 WAIT 
2015-02-09T17:33:47.614-05:00: W49 WAIT 
2015-02-09T17:33:47.614-05:00: I54 WAIT 
2015-02-09T17:33:47.614-05:00: T48 WAIT 
2015-02-09T17:33:47.614-05:00: H4f WAIT 
2015-02-09T17:33:47.629-05:00: O55 WAIT 
2015-02-09T17:33:47.629-05:00: U54 WAIT 
2015-02-09T17:33:47.629-05:00: T20 WAIT 
2015-02-09T17:33:47.629-05:00:  50 WAIT 
2015-02-09T17:33:47.629-05:00: P45 WAIT 
2015-02-09T17:33:47.629-05:00: E52 WAIT 
2015-02-09T17:33:47.629-05:00: R4d WAIT 
2015-02-09T17:33:47.629-05:00: M49 WAIT 
2015-02-09T17:33:47.629-05:00: I53 WAIT 
2015-02-09T17:33:47.629-05:00: S53 WAIT 
2015-02-09T17:33:47.629-05:00: S49 WAIT 
2015-02-09T17:33:47.629-05:00: I4f WAIT 
2015-02-09T17:33:47.629-05:00: O4e WAIT 
2015-02-09T17:33:47.629-05:00: N20 WAIT 
2015-02-09T17:33:47.645-05:00:  4f WAIT 
2015-02-09T17:33:47.645-05:00: O46 WAIT 
2015-02-09T17:33:47.645-05:00: F20 WAIT 
2015-02-09T17:33:47.645-05:00:  4b WAIT 
2015-02-09T17:33:47.645-05:00: K41 WAIT 
2015-02-09T17:33:47.645-05:00: A4e WAIT 
2015-02-09T17:33:47.645-05:00: N54 WAIT 
2015-02-09T17:33:47.645-05:00: T52 WAIT 
2015-02-09T17:33:47.645-05:00: R4f WAIT 
2015-02-09T17:33:47.645-05:00: O4e WAIT 
2015-02-09T17:33:47.645-05:00: N49 WAIT 
2015-02-09T17:33:47.645-05:00: I43 WAIT 
2015-02-09T17:33:47.645-05:00: C53 WAIT 
2015-02-09T17:33:47.645-05:00: S2e WAIT 
2015-02-09T17:33:47.645-05:00: .0d WAIT 
2015-02-09T17:33:47.661-05:00: 0a WAIT 
2015-02-09T17:33:47.661-05:00: 
63 WAIT 
2015-02-09T17:33:47.661-05:00: c6d WAIT 
2015-02-09T17:33:47.661-05:00: m64 WAIT 
2015-02-09T17:33:47.661-05:00: d3a WAIT 
2015-02-09T17:33:47.661-05:00: :0d WAIT 
2015-02-09T17:33:48.864-05:00: 0a WAIT 
2015-02-09T17:33:48.864-05:00: 
3f WAIT 
2015-02-09T17:33:48.864-05:00: ?3f WAIT 
2015-02-09T17:33:48.864-05:00: ?3f WAIT 
2015-02-09T17:33:48.864-05:00: ?0d WAIT 
2015-02-09T17:33:48.864-05:00: 0a WAIT 
2015-02-09T17:33:48.864-05:00: 
0d WAIT 
2015-02-09T17:33:48.864-05:00: 0a WAIT 
2015-02-09T17:33:48.879-05:00: 
48 WAIT 
2015-02-09T17:33:48.879-05:00: H42 WAIT 
2015-02-09T17:33:48.879-05:00: B20 WAIT 
2015-02-09T17:33:48.879-05:00:  30 WAIT 
2015-02-09T17:33:48.879-05:00: 02f WAIT 
2015-02-09T17:33:48.879-05:00: /39 WAIT 
2015-02-09T17:33:48.879-05:00: 936 WAIT 
2015-02-09T17:33:48.879-05:00: 630 WAIT 
2015-02-09T17:33:48.879-05:00: 030 WAIT 
2015-02-09T17:33:48.879-05:00: 00d WAIT 
2015-02-09T17:33:48.879-05:00: 0a WAIT 
2015-02-09T17:33:48.879-05:00: 
58 WAIT 
2015-02-09T17:33:48.879-05:00: X4d WAIT 
2015-02-09T17:33:48.879-05:00: M49 WAIT 
2015-02-09T17:33:48.879-05:00: I54 WAIT 
2015-02-09T17:33:48.879-05:00: T4c WAIT 
2015-02-09T17:33:48.895-05:00: L56 WAIT 
2015-02-09T17:33:48.895-05:00: V4c WAIT 
2015-02-09T17:33:48.895-05:00: L20 WAIT 
2015-02-09T17:33:48.895-05:00:  34 WAIT 
2015-02-09T17:33:48.895-05:00: 430 WAIT 
2015-02-09T17:33:48.895-05:00: 02f WAIT 
2015-02-09T17:33:48.895-05:00: /36 WAIT 
2015-02-09T17:33:48.895-05:00: 633 WAIT 
2015-02-09T17:33:48.911-05:00: 30d WAIT 
2015-02-09T17:33:48.911-05:00: 0a WAIT 
2015-02-09T17:33:48.911-05:00: 
49 WAIT 
2015-02-09T17:33:48.911-05:00: I4e WAIT 
2015-02-09T17:33:48.911-05:00: N54 WAIT 
2015-02-09T17:33:48.911-05:00: T46 WAIT 
2015-02-09T17:33:48.911-05:00: F41 WAIT 
2015-02-09T17:33:48.911-05:00: A43 WAIT 
2015-02-09T17:33:48.911-05:00: C45 WAIT 
2015-02-09T17:33:48.911-05:00: E20 WAIT 
2015-02-09T17:33:48.911-05:00:  4b WAIT 
2015-02-09T17:33:48.911-05:00: K49 WAIT 
2015-02-09T17:33:48.911-05:00: I53 WAIT 
2015-02-09T17:33:48.911-05:00: S53 WAIT 
2015-02-09T17:33:48.911-05:00: S0d WAIT 
2015-02-09T17:33:48.911-05:00: 0a WAIT 
2015-02-09T17:33:48.911-05:00: 
52 WAIT 
2015-02-09T17:33:48.911-05:00: R45 WAIT 
2015-02-09T17:33:48.926-05:00: E53 WAIT 
2015-02-09T17:33:48.926-05:00: Sa89ea0a89ea0e18ea49eaa9c88e018ffffffffffffffffffffffffffffffffffffffffffffffffffffffffffffffffff0100
2015-02-09T17:33:52.645-05:00: a8
2015-02-09T17:33:52.645-05:00: 9e
2015-02-09T17:33:52.645-05:00: a0
2015-02-09T17:33:52.645-05:00: a8
2015-02-09T17:33:52.645-05:00: 9e
2015-02-09T17:33:52.645-05:00: a0
2015-02-09T17:33:52.645-05:00: e1
2015-02-09T17:33:52.645-05:00: 8e
2015-02-09T17:33:52.645-05:00: a4
2015-02-09T17:33:52.645-05:00: 9e
2015-02-09T17:33:52.645-05:00: aa
2015-02-09T17:33:52.645-05:00: 9c
2015-02-09T17:33:52.645-05:00: 88
2015-02-09T17:33:52.645-05:00: e0
2015-02-09T17:33:52.645-05:00: 18
2015-02-09T17:33:52.645-05:00: ff
2015-02-09T17:33:52.645-05:00: ff
2015-02-09T17:33:52.645-05:00: ff
2015-02-09T17:33:52.645-05:00: ff
2015-02-09T17:33:52.645-05:00: ff
2015-02-09T17:33:52.645-05:00: ff
2015-02-09T17:33:52.645-05:00: ff
2015-02-09T17:33:52.645-05:00: ff
2015-02-09T17:33:52.645-05:00: ff
2015-02-09T17:33:52.661-05:00: ff
2015-02-09T17:33:52.661-05:00: ff
2015-02-09T17:33:52.661-05:00: ff
2015-02-09T17:33:52.661-05:00: ff
2015-02-09T17:33:52.661-05:00: ff
2015-02-09T17:33:52.661-05:00: ff
2015-02-09T17:33:52.661-05:00: ff
2015-02-09T17:33:52.661-05:00: ff
2015-02-09T17:33:52.661-05:00: ff
2015-02-09T17:33:52.661-05:00: ff
2015-02-09T17:33:52.661-05:00: ff
2015-02-09T17:33:52.661-05:00: ff
2015-02-09T17:33:52.661-05:00: ff
2015-02-09T17:33:52.661-05:00: ff
2015-02-09T17:33:52.661-05:00: ff
2015-02-09T17:33:52.661-05:00: ff
2015-02-09T17:33:52.661-05:00: ff
2015-02-09T17:33:52.661-05:00: ff
2015-02-09T17:33:52.661-05:00: ff
2015-02-09T17:33:52.661-05:00: ff
2015-02-09T17:33:52.661-05:00: ff
2015-02-09T17:33:52.661-05:00: ff
2015-02-09T17:33:52.661-05:00: ff
2015-02-09T17:33:52.661-05:00: ff
2015-02-09T17:33:52.661-05:00: 01
2015-02-09T17:33:52.661-05:00: 00
2015-02-09T17:34:01.692-05:00: c0 WAIT 
2015-02-09T17:34:01.786-05:00: 00 DATA 
2015-02-09T17:34:01.786-05:00: 86 DATA 
2015-02-09T17:34:01.786-05:00: a2 DATA 
2015-02-09T17:34:01.786-05:00: 40 DATA 
2015-02-09T17:34:01.786-05:00: 40 DATA 
2015-02-09T17:34:01.786-05:00: 40 DATA 
2015-02-09T17:34:01.786-05:00: 40 DATA 
2015-02-09T17:34:01.786-05:00: 60 DATA 
2015-02-09T17:34:01.786-05:00: 9c DATA 
2015-02-09T17:34:01.801-05:00: 9e DATA 
2015-02-09T17:34:01.801-05:00: 86 DATA 
2015-02-09T17:34:01.801-05:00: 82 DATA 
2015-02-09T17:34:01.801-05:00: 98 DATA 
2015-02-09T17:34:01.801-05:00: 98 DATA 
2015-02-09T17:34:01.801-05:00: e1 DATA 
2015-02-09T17:34:01.817-05:00: 03 DATA 
2015-02-09T17:34:01.817-05:00: f0 DATA 
2015-02-09T17:34:01.817-05:00: 0a DATA 
2015-02-09T17:34:01.817-05:00: 65 DATA 
2015-02-09T17:34:01.817-05:00: 74 DATA 
2015-02-09T17:34:01.817-05:00: 6b DATA 
2015-02-09T17:34:01.817-05:00: 6c DATA 
2015-02-09T17:34:01.817-05:00: 3b DATA 
2015-02-09T17:34:01.817-05:00: 61 DATA 
2015-02-09T17:34:01.817-05:00: 6a DATA 
2015-02-09T17:34:01.817-05:00: 66 DATA 
2015-02-09T17:34:01.817-05:00: 3b DATA 
2015-02-09T17:34:01.817-05:00: 6c DATA 
2015-02-09T17:34:01.817-05:00: 73 DATA 
2015-02-09T17:34:01.817-05:00: 64 DATA 
2015-02-09T17:34:01.817-05:00: 6b DATA 
2015-02-09T17:34:01.817-05:00: 6a DATA 
2015-02-09T17:34:01.817-05:00: 66 DATA 
2015-02-09T17:34:01.817-05:00: 3b DATA 
2015-02-09T17:34:01.817-05:00: 0d DATA 
2015-02-09T17:34:01.817-05:00: c0 DATA 
2015-02-09T17:38:00.567-05:00: c0 WAIT 
2015-02-09T17:38:00.567-05:00: 00 DATA 
2015-02-09T17:38:00.567-05:00: 86 DATA 
2015-02-09T17:38:00.567-05:00: a2 DATA 
2015-02-09T17:38:00.567-05:00: 40 DATA 
2015-02-09T17:38:00.567-05:00: 40 DATA 
2015-02-09T17:38:00.567-05:00: 40 DATA 
2015-02-09T17:38:00.567-05:00: 40 DATA 
2015-02-09T17:38:00.582-05:00: 60 DATA 
2015-02-09T17:38:00.582-05:00: 9c DATA 
2015-02-09T17:38:00.582-05:00: 9e DATA 
2015-02-09T17:38:00.582-05:00: 86 DATA 
2015-02-09T17:38:00.582-05:00: 82 DATA 
2015-02-09T17:38:00.582-05:00: 98 DATA 
2015-02-09T17:38:00.582-05:00: 98 DATA 
2015-02-09T17:38:00.582-05:00: e1 DATA 
2015-02-09T17:38:00.582-05:00: 03 DATA 
2015-02-09T17:38:00.582-05:00: f0 DATA 
2015-02-09T17:38:00.582-05:00: 0a DATA 
2015-02-09T17:38:00.582-05:00: 61 DATA 
2015-02-09T17:38:00.582-05:00: 73 DATA 
2015-02-09T17:38:00.582-05:00: 6a DATA 
2015-02-09T17:38:00.582-05:00: 6c DATA 
2015-02-09T17:38:00.582-05:00: 3b DATA 
2015-02-09T17:38:00.598-05:00: 64 DATA 
2015-02-09T17:38:00.598-05:00: 6b DATA 
2015-02-09T17:38:00.598-05:00: 66 DATA 
2015-02-09T17:38:00.598-05:00: 6a DATA 
2015-02-09T17:38:00.598-05:00: 61 DATA 
2015-02-09T17:38:00.598-05:00: 3b DATA 
2015-02-09T17:38:00.598-05:00: 6c DATA 
2015-02-09T17:38:00.598-05:00: 73 DATA 
2015-02-09T17:38:00.598-05:00: 6b DATA 
2015-02-09T17:38:00.598-05:00: 64 DATA 
2015-02-09T17:38:00.598-05:00: 6a DATA 
2015-02-09T17:38:00.598-05:00: 66 DATA 
2015-02-09T17:38:00.614-05:00: 3b DATA 
2015-02-09T17:38:00.614-05:00: 6c DATA 
2015-02-09T17:38:00.614-05:00: 61 DATA 
2015-02-09T17:38:00.614-05:00: 6b DATA 
2015-02-09T17:38:00.614-05:00: 73 DATA 
2015-02-09T17:38:00.614-05:00: 6a DATA 
2015-02-09T17:38:00.614-05:00: 64 DATA 
2015-02-09T17:38:00.614-05:00: 66 DATA 
2015-02-09T17:38:00.614-05:00: 3b DATA 
2015-02-09T17:38:00.614-05:00: 6c DATA 
2015-02-09T17:38:00.614-05:00: 6b DATA 
2015-02-09T17:38:00.614-05:00: 61 DATA 
2015-02-09T17:38:00.614-05:00: 6a DATA 
2015-02-09T17:38:00.614-05:00: 73 DATA 
2015-02-09T17:38:00.614-05:00: 64 DATA 
2015-02-09T17:38:00.614-05:00: 3b DATA 
2015-02-09T17:38:00.629-05:00: 6c DATA 
2015-02-09T17:38:00.629-05:00: 66 DATA 
2015-02-09T17:38:00.629-05:00: 6b DATA 
2015-02-09T17:38:00.629-05:00: 6a DATA 
2015-02-09T17:38:00.629-05:00: 61 DATA 
2015-02-09T17:38:00.629-05:00: 3b DATA 
2015-02-09T17:38:00.629-05:00: 73 DATA 
2015-02-09T17:38:00.629-05:00: 6c DATA 
2015-02-09T17:38:00.629-05:00: 64 DATA 
2015-02-09T17:38:00.629-05:00: 6b DATA 
2015-02-09T17:38:00.629-05:00: 6a DATA 
2015-02-09T17:38:00.629-05:00: 66 DATA 
2015-02-09T17:38:00.645-05:00: 3b DATA 
2015-02-09T17:38:00.645-05:00: 61 DATA 
2015-02-09T17:38:00.645-05:00: 73 DATA 
2015-02-09T17:38:00.645-05:00: 6b DATA 
2015-02-09T17:38:00.645-05:00: 6c DATA 
2015-02-09T17:38:00.645-05:00: 64 DATA 
2015-02-09T17:38:00.645-05:00: 6a DATA 
2015-02-09T17:38:00.645-05:00: 66 DATA 
2015-02-09T17:38:00.645-05:00: 3b DATA 
2015-02-09T17:38:00.645-05:00: 6c DATA 
2015-02-09T17:38:00.645-05:00: 6b DATA 
2015-02-09T17:38:00.645-05:00: 61 DATA 
2015-02-09T17:38:00.645-05:00: 73 DATA 
2015-02-09T17:38:00.645-05:00: 6a DATA 
2015-02-09T17:38:00.645-05:00: 64 DATA 
2015-02-09T17:38:00.645-05:00: 3b DATA 
2015-02-09T17:38:00.661-05:00: 6c DATA 
2015-02-09T17:38:00.661-05:00: 66 DATA 
2015-02-09T17:38:00.661-05:00: 6b DATA 
2015-02-09T17:38:00.661-05:00: 6a DATA 
2015-02-09T17:38:00.661-05:00: 61 DATA 
2015-02-09T17:38:00.661-05:00: 3b DATA 
2015-02-09T17:38:00.661-05:00: 73 DATA 
2015-02-09T17:38:00.661-05:00: 6c DATA 
2015-02-09T17:38:00.661-05:00: 64 DATA 
2015-02-09T17:38:00.661-05:00: 6b DATA 
2015-02-09T17:38:00.661-05:00: 66 DATA 
2015-02-09T17:38:00.661-05:00: 6a DATA 
2015-02-09T17:38:00.661-05:00: 3b DATA 
2015-02-09T17:38:00.661-05:00: 61 DATA 
2015-02-09T17:38:00.661-05:00: 6c DATA 
2015-02-09T17:38:00.661-05:00: 73 DATA 
2015-02-09T17:38:00.676-05:00: 6b DATA 
2015-02-09T17:38:00.676-05:00: 64 DATA 
2015-02-09T17:38:00.676-05:00: 6a DATA 
2015-02-09T17:38:00.676-05:00: 66 DATA 
2015-02-09T17:38:00.676-05:00: 3b DATA 
2015-02-09T17:38:00.676-05:00: 6c DATA 
2015-02-09T17:38:00.676-05:00: 6b DATA 
2015-02-09T17:38:00.676-05:00: 61 DATA 
2015-02-09T17:38:00.676-05:00: 6a DATA 
2015-02-09T17:38:00.676-05:00: 73 DATA 
2015-02-09T17:38:00.676-05:00: 64 DATA 
2015-02-09T17:38:00.676-05:00: 3b DATA 
2015-02-09T17:38:00.676-05:00: 6c DATA 
2015-02-09T17:38:00.676-05:00: 6b DATA 
2015-02-09T17:38:00.676-05:00: 66 DATA 
2015-02-09T17:38:00.676-05:00: 6a DATA 
2015-02-09T17:38:00.692-05:00: 61 DATA 
2015-02-09T17:38:00.692-05:00: 3b DATA 
2015-02-09T17:38:00.692-05:00: 73 DATA 
2015-02-09T17:38:00.692-05:00: 6c DATA 
2015-02-09T17:38:00.692-05:00: 64 DATA 
2015-02-09T17:38:00.692-05:00: 6b DATA 
2015-02-09T17:38:00.692-05:00: 6a DATA 
2015-02-09T17:38:00.692-05:00: 66 DATA 
2015-02-09T17:38:00.692-05:00: 3b DATA 
2015-02-09T17:38:00.692-05:00: 6c DATA 
2015-02-09T17:38:00.692-05:00: 61 DATA 
2015-02-09T17:38:00.692-05:00: 73 DATA 
2015-02-09T17:38:00.692-05:00: 6b DATA 
2015-02-09T17:38:00.692-05:00: 6a DATA 
2015-02-09T17:38:00.692-05:00: 64 DATA 
2015-02-09T17:38:00.692-05:00: 66 DATA 
2015-02-09T17:38:00.707-05:00: 3b DATA 
2015-02-09T17:38:00.707-05:00: 6c DATA 
2015-02-09T17:38:00.707-05:00: 6b DATA 
2015-02-09T17:38:00.707-05:00: 61 DATA 
2015-02-09T17:38:00.707-05:00: 73 DATA 
2015-02-09T17:38:00.707-05:00: 6a DATA 
2015-02-09T17:38:00.707-05:00: 64 DATA 
2015-02-09T17:38:00.707-05:00: 3b DATA 
2015-02-09T17:38:00.707-05:00: 66 DATA 
2015-02-09T17:38:00.707-05:00: 6c DATA 
2015-02-09T17:38:00.707-05:00: 6b DATA 
2015-02-09T17:38:00.707-05:00: 61 DATA 
2015-02-09T17:38:00.707-05:00: 6a DATA 
2015-02-09T17:38:00.707-05:00: 73 DATA 
2015-02-09T17:38:00.707-05:00: 3b DATA 
2015-02-09T17:38:00.707-05:00: 64 DATA 
2015-02-09T17:38:00.723-05:00: 6c DATA 
2015-02-09T17:38:00.723-05:00: 6b DATA 
2015-02-09T17:38:00.723-05:00: 66 DATA 
2015-02-09T17:38:00.723-05:00: 6a DATA 
2015-02-09T17:38:00.723-05:00: 61 DATA 
2015-02-09T17:38:00.723-05:00: 3b DATA 
2015-02-09T17:38:00.723-05:00: 6c DATA 
2015-02-09T17:38:00.723-05:00: 73 DATA 
2015-02-09T17:38:00.723-05:00: 6b DATA 
2015-02-09T17:38:00.723-05:00: 64 DATA 
2015-02-09T17:38:00.723-05:00: 66 DATA 
2015-02-09T17:38:00.739-05:00: 6a DATA 
2015-02-09T17:38:00.739-05:00: 3b DATA 
2015-02-09T17:38:00.739-05:00: 61 DATA 
2015-02-09T17:38:00.739-05:00: 6c DATA 
2015-02-09T17:38:00.739-05:00: 6b DATA 
2015-02-09T17:38:00.739-05:00: 73 DATA 
2015-02-09T17:38:00.739-05:00: 64 DATA 
2015-02-09T17:38:00.739-05:00: 6a DATA 
2015-02-09T17:38:00.739-05:00: 66 DATA 
2015-02-09T17:38:00.739-05:00: 3b DATA 
2015-02-09T17:38:00.739-05:00: 6c DATA 
2015-02-09T17:38:00.739-05:00: 61 DATA 
2015-02-09T17:38:00.739-05:00: 6b DATA 
2015-02-09T17:38:00.739-05:00: 73 DATA 
2015-02-09T17:38:00.739-05:00: 64 DATA 
2015-02-09T17:38:00.739-05:00: 6a DATA 
2015-02-09T17:38:00.739-05:00: 66 DATA 
2015-02-09T17:38:00.739-05:00: 3b DATA 
2015-02-09T17:38:00.754-05:00: 6c DATA 
2015-02-09T17:38:00.754-05:00: 6b DATA 
2015-02-09T17:38:00.754-05:00: 61 DATA 
2015-02-09T17:38:00.754-05:00: 6a DATA 
2015-02-09T17:38:00.754-05:00: 73 DATA 
2015-02-09T17:38:00.754-05:00: 64 DATA 
2015-02-09T17:38:00.754-05:00: 3b DATA 
2015-02-09T17:38:00.754-05:00: 66 DATA 
2015-02-09T17:38:00.754-05:00: 6c DATA 
2015-02-09T17:38:00.754-05:00: 6b DATA 
2015-02-09T17:38:00.754-05:00: 61 DATA 
2015-02-09T17:38:00.770-05:00: 6a DATA 
2015-02-09T17:38:00.770-05:00: 73 DATA 
2015-02-09T17:38:00.770-05:00: 3b DATA 
2015-02-09T17:38:00.770-05:00: 64 DATA 
2015-02-09T17:38:00.770-05:00: 6c DATA 
2015-02-09T17:38:00.770-05:00: 6b DATA 
2015-02-09T17:38:00.770-05:00: 66 DATA 
2015-02-09T17:38:00.770-05:00: 6a DATA 
2015-02-09T17:38:00.770-05:00: 61 DATA 
2015-02-09T17:38:00.770-05:00: 3b DATA 
2015-02-09T17:38:00.770-05:00: 73 DATA 
2015-02-09T17:38:00.770-05:00: 6b DATA 
2015-02-09T17:38:00.770-05:00: 6c DATA 
2015-02-09T17:38:00.770-05:00: 64 DATA 
2015-02-09T17:38:00.770-05:00: 66 DATA 
2015-02-09T17:38:00.770-05:00: 6a DATA 
2015-02-09T17:38:00.786-05:00: 3b DATA 
2015-02-09T17:38:00.786-05:00: 61 DATA 
2015-02-09T17:38:00.786-05:00: 6c DATA 
2015-02-09T17:38:00.786-05:00: 73 DATA 
2015-02-09T17:38:00.786-05:00: 6b DATA 
2015-02-09T17:38:00.786-05:00: 64 DATA 
2015-02-09T17:38:00.786-05:00: 6a DATA 
2015-02-09T17:38:00.786-05:00: 66 DATA 
2015-02-09T17:38:00.786-05:00: 3b DATA 
2015-02-09T17:38:00.786-05:00: 6c DATA 
2015-02-09T17:38:00.786-05:00: 61 DATA 
2015-02-09T17:38:00.786-05:00: 6b DATA 
2015-02-09T17:38:00.786-05:00: 73 DATA 
2015-02-09T17:38:00.786-05:00: 64 DATA 
2015-02-09T17:38:00.786-05:00: 6a DATA 
2015-02-09T17:38:00.786-05:00: 3b DATA 
2015-02-09T17:38:00.801-05:00: 66 DATA 
2015-02-09T17:38:00.801-05:00: 6c DATA 
2015-02-09T17:38:00.801-05:00: 6b DATA 
2015-02-09T17:38:00.801-05:00: 61 DATA 
2015-02-09T17:38:00.801-05:00: 6a DATA 
2015-02-09T17:38:00.801-05:00: 73 DATA 
2015-02-09T17:38:00.801-05:00: 64 DATA 
2015-02-09T17:38:00.801-05:00: 3b DATA 
2015-02-09T17:38:00.801-05:00: 66 DATA 
2015-02-09T17:38:00.801-05:00: 6c DATA 
2015-02-09T17:38:00.801-05:00: 6b DATA 
2015-02-09T17:38:00.801-05:00: 61 DATA 
2015-02-09T17:38:00.801-05:00: 6a DATA 
2015-02-09T17:38:00.801-05:00: 3b DATA 
2015-02-09T17:38:00.801-05:00: 73 DATA 
2015-02-09T17:38:00.801-05:00: 64 DATA 
2015-02-09T17:38:00.817-05:00: 6c DATA 
2015-02-09T17:38:00.817-05:00: 6b DATA 
2015-02-09T17:38:00.817-05:00: 66 DATA 
2015-02-09T17:38:00.817-05:00: 6a DATA 
2015-02-09T17:38:00.817-05:00: 61 DATA 
2015-02-09T17:38:00.817-05:00: 3b DATA 
2015-02-09T17:38:00.817-05:00: 73 DATA 
2015-02-09T17:38:00.817-05:00: 6b DATA 
2015-02-09T17:38:00.817-05:00: 6c DATA 
2015-02-09T17:38:00.817-05:00: 64 DATA 
2015-02-09T17:38:00.817-05:00: 66 DATA 
2015-02-09T17:38:00.817-05:00: 6a DATA 
2015-02-09T17:38:00.817-05:00: 0d DATA 
2015-02-09T17:38:00.817-05:00: c0 DATA 
