2015-02-17T15:54:48.677-05:00: Stable Library
2015-02-17T15:54:48.677-05:00: =========================================
2015-02-17T15:54:48.677-05:00: Native lib Version = RXTX-2.1-7
2015-02-17T15:54:48.677-05:00: Java lib Version   = RXTX-2.1-7
2015-02-17T15:55:02.083-05:00: Sending to TS-2000: SQ0050;
2015-02-17T15:55:02.083-05:00: Sending to TS-2000: DC;
2015-02-17T15:55:02.083-05:00: Sending to TS-2000: AG0155;
2015-02-17T15:55:02.083-05:00: Sending to TS-2000: FR;
2015-02-17T15:55:02.083-05:00: Sending to TS-2000: AG;
2015-02-17T15:55:02.099-05:00: Sending to TS-2000: FT;
2015-02-17T15:55:02.099-05:00: Sending to TS-2000: RG255;
2015-02-17T15:55:02.099-05:00: Sending to TS-2000: FA;
2015-02-17T15:55:02.099-05:00: Sending to TS-2000: RG;
2015-02-17T15:55:02.114-05:00: Sending to TS-2000: FB;
2015-02-17T15:55:02.114-05:00: Sending to TS-2000: FR0;
2015-02-17T15:55:02.114-05:00: Sending to TS-2000: FC;
2015-02-17T15:55:02.114-05:00: Sending to TS-2000: FR;
2015-02-17T15:55:02.130-05:00: Sending to TS-2000: MD;
2015-02-17T15:55:02.130-05:00: Sending to TS-2000: FT1;
2015-02-17T15:55:02.130-05:00: Sending to TS-2000: BY;
2015-02-17T15:55:02.130-05:00: Sending to TS-2000: FT;
2015-02-17T15:55:02.145-05:00: Sending to TS-2000: SM0;
2015-02-17T15:55:02.145-05:00: Sending to TS-2000: MD4;
2015-02-17T15:55:02.145-05:00: Sending to TS-2000: MD;
2015-02-17T15:55:02.145-05:00: Sending to TS-2000: FR1;
2015-02-17T15:55:02.161-05:00: Sending to TS-2000: FR;
2015-02-17T15:55:02.161-05:00: Sending to TS-2000: FT0;
2015-02-17T15:55:02.161-05:00: Sending to TS-2000: FT;
2015-02-17T15:55:02.161-05:00: Sending to TS-2000: MD4;
2015-02-17T15:55:02.177-05:00: Sending to TS-2000: MD;
2015-02-17T15:55:02.177-05:00: Sending to TS-2000: SQ0050;
2015-02-17T15:55:02.177-05:00: Sending to TS-2000: AG0155;
2015-02-17T15:55:02.192-05:00: Sending to TS-2000: AG;
2015-02-17T15:55:12.083-05:00: Sending to TS-2000: DC;
2015-02-17T15:55:12.083-05:00: Sending to TS-2000: FR;
2015-02-17T15:55:12.083-05:00: Sending to TS-2000: FT;
2015-02-17T15:55:12.083-05:00: Sending to TS-2000: FA;
2015-02-17T15:55:12.099-05:00: Sending to TS-2000: FB;
2015-02-17T15:55:12.099-05:00: Sending to TS-2000: FC;
2015-02-17T15:55:12.099-05:00: Sending to TS-2000: MD;
2015-02-17T15:55:12.099-05:00: Sending to TS-2000: BY;
2015-02-17T15:55:12.099-05:00: Sending to TS-2000: SM0;
2015-02-17T15:55:22.083-05:00: Sending to TS-2000: DC;
2015-02-17T15:55:22.083-05:00: Sending to TS-2000: FR;
2015-02-17T15:55:22.083-05:00: Sending to TS-2000: FT;
2015-02-17T15:55:22.083-05:00: Sending to TS-2000: FA;
2015-02-17T15:55:22.083-05:00: Sending to TS-2000: FB;
2015-02-17T15:55:22.083-05:00: Sending to TS-2000: FC;
2015-02-17T15:55:22.099-05:00: Sending to TS-2000: MD;
2015-02-17T15:55:22.099-05:00: Sending to TS-2000: BY;
2015-02-17T15:55:22.099-05:00: Sending to TS-2000: SM0;
2015-02-17T15:55:32.083-05:00: Sending to TS-2000: DC;
2015-02-17T15:55:32.083-05:00: Sending to TS-2000: FR;
2015-02-17T15:55:32.099-05:00: Sending to TS-2000: FT;
2015-02-17T15:55:32.099-05:00: Sending to TS-2000: FA;
2015-02-17T15:55:32.099-05:00: Sending to TS-2000: FB;
2015-02-17T15:55:32.099-05:00: Sending to TS-2000: FC;
2015-02-17T15:55:32.099-05:00: Sending to TS-2000: MD;
2015-02-17T15:55:32.114-05:00: Sending to TS-2000: BY;
2015-02-17T15:55:32.114-05:00: Sending to TS-2000: SM0;
2015-02-17T15:55:56.489-05:00: a89ea0a89ea0e18ea49eaa9c88e018ffffffffffffffffffffffffffffffffffffffffffffffffffffffffffffffffff0100
2015-02-17T15:55:56.489-05:00: a8
2015-02-17T15:55:56.489-05:00: 9e
2015-02-17T15:55:56.489-05:00: a0
2015-02-17T15:55:56.489-05:00: a8
2015-02-17T15:55:56.489-05:00: 9e
2015-02-17T15:55:56.489-05:00: a0
2015-02-17T15:55:56.489-05:00: e1
2015-02-17T15:55:56.489-05:00: 8e
2015-02-17T15:55:56.489-05:00: a4
2015-02-17T15:55:56.489-05:00: 9e
2015-02-17T15:55:56.489-05:00: aa
2015-02-17T15:55:56.489-05:00: 9c
2015-02-17T15:55:56.489-05:00: 88
2015-02-17T15:55:56.489-05:00: e0
2015-02-17T15:55:56.489-05:00: 18
2015-02-17T15:55:56.505-05:00: ff
2015-02-17T15:55:56.505-05:00: ff
2015-02-17T15:55:56.505-05:00: ff
2015-02-17T15:55:56.505-05:00: ff
2015-02-17T15:55:56.505-05:00: ff
2015-02-17T15:55:56.505-05:00: ff
2015-02-17T15:55:56.505-05:00: ff
2015-02-17T15:55:56.505-05:00: ff
2015-02-17T15:55:56.505-05:00: ff
2015-02-17T15:55:56.505-05:00: ff
2015-02-17T15:55:56.505-05:00: ff
2015-02-17T15:55:56.505-05:00: ff
2015-02-17T15:55:56.505-05:00: ff
2015-02-17T15:55:56.505-05:00: ff
2015-02-17T15:55:56.505-05:00: ff
2015-02-17T15:55:56.505-05:00: ff
2015-02-17T15:55:56.505-05:00: ff
2015-02-17T15:55:56.505-05:00: ff
2015-02-17T15:55:56.505-05:00: ff
2015-02-17T15:55:56.505-05:00: ff
2015-02-17T15:55:56.505-05:00: ff
2015-02-17T15:55:56.505-05:00: ff
2015-02-17T15:55:56.505-05:00: ff
2015-02-17T15:55:56.520-05:00: ff
2015-02-17T15:55:56.520-05:00: ff
2015-02-17T15:55:56.520-05:00: ff
2015-02-17T15:55:56.520-05:00: ff
2015-02-17T15:55:56.520-05:00: ff
2015-02-17T15:55:56.520-05:00: ff
2015-02-17T15:55:56.520-05:00: ff
2015-02-17T15:55:56.520-05:00: ff
2015-02-17T15:55:56.520-05:00: ff
2015-02-17T15:55:56.520-05:00: ff
2015-02-17T15:55:56.520-05:00: 01
2015-02-17T15:55:56.520-05:00: 00
2015-02-17T15:55:57.005-05:00: a89ea0a89ea0e18ea49eaa9c88e018ffffffffffffffffffffffffffffffffffffffffffffffffffffffffffffffffff0100
2015-02-17T15:55:57.020-05:00: a8
2015-02-17T15:55:57.020-05:00: 9e
2015-02-17T15:55:57.020-05:00: a0
2015-02-17T15:55:57.020-05:00: a8
2015-02-17T15:55:57.020-05:00: 9e
2015-02-17T15:55:57.020-05:00: a0
2015-02-17T15:55:57.020-05:00: e1
2015-02-17T15:55:57.020-05:00: 8e
2015-02-17T15:55:57.020-05:00: a4
2015-02-17T15:55:57.020-05:00: 9e
2015-02-17T15:55:57.020-05:00: aa
2015-02-17T15:55:57.020-05:00: 9c
2015-02-17T15:55:57.020-05:00: 88
2015-02-17T15:55:57.020-05:00: e0
2015-02-17T15:55:57.020-05:00: 18
2015-02-17T15:55:57.020-05:00: ff
2015-02-17T15:55:57.020-05:00: ff
2015-02-17T15:55:57.020-05:00: ff
2015-02-17T15:55:57.020-05:00: ff
2015-02-17T15:55:57.020-05:00: ff
2015-02-17T15:55:57.020-05:00: ff
2015-02-17T15:55:57.020-05:00: ff
2015-02-17T15:55:57.020-05:00: ff
2015-02-17T15:55:57.036-05:00: ff
2015-02-17T15:55:57.036-05:00: ff
2015-02-17T15:55:57.036-05:00: ff
2015-02-17T15:55:57.036-05:00: ff
2015-02-17T15:55:57.036-05:00: ff
2015-02-17T15:55:57.036-05:00: ff
2015-02-17T15:55:57.036-05:00: ff
2015-02-17T15:55:57.036-05:00: ff
2015-02-17T15:55:57.036-05:00: ff
2015-02-17T15:55:57.036-05:00: ff
2015-02-17T15:55:57.036-05:00: ff
2015-02-17T15:55:57.036-05:00: ff
2015-02-17T15:55:57.036-05:00: ff
2015-02-17T15:55:57.036-05:00: ff
2015-02-17T15:55:57.036-05:00: ff
2015-02-17T15:55:57.036-05:00: ff
2015-02-17T15:55:57.036-05:00: ff
2015-02-17T15:55:57.036-05:00: ff
2015-02-17T15:55:57.036-05:00: ff
2015-02-17T15:55:57.036-05:00: ff
2015-02-17T15:55:57.036-05:00: ff
2015-02-17T15:55:57.036-05:00: ff
2015-02-17T15:55:57.036-05:00: ff
2015-02-17T15:55:57.052-05:00: ff
2015-02-17T15:55:57.052-05:00: ff
2015-02-17T15:55:57.052-05:00: 01
2015-02-17T15:55:57.052-05:00: 00
2015-02-17T15:55:57.099-05:00: 3f WAIT 
2015-02-17T15:55:57.099-05:00: ?3b WAIT 
2015-02-17T15:55:57.099-05:00: ;a89ea0a89ea0e18ea49eaa9c88e018ffffffffffffffffffffffffffffffffffffffffffffffffffffffffffffffffff0100
2015-02-17T15:55:57.505-05:00: a8
2015-02-17T15:55:57.505-05:00: 9e
2015-02-17T15:55:57.505-05:00: a0
2015-02-17T15:55:57.505-05:00: a8
2015-02-17T15:55:57.505-05:00: 9e
2015-02-17T15:55:57.505-05:00: a0
2015-02-17T15:55:57.505-05:00: e1
2015-02-17T15:55:57.505-05:00: 8e
2015-02-17T15:55:57.505-05:00: a4
2015-02-17T15:55:57.505-05:00: 9e
2015-02-17T15:55:57.505-05:00: aa
2015-02-17T15:55:57.505-05:00: 9c
2015-02-17T15:55:57.505-05:00: 88
2015-02-17T15:55:57.505-05:00: e0
2015-02-17T15:55:57.505-05:00: 18
2015-02-17T15:55:57.505-05:00: ff
2015-02-17T15:55:57.505-05:00: ff
2015-02-17T15:55:57.505-05:00: ff
2015-02-17T15:55:57.505-05:00: ff
2015-02-17T15:55:57.505-05:00: ff
2015-02-17T15:55:57.520-05:00: ff
2015-02-17T15:55:57.520-05:00: ff
2015-02-17T15:55:57.520-05:00: ff
2015-02-17T15:55:57.520-05:00: ff
2015-02-17T15:55:57.520-05:00: ff
2015-02-17T15:55:57.520-05:00: ff
2015-02-17T15:55:57.520-05:00: ff
2015-02-17T15:55:57.520-05:00: ff
2015-02-17T15:55:57.520-05:00: ff
2015-02-17T15:55:57.520-05:00: ff
2015-02-17T15:55:57.520-05:00: ff
2015-02-17T15:55:57.520-05:00: ff
2015-02-17T15:55:57.520-05:00: ff
2015-02-17T15:55:57.520-05:00: ff
2015-02-17T15:55:57.520-05:00: ff
2015-02-17T15:55:57.520-05:00: ff
2015-02-17T15:55:57.520-05:00: ff
2015-02-17T15:55:57.520-05:00: ff
2015-02-17T15:55:57.520-05:00: ff
2015-02-17T15:55:57.520-05:00: ff
2015-02-17T15:55:57.520-05:00: ff
2015-02-17T15:55:57.520-05:00: ff
2015-02-17T15:55:57.520-05:00: ff
2015-02-17T15:55:57.520-05:00: ff
2015-02-17T15:55:57.520-05:00: ff
2015-02-17T15:55:57.520-05:00: ff
2015-02-17T15:55:57.536-05:00: ff
2015-02-17T15:55:57.536-05:00: ff
2015-02-17T15:55:57.536-05:00: 01
2015-02-17T15:55:57.536-05:00: 00
2015-02-17T15:55:57.989-05:00: a89ea0a89ea0e18ea49eaa9c88e018ffffffffffffffffffffffffffffffffffffffffffffffffffffffffffffffffff0100
2015-02-17T15:55:57.989-05:00: a8
2015-02-17T15:55:58.005-05:00: 9e
2015-02-17T15:55:58.005-05:00: a0
2015-02-17T15:55:58.005-05:00: a8
2015-02-17T15:55:58.005-05:00: 9e
2015-02-17T15:55:58.005-05:00: a0
2015-02-17T15:55:58.005-05:00: e1
2015-02-17T15:55:58.005-05:00: 8e
2015-02-17T15:55:58.005-05:00: a4
2015-02-17T15:55:58.005-05:00: 9e
2015-02-17T15:55:58.005-05:00: aa
2015-02-17T15:55:58.005-05:00: 9c
2015-02-17T15:55:58.005-05:00: 88
2015-02-17T15:55:58.005-05:00: e0
2015-02-17T15:55:58.005-05:00: 18
2015-02-17T15:55:58.005-05:00: ff
2015-02-17T15:55:58.005-05:00: ff
2015-02-17T15:55:58.005-05:00: ff
2015-02-17T15:55:58.005-05:00: ff
2015-02-17T15:55:58.005-05:00: ff
2015-02-17T15:55:58.005-05:00: ff
2015-02-17T15:55:58.005-05:00: ff
2015-02-17T15:55:58.005-05:00: ff
2015-02-17T15:55:58.005-05:00: ff
2015-02-17T15:55:58.005-05:00: ff
2015-02-17T15:55:58.005-05:00: ff
2015-02-17T15:55:58.005-05:00: ff
2015-02-17T15:55:58.005-05:00: ff
2015-02-17T15:55:58.020-05:00: ff
2015-02-17T15:55:58.020-05:00: ff
2015-02-17T15:55:58.020-05:00: ff
2015-02-17T15:55:58.020-05:00: ff
2015-02-17T15:55:58.020-05:00: ff
2015-02-17T15:55:58.020-05:00: ff
2015-02-17T15:55:58.020-05:00: ff
2015-02-17T15:55:58.020-05:00: ff
2015-02-17T15:55:58.020-05:00: ff
2015-02-17T15:55:58.020-05:00: ff
2015-02-17T15:55:58.020-05:00: ff
2015-02-17T15:55:58.020-05:00: ff
2015-02-17T15:55:58.020-05:00: ff
2015-02-17T15:55:58.020-05:00: ff
2015-02-17T15:55:58.020-05:00: ff
2015-02-17T15:55:58.020-05:00: ff
2015-02-17T15:55:58.020-05:00: ff
2015-02-17T15:55:58.020-05:00: ff
2015-02-17T15:55:58.020-05:00: ff
2015-02-17T15:55:58.020-05:00: ff
2015-02-17T15:55:58.020-05:00: 01
2015-02-17T15:55:58.020-05:00: 00
2015-02-17T15:55:58.489-05:00: a89ea0a89ea0e18ea49eaa9c88e018ffffffffffffffffffffffffffffffffffffffffffffffffffffffffffffffffff0100
2015-02-17T15:55:58.489-05:00: a8
2015-02-17T15:55:58.505-05:00: 9e
2015-02-17T15:55:58.505-05:00: a0
2015-02-17T15:55:58.505-05:00: a8
2015-02-17T15:55:58.505-05:00: 9e
2015-02-17T15:55:58.505-05:00: a0
2015-02-17T15:55:58.505-05:00: e1
2015-02-17T15:55:58.505-05:00: 8e
2015-02-17T15:55:58.505-05:00: a4
2015-02-17T15:55:58.505-05:00: 9e
2015-02-17T15:55:58.505-05:00: aa
2015-02-17T15:55:58.505-05:00: 9c
2015-02-17T15:55:58.505-05:00: 88
2015-02-17T15:55:58.505-05:00: e0
2015-02-17T15:55:58.505-05:00: 18
2015-02-17T15:55:58.505-05:00: ff
2015-02-17T15:55:58.505-05:00: ff
2015-02-17T15:55:58.505-05:00: ff
2015-02-17T15:55:58.505-05:00: ff
2015-02-17T15:55:58.505-05:00: ff
2015-02-17T15:55:58.505-05:00: ff
2015-02-17T15:55:58.505-05:00: ff
2015-02-17T15:55:58.505-05:00: ff
2015-02-17T15:55:58.505-05:00: ff
2015-02-17T15:55:58.505-05:00: ff
2015-02-17T15:55:58.505-05:00: ff
2015-02-17T15:55:58.505-05:00: ff
2015-02-17T15:55:58.505-05:00: ff
2015-02-17T15:55:58.505-05:00: ff
2015-02-17T15:55:58.505-05:00: ff
2015-02-17T15:55:58.505-05:00: ff
2015-02-17T15:55:58.520-05:00: ff
2015-02-17T15:55:58.520-05:00: ff
2015-02-17T15:55:58.520-05:00: ff
2015-02-17T15:55:58.520-05:00: ff
2015-02-17T15:55:58.520-05:00: ff
2015-02-17T15:55:58.520-05:00: ff
2015-02-17T15:55:58.520-05:00: ff
2015-02-17T15:55:58.520-05:00: ff
2015-02-17T15:55:58.520-05:00: ff
2015-02-17T15:55:58.520-05:00: ff
2015-02-17T15:55:58.520-05:00: ff
2015-02-17T15:55:58.520-05:00: ff
2015-02-17T15:55:58.520-05:00: ff
2015-02-17T15:55:58.520-05:00: ff
2015-02-17T15:55:58.520-05:00: ff
2015-02-17T15:55:58.520-05:00: ff
2015-02-17T15:55:58.520-05:00: ff
2015-02-17T15:55:58.520-05:00: 01
2015-02-17T15:55:58.520-05:00: 00
2015-02-17T15:55:58.552-05:00: 3f WAIT 
2015-02-17T15:55:58.567-05:00: ?3b WAIT 
2015-02-17T15:55:58.567-05:00: ;a89ea0a89ea0e18ea49eaa9c88e018ffffffffffffffffffffffffffffffffffffffffffffffffffffffffffffffffff0100
2015-02-17T15:55:58.974-05:00: a8
2015-02-17T15:55:58.974-05:00: 9e
2015-02-17T15:55:58.974-05:00: a0
2015-02-17T15:55:58.974-05:00: a8
2015-02-17T15:55:58.974-05:00: 9e
2015-02-17T15:55:58.974-05:00: a0
2015-02-17T15:55:58.974-05:00: e1
2015-02-17T15:55:58.974-05:00: 8e
2015-02-17T15:55:58.974-05:00: a4
2015-02-17T15:55:58.974-05:00: 9e
2015-02-17T15:55:58.989-05:00: aa
2015-02-17T15:55:58.989-05:00: 9c
2015-02-17T15:55:58.989-05:00: 88
2015-02-17T15:55:58.989-05:00: e0
2015-02-17T15:55:58.989-05:00: 18
2015-02-17T15:55:58.989-05:00: ff
2015-02-17T15:55:58.989-05:00: ff
2015-02-17T15:55:58.989-05:00: ff
2015-02-17T15:55:58.989-05:00: ff
2015-02-17T15:55:58.989-05:00: ff
2015-02-17T15:55:58.989-05:00: ff
2015-02-17T15:55:58.989-05:00: ff
2015-02-17T15:55:58.989-05:00: ff
2015-02-17T15:55:58.989-05:00: ff
2015-02-17T15:55:58.989-05:00: ff
2015-02-17T15:55:58.989-05:00: ff
2015-02-17T15:55:58.989-05:00: ff
2015-02-17T15:55:58.989-05:00: ff
2015-02-17T15:55:58.989-05:00: ff
2015-02-17T15:55:58.989-05:00: ff
2015-02-17T15:55:58.989-05:00: ff
2015-02-17T15:55:58.989-05:00: ff
2015-02-17T15:55:58.989-05:00: ff
2015-02-17T15:55:58.989-05:00: ff
2015-02-17T15:55:58.989-05:00: ff
2015-02-17T15:55:58.989-05:00: ff
2015-02-17T15:55:58.989-05:00: ff
2015-02-17T15:55:58.989-05:00: ff
2015-02-17T15:55:58.989-05:00: ff
2015-02-17T15:55:59.005-05:00: ff
2015-02-17T15:55:59.005-05:00: ff
2015-02-17T15:55:59.005-05:00: ff
2015-02-17T15:55:59.005-05:00: ff
2015-02-17T15:55:59.005-05:00: ff
2015-02-17T15:55:59.005-05:00: ff
2015-02-17T15:55:59.005-05:00: ff
2015-02-17T15:55:59.005-05:00: ff
2015-02-17T15:55:59.005-05:00: ff
2015-02-17T15:55:59.005-05:00: 01
2015-02-17T15:55:59.005-05:00: 00
2015-02-17T15:55:59.474-05:00: a89ea0a89ea0e18ea49eaa9c88e018ffffffffffffffffffffffffffffffffffffffffffffffffffffffffffffffffff0100
2015-02-17T15:55:59.474-05:00: a8
2015-02-17T15:55:59.474-05:00: 9e
2015-02-17T15:55:59.474-05:00: a0
2015-02-17T15:55:59.474-05:00: a8
2015-02-17T15:55:59.474-05:00: 9e
2015-02-17T15:55:59.474-05:00: a0
2015-02-17T15:55:59.474-05:00: e1
2015-02-17T15:55:59.474-05:00: 8e
2015-02-17T15:55:59.474-05:00: a4
2015-02-17T15:55:59.474-05:00: 9e
2015-02-17T15:55:59.474-05:00: aa
2015-02-17T15:55:59.474-05:00: 9c
2015-02-17T15:55:59.474-05:00: 88
2015-02-17T15:55:59.474-05:00: e0
2015-02-17T15:55:59.474-05:00: 18
2015-02-17T15:55:59.474-05:00: ff
2015-02-17T15:55:59.474-05:00: ff
2015-02-17T15:55:59.474-05:00: ff
2015-02-17T15:55:59.474-05:00: ff
2015-02-17T15:55:59.474-05:00: ff
2015-02-17T15:55:59.474-05:00: ff
2015-02-17T15:55:59.474-05:00: ff
2015-02-17T15:55:59.474-05:00: ff
2015-02-17T15:55:59.474-05:00: ff
2015-02-17T15:55:59.489-05:00: ff
2015-02-17T15:55:59.489-05:00: ff
2015-02-17T15:55:59.489-05:00: ff
2015-02-17T15:55:59.489-05:00: ff
2015-02-17T15:55:59.489-05:00: ff
2015-02-17T15:55:59.489-05:00: ff
2015-02-17T15:55:59.489-05:00: ff
2015-02-17T15:55:59.489-05:00: ff
2015-02-17T15:55:59.489-05:00: ff
2015-02-17T15:55:59.489-05:00: ff
2015-02-17T15:55:59.489-05:00: ff
2015-02-17T15:55:59.489-05:00: ff
2015-02-17T15:55:59.489-05:00: ff
2015-02-17T15:55:59.489-05:00: ff
2015-02-17T15:55:59.489-05:00: ff
2015-02-17T15:55:59.489-05:00: ff
2015-02-17T15:55:59.489-05:00: ff
2015-02-17T15:55:59.489-05:00: ff
2015-02-17T15:55:59.489-05:00: ff
2015-02-17T15:55:59.489-05:00: ff
2015-02-17T15:55:59.489-05:00: ff
2015-02-17T15:55:59.489-05:00: ff
2015-02-17T15:55:59.489-05:00: ff
2015-02-17T15:55:59.489-05:00: ff
2015-02-17T15:55:59.489-05:00: 01
2015-02-17T15:55:59.489-05:00: 00
2015-02-17T15:55:59.942-05:00: a89ea0a89ea0e18ea49eaa9c88e018ffffffffffffffffffffffffffffffffffffffffffffffffffffffffffffffffff0100
2015-02-17T15:55:59.958-05:00: a8
2015-02-17T15:55:59.958-05:00: 9e
2015-02-17T15:55:59.958-05:00: a0
2015-02-17T15:55:59.958-05:00: a8
2015-02-17T15:55:59.958-05:00: 9e
2015-02-17T15:55:59.958-05:00: a0
2015-02-17T15:55:59.958-05:00: e1
2015-02-17T15:55:59.958-05:00: 8e
2015-02-17T15:55:59.958-05:00: a4
2015-02-17T15:55:59.958-05:00: 9e
2015-02-17T15:55:59.958-05:00: aa
2015-02-17T15:55:59.958-05:00: 9c
2015-02-17T15:55:59.958-05:00: 88
2015-02-17T15:55:59.958-05:00: e0
2015-02-17T15:55:59.958-05:00: 18
2015-02-17T15:55:59.958-05:00: ff
2015-02-17T15:55:59.958-05:00: ff
2015-02-17T15:55:59.958-05:00: ff
2015-02-17T15:55:59.958-05:00: ff
2015-02-17T15:55:59.958-05:00: ff
2015-02-17T15:55:59.958-05:00: ff
2015-02-17T15:55:59.958-05:00: ff
2015-02-17T15:55:59.958-05:00: ff
2015-02-17T15:55:59.958-05:00: ff
2015-02-17T15:55:59.958-05:00: ff
2015-02-17T15:55:59.958-05:00: ff
2015-02-17T15:55:59.958-05:00: ff
2015-02-17T15:55:59.958-05:00: ff
2015-02-17T15:55:59.958-05:00: ff
2015-02-17T15:55:59.958-05:00: ff
2015-02-17T15:55:59.958-05:00: ff
2015-02-17T15:55:59.958-05:00: ff
2015-02-17T15:55:59.974-05:00: ff
2015-02-17T15:55:59.974-05:00: ff
2015-02-17T15:55:59.974-05:00: ff
2015-02-17T15:55:59.974-05:00: ff
2015-02-17T15:55:59.974-05:00: ff
2015-02-17T15:55:59.974-05:00: ff
2015-02-17T15:55:59.974-05:00: ff
2015-02-17T15:55:59.974-05:00: ff
2015-02-17T15:55:59.974-05:00: ff
2015-02-17T15:55:59.974-05:00: ff
2015-02-17T15:55:59.974-05:00: ff
2015-02-17T15:55:59.974-05:00: ff
2015-02-17T15:55:59.974-05:00: ff
2015-02-17T15:55:59.974-05:00: ff
2015-02-17T15:55:59.974-05:00: ff
2015-02-17T15:55:59.974-05:00: ff
2015-02-17T15:55:59.974-05:00: 01
2015-02-17T15:55:59.974-05:00: 00
2015-02-17T15:55:59.989-05:00: 3f WAIT 
2015-02-17T15:55:59.989-05:00: ?3b WAIT 
2015-02-17T15:55:59.989-05:00: ;a89ea0a89ea0e18ea49eaa9c88e018ffffffffffffffffffffffffffffffffffffffffffffffffffffffffffffffffff0100
2015-02-17T15:56:07.458-05:00: a8
2015-02-17T15:56:07.458-05:00: 9e
2015-02-17T15:56:07.458-05:00: a0
2015-02-17T15:56:07.458-05:00: a8
2015-02-17T15:56:07.458-05:00: 9e
2015-02-17T15:56:07.458-05:00: a0
2015-02-17T15:56:07.458-05:00: e1
2015-02-17T15:56:07.458-05:00: 8e
2015-02-17T15:56:07.474-05:00: a4
2015-02-17T15:56:07.474-05:00: 9e
2015-02-17T15:56:07.474-05:00: aa
2015-02-17T15:56:07.474-05:00: 9c
2015-02-17T15:56:07.474-05:00: 88
2015-02-17T15:56:07.474-05:00: e0
2015-02-17T15:56:07.474-05:00: 18
2015-02-17T15:56:07.474-05:00: ff
2015-02-17T15:56:07.474-05:00: ff
2015-02-17T15:56:07.474-05:00: ff
2015-02-17T15:56:07.474-05:00: ff
2015-02-17T15:56:07.474-05:00: ff
2015-02-17T15:56:07.474-05:00: ff
2015-02-17T15:56:07.474-05:00: ff
2015-02-17T15:56:07.474-05:00: ff
2015-02-17T15:56:07.474-05:00: ff
2015-02-17T15:56:07.474-05:00: ff
2015-02-17T15:56:07.474-05:00: ff
2015-02-17T15:56:07.474-05:00: ff
2015-02-17T15:56:07.474-05:00: ff
2015-02-17T15:56:07.474-05:00: ff
2015-02-17T15:56:07.474-05:00: ff
2015-02-17T15:56:07.474-05:00: ff
2015-02-17T15:56:07.474-05:00: ff
2015-02-17T15:56:07.474-05:00: ff
2015-02-17T15:56:07.474-05:00: ff
2015-02-17T15:56:07.474-05:00: ff
2015-02-17T15:56:07.474-05:00: ff
2015-02-17T15:56:07.474-05:00: ff
2015-02-17T15:56:07.474-05:00: ff
2015-02-17T15:56:07.474-05:00: ff
2015-02-17T15:56:07.474-05:00: ff
2015-02-17T15:56:07.474-05:00: ff
2015-02-17T15:56:07.474-05:00: ff
2015-02-17T15:56:07.474-05:00: ff
2015-02-17T15:56:07.489-05:00: ff
2015-02-17T15:56:07.489-05:00: ff
2015-02-17T15:56:07.489-05:00: ff
2015-02-17T15:56:07.489-05:00: ff
2015-02-17T15:56:07.489-05:00: ff
2015-02-17T15:56:07.489-05:00: 01
2015-02-17T15:56:07.489-05:00: 00
2015-02-17T15:56:07.942-05:00: a89ea0a89ea0e18ea49eaa9c88e018ffffffffffffffffffffffffffffffffffffffffffffffffffffffffffffffffff0100
2015-02-17T15:56:07.942-05:00: a8
2015-02-17T15:56:07.942-05:00: 9e
2015-02-17T15:56:07.942-05:00: a0
2015-02-17T15:56:07.942-05:00: a8
2015-02-17T15:56:07.942-05:00: 9e
2015-02-17T15:56:07.942-05:00: a0
2015-02-17T15:56:07.942-05:00: e1
2015-02-17T15:56:07.942-05:00: 8e
2015-02-17T15:56:07.942-05:00: a4
2015-02-17T15:56:07.942-05:00: 9e
2015-02-17T15:56:07.942-05:00: aa
2015-02-17T15:56:07.942-05:00: 9c
2015-02-17T15:56:07.942-05:00: 88
2015-02-17T15:56:07.942-05:00: e0
2015-02-17T15:56:07.942-05:00: 18
2015-02-17T15:56:07.942-05:00: ff
2015-02-17T15:56:07.942-05:00: ff
2015-02-17T15:56:07.942-05:00: ff
2015-02-17T15:56:07.942-05:00: ff
2015-02-17T15:56:07.942-05:00: ff
2015-02-17T15:56:07.942-05:00: ff
2015-02-17T15:56:07.942-05:00: ff
2015-02-17T15:56:07.942-05:00: ff
2015-02-17T15:56:07.942-05:00: ff
2015-02-17T15:56:07.942-05:00: ff
2015-02-17T15:56:07.942-05:00: ff
2015-02-17T15:56:07.942-05:00: ff
2015-02-17T15:56:07.958-05:00: ff
2015-02-17T15:56:07.958-05:00: ff
2015-02-17T15:56:07.958-05:00: ff
2015-02-17T15:56:07.958-05:00: ff
2015-02-17T15:56:07.958-05:00: ff
2015-02-17T15:56:07.958-05:00: ff
2015-02-17T15:56:07.958-05:00: ff
2015-02-17T15:56:07.958-05:00: ff
2015-02-17T15:56:07.958-05:00: ff
2015-02-17T15:56:07.958-05:00: ff
2015-02-17T15:56:07.958-05:00: ff
2015-02-17T15:56:07.958-05:00: ff
2015-02-17T15:56:07.958-05:00: ff
2015-02-17T15:56:07.958-05:00: ff
2015-02-17T15:56:07.958-05:00: ff
2015-02-17T15:56:07.958-05:00: ff
2015-02-17T15:56:07.958-05:00: ff
2015-02-17T15:56:07.958-05:00: ff
2015-02-17T15:56:07.958-05:00: ff
2015-02-17T15:56:07.958-05:00: ff
2015-02-17T15:56:07.958-05:00: ff
2015-02-17T15:56:07.958-05:00: 01
2015-02-17T15:56:07.958-05:00: 00
2015-02-17T15:56:07.974-05:00: 3f WAIT 
2015-02-17T15:56:07.974-05:00: ?3b WAIT 
2015-02-17T15:56:07.974-05:00: ;a89ea0a89ea0e18ea49eaa9c88e018ffffffffffffffffffffffffffffffffffffffffffffffffffffffffffffffffff0100
2015-02-17T15:56:09.036-05:00: a8
2015-02-17T15:56:09.036-05:00: 9e
2015-02-17T15:56:09.036-05:00: a0
2015-02-17T15:56:09.036-05:00: a8
2015-02-17T15:56:09.036-05:00: 9e
2015-02-17T15:56:09.036-05:00: a0
2015-02-17T15:56:09.036-05:00: e1
2015-02-17T15:56:09.036-05:00: 8e
2015-02-17T15:56:09.036-05:00: a4
2015-02-17T15:56:09.036-05:00: 9e
2015-02-17T15:56:09.036-05:00: aa
2015-02-17T15:56:09.036-05:00: 9c
2015-02-17T15:56:09.036-05:00: 88
2015-02-17T15:56:09.036-05:00: e0
2015-02-17T15:56:09.036-05:00: 18
2015-02-17T15:56:09.036-05:00: ff
2015-02-17T15:56:09.036-05:00: ff
2015-02-17T15:56:09.036-05:00: ff
2015-02-17T15:56:09.052-05:00: ff
2015-02-17T15:56:09.052-05:00: ff
2015-02-17T15:56:09.052-05:00: ff
2015-02-17T15:56:09.052-05:00: ff
2015-02-17T15:56:09.052-05:00: ff
2015-02-17T15:56:09.052-05:00: ff
2015-02-17T15:56:09.052-05:00: ff
2015-02-17T15:56:09.052-05:00: ff
2015-02-17T15:56:09.052-05:00: ff
2015-02-17T15:56:09.052-05:00: ff
2015-02-17T15:56:09.052-05:00: ff
2015-02-17T15:56:09.052-05:00: ff
2015-02-17T15:56:09.052-05:00: ff
2015-02-17T15:56:09.052-05:00: ff
2015-02-17T15:56:09.052-05:00: ff
2015-02-17T15:56:09.052-05:00: ff
2015-02-17T15:56:09.052-05:00: ff
2015-02-17T15:56:09.052-05:00: ff
2015-02-17T15:56:09.052-05:00: ff
2015-02-17T15:56:09.052-05:00: ff
2015-02-17T15:56:09.052-05:00: ff
2015-02-17T15:56:09.052-05:00: ff
2015-02-17T15:56:09.052-05:00: ff
2015-02-17T15:56:09.052-05:00: ff
2015-02-17T15:56:09.052-05:00: ff
2015-02-17T15:56:09.052-05:00: ff
2015-02-17T15:56:09.052-05:00: ff
2015-02-17T15:56:09.052-05:00: ff
2015-02-17T15:56:09.052-05:00: ff
2015-02-17T15:56:09.052-05:00: ff
2015-02-17T15:56:09.052-05:00: 01
2015-02-17T15:56:09.052-05:00: 00
2015-02-17T15:56:09.520-05:00: a89ea0a89ea0e18ea49eaa9c88e018ffffffffffffffffffffffffffffffffffffffffffffffffffffffffffffffffff0100
2015-02-17T15:56:09.520-05:00: a8
2015-02-17T15:56:09.520-05:00: 9e
2015-02-17T15:56:09.520-05:00: a0
2015-02-17T15:56:09.520-05:00: a8
2015-02-17T15:56:09.536-05:00: 9e
2015-02-17T15:56:09.536-05:00: a0
2015-02-17T15:56:09.536-05:00: e1
2015-02-17T15:56:09.536-05:00: 8e
2015-02-17T15:56:09.536-05:00: a4
2015-02-17T15:56:09.536-05:00: 9e
2015-02-17T15:56:09.536-05:00: aa
2015-02-17T15:56:09.536-05:00: 9c
2015-02-17T15:56:09.536-05:00: 88
2015-02-17T15:56:09.536-05:00: e0
2015-02-17T15:56:09.536-05:00: 18
2015-02-17T15:56:09.536-05:00: ff
2015-02-17T15:56:09.536-05:00: ff
2015-02-17T15:56:09.536-05:00: ff
2015-02-17T15:56:09.536-05:00: ff
2015-02-17T15:56:09.536-05:00: ff
2015-02-17T15:56:09.536-05:00: ff
2015-02-17T15:56:09.536-05:00: ff
2015-02-17T15:56:09.536-05:00: ff
2015-02-17T15:56:09.536-05:00: ff
2015-02-17T15:56:09.536-05:00: ff
2015-02-17T15:56:09.536-05:00: ff
2015-02-17T15:56:09.536-05:00: ff
2015-02-17T15:56:09.536-05:00: ff
2015-02-17T15:56:09.536-05:00: ff
2015-02-17T15:56:09.536-05:00: ff
2015-02-17T15:56:09.536-05:00: ff
2015-02-17T15:56:09.536-05:00: ff
2015-02-17T15:56:09.536-05:00: ff
2015-02-17T15:56:09.536-05:00: ff
2015-02-17T15:56:09.536-05:00: ff
2015-02-17T15:56:09.536-05:00: ff
2015-02-17T15:56:09.536-05:00: ff
2015-02-17T15:56:09.536-05:00: ff
2015-02-17T15:56:09.536-05:00: ff
2015-02-17T15:56:09.536-05:00: ff
2015-02-17T15:56:09.536-05:00: ff
2015-02-17T15:56:09.552-05:00: ff
2015-02-17T15:56:09.552-05:00: ff
2015-02-17T15:56:09.552-05:00: ff
2015-02-17T15:56:09.552-05:00: ff
2015-02-17T15:56:09.552-05:00: ff
2015-02-17T15:56:09.552-05:00: ff
2015-02-17T15:56:09.552-05:00: ff
2015-02-17T15:56:09.552-05:00: 01
2015-02-17T15:56:09.552-05:00: 00
2015-02-17T15:56:09.599-05:00: 3f WAIT 
2015-02-17T15:56:09.599-05:00: ?3b WAIT 
2015-02-17T15:56:09.599-05:00: ;a89ea0a89ea0e18ea49eaa9c88e018ffffffffffffffffffffffffffffffffffffffffffffffffffffffffffffffffff0100
2015-02-17T15:56:10.005-05:00: a8
2015-02-17T15:56:10.005-05:00: 9e
2015-02-17T15:56:10.005-05:00: a0
2015-02-17T15:56:10.005-05:00: a8
2015-02-17T15:56:10.005-05:00: 9e
2015-02-17T15:56:10.005-05:00: a0
2015-02-17T15:56:10.005-05:00: e1
2015-02-17T15:56:10.005-05:00: 8e
2015-02-17T15:56:10.005-05:00: a4
2015-02-17T15:56:10.005-05:00: 9e
2015-02-17T15:56:10.005-05:00: aa
2015-02-17T15:56:10.005-05:00: 9c
2015-02-17T15:56:10.005-05:00: 88
2015-02-17T15:56:10.005-05:00: e0
2015-02-17T15:56:10.005-05:00: 18
2015-02-17T15:56:10.005-05:00: ff
2015-02-17T15:56:10.005-05:00: ff
2015-02-17T15:56:10.005-05:00: ff
2015-02-17T15:56:10.005-05:00: ff
2015-02-17T15:56:10.005-05:00: ff
2015-02-17T15:56:10.005-05:00: ff
2015-02-17T15:56:10.005-05:00: ff
2015-02-17T15:56:10.005-05:00: ff
2015-02-17T15:56:10.005-05:00: ff
2015-02-17T15:56:10.005-05:00: ff
2015-02-17T15:56:10.005-05:00: ff
2015-02-17T15:56:10.005-05:00: ff
2015-02-17T15:56:10.005-05:00: ff
2015-02-17T15:56:10.005-05:00: ff
2015-02-17T15:56:10.005-05:00: ff
2015-02-17T15:56:10.005-05:00: ff
2015-02-17T15:56:10.020-05:00: ff
2015-02-17T15:56:10.020-05:00: ff
2015-02-17T15:56:10.020-05:00: ff
2015-02-17T15:56:10.020-05:00: ff
2015-02-17T15:56:10.020-05:00: ff
2015-02-17T15:56:10.020-05:00: ff
2015-02-17T15:56:10.020-05:00: ff
2015-02-17T15:56:10.020-05:00: ff
2015-02-17T15:56:10.020-05:00: ff
2015-02-17T15:56:10.020-05:00: ff
2015-02-17T15:56:10.020-05:00: ff
2015-02-17T15:56:10.020-05:00: ff
2015-02-17T15:56:10.020-05:00: ff
2015-02-17T15:56:10.020-05:00: ff
2015-02-17T15:56:10.020-05:00: ff
2015-02-17T15:56:10.020-05:00: ff
2015-02-17T15:56:10.020-05:00: ff
2015-02-17T15:56:10.020-05:00: 01
2015-02-17T15:56:10.020-05:00: 00
2015-02-17T15:56:10.489-05:00: a89ea0a89ea0e18ea49eaa9c88e018ffffffffffffffffffffffffffffffffffffffffffffffffffffffffffffffffff0100
2015-02-17T15:56:10.489-05:00: a8
2015-02-17T15:56:10.489-05:00: 9e
2015-02-17T15:56:10.489-05:00: a0
2015-02-17T15:56:10.489-05:00: a8
2015-02-17T15:56:10.489-05:00: 9e
2015-02-17T15:56:10.489-05:00: a0
2015-02-17T15:56:10.489-05:00: e1
2015-02-17T15:56:10.489-05:00: 8e
2015-02-17T15:56:10.489-05:00: a4
2015-02-17T15:56:10.489-05:00: 9e
2015-02-17T15:56:10.489-05:00: aa
2015-02-17T15:56:10.489-05:00: 9c
2015-02-17T15:56:10.489-05:00: 88
2015-02-17T15:56:10.489-05:00: e0
2015-02-17T15:56:10.505-05:00: 18
2015-02-17T15:56:10.505-05:00: ff
2015-02-17T15:56:10.505-05:00: ff
2015-02-17T15:56:10.505-05:00: ff
2015-02-17T15:56:10.505-05:00: ff
2015-02-17T15:56:10.505-05:00: ff
2015-02-17T15:56:10.505-05:00: ff
2015-02-17T15:56:10.505-05:00: ff
2015-02-17T15:56:10.505-05:00: ff
2015-02-17T15:56:10.505-05:00: ff
2015-02-17T15:56:10.505-05:00: ff
2015-02-17T15:56:10.505-05:00: ff
2015-02-17T15:56:10.505-05:00: ff
2015-02-17T15:56:10.505-05:00: ff
2015-02-17T15:56:10.505-05:00: ff
2015-02-17T15:56:10.505-05:00: ff
2015-02-17T15:56:10.505-05:00: ff
2015-02-17T15:56:10.505-05:00: ff
2015-02-17T15:56:10.505-05:00: ff
2015-02-17T15:56:10.505-05:00: ff
2015-02-17T15:56:10.505-05:00: ff
2015-02-17T15:56:10.505-05:00: ff
2015-02-17T15:56:10.505-05:00: ff
2015-02-17T15:56:10.505-05:00: ff
2015-02-17T15:56:10.505-05:00: ff
2015-02-17T15:56:10.505-05:00: ff
2015-02-17T15:56:10.505-05:00: ff
2015-02-17T15:56:10.505-05:00: ff
2015-02-17T15:56:10.505-05:00: ff
2015-02-17T15:56:10.505-05:00: ff
2015-02-17T15:56:10.505-05:00: ff
2015-02-17T15:56:10.505-05:00: ff
2015-02-17T15:56:10.505-05:00: ff
2015-02-17T15:56:10.505-05:00: ff
2015-02-17T15:56:10.505-05:00: 01
2015-02-17T15:56:10.505-05:00: 00
2015-02-17T15:56:10.958-05:00: a89ea0a89ea0e18ea49eaa9c88e018ffffffffffffffffffffffffffffffffffffffffffffffffffffffffffffffffff0100
2015-02-17T15:56:10.958-05:00: a8
2015-02-17T15:56:10.958-05:00: 9e
2015-02-17T15:56:10.958-05:00: a0
2015-02-17T15:56:10.958-05:00: a8
2015-02-17T15:56:10.958-05:00: 9e
2015-02-17T15:56:10.958-05:00: a0
2015-02-17T15:56:10.974-05:00: e1
2015-02-17T15:56:10.974-05:00: 8e
2015-02-17T15:56:10.974-05:00: a4
2015-02-17T15:56:10.974-05:00: 9e
2015-02-17T15:56:10.974-05:00: aa
2015-02-17T15:56:10.974-05:00: 9c
2015-02-17T15:56:10.974-05:00: 88
2015-02-17T15:56:10.974-05:00: e0
2015-02-17T15:56:10.974-05:00: 18
2015-02-17T15:56:10.974-05:00: ff
2015-02-17T15:56:10.974-05:00: ff
2015-02-17T15:56:10.974-05:00: ff
2015-02-17T15:56:10.974-05:00: ff
2015-02-17T15:56:10.974-05:00: ff
2015-02-17T15:56:10.974-05:00: ff
2015-02-17T15:56:10.974-05:00: ff
2015-02-17T15:56:10.974-05:00: ff
2015-02-17T15:56:10.974-05:00: ff
2015-02-17T15:56:10.974-05:00: ff
2015-02-17T15:56:10.974-05:00: ff
2015-02-17T15:56:10.974-05:00: ff
2015-02-17T15:56:10.974-05:00: ff
2015-02-17T15:56:10.974-05:00: ff
2015-02-17T15:56:10.974-05:00: ff
2015-02-17T15:56:10.974-05:00: ff
2015-02-17T15:56:10.974-05:00: ff
2015-02-17T15:56:10.974-05:00: ff
2015-02-17T15:56:10.974-05:00: ff
2015-02-17T15:56:10.974-05:00: ff
2015-02-17T15:56:10.974-05:00: ff
2015-02-17T15:56:10.974-05:00: ff
2015-02-17T15:56:10.974-05:00: ff
2015-02-17T15:56:10.974-05:00: ff
2015-02-17T15:56:10.974-05:00: ff
2015-02-17T15:56:10.974-05:00: ff
2015-02-17T15:56:10.974-05:00: ff
2015-02-17T15:56:10.974-05:00: ff
2015-02-17T15:56:10.974-05:00: ff
2015-02-17T15:56:10.974-05:00: ff
2015-02-17T15:56:10.974-05:00: ff
2015-02-17T15:56:10.974-05:00: ff
2015-02-17T15:56:10.974-05:00: ff
2015-02-17T15:56:10.974-05:00: 01
2015-02-17T15:56:10.974-05:00: 00
2015-02-17T15:56:11.020-05:00: 3f WAIT 
2015-02-17T15:56:11.020-05:00: ?3b WAIT 
2015-02-17T15:56:11.020-05:00: ;a89ea0a89ea0e18ea49eaa9c88e018ffffffffffffffffffffffffffffffffffffffffffffffffffffffffffffffffff0100
2015-02-17T15:56:11.442-05:00: a8
2015-02-17T15:56:11.442-05:00: 9e
2015-02-17T15:56:11.442-05:00: a0
2015-02-17T15:56:11.442-05:00: a8
2015-02-17T15:56:11.442-05:00: 9e
2015-02-17T15:56:11.442-05:00: a0
2015-02-17T15:56:11.442-05:00: e1
2015-02-17T15:56:11.442-05:00: 8e
2015-02-17T15:56:11.442-05:00: a4
2015-02-17T15:56:11.442-05:00: 9e
2015-02-17T15:56:11.442-05:00: aa
2015-02-17T15:56:11.442-05:00: 9c
2015-02-17T15:56:11.442-05:00: 88
2015-02-17T15:56:11.442-05:00: e0
2015-02-17T15:56:11.442-05:00: 18
2015-02-17T15:56:11.442-05:00: ff
2015-02-17T15:56:11.442-05:00: ff
2015-02-17T15:56:11.442-05:00: ff
2015-02-17T15:56:11.442-05:00: ff
2015-02-17T15:56:11.442-05:00: ff
2015-02-17T15:56:11.442-05:00: ff
2015-02-17T15:56:11.442-05:00: ff
2015-02-17T15:56:11.458-05:00: ff
2015-02-17T15:56:11.458-05:00: ff
2015-02-17T15:56:11.458-05:00: ff
2015-02-17T15:56:11.458-05:00: ff
2015-02-17T15:56:11.458-05:00: ff
2015-02-17T15:56:11.458-05:00: ff
2015-02-17T15:56:11.458-05:00: ff
2015-02-17T15:56:11.458-05:00: ff
2015-02-17T15:56:11.458-05:00: ff
2015-02-17T15:56:11.458-05:00: ff
2015-02-17T15:56:11.458-05:00: ff
2015-02-17T15:56:11.458-05:00: ff
2015-02-17T15:56:11.458-05:00: ff
2015-02-17T15:56:11.458-05:00: ff
2015-02-17T15:56:11.458-05:00: ff
2015-02-17T15:56:11.458-05:00: ff
2015-02-17T15:56:11.458-05:00: ff
2015-02-17T15:56:11.458-05:00: ff
2015-02-17T15:56:11.458-05:00: ff
2015-02-17T15:56:11.458-05:00: ff
2015-02-17T15:56:11.458-05:00: ff
2015-02-17T15:56:11.458-05:00: ff
2015-02-17T15:56:11.458-05:00: ff
2015-02-17T15:56:11.458-05:00: ff
2015-02-17T15:56:11.458-05:00: ff
2015-02-17T15:56:11.458-05:00: ff
2015-02-17T15:56:11.458-05:00: 01
2015-02-17T15:56:11.458-05:00: 00
2015-02-17T15:56:11.911-05:00: a89ea0a89ea0e18ea49eaa9c88e018ffffffffffffffffffffffffffffffffffffffffffffffffffffffffffffffffff0100
2015-02-17T15:56:11.911-05:00: a8
2015-02-17T15:56:11.911-05:00: 9e
2015-02-17T15:56:11.911-05:00: a0
2015-02-17T15:56:11.911-05:00: a8
2015-02-17T15:56:11.911-05:00: 9e
2015-02-17T15:56:11.911-05:00: a0
2015-02-17T15:56:11.911-05:00: e1
2015-02-17T15:56:11.911-05:00: 8e
2015-02-17T15:56:11.911-05:00: a4
2015-02-17T15:56:11.911-05:00: 9e
2015-02-17T15:56:11.911-05:00: aa
2015-02-17T15:56:11.911-05:00: 9c
2015-02-17T15:56:11.911-05:00: 88
2015-02-17T15:56:11.911-05:00: e0
2015-02-17T15:56:11.911-05:00: 18
2015-02-17T15:56:11.911-05:00: ff
2015-02-17T15:56:11.911-05:00: ff
2015-02-17T15:56:11.911-05:00: ff
2015-02-17T15:56:11.911-05:00: ff
2015-02-17T15:56:11.911-05:00: ff
2015-02-17T15:56:11.911-05:00: ff
2015-02-17T15:56:11.911-05:00: ff
2015-02-17T15:56:11.911-05:00: ff
2015-02-17T15:56:11.911-05:00: ff
2015-02-17T15:56:11.911-05:00: ff
2015-02-17T15:56:11.911-05:00: ff
2015-02-17T15:56:11.911-05:00: ff
2015-02-17T15:56:11.911-05:00: ff
2015-02-17T15:56:11.911-05:00: ff
2015-02-17T15:56:11.911-05:00: ff
2015-02-17T15:56:11.911-05:00: ff
2015-02-17T15:56:11.927-05:00: ff
2015-02-17T15:56:11.927-05:00: ff
2015-02-17T15:56:11.927-05:00: ff
2015-02-17T15:56:11.927-05:00: ff
2015-02-17T15:56:11.927-05:00: ff
2015-02-17T15:56:11.927-05:00: ff
2015-02-17T15:56:11.927-05:00: ff
2015-02-17T15:56:11.927-05:00: ff
2015-02-17T15:56:11.927-05:00: ff
2015-02-17T15:56:11.927-05:00: ff
2015-02-17T15:56:11.927-05:00: ff
2015-02-17T15:56:11.927-05:00: ff
2015-02-17T15:56:11.927-05:00: ff
2015-02-17T15:56:11.927-05:00: ff
2015-02-17T15:56:11.927-05:00: ff
2015-02-17T15:56:11.927-05:00: ff
2015-02-17T15:56:11.927-05:00: ff
2015-02-17T15:56:11.927-05:00: 01
2015-02-17T15:56:11.927-05:00: 00
2015-02-17T15:56:12.380-05:00: a89ea0a89ea0e18ea49eaa9c88e018ffffffffffffffffffffffffffffffffffffffffffffffffffffffffffffffffff0100
2015-02-17T15:56:12.380-05:00: a8
2015-02-17T15:56:12.380-05:00: 9e
2015-02-17T15:56:12.380-05:00: a0
2015-02-17T15:56:12.380-05:00: a8
2015-02-17T15:56:12.380-05:00: 9e
2015-02-17T15:56:12.380-05:00: a0
2015-02-17T15:56:12.380-05:00: e1
2015-02-17T15:56:12.380-05:00: 8e
2015-02-17T15:56:12.380-05:00: a4
2015-02-17T15:56:12.380-05:00: 9e
2015-02-17T15:56:12.380-05:00: aa
2015-02-17T15:56:12.380-05:00: 9c
2015-02-17T15:56:12.380-05:00: 88
2015-02-17T15:56:12.380-05:00: e0
2015-02-17T15:56:12.380-05:00: 18
2015-02-17T15:56:12.380-05:00: ff
2015-02-17T15:56:12.380-05:00: ff
2015-02-17T15:56:12.380-05:00: ff
2015-02-17T15:56:12.380-05:00: ff
2015-02-17T15:56:12.380-05:00: ff
2015-02-17T15:56:12.380-05:00: ff
2015-02-17T15:56:12.380-05:00: ff
2015-02-17T15:56:12.380-05:00: ff
2015-02-17T15:56:12.380-05:00: ff
2015-02-17T15:56:12.380-05:00: ff
2015-02-17T15:56:12.380-05:00: ff
2015-02-17T15:56:12.380-05:00: ff
2015-02-17T15:56:12.380-05:00: ff
2015-02-17T15:56:12.380-05:00: ff
2015-02-17T15:56:12.380-05:00: ff
2015-02-17T15:56:12.380-05:00: ff
2015-02-17T15:56:12.380-05:00: ff
2015-02-17T15:56:12.380-05:00: ff
2015-02-17T15:56:12.380-05:00: ff
2015-02-17T15:56:12.380-05:00: ff
2015-02-17T15:56:12.380-05:00: ff
2015-02-17T15:56:12.380-05:00: ff
2015-02-17T15:56:12.380-05:00: ff
2015-02-17T15:56:12.380-05:00: ff
2015-02-17T15:56:12.380-05:00: ff
2015-02-17T15:56:12.380-05:00: ff
2015-02-17T15:56:12.395-05:00: ff
2015-02-17T15:56:12.395-05:00: ff
2015-02-17T15:56:12.395-05:00: ff
2015-02-17T15:56:12.395-05:00: ff
2015-02-17T15:56:12.395-05:00: ff
2015-02-17T15:56:12.395-05:00: ff
2015-02-17T15:56:12.395-05:00: ff
2015-02-17T15:56:12.395-05:00: 01
2015-02-17T15:56:12.395-05:00: 00
2015-02-17T15:56:12.411-05:00: 3f WAIT 
2015-02-17T15:56:12.411-05:00: ?3b WAIT 
2015-02-17T15:56:12.411-05:00: ;a89ea0a89ea0e18ea49eaa9c88e018ffffffffffffffffffffffffffffffffffffffffffffffffffffffffffffffffff0100
2015-02-17T15:56:12.849-05:00: a8
2015-02-17T15:56:12.849-05:00: 9e
2015-02-17T15:56:12.849-05:00: a0
2015-02-17T15:56:12.864-05:00: a8
2015-02-17T15:56:12.864-05:00: 9e
2015-02-17T15:56:12.864-05:00: a0
2015-02-17T15:56:12.864-05:00: e1
2015-02-17T15:56:12.864-05:00: 8e
2015-02-17T15:56:12.864-05:00: a4
2015-02-17T15:56:12.864-05:00: 9e
2015-02-17T15:56:12.864-05:00: aa
2015-02-17T15:56:12.864-05:00: 9c
2015-02-17T15:56:12.864-05:00: 88
2015-02-17T15:56:12.864-05:00: e0
2015-02-17T15:56:12.864-05:00: 18
2015-02-17T15:56:12.864-05:00: ff
2015-02-17T15:56:12.864-05:00: ff
2015-02-17T15:56:12.864-05:00: ff
2015-02-17T15:56:12.864-05:00: ff
2015-02-17T15:56:12.864-05:00: ff
2015-02-17T15:56:12.864-05:00: ff
2015-02-17T15:56:12.864-05:00: ff
2015-02-17T15:56:12.864-05:00: ff
2015-02-17T15:56:12.864-05:00: ff
2015-02-17T15:56:12.864-05:00: ff
2015-02-17T15:56:12.864-05:00: ff
2015-02-17T15:56:12.864-05:00: ff
2015-02-17T15:56:12.864-05:00: ff
2015-02-17T15:56:12.864-05:00: ff
2015-02-17T15:56:12.864-05:00: ff
2015-02-17T15:56:12.864-05:00: ff
2015-02-17T15:56:12.864-05:00: ff
2015-02-17T15:56:12.864-05:00: ff
2015-02-17T15:56:12.864-05:00: ff
2015-02-17T15:56:12.864-05:00: ff
2015-02-17T15:56:12.864-05:00: ff
2015-02-17T15:56:12.864-05:00: ff
2015-02-17T15:56:12.864-05:00: ff
2015-02-17T15:56:12.864-05:00: ff
2015-02-17T15:56:12.864-05:00: ff
2015-02-17T15:56:12.864-05:00: ff
2015-02-17T15:56:12.864-05:00: ff
2015-02-17T15:56:12.864-05:00: ff
2015-02-17T15:56:12.864-05:00: ff
2015-02-17T15:56:12.864-05:00: ff
2015-02-17T15:56:12.864-05:00: ff
2015-02-17T15:56:12.864-05:00: ff
2015-02-17T15:56:12.864-05:00: ff
2015-02-17T15:56:12.864-05:00: 01
2015-02-17T15:56:12.864-05:00: 00
2015-02-17T15:56:13.317-05:00: a89ea0a89ea0e18ea49eaa9c88e018ffffffffffffffffffffffffffffffffffffffffffffffffffffffffffffffffff0100
2015-02-17T15:56:13.317-05:00: a8
2015-02-17T15:56:13.317-05:00: 9e
2015-02-17T15:56:13.317-05:00: a0
2015-02-17T15:56:13.317-05:00: a8
2015-02-17T15:56:13.317-05:00: 9e
2015-02-17T15:56:13.317-05:00: a0
2015-02-17T15:56:13.317-05:00: e1
2015-02-17T15:56:13.317-05:00: 8e
2015-02-17T15:56:13.317-05:00: a4
2015-02-17T15:56:13.317-05:00: 9e
2015-02-17T15:56:13.317-05:00: aa
2015-02-17T15:56:13.333-05:00: 9c
2015-02-17T15:56:13.333-05:00: 88
2015-02-17T15:56:13.333-05:00: e0
2015-02-17T15:56:13.333-05:00: 18
2015-02-17T15:56:13.333-05:00: ff
2015-02-17T15:56:13.333-05:00: ff
2015-02-17T15:56:13.333-05:00: ff
2015-02-17T15:56:13.333-05:00: ff
2015-02-17T15:56:13.333-05:00: ff
2015-02-17T15:56:13.333-05:00: ff
2015-02-17T15:56:13.333-05:00: ff
2015-02-17T15:56:13.333-05:00: ff
2015-02-17T15:56:13.333-05:00: ff
2015-02-17T15:56:13.333-05:00: ff
2015-02-17T15:56:13.333-05:00: ff
2015-02-17T15:56:13.333-05:00: ff
2015-02-17T15:56:13.333-05:00: ff
2015-02-17T15:56:13.333-05:00: ff
2015-02-17T15:56:13.333-05:00: ff
2015-02-17T15:56:13.333-05:00: ff
2015-02-17T15:56:13.333-05:00: ff
2015-02-17T15:56:13.333-05:00: ff
2015-02-17T15:56:13.333-05:00: ff
2015-02-17T15:56:13.333-05:00: ff
2015-02-17T15:56:13.333-05:00: ff
2015-02-17T15:56:13.333-05:00: ff
2015-02-17T15:56:13.333-05:00: ff
2015-02-17T15:56:13.333-05:00: ff
2015-02-17T15:56:13.333-05:00: ff
2015-02-17T15:56:13.333-05:00: ff
2015-02-17T15:56:13.333-05:00: ff
2015-02-17T15:56:13.333-05:00: ff
2015-02-17T15:56:13.333-05:00: ff
2015-02-17T15:56:13.333-05:00: ff
2015-02-17T15:56:13.333-05:00: ff
2015-02-17T15:56:13.333-05:00: ff
2015-02-17T15:56:13.333-05:00: ff
2015-02-17T15:56:13.333-05:00: 01
2015-02-17T15:56:13.333-05:00: 00
2015-02-17T15:56:13.395-05:00: 3f WAIT 
2015-02-17T15:56:13.395-05:00: ?3b WAIT 
2015-02-17T15:56:13.395-05:00: ;a89ea0a89ea0e18ea49eaa9c88e018ffffffffffffffffffffffffffffffffffffffffffffffffffffffffffffffffff0100
2015-02-17T15:56:13.802-05:00: a8
2015-02-17T15:56:13.802-05:00: 9e
2015-02-17T15:56:13.802-05:00: a0
2015-02-17T15:56:13.802-05:00: a8
2015-02-17T15:56:13.802-05:00: 9e
2015-02-17T15:56:13.802-05:00: a0
2015-02-17T15:56:13.802-05:00: e1
2015-02-17T15:56:13.802-05:00: 8e
2015-02-17T15:56:13.802-05:00: a4
2015-02-17T15:56:13.802-05:00: 9e
2015-02-17T15:56:13.802-05:00: aa
2015-02-17T15:56:13.802-05:00: 9c
2015-02-17T15:56:13.802-05:00: 88
2015-02-17T15:56:13.802-05:00: e0
2015-02-17T15:56:13.802-05:00: 18
2015-02-17T15:56:13.802-05:00: ff
2015-02-17T15:56:13.802-05:00: ff
2015-02-17T15:56:13.802-05:00: ff
2015-02-17T15:56:13.802-05:00: ff
2015-02-17T15:56:13.802-05:00: ff
2015-02-17T15:56:13.802-05:00: ff
2015-02-17T15:56:13.802-05:00: ff
2015-02-17T15:56:13.802-05:00: ff
2015-02-17T15:56:13.802-05:00: ff
2015-02-17T15:56:13.802-05:00: ff
2015-02-17T15:56:13.802-05:00: ff
2015-02-17T15:56:13.802-05:00: ff
2015-02-17T15:56:13.802-05:00: ff
2015-02-17T15:56:13.802-05:00: ff
2015-02-17T15:56:13.802-05:00: ff
2015-02-17T15:56:13.802-05:00: ff
2015-02-17T15:56:13.802-05:00: ff
2015-02-17T15:56:13.802-05:00: ff
2015-02-17T15:56:13.817-05:00: ff
2015-02-17T15:56:13.817-05:00: ff
2015-02-17T15:56:13.817-05:00: ff
2015-02-17T15:56:13.817-05:00: ff
2015-02-17T15:56:13.817-05:00: ff
2015-02-17T15:56:13.817-05:00: ff
2015-02-17T15:56:13.817-05:00: ff
2015-02-17T15:56:13.817-05:00: ff
2015-02-17T15:56:13.817-05:00: ff
2015-02-17T15:56:13.817-05:00: ff
2015-02-17T15:56:13.817-05:00: ff
2015-02-17T15:56:13.817-05:00: ff
2015-02-17T15:56:13.817-05:00: ff
2015-02-17T15:56:13.817-05:00: ff
2015-02-17T15:56:13.817-05:00: ff
2015-02-17T15:56:13.817-05:00: 01
2015-02-17T15:56:13.817-05:00: 00
2015-02-17T15:56:14.270-05:00: a89ea0a89ea0e18ea49eaa9c88e018ffffffffffffffffffffffffffffffffffffffffffffffffffffffffffffffffff0100
2015-02-17T15:56:14.270-05:00: a8
2015-02-17T15:56:14.270-05:00: 9e
2015-02-17T15:56:14.270-05:00: a0
2015-02-17T15:56:14.270-05:00: a8
2015-02-17T15:56:14.270-05:00: 9e
2015-02-17T15:56:14.270-05:00: a0
2015-02-17T15:56:14.270-05:00: e1
2015-02-17T15:56:14.270-05:00: 8e
2015-02-17T15:56:14.270-05:00: a4
2015-02-17T15:56:14.270-05:00: 9e
2015-02-17T15:56:14.270-05:00: aa
2015-02-17T15:56:14.270-05:00: 9c
2015-02-17T15:56:14.270-05:00: 88
2015-02-17T15:56:14.270-05:00: e0
2015-02-17T15:56:14.270-05:00: 18
2015-02-17T15:56:14.270-05:00: ff
2015-02-17T15:56:14.270-05:00: ff
2015-02-17T15:56:14.270-05:00: ff
2015-02-17T15:56:14.270-05:00: ff
2015-02-17T15:56:14.270-05:00: ff
2015-02-17T15:56:14.270-05:00: ff
2015-02-17T15:56:14.270-05:00: ff
2015-02-17T15:56:14.270-05:00: ff
2015-02-17T15:56:14.270-05:00: ff
2015-02-17T15:56:14.270-05:00: ff
2015-02-17T15:56:14.270-05:00: ff
2015-02-17T15:56:14.270-05:00: ff
2015-02-17T15:56:14.270-05:00: ff
2015-02-17T15:56:14.270-05:00: ff
2015-02-17T15:56:14.270-05:00: ff
2015-02-17T15:56:14.270-05:00: ff
2015-02-17T15:56:14.270-05:00: ff
2015-02-17T15:56:14.270-05:00: ff
2015-02-17T15:56:14.270-05:00: ff
2015-02-17T15:56:14.270-05:00: ff
2015-02-17T15:56:14.270-05:00: ff
2015-02-17T15:56:14.270-05:00: ff
2015-02-17T15:56:14.270-05:00: ff
2015-02-17T15:56:14.270-05:00: ff
2015-02-17T15:56:14.270-05:00: ff
2015-02-17T15:56:14.270-05:00: ff
2015-02-17T15:56:14.270-05:00: ff
2015-02-17T15:56:14.270-05:00: ff
2015-02-17T15:56:14.270-05:00: ff
2015-02-17T15:56:14.286-05:00: ff
2015-02-17T15:56:14.286-05:00: ff
2015-02-17T15:56:14.286-05:00: ff
2015-02-17T15:56:14.286-05:00: ff
2015-02-17T15:56:14.286-05:00: 01
2015-02-17T15:56:14.286-05:00: 00
2015-02-17T15:56:14.739-05:00: a89ea0a89ea0e18ea49eaa9c88e018ffffffffffffffffffffffffffffffffffffffffffffffffffffffffffffffffff0100
2015-02-17T15:56:14.739-05:00: a8
2015-02-17T15:56:14.739-05:00: 9e
2015-02-17T15:56:14.739-05:00: a0
2015-02-17T15:56:14.739-05:00: a8
2015-02-17T15:56:14.739-05:00: 9e
2015-02-17T15:56:14.739-05:00: a0
2015-02-17T15:56:14.739-05:00: e1
2015-02-17T15:56:14.739-05:00: 8e
2015-02-17T15:56:14.739-05:00: a4
2015-02-17T15:56:14.739-05:00: 9e
2015-02-17T15:56:14.739-05:00: aa
2015-02-17T15:56:14.739-05:00: 9c
2015-02-17T15:56:14.739-05:00: 88
2015-02-17T15:56:14.739-05:00: e0
2015-02-17T15:56:14.739-05:00: 18
2015-02-17T15:56:14.739-05:00: ff
2015-02-17T15:56:14.739-05:00: ff
2015-02-17T15:56:14.739-05:00: ff
2015-02-17T15:56:14.739-05:00: ff
2015-02-17T15:56:14.739-05:00: ff
2015-02-17T15:56:14.739-05:00: ff
2015-02-17T15:56:14.739-05:00: ff
2015-02-17T15:56:14.739-05:00: ff
2015-02-17T15:56:14.755-05:00: ff
2015-02-17T15:56:14.755-05:00: ff
2015-02-17T15:56:14.755-05:00: ff
2015-02-17T15:56:14.755-05:00: ff
2015-02-17T15:56:14.755-05:00: ff
2015-02-17T15:56:14.755-05:00: ff
2015-02-17T15:56:14.755-05:00: ff
2015-02-17T15:56:14.755-05:00: ff
2015-02-17T15:56:14.755-05:00: ff
2015-02-17T15:56:14.755-05:00: ff
2015-02-17T15:56:14.755-05:00: ff
2015-02-17T15:56:14.755-05:00: ff
2015-02-17T15:56:14.755-05:00: ff
2015-02-17T15:56:14.755-05:00: ff
2015-02-17T15:56:14.755-05:00: ff
2015-02-17T15:56:14.755-05:00: ff
2015-02-17T15:56:14.755-05:00: ff
2015-02-17T15:56:14.755-05:00: ff
2015-02-17T15:56:14.755-05:00: ff
2015-02-17T15:56:14.755-05:00: ff
2015-02-17T15:56:14.755-05:00: ff
2015-02-17T15:56:14.755-05:00: ff
2015-02-17T15:56:14.755-05:00: ff
2015-02-17T15:56:14.755-05:00: ff
2015-02-17T15:56:14.755-05:00: ff
2015-02-17T15:56:14.755-05:00: 01
2015-02-17T15:56:14.755-05:00: 00
2015-02-17T15:56:14.802-05:00: 3f WAIT 
2015-02-17T15:56:14.802-05:00: ?3b WAIT 
2015-02-17T15:56:14.802-05:00: ;a89ea0a89ea0e18ea49eaa9c88e018ffffffffffffffffffffffffffffffffffffffffffffffffffffffffffffffffff0100
2015-02-17T15:56:15.208-05:00: a8
2015-02-17T15:56:15.208-05:00: 9e
2015-02-17T15:56:15.208-05:00: a0
2015-02-17T15:56:15.208-05:00: a8
2015-02-17T15:56:15.208-05:00: 9e
2015-02-17T15:56:15.208-05:00: a0
2015-02-17T15:56:15.208-05:00: e1
2015-02-17T15:56:15.208-05:00: 8e
2015-02-17T15:56:15.208-05:00: a4
2015-02-17T15:56:15.208-05:00: 9e
2015-02-17T15:56:15.208-05:00: aa
2015-02-17T15:56:15.208-05:00: 9c
2015-02-17T15:56:15.208-05:00: 88
2015-02-17T15:56:15.208-05:00: e0
2015-02-17T15:56:15.208-05:00: 18
2015-02-17T15:56:15.208-05:00: ff
2015-02-17T15:56:15.208-05:00: ff
2015-02-17T15:56:15.208-05:00: ff
2015-02-17T15:56:15.208-05:00: ff
2015-02-17T15:56:15.208-05:00: ff
2015-02-17T15:56:15.208-05:00: ff
2015-02-17T15:56:15.208-05:00: ff
2015-02-17T15:56:15.208-05:00: ff
2015-02-17T15:56:15.208-05:00: ff
2015-02-17T15:56:15.208-05:00: ff
2015-02-17T15:56:15.208-05:00: ff
2015-02-17T15:56:15.208-05:00: ff
2015-02-17T15:56:15.208-05:00: ff
2015-02-17T15:56:15.208-05:00: ff
2015-02-17T15:56:15.208-05:00: ff
2015-02-17T15:56:15.224-05:00: ff
2015-02-17T15:56:15.224-05:00: ff
2015-02-17T15:56:15.224-05:00: ff
2015-02-17T15:56:15.224-05:00: ff
2015-02-17T15:56:15.224-05:00: ff
2015-02-17T15:56:15.224-05:00: ff
2015-02-17T15:56:15.224-05:00: ff
2015-02-17T15:56:15.224-05:00: ff
2015-02-17T15:56:15.224-05:00: ff
2015-02-17T15:56:15.224-05:00: ff
2015-02-17T15:56:15.224-05:00: ff
2015-02-17T15:56:15.224-05:00: ff
2015-02-17T15:56:15.224-05:00: ff
2015-02-17T15:56:15.224-05:00: ff
2015-02-17T15:56:15.224-05:00: ff
2015-02-17T15:56:15.224-05:00: ff
2015-02-17T15:56:15.224-05:00: ff
2015-02-17T15:56:15.224-05:00: ff
2015-02-17T15:56:15.224-05:00: 01
2015-02-17T15:56:15.224-05:00: 00
2015-02-17T15:56:15.677-05:00: a89ea0a89ea0e18ea49eaa9c88e018ffffffffffffffffffffffffffffffffffffffffffffffffffffffffffffffffff0100
2015-02-17T15:56:15.677-05:00: a8
2015-02-17T15:56:15.677-05:00: 9e
2015-02-17T15:56:15.677-05:00: a0
2015-02-17T15:56:15.677-05:00: a8
2015-02-17T15:56:15.677-05:00: 9e
2015-02-17T15:56:15.677-05:00: a0
2015-02-17T15:56:15.677-05:00: e1
2015-02-17T15:56:15.677-05:00: 8e
2015-02-17T15:56:15.677-05:00: a4
2015-02-17T15:56:15.677-05:00: 9e
2015-02-17T15:56:15.677-05:00: aa
2015-02-17T15:56:15.677-05:00: 9c
2015-02-17T15:56:15.677-05:00: 88
2015-02-17T15:56:15.692-05:00: e0
2015-02-17T15:56:15.692-05:00: 18
2015-02-17T15:56:15.692-05:00: ff
2015-02-17T15:56:15.692-05:00: ff
2015-02-17T15:56:15.692-05:00: ff
2015-02-17T15:56:15.692-05:00: ff
2015-02-17T15:56:15.692-05:00: ff
2015-02-17T15:56:15.692-05:00: ff
2015-02-17T15:56:15.692-05:00: ff
2015-02-17T15:56:15.692-05:00: ff
2015-02-17T15:56:15.692-05:00: ff
2015-02-17T15:56:15.692-05:00: ff
2015-02-17T15:56:15.692-05:00: ff
2015-02-17T15:56:15.692-05:00: ff
2015-02-17T15:56:15.692-05:00: ff
2015-02-17T15:56:15.692-05:00: ff
2015-02-17T15:56:15.692-05:00: ff
2015-02-17T15:56:15.692-05:00: ff
2015-02-17T15:56:15.692-05:00: ff
2015-02-17T15:56:15.692-05:00: ff
2015-02-17T15:56:15.692-05:00: ff
2015-02-17T15:56:15.692-05:00: ff
2015-02-17T15:56:15.692-05:00: ff
2015-02-17T15:56:15.692-05:00: ff
2015-02-17T15:56:15.692-05:00: ff
2015-02-17T15:56:15.692-05:00: ff
2015-02-17T15:56:15.692-05:00: ff
2015-02-17T15:56:15.692-05:00: ff
2015-02-17T15:56:15.692-05:00: ff
2015-02-17T15:56:15.692-05:00: ff
2015-02-17T15:56:15.692-05:00: ff
2015-02-17T15:56:15.692-05:00: ff
2015-02-17T15:56:15.692-05:00: ff
2015-02-17T15:56:15.692-05:00: ff
2015-02-17T15:56:15.692-05:00: ff
2015-02-17T15:56:15.692-05:00: 01
2015-02-17T15:56:15.692-05:00: 00
2015-02-17T15:56:16.161-05:00: a89ea0a89ea0e18ea49eaa9c88e018ffffffffffffffffffffffffffffffffffffffffffffffffffffffffffffffffff0100
2015-02-17T15:56:16.161-05:00: a8
2015-02-17T15:56:16.161-05:00: 9e
2015-02-17T15:56:16.161-05:00: a0
2015-02-17T15:56:16.161-05:00: a8
2015-02-17T15:56:16.161-05:00: 9e
2015-02-17T15:56:16.161-05:00: a0
2015-02-17T15:56:16.161-05:00: e1
2015-02-17T15:56:16.161-05:00: 8e
2015-02-17T15:56:16.161-05:00: a4
2015-02-17T15:56:16.161-05:00: 9e
2015-02-17T15:56:16.161-05:00: aa
2015-02-17T15:56:16.161-05:00: 9c
2015-02-17T15:56:16.161-05:00: 88
2015-02-17T15:56:16.161-05:00: e0
2015-02-17T15:56:16.161-05:00: 18
2015-02-17T15:56:16.161-05:00: ff
2015-02-17T15:56:16.161-05:00: ff
2015-02-17T15:56:16.161-05:00: ff
2015-02-17T15:56:16.161-05:00: ff
2015-02-17T15:56:16.161-05:00: ff
2015-02-17T15:56:16.161-05:00: ff
2015-02-17T15:56:16.161-05:00: ff
2015-02-17T15:56:16.161-05:00: ff
2015-02-17T15:56:16.161-05:00: ff
2015-02-17T15:56:16.161-05:00: ff
2015-02-17T15:56:16.161-05:00: ff
2015-02-17T15:56:16.161-05:00: ff
2015-02-17T15:56:16.161-05:00: ff
2015-02-17T15:56:16.161-05:00: ff
2015-02-17T15:56:16.161-05:00: ff
2015-02-17T15:56:16.161-05:00: ff
2015-02-17T15:56:16.161-05:00: ff
2015-02-17T15:56:16.161-05:00: ff
2015-02-17T15:56:16.161-05:00: ff
2015-02-17T15:56:16.161-05:00: ff
2015-02-17T15:56:16.161-05:00: ff
2015-02-17T15:56:16.161-05:00: ff
2015-02-17T15:56:16.161-05:00: ff
2015-02-17T15:56:16.161-05:00: ff
2015-02-17T15:56:16.161-05:00: ff
2015-02-17T15:56:16.161-05:00: ff
2015-02-17T15:56:16.161-05:00: ff
2015-02-17T15:56:16.161-05:00: ff
2015-02-17T15:56:16.161-05:00: ff
2015-02-17T15:56:16.161-05:00: ff
2015-02-17T15:56:16.161-05:00: ff
2015-02-17T15:56:16.161-05:00: ff
2015-02-17T15:56:16.161-05:00: ff
2015-02-17T15:56:16.161-05:00: 01
2015-02-17T15:56:16.177-05:00: 00
2015-02-17T15:56:16.192-05:00: 3f WAIT 
2015-02-17T15:56:16.192-05:00: ?3b WAIT 
2015-02-17T15:56:16.192-05:00: ;a89ea0a89ea0e18ea49eaa9c88e018ffffffffffffffffffffffffffffffffffffffffffffffffffffffffffffffffff0100
2015-02-17T15:56:16.630-05:00: a8
2015-02-17T15:56:16.630-05:00: 9e
2015-02-17T15:56:16.630-05:00: a0
2015-02-17T15:56:16.630-05:00: a8
2015-02-17T15:56:16.630-05:00: 9e
2015-02-17T15:56:16.630-05:00: a0
2015-02-17T15:56:16.630-05:00: e1
2015-02-17T15:56:16.630-05:00: 8e
2015-02-17T15:56:16.630-05:00: a4
2015-02-17T15:56:16.630-05:00: 9e
2015-02-17T15:56:16.630-05:00: aa
2015-02-17T15:56:16.630-05:00: 9c
2015-02-17T15:56:16.630-05:00: 88
2015-02-17T15:56:16.630-05:00: e0
2015-02-17T15:56:16.630-05:00: 18
2015-02-17T15:56:16.630-05:00: ff
2015-02-17T15:56:16.630-05:00: ff
2015-02-17T15:56:16.630-05:00: ff
2015-02-17T15:56:16.645-05:00: ff
2015-02-17T15:56:16.645-05:00: ff
2015-02-17T15:56:16.645-05:00: ff
2015-02-17T15:56:16.645-05:00: ff
2015-02-17T15:56:16.645-05:00: ff
2015-02-17T15:56:16.645-05:00: ff
2015-02-17T15:56:16.645-05:00: ff
2015-02-17T15:56:16.645-05:00: ff
2015-02-17T15:56:16.645-05:00: ff
2015-02-17T15:56:16.645-05:00: ff
2015-02-17T15:56:16.645-05:00: ff
2015-02-17T15:56:16.645-05:00: ff
2015-02-17T15:56:16.645-05:00: ff
2015-02-17T15:56:16.645-05:00: ff
2015-02-17T15:56:16.645-05:00: ff
2015-02-17T15:56:16.645-05:00: ff
2015-02-17T15:56:16.645-05:00: ff
2015-02-17T15:56:16.645-05:00: ff
2015-02-17T15:56:16.645-05:00: ff
2015-02-17T15:56:16.645-05:00: ff
2015-02-17T15:56:16.645-05:00: ff
2015-02-17T15:56:16.645-05:00: ff
2015-02-17T15:56:16.645-05:00: ff
2015-02-17T15:56:16.645-05:00: ff
2015-02-17T15:56:16.645-05:00: ff
2015-02-17T15:56:16.645-05:00: ff
2015-02-17T15:56:16.645-05:00: ff
2015-02-17T15:56:16.645-05:00: ff
2015-02-17T15:56:16.645-05:00: ff
2015-02-17T15:56:16.645-05:00: ff
2015-02-17T15:56:16.645-05:00: 01
2015-02-17T15:56:16.645-05:00: 00
2015-02-17T15:56:17.099-05:00: a89ea0a89ea0e18ea49eaa9c88e018ffffffffffffffffffffffffffffffffffffffffffffffffffffffffffffffffff0100
2015-02-17T15:56:17.099-05:00: a8
2015-02-17T15:56:17.099-05:00: 9e
2015-02-17T15:56:17.099-05:00: a0
2015-02-17T15:56:17.099-05:00: a8
2015-02-17T15:56:17.099-05:00: 9e
2015-02-17T15:56:17.099-05:00: a0
2015-02-17T15:56:17.114-05:00: e1
2015-02-17T15:56:17.114-05:00: 8e
2015-02-17T15:56:17.114-05:00: a4
2015-02-17T15:56:17.114-05:00: 9e
2015-02-17T15:56:17.114-05:00: aa
2015-02-17T15:56:17.114-05:00: 9c
2015-02-17T15:56:17.114-05:00: 88
2015-02-17T15:56:17.114-05:00: e0
2015-02-17T15:56:17.114-05:00: 18
2015-02-17T15:56:17.114-05:00: ff
2015-02-17T15:56:17.114-05:00: ff
2015-02-17T15:56:17.114-05:00: ff
2015-02-17T15:56:17.114-05:00: ff
2015-02-17T15:56:17.114-05:00: ff
2015-02-17T15:56:17.114-05:00: ff
2015-02-17T15:56:17.114-05:00: ff
2015-02-17T15:56:17.114-05:00: ff
2015-02-17T15:56:17.114-05:00: ff
2015-02-17T15:56:17.114-05:00: ff
2015-02-17T15:56:17.114-05:00: ff
2015-02-17T15:56:17.114-05:00: ff
2015-02-17T15:56:17.114-05:00: ff
2015-02-17T15:56:17.114-05:00: ff
2015-02-17T15:56:17.114-05:00: ff
2015-02-17T15:56:17.114-05:00: ff
2015-02-17T15:56:17.114-05:00: ff
2015-02-17T15:56:17.114-05:00: ff
2015-02-17T15:56:17.114-05:00: ff
2015-02-17T15:56:17.114-05:00: ff
2015-02-17T15:56:17.114-05:00: ff
2015-02-17T15:56:17.114-05:00: ff
2015-02-17T15:56:17.114-05:00: ff
2015-02-17T15:56:17.114-05:00: ff
2015-02-17T15:56:17.114-05:00: ff
2015-02-17T15:56:17.114-05:00: ff
2015-02-17T15:56:17.114-05:00: ff
2015-02-17T15:56:17.114-05:00: ff
2015-02-17T15:56:17.114-05:00: ff
2015-02-17T15:56:17.114-05:00: ff
2015-02-17T15:56:17.114-05:00: ff
2015-02-17T15:56:17.114-05:00: ff
2015-02-17T15:56:17.114-05:00: ff
2015-02-17T15:56:17.114-05:00: 01
2015-02-17T15:56:17.114-05:00: 00
2015-02-17T15:56:17.567-05:00: a89ea0a89ea0e18ea49eaa9c88e018ffffffffffffffffffffffffffffffffffffffffffffffffffffffffffffffffff0100
2015-02-17T15:56:17.567-05:00: a8
2015-02-17T15:56:17.567-05:00: 9e
2015-02-17T15:56:17.567-05:00: a0
2015-02-17T15:56:17.567-05:00: a8
2015-02-17T15:56:17.567-05:00: 9e
2015-02-17T15:56:17.567-05:00: a0
2015-02-17T15:56:17.567-05:00: e1
2015-02-17T15:56:17.567-05:00: 8e
2015-02-17T15:56:17.567-05:00: a4
2015-02-17T15:56:17.567-05:00: 9e
2015-02-17T15:56:17.567-05:00: aa
2015-02-17T15:56:17.567-05:00: 9c
2015-02-17T15:56:17.567-05:00: 88
2015-02-17T15:56:17.567-05:00: e0
2015-02-17T15:56:17.567-05:00: 18
2015-02-17T15:56:17.567-05:00: ff
2015-02-17T15:56:17.567-05:00: ff
2015-02-17T15:56:17.567-05:00: ff
2015-02-17T15:56:17.583-05:00: ff
2015-02-17T15:56:17.583-05:00: ff
2015-02-17T15:56:17.583-05:00: ff
2015-02-17T15:56:17.583-05:00: ff
2015-02-17T15:56:17.583-05:00: ff
2015-02-17T15:56:17.583-05:00: ff
2015-02-17T15:56:17.583-05:00: ff
2015-02-17T15:56:17.583-05:00: ff
2015-02-17T15:56:17.583-05:00: ff
2015-02-17T15:56:17.583-05:00: ff
2015-02-17T15:56:17.583-05:00: ff
2015-02-17T15:56:17.583-05:00: ff
2015-02-17T15:56:17.583-05:00: ff
2015-02-17T15:56:17.583-05:00: ff
2015-02-17T15:56:17.583-05:00: ff
2015-02-17T15:56:17.583-05:00: ff
2015-02-17T15:56:17.583-05:00: ff
2015-02-17T15:56:17.583-05:00: ff
2015-02-17T15:56:17.583-05:00: ff
2015-02-17T15:56:17.583-05:00: ff
2015-02-17T15:56:17.583-05:00: ff
2015-02-17T15:56:17.583-05:00: ff
2015-02-17T15:56:17.583-05:00: ff
2015-02-17T15:56:17.583-05:00: ff
2015-02-17T15:56:17.583-05:00: ff
2015-02-17T15:56:17.583-05:00: ff
2015-02-17T15:56:17.583-05:00: ff
2015-02-17T15:56:17.583-05:00: ff
2015-02-17T15:56:17.583-05:00: ff
2015-02-17T15:56:17.583-05:00: ff
2015-02-17T15:56:17.583-05:00: 01
2015-02-17T15:56:17.583-05:00: 00
2015-02-17T15:56:17.599-05:00: 3f WAIT 
2015-02-17T15:56:17.599-05:00: ?3b WAIT 
2015-02-17T15:56:17.599-05:00: ;a89ea0a89ea0e18ea49eaa9c88e018ffffffffffffffffffffffffffffffffffffffffffffffffffffffffffffffffff0100
2015-02-17T15:56:18.052-05:00: a8
2015-02-17T15:56:18.052-05:00: 9e
2015-02-17T15:56:18.052-05:00: a0
2015-02-17T15:56:18.052-05:00: a8
2015-02-17T15:56:18.052-05:00: 9e
2015-02-17T15:56:18.052-05:00: a0
2015-02-17T15:56:18.052-05:00: e1
2015-02-17T15:56:18.052-05:00: 8e
2015-02-17T15:56:18.052-05:00: a4
2015-02-17T15:56:18.052-05:00: 9e
2015-02-17T15:56:18.052-05:00: aa
2015-02-17T15:56:18.052-05:00: 9c
2015-02-17T15:56:18.052-05:00: 88
2015-02-17T15:56:18.052-05:00: e0
2015-02-17T15:56:18.052-05:00: 18
2015-02-17T15:56:18.052-05:00: ff
2015-02-17T15:56:18.052-05:00: ff
2015-02-17T15:56:18.052-05:00: ff
2015-02-17T15:56:18.052-05:00: ff
2015-02-17T15:56:18.052-05:00: ff
2015-02-17T15:56:18.052-05:00: ff
2015-02-17T15:56:18.052-05:00: ff
2015-02-17T15:56:18.052-05:00: ff
2015-02-17T15:56:18.052-05:00: ff
2015-02-17T15:56:18.052-05:00: ff
2015-02-17T15:56:18.052-05:00: ff
2015-02-17T15:56:18.052-05:00: ff
2015-02-17T15:56:18.052-05:00: ff
2015-02-17T15:56:18.052-05:00: ff
2015-02-17T15:56:18.052-05:00: ff
2015-02-17T15:56:18.052-05:00: ff
2015-02-17T15:56:18.052-05:00: ff
2015-02-17T15:56:18.052-05:00: ff
2015-02-17T15:56:18.052-05:00: ff
2015-02-17T15:56:18.052-05:00: ff
2015-02-17T15:56:18.052-05:00: ff
2015-02-17T15:56:18.052-05:00: ff
2015-02-17T15:56:18.052-05:00: ff
2015-02-17T15:56:18.052-05:00: ff
2015-02-17T15:56:18.052-05:00: ff
2015-02-17T15:56:18.052-05:00: ff
2015-02-17T15:56:18.052-05:00: ff
2015-02-17T15:56:18.052-05:00: ff
2015-02-17T15:56:18.052-05:00: ff
2015-02-17T15:56:18.052-05:00: ff
2015-02-17T15:56:18.052-05:00: ff
2015-02-17T15:56:18.052-05:00: ff
2015-02-17T15:56:18.052-05:00: ff
2015-02-17T15:56:18.052-05:00: 01
2015-02-17T15:56:18.067-05:00: 00
2015-02-17T15:56:18.505-05:00: a89ea0a89ea0e18ea49eaa9c88e018ffffffffffffffffffffffffffffffffffffffffffffffffffffffffffffffffff0100
2015-02-17T15:56:18.505-05:00: a8
2015-02-17T15:56:18.505-05:00: 9e
2015-02-17T15:56:18.505-05:00: a0
2015-02-17T15:56:18.505-05:00: a8
2015-02-17T15:56:18.505-05:00: 9e
2015-02-17T15:56:18.505-05:00: a0
2015-02-17T15:56:18.505-05:00: e1
2015-02-17T15:56:18.505-05:00: 8e
2015-02-17T15:56:18.505-05:00: a4
2015-02-17T15:56:18.505-05:00: 9e
2015-02-17T15:56:18.505-05:00: aa
2015-02-17T15:56:18.505-05:00: 9c
2015-02-17T15:56:18.520-05:00: 88
2015-02-17T15:56:18.520-05:00: e0
2015-02-17T15:56:18.520-05:00: 18
2015-02-17T15:56:18.520-05:00: ff
2015-02-17T15:56:18.520-05:00: ff
2015-02-17T15:56:18.520-05:00: ff
2015-02-17T15:56:18.520-05:00: ff
2015-02-17T15:56:18.520-05:00: ff
2015-02-17T15:56:18.520-05:00: ff
2015-02-17T15:56:18.520-05:00: ff
2015-02-17T15:56:18.520-05:00: ff
2015-02-17T15:56:18.520-05:00: ff
2015-02-17T15:56:18.520-05:00: ff
2015-02-17T15:56:18.520-05:00: ff
2015-02-17T15:56:18.520-05:00: ff
2015-02-17T15:56:18.520-05:00: ff
2015-02-17T15:56:18.520-05:00: ff
2015-02-17T15:56:18.520-05:00: ff
2015-02-17T15:56:18.520-05:00: ff
2015-02-17T15:56:18.520-05:00: ff
2015-02-17T15:56:18.520-05:00: ff
2015-02-17T15:56:18.520-05:00: ff
2015-02-17T15:56:18.520-05:00: ff
2015-02-17T15:56:18.520-05:00: ff
2015-02-17T15:56:18.520-05:00: ff
2015-02-17T15:56:18.520-05:00: ff
2015-02-17T15:56:18.520-05:00: ff
2015-02-17T15:56:18.520-05:00: ff
2015-02-17T15:56:18.520-05:00: ff
2015-02-17T15:56:18.520-05:00: ff
2015-02-17T15:56:18.520-05:00: ff
2015-02-17T15:56:18.520-05:00: ff
2015-02-17T15:56:18.520-05:00: ff
2015-02-17T15:56:18.520-05:00: ff
2015-02-17T15:56:18.520-05:00: ff
2015-02-17T15:56:18.520-05:00: ff
2015-02-17T15:56:18.520-05:00: 01
2015-02-17T15:56:18.520-05:00: 00
2015-02-17T15:56:18.567-05:00: 3f WAIT 
2015-02-17T15:56:18.567-05:00: ?3b WAIT 
2015-02-17T15:56:18.567-05:00: ;a89ea0a89ea0e18ea49eaa9c88e018ffffffffffffffffffffffffffffffffffffffffffffffffffffffffffffffffff0100
2015-02-17T15:56:18.974-05:00: a8
2015-02-17T15:56:18.974-05:00: 9e
2015-02-17T15:56:18.974-05:00: a0
2015-02-17T15:56:18.974-05:00: a8
2015-02-17T15:56:18.974-05:00: 9e
2015-02-17T15:56:18.974-05:00: a0
2015-02-17T15:56:18.974-05:00: e1
2015-02-17T15:56:18.974-05:00: 8e
2015-02-17T15:56:18.974-05:00: a4
2015-02-17T15:56:18.974-05:00: 9e
2015-02-17T15:56:18.974-05:00: aa
2015-02-17T15:56:18.974-05:00: 9c
2015-02-17T15:56:18.974-05:00: 88
2015-02-17T15:56:18.974-05:00: e0
2015-02-17T15:56:18.974-05:00: 18
2015-02-17T15:56:18.974-05:00: ff
2015-02-17T15:56:18.974-05:00: ff
2015-02-17T15:56:18.974-05:00: ff
2015-02-17T15:56:18.974-05:00: ff
2015-02-17T15:56:18.974-05:00: ff
2015-02-17T15:56:18.974-05:00: ff
2015-02-17T15:56:18.974-05:00: ff
2015-02-17T15:56:18.974-05:00: ff
2015-02-17T15:56:18.974-05:00: ff
2015-02-17T15:56:18.974-05:00: ff
2015-02-17T15:56:18.974-05:00: ff
2015-02-17T15:56:18.974-05:00: ff
2015-02-17T15:56:18.974-05:00: ff
2015-02-17T15:56:18.974-05:00: ff
2015-02-17T15:56:18.989-05:00: ff
2015-02-17T15:56:18.989-05:00: ff
2015-02-17T15:56:18.989-05:00: ff
2015-02-17T15:56:18.989-05:00: ff
2015-02-17T15:56:18.989-05:00: ff
2015-02-17T15:56:18.989-05:00: ff
2015-02-17T15:56:18.989-05:00: ff
2015-02-17T15:56:18.989-05:00: ff
2015-02-17T15:56:18.989-05:00: ff
2015-02-17T15:56:18.989-05:00: ff
2015-02-17T15:56:18.989-05:00: ff
2015-02-17T15:56:18.989-05:00: ff
2015-02-17T15:56:18.989-05:00: ff
2015-02-17T15:56:18.989-05:00: ff
2015-02-17T15:56:18.989-05:00: ff
2015-02-17T15:56:18.989-05:00: ff
2015-02-17T15:56:18.989-05:00: ff
2015-02-17T15:56:18.989-05:00: ff
2015-02-17T15:56:18.989-05:00: ff
2015-02-17T15:56:18.989-05:00: 01
2015-02-17T15:56:18.989-05:00: 00
2015-02-17T15:56:19.442-05:00: a89ea0a89ea0e18ea49eaa9c88e018ffffffffffffffffffffffffffffffffffffffffffffffffffffffffffffffffff0100
2015-02-17T15:56:19.442-05:00: a8
2015-02-17T15:56:19.442-05:00: 9e
2015-02-17T15:56:19.442-05:00: a0
2015-02-17T15:56:19.442-05:00: a8
2015-02-17T15:56:19.442-05:00: 9e
2015-02-17T15:56:19.442-05:00: a0
2015-02-17T15:56:19.442-05:00: e1
2015-02-17T15:56:19.442-05:00: 8e
2015-02-17T15:56:19.442-05:00: a4
2015-02-17T15:56:19.442-05:00: 9e
2015-02-17T15:56:19.442-05:00: aa
2015-02-17T15:56:19.442-05:00: 9c
2015-02-17T15:56:19.442-05:00: 88
2015-02-17T15:56:19.442-05:00: e0
2015-02-17T15:56:19.458-05:00: 18
2015-02-17T15:56:19.458-05:00: ff
2015-02-17T15:56:19.458-05:00: ff
2015-02-17T15:56:19.458-05:00: ff
2015-02-17T15:56:19.458-05:00: ff
2015-02-17T15:56:19.458-05:00: ff
2015-02-17T15:56:19.458-05:00: ff
2015-02-17T15:56:19.458-05:00: ff
2015-02-17T15:56:19.458-05:00: ff
2015-02-17T15:56:19.458-05:00: ff
2015-02-17T15:56:19.458-05:00: ff
2015-02-17T15:56:19.458-05:00: ff
2015-02-17T15:56:19.458-05:00: ff
2015-02-17T15:56:19.458-05:00: ff
2015-02-17T15:56:19.458-05:00: ff
2015-02-17T15:56:19.458-05:00: ff
2015-02-17T15:56:19.458-05:00: ff
2015-02-17T15:56:19.458-05:00: ff
2015-02-17T15:56:19.458-05:00: ff
2015-02-17T15:56:19.458-05:00: ff
2015-02-17T15:56:19.458-05:00: ff
2015-02-17T15:56:19.458-05:00: ff
2015-02-17T15:56:19.458-05:00: ff
2015-02-17T15:56:19.458-05:00: ff
2015-02-17T15:56:19.458-05:00: ff
2015-02-17T15:56:19.458-05:00: ff
2015-02-17T15:56:19.458-05:00: ff
2015-02-17T15:56:19.458-05:00: ff
2015-02-17T15:56:19.458-05:00: ff
2015-02-17T15:56:19.458-05:00: ff
2015-02-17T15:56:19.458-05:00: ff
2015-02-17T15:56:19.458-05:00: ff
2015-02-17T15:56:19.458-05:00: ff
2015-02-17T15:56:19.458-05:00: ff
2015-02-17T15:56:19.458-05:00: 01
2015-02-17T15:56:19.458-05:00: 00
2015-02-17T15:56:19.911-05:00: a89ea0a89ea0e18ea49eaa9c88e018ffffffffffffffffffffffffffffffffffffffffffffffffffffffffffffffffff0100
2015-02-17T15:56:19.911-05:00: a8
2015-02-17T15:56:19.911-05:00: 9e
2015-02-17T15:56:19.911-05:00: a0
2015-02-17T15:56:19.911-05:00: a8
2015-02-17T15:56:19.911-05:00: 9e
2015-02-17T15:56:19.911-05:00: a0
2015-02-17T15:56:19.911-05:00: e1
2015-02-17T15:56:19.911-05:00: 8e
2015-02-17T15:56:19.911-05:00: a4
2015-02-17T15:56:19.911-05:00: 9e
2015-02-17T15:56:19.911-05:00: aa
2015-02-17T15:56:19.911-05:00: 9c
2015-02-17T15:56:19.911-05:00: 88
2015-02-17T15:56:19.911-05:00: e0
2015-02-17T15:56:19.911-05:00: 18
2015-02-17T15:56:19.911-05:00: ff
2015-02-17T15:56:19.911-05:00: ff
2015-02-17T15:56:19.911-05:00: ff
2015-02-17T15:56:19.911-05:00: ff
2015-02-17T15:56:19.911-05:00: ff
2015-02-17T15:56:19.911-05:00: ff
2015-02-17T15:56:19.911-05:00: ff
2015-02-17T15:56:19.911-05:00: ff
2015-02-17T15:56:19.911-05:00: ff
2015-02-17T15:56:19.911-05:00: ff
2015-02-17T15:56:19.911-05:00: ff
2015-02-17T15:56:19.911-05:00: ff
2015-02-17T15:56:19.911-05:00: ff
2015-02-17T15:56:19.911-05:00: ff
2015-02-17T15:56:19.911-05:00: ff
2015-02-17T15:56:19.911-05:00: ff
2015-02-17T15:56:19.911-05:00: ff
2015-02-17T15:56:19.911-05:00: ff
2015-02-17T15:56:19.927-05:00: ff
2015-02-17T15:56:19.927-05:00: ff
2015-02-17T15:56:19.927-05:00: ff
2015-02-17T15:56:19.927-05:00: ff
2015-02-17T15:56:19.927-05:00: ff
2015-02-17T15:56:19.927-05:00: ff
2015-02-17T15:56:19.927-05:00: ff
2015-02-17T15:56:19.927-05:00: ff
2015-02-17T15:56:19.927-05:00: ff
2015-02-17T15:56:19.927-05:00: ff
2015-02-17T15:56:19.927-05:00: ff
2015-02-17T15:56:19.927-05:00: ff
2015-02-17T15:56:19.927-05:00: ff
2015-02-17T15:56:19.927-05:00: ff
2015-02-17T15:56:19.927-05:00: ff
2015-02-17T15:56:19.927-05:00: 01
2015-02-17T15:56:19.927-05:00: 00
2015-02-17T15:56:19.958-05:00: 3f WAIT 
2015-02-17T15:56:19.958-05:00: ?3b WAIT 
2015-02-17T15:56:19.958-05:00: ;a89ea0a89ea0e18ea49eaa9c88e018ffffffffffffffffffffffffffffffffffffffffffffffffffffffffffffffffff0100
2015-02-17T15:56:20.380-05:00: a8
2015-02-17T15:56:20.380-05:00: 9e
2015-02-17T15:56:20.380-05:00: a0
2015-02-17T15:56:20.380-05:00: a8
2015-02-17T15:56:20.380-05:00: 9e
2015-02-17T15:56:20.380-05:00: a0
2015-02-17T15:56:20.380-05:00: e1
2015-02-17T15:56:20.380-05:00: 8e
2015-02-17T15:56:20.380-05:00: a4
2015-02-17T15:56:20.380-05:00: 9e
2015-02-17T15:56:20.380-05:00: aa
2015-02-17T15:56:20.380-05:00: 9c
2015-02-17T15:56:20.380-05:00: 88
2015-02-17T15:56:20.380-05:00: e0
2015-02-17T15:56:20.380-05:00: 18
2015-02-17T15:56:20.395-05:00: ff
2015-02-17T15:56:20.395-05:00: ff
2015-02-17T15:56:20.395-05:00: ff
2015-02-17T15:56:20.395-05:00: ff
2015-02-17T15:56:20.395-05:00: ff
2015-02-17T15:56:20.395-05:00: ff
2015-02-17T15:56:20.395-05:00: ff
2015-02-17T15:56:20.395-05:00: ff
2015-02-17T15:56:20.395-05:00: ff
2015-02-17T15:56:20.395-05:00: ff
2015-02-17T15:56:20.395-05:00: ff
2015-02-17T15:56:20.395-05:00: ff
2015-02-17T15:56:20.395-05:00: ff
2015-02-17T15:56:20.395-05:00: ff
2015-02-17T15:56:20.395-05:00: ff
2015-02-17T15:56:20.395-05:00: ff
2015-02-17T15:56:20.395-05:00: ff
2015-02-17T15:56:20.395-05:00: ff
2015-02-17T15:56:20.395-05:00: ff
2015-02-17T15:56:20.395-05:00: ff
2015-02-17T15:56:20.395-05:00: ff
2015-02-17T15:56:20.395-05:00: ff
2015-02-17T15:56:20.395-05:00: ff
2015-02-17T15:56:20.395-05:00: ff
2015-02-17T15:56:20.395-05:00: ff
2015-02-17T15:56:20.395-05:00: ff
2015-02-17T15:56:20.395-05:00: ff
2015-02-17T15:56:20.395-05:00: ff
2015-02-17T15:56:20.395-05:00: ff
2015-02-17T15:56:20.395-05:00: ff
2015-02-17T15:56:20.395-05:00: ff
2015-02-17T15:56:20.395-05:00: ff
2015-02-17T15:56:20.395-05:00: ff
2015-02-17T15:56:20.395-05:00: 01
2015-02-17T15:56:20.395-05:00: 00
2015-02-17T15:56:20.849-05:00: a89ea0a89ea0e18ea49eaa9c88e018ffffffffffffffffffffffffffffffffffffffffffffffffffffffffffffffffff0100
2015-02-17T15:56:20.849-05:00: a8
2015-02-17T15:56:20.849-05:00: 9e
2015-02-17T15:56:20.849-05:00: a0
2015-02-17T15:56:20.849-05:00: a8
2015-02-17T15:56:20.849-05:00: 9e
2015-02-17T15:56:20.849-05:00: a0
2015-02-17T15:56:20.849-05:00: e1
2015-02-17T15:56:20.849-05:00: 8e
2015-02-17T15:56:20.849-05:00: a4
2015-02-17T15:56:20.849-05:00: 9e
2015-02-17T15:56:20.849-05:00: aa
2015-02-17T15:56:20.849-05:00: 9c
2015-02-17T15:56:20.849-05:00: 88
2015-02-17T15:56:20.849-05:00: e0
2015-02-17T15:56:20.849-05:00: 18
2015-02-17T15:56:20.849-05:00: ff
2015-02-17T15:56:20.849-05:00: ff
2015-02-17T15:56:20.849-05:00: ff
2015-02-17T15:56:20.849-05:00: ff
2015-02-17T15:56:20.849-05:00: ff
2015-02-17T15:56:20.849-05:00: ff
2015-02-17T15:56:20.849-05:00: ff
2015-02-17T15:56:20.849-05:00: ff
2015-02-17T15:56:20.849-05:00: ff
2015-02-17T15:56:20.849-05:00: ff
2015-02-17T15:56:20.849-05:00: ff
2015-02-17T15:56:20.849-05:00: ff
2015-02-17T15:56:20.849-05:00: ff
2015-02-17T15:56:20.849-05:00: ff
2015-02-17T15:56:20.849-05:00: ff
2015-02-17T15:56:20.849-05:00: ff
2015-02-17T15:56:20.849-05:00: ff
2015-02-17T15:56:20.849-05:00: ff
2015-02-17T15:56:20.849-05:00: ff
2015-02-17T15:56:20.849-05:00: ff
2015-02-17T15:56:20.849-05:00: ff
2015-02-17T15:56:20.849-05:00: ff
2015-02-17T15:56:20.849-05:00: ff
2015-02-17T15:56:20.849-05:00: ff
2015-02-17T15:56:20.864-05:00: ff
2015-02-17T15:56:20.864-05:00: ff
2015-02-17T15:56:20.864-05:00: ff
2015-02-17T15:56:20.864-05:00: ff
2015-02-17T15:56:20.864-05:00: ff
2015-02-17T15:56:20.864-05:00: ff
2015-02-17T15:56:20.864-05:00: ff
2015-02-17T15:56:20.864-05:00: ff
2015-02-17T15:56:20.864-05:00: ff
2015-02-17T15:56:20.864-05:00: 01
2015-02-17T15:56:20.864-05:00: 00
2015-02-17T15:56:21.317-05:00: a89ea0a89ea0e18ea49eaa9c88e018ffffffffffffffffffffffffffffffffffffffffffffffffffffffffffffffffff0100
2015-02-17T15:56:21.317-05:00: a8
2015-02-17T15:56:21.317-05:00: 9e
2015-02-17T15:56:21.317-05:00: a0
2015-02-17T15:56:21.317-05:00: a8
2015-02-17T15:56:21.317-05:00: 9e
2015-02-17T15:56:21.317-05:00: a0
2015-02-17T15:56:21.317-05:00: e1
2015-02-17T15:56:21.317-05:00: 8e
2015-02-17T15:56:21.317-05:00: a4
2015-02-17T15:56:21.317-05:00: 9e
2015-02-17T15:56:21.317-05:00: aa
2015-02-17T15:56:21.317-05:00: 9c
2015-02-17T15:56:21.317-05:00: 88
2015-02-17T15:56:21.317-05:00: e0
2015-02-17T15:56:21.317-05:00: 18
2015-02-17T15:56:21.317-05:00: ff
2015-02-17T15:56:21.317-05:00: ff
2015-02-17T15:56:21.317-05:00: ff
2015-02-17T15:56:21.317-05:00: ff
2015-02-17T15:56:21.317-05:00: ff
2015-02-17T15:56:21.317-05:00: ff
2015-02-17T15:56:21.317-05:00: ff
2015-02-17T15:56:21.317-05:00: ff
2015-02-17T15:56:21.317-05:00: ff
2015-02-17T15:56:21.317-05:00: ff
2015-02-17T15:56:21.317-05:00: ff
2015-02-17T15:56:21.317-05:00: ff
2015-02-17T15:56:21.333-05:00: ff
2015-02-17T15:56:21.333-05:00: ff
2015-02-17T15:56:21.333-05:00: ff
2015-02-17T15:56:21.333-05:00: ff
2015-02-17T15:56:21.333-05:00: ff
2015-02-17T15:56:21.333-05:00: ff
2015-02-17T15:56:21.333-05:00: ff
2015-02-17T15:56:21.333-05:00: ff
2015-02-17T15:56:21.333-05:00: ff
2015-02-17T15:56:21.333-05:00: ff
2015-02-17T15:56:21.333-05:00: ff
2015-02-17T15:56:21.333-05:00: ff
2015-02-17T15:56:21.333-05:00: ff
2015-02-17T15:56:21.333-05:00: ff
2015-02-17T15:56:21.333-05:00: ff
2015-02-17T15:56:21.333-05:00: ff
2015-02-17T15:56:21.333-05:00: ff
2015-02-17T15:56:21.333-05:00: ff
2015-02-17T15:56:21.333-05:00: ff
2015-02-17T15:56:21.333-05:00: ff
2015-02-17T15:56:21.333-05:00: ff
2015-02-17T15:56:21.333-05:00: 01
2015-02-17T15:56:21.333-05:00: 00
2015-02-17T15:56:21.349-05:00: 3f WAIT 
2015-02-17T15:56:21.349-05:00: ?3b WAIT 
2015-02-17T15:56:21.349-05:00: ;a89ea0a89ea0e18ea49eaa9c88e018ffffffffffffffffffffffffffffffffffffffffffffffffffffffffffffffffff0100
2015-02-17T15:56:21.786-05:00: a8
2015-02-17T15:56:21.786-05:00: 9e
2015-02-17T15:56:21.786-05:00: a0
2015-02-17T15:56:21.786-05:00: a8
2015-02-17T15:56:21.786-05:00: 9e
2015-02-17T15:56:21.786-05:00: a0
2015-02-17T15:56:21.786-05:00: e1
2015-02-17T15:56:21.786-05:00: 8e
2015-02-17T15:56:21.786-05:00: a4
2015-02-17T15:56:21.786-05:00: 9e
2015-02-17T15:56:21.786-05:00: aa
2015-02-17T15:56:21.786-05:00: 9c
2015-02-17T15:56:21.786-05:00: 88
2015-02-17T15:56:21.786-05:00: e0
2015-02-17T15:56:21.786-05:00: 18
2015-02-17T15:56:21.786-05:00: ff
2015-02-17T15:56:21.786-05:00: ff
2015-02-17T15:56:21.786-05:00: ff
2015-02-17T15:56:21.786-05:00: ff
2015-02-17T15:56:21.786-05:00: ff
2015-02-17T15:56:21.786-05:00: ff
2015-02-17T15:56:21.786-05:00: ff
2015-02-17T15:56:21.786-05:00: ff
2015-02-17T15:56:21.786-05:00: ff
2015-02-17T15:56:21.786-05:00: ff
2015-02-17T15:56:21.786-05:00: ff
2015-02-17T15:56:21.786-05:00: ff
2015-02-17T15:56:21.786-05:00: ff
2015-02-17T15:56:21.786-05:00: ff
2015-02-17T15:56:21.786-05:00: ff
2015-02-17T15:56:21.786-05:00: ff
2015-02-17T15:56:21.786-05:00: ff
2015-02-17T15:56:21.786-05:00: ff
2015-02-17T15:56:21.786-05:00: ff
2015-02-17T15:56:21.786-05:00: ff
2015-02-17T15:56:21.786-05:00: ff
2015-02-17T15:56:21.786-05:00: ff
2015-02-17T15:56:21.786-05:00: ff
2015-02-17T15:56:21.786-05:00: ff
2015-02-17T15:56:21.786-05:00: ff
2015-02-17T15:56:21.786-05:00: ff
2015-02-17T15:56:21.786-05:00: ff
2015-02-17T15:56:21.786-05:00: ff
2015-02-17T15:56:21.786-05:00: ff
2015-02-17T15:56:21.786-05:00: ff
2015-02-17T15:56:21.786-05:00: ff
2015-02-17T15:56:21.786-05:00: ff
2015-02-17T15:56:21.786-05:00: ff
2015-02-17T15:56:21.786-05:00: 01
2015-02-17T15:56:21.802-05:00: 00
2015-02-17T15:56:22.255-05:00: a89ea0a89ea0e18ea49eaa9c88e018ffffffffffffffffffffffffffffffffffffffffffffffffffffffffffffffffff0100
2015-02-17T15:56:22.255-05:00: a8
2015-02-17T15:56:22.255-05:00: 9e
2015-02-17T15:56:22.255-05:00: a0
2015-02-17T15:56:22.255-05:00: a8
2015-02-17T15:56:22.255-05:00: 9e
2015-02-17T15:56:22.255-05:00: a0
2015-02-17T15:56:22.255-05:00: e1
2015-02-17T15:56:22.255-05:00: 8e
2015-02-17T15:56:22.255-05:00: a4
2015-02-17T15:56:22.255-05:00: 9e
2015-02-17T15:56:22.255-05:00: aa
2015-02-17T15:56:22.255-05:00: 9c
2015-02-17T15:56:22.255-05:00: 88
2015-02-17T15:56:22.255-05:00: e0
2015-02-17T15:56:22.255-05:00: 18
2015-02-17T15:56:22.255-05:00: ff
2015-02-17T15:56:22.255-05:00: ff
2015-02-17T15:56:22.255-05:00: ff
2015-02-17T15:56:22.255-05:00: ff
2015-02-17T15:56:22.255-05:00: ff
2015-02-17T15:56:22.255-05:00: ff
2015-02-17T15:56:22.255-05:00: ff
2015-02-17T15:56:22.255-05:00: ff
2015-02-17T15:56:22.255-05:00: ff
2015-02-17T15:56:22.255-05:00: ff
2015-02-17T15:56:22.255-05:00: ff
2015-02-17T15:56:22.255-05:00: ff
2015-02-17T15:56:22.255-05:00: ff
2015-02-17T15:56:22.255-05:00: ff
2015-02-17T15:56:22.255-05:00: ff
2015-02-17T15:56:22.255-05:00: ff
2015-02-17T15:56:22.270-05:00: ff
2015-02-17T15:56:22.270-05:00: ff
2015-02-17T15:56:22.270-05:00: ff
2015-02-17T15:56:22.270-05:00: ff
2015-02-17T15:56:22.270-05:00: ff
2015-02-17T15:56:22.270-05:00: ff
2015-02-17T15:56:22.270-05:00: ff
2015-02-17T15:56:22.270-05:00: ff
2015-02-17T15:56:22.270-05:00: ff
2015-02-17T15:56:22.270-05:00: ff
2015-02-17T15:56:22.270-05:00: ff
2015-02-17T15:56:22.270-05:00: ff
2015-02-17T15:56:22.270-05:00: ff
2015-02-17T15:56:22.270-05:00: ff
2015-02-17T15:56:22.270-05:00: ff
2015-02-17T15:56:22.270-05:00: ff
2015-02-17T15:56:22.270-05:00: ff
2015-02-17T15:56:22.270-05:00: 01
2015-02-17T15:56:22.270-05:00: 00
2015-02-17T15:56:22.317-05:00: 3f WAIT 
2015-02-17T15:56:22.317-05:00: ?3b WAIT 
2015-02-17T15:56:22.317-05:00: ;a89ea0a89ea0e18ea49eaa9c88e018ffffffffffffffffffffffffffffffffffffffffffffffffffffffffffffffffff0100
2015-02-17T15:56:22.724-05:00: a8
2015-02-17T15:56:22.724-05:00: 9e
2015-02-17T15:56:22.724-05:00: a0
2015-02-17T15:56:22.724-05:00: a8
2015-02-17T15:56:22.724-05:00: 9e
2015-02-17T15:56:22.724-05:00: a0
2015-02-17T15:56:22.724-05:00: e1
2015-02-17T15:56:22.724-05:00: 8e
2015-02-17T15:56:22.724-05:00: a4
2015-02-17T15:56:22.724-05:00: 9e
2015-02-17T15:56:22.724-05:00: aa
2015-02-17T15:56:22.724-05:00: 9c
2015-02-17T15:56:22.724-05:00: 88
2015-02-17T15:56:22.724-05:00: e0
2015-02-17T15:56:22.724-05:00: 18
2015-02-17T15:56:22.724-05:00: ff
2015-02-17T15:56:22.724-05:00: ff
2015-02-17T15:56:22.724-05:00: ff
2015-02-17T15:56:22.724-05:00: ff
2015-02-17T15:56:22.724-05:00: ff
2015-02-17T15:56:22.724-05:00: ff
2015-02-17T15:56:22.724-05:00: ff
2015-02-17T15:56:22.724-05:00: ff
2015-02-17T15:56:22.724-05:00: ff
2015-02-17T15:56:22.724-05:00: ff
2015-02-17T15:56:22.724-05:00: ff
2015-02-17T15:56:22.724-05:00: ff
2015-02-17T15:56:22.724-05:00: ff
2015-02-17T15:56:22.724-05:00: ff
2015-02-17T15:56:22.724-05:00: ff
2015-02-17T15:56:22.724-05:00: ff
2015-02-17T15:56:22.724-05:00: ff
2015-02-17T15:56:22.724-05:00: ff
2015-02-17T15:56:22.724-05:00: ff
2015-02-17T15:56:22.724-05:00: ff
2015-02-17T15:56:22.724-05:00: ff
2015-02-17T15:56:22.724-05:00: ff
2015-02-17T15:56:22.724-05:00: ff
2015-02-17T15:56:22.724-05:00: ff
2015-02-17T15:56:22.724-05:00: ff
2015-02-17T15:56:22.724-05:00: ff
2015-02-17T15:56:22.724-05:00: ff
2015-02-17T15:56:22.724-05:00: ff
2015-02-17T15:56:22.724-05:00: ff
2015-02-17T15:56:22.724-05:00: ff
2015-02-17T15:56:22.724-05:00: ff
2015-02-17T15:56:22.724-05:00: ff
2015-02-17T15:56:22.739-05:00: ff
2015-02-17T15:56:22.739-05:00: 01
2015-02-17T15:56:22.739-05:00: 00
2015-02-17T15:56:23.192-05:00: a89ea0a89ea0e18ea49eaa9c88e018ffffffffffffffffffffffffffffffffffffffffffffffffffffffffffffffffff0100
2015-02-17T15:56:23.192-05:00: a8
2015-02-17T15:56:23.192-05:00: 9e
2015-02-17T15:56:23.192-05:00: a0
2015-02-17T15:56:23.192-05:00: a8
2015-02-17T15:56:23.192-05:00: 9e
2015-02-17T15:56:23.192-05:00: a0
2015-02-17T15:56:23.192-05:00: e1
2015-02-17T15:56:23.192-05:00: 8e
2015-02-17T15:56:23.192-05:00: a4
2015-02-17T15:56:23.192-05:00: 9e
2015-02-17T15:56:23.192-05:00: aa
2015-02-17T15:56:23.192-05:00: 9c
2015-02-17T15:56:23.192-05:00: 88
2015-02-17T15:56:23.192-05:00: e0
2015-02-17T15:56:23.192-05:00: 18
2015-02-17T15:56:23.192-05:00: ff
2015-02-17T15:56:23.192-05:00: ff
2015-02-17T15:56:23.192-05:00: ff
2015-02-17T15:56:23.192-05:00: ff
2015-02-17T15:56:23.192-05:00: ff
2015-02-17T15:56:23.192-05:00: ff
2015-02-17T15:56:23.192-05:00: ff
2015-02-17T15:56:23.192-05:00: ff
2015-02-17T15:56:23.192-05:00: ff
2015-02-17T15:56:23.192-05:00: ff
2015-02-17T15:56:23.192-05:00: ff
2015-02-17T15:56:23.192-05:00: ff
2015-02-17T15:56:23.208-05:00: ff
2015-02-17T15:56:23.208-05:00: ff
2015-02-17T15:56:23.208-05:00: ff
2015-02-17T15:56:23.208-05:00: ff
2015-02-17T15:56:23.208-05:00: ff
2015-02-17T15:56:23.208-05:00: ff
2015-02-17T15:56:23.208-05:00: ff
2015-02-17T15:56:23.208-05:00: ff
2015-02-17T15:56:23.208-05:00: ff
2015-02-17T15:56:23.208-05:00: ff
2015-02-17T15:56:23.208-05:00: ff
2015-02-17T15:56:23.208-05:00: ff
2015-02-17T15:56:23.208-05:00: ff
2015-02-17T15:56:23.208-05:00: ff
2015-02-17T15:56:23.208-05:00: ff
2015-02-17T15:56:23.208-05:00: ff
2015-02-17T15:56:23.208-05:00: ff
2015-02-17T15:56:23.208-05:00: ff
2015-02-17T15:56:23.208-05:00: ff
2015-02-17T15:56:23.208-05:00: ff
2015-02-17T15:56:23.208-05:00: ff
2015-02-17T15:56:23.208-05:00: 01
2015-02-17T15:56:23.208-05:00: 00
2015-02-17T15:56:23.661-05:00: a89ea0a89ea0e18ea49eaa9c88e018ffffffffffffffffffffffffffffffffffffffffffffffffffffffffffffffffff0100
2015-02-17T15:56:23.661-05:00: a8
2015-02-17T15:56:23.661-05:00: 9e
2015-02-17T15:56:23.661-05:00: a0
2015-02-17T15:56:23.661-05:00: a8
2015-02-17T15:56:23.661-05:00: 9e
2015-02-17T15:56:23.661-05:00: a0
2015-02-17T15:56:23.661-05:00: e1
2015-02-17T15:56:23.661-05:00: 8e
2015-02-17T15:56:23.661-05:00: a4
2015-02-17T15:56:23.661-05:00: 9e
2015-02-17T15:56:23.661-05:00: aa
2015-02-17T15:56:23.661-05:00: 9c
2015-02-17T15:56:23.661-05:00: 88
2015-02-17T15:56:23.661-05:00: e0
2015-02-17T15:56:23.661-05:00: 18
2015-02-17T15:56:23.661-05:00: ff
2015-02-17T15:56:23.661-05:00: ff
2015-02-17T15:56:23.661-05:00: ff
2015-02-17T15:56:23.661-05:00: ff
2015-02-17T15:56:23.661-05:00: ff
2015-02-17T15:56:23.661-05:00: ff
2015-02-17T15:56:23.661-05:00: ff
2015-02-17T15:56:23.661-05:00: ff
2015-02-17T15:56:23.661-05:00: ff
2015-02-17T15:56:23.661-05:00: ff
2015-02-17T15:56:23.661-05:00: ff
2015-02-17T15:56:23.661-05:00: ff
2015-02-17T15:56:23.661-05:00: ff
2015-02-17T15:56:23.661-05:00: ff
2015-02-17T15:56:23.661-05:00: ff
2015-02-17T15:56:23.661-05:00: ff
2015-02-17T15:56:23.661-05:00: ff
2015-02-17T15:56:23.661-05:00: ff
2015-02-17T15:56:23.661-05:00: ff
2015-02-17T15:56:23.661-05:00: ff
2015-02-17T15:56:23.661-05:00: ff
2015-02-17T15:56:23.661-05:00: ff
2015-02-17T15:56:23.661-05:00: ff
2015-02-17T15:56:23.661-05:00: ff
2015-02-17T15:56:23.661-05:00: ff
2015-02-17T15:56:23.661-05:00: ff
2015-02-17T15:56:23.677-05:00: ff
2015-02-17T15:56:23.677-05:00: ff
2015-02-17T15:56:23.677-05:00: ff
2015-02-17T15:56:23.677-05:00: ff
2015-02-17T15:56:23.677-05:00: ff
2015-02-17T15:56:23.677-05:00: ff
2015-02-17T15:56:23.677-05:00: ff
2015-02-17T15:56:23.677-05:00: 01
2015-02-17T15:56:23.677-05:00: 00
2015-02-17T15:56:23.708-05:00: 3f WAIT 
2015-02-17T15:56:23.708-05:00: ?3b WAIT 
2015-02-17T15:56:23.708-05:00: ;a89ea0a89ea0e18ea49eaa9c88e018ffffffffffffffffffffffffffffffffffffffffffffffffffffffffffffffffff0100
2015-02-17T15:56:24.145-05:00: a8
2015-02-17T15:56:24.145-05:00: 9e
2015-02-17T15:56:24.145-05:00: a0
2015-02-17T15:56:24.145-05:00: a8
2015-02-17T15:56:24.145-05:00: 9e
2015-02-17T15:56:24.145-05:00: a0
2015-02-17T15:56:24.145-05:00: e1
2015-02-17T15:56:24.145-05:00: 8e
2015-02-17T15:56:24.145-05:00: a4
2015-02-17T15:56:24.145-05:00: 9e
2015-02-17T15:56:24.145-05:00: aa
2015-02-17T15:56:24.145-05:00: 9c
2015-02-17T15:56:24.145-05:00: 88
2015-02-17T15:56:24.145-05:00: e0
2015-02-17T15:56:24.145-05:00: 18
2015-02-17T15:56:24.145-05:00: ff
2015-02-17T15:56:24.145-05:00: ff
2015-02-17T15:56:24.145-05:00: ff
2015-02-17T15:56:24.145-05:00: ff
2015-02-17T15:56:24.145-05:00: ff
2015-02-17T15:56:24.145-05:00: ff
2015-02-17T15:56:24.145-05:00: ff
2015-02-17T15:56:24.145-05:00: ff
2015-02-17T15:56:24.145-05:00: ff
2015-02-17T15:56:24.145-05:00: ff
2015-02-17T15:56:24.145-05:00: ff
2015-02-17T15:56:24.145-05:00: ff
2015-02-17T15:56:24.145-05:00: ff
2015-02-17T15:56:24.145-05:00: ff
2015-02-17T15:56:24.145-05:00: ff
2015-02-17T15:56:24.145-05:00: ff
2015-02-17T15:56:24.145-05:00: ff
2015-02-17T15:56:24.145-05:00: ff
2015-02-17T15:56:24.145-05:00: ff
2015-02-17T15:56:24.145-05:00: ff
2015-02-17T15:56:24.145-05:00: ff
2015-02-17T15:56:24.145-05:00: ff
2015-02-17T15:56:24.145-05:00: ff
2015-02-17T15:56:24.145-05:00: ff
2015-02-17T15:56:24.145-05:00: ff
2015-02-17T15:56:24.145-05:00: ff
2015-02-17T15:56:24.145-05:00: ff
2015-02-17T15:56:24.145-05:00: ff
2015-02-17T15:56:24.145-05:00: ff
2015-02-17T15:56:24.161-05:00: ff
2015-02-17T15:56:24.161-05:00: ff
2015-02-17T15:56:24.161-05:00: ff
2015-02-17T15:56:24.161-05:00: ff
2015-02-17T15:56:24.161-05:00: 01
2015-02-17T15:56:24.161-05:00: 00
2015-02-17T15:56:24.599-05:00: a89ea0a89ea0e18ea49eaa9c88e018ffffffffffffffffffffffffffffffffffffffffffffffffffffffffffffffffff0100
2015-02-17T15:56:24.630-05:00: a8
2015-02-17T15:56:24.630-05:00: 9e
2015-02-17T15:56:24.630-05:00: a0
2015-02-17T15:56:24.630-05:00: a8
2015-02-17T15:56:24.630-05:00: 9e
2015-02-17T15:56:24.630-05:00: a0
2015-02-17T15:56:24.630-05:00: e1
2015-02-17T15:56:24.630-05:00: 8e
2015-02-17T15:56:24.630-05:00: a4
2015-02-17T15:56:24.630-05:00: 9e
2015-02-17T15:56:24.630-05:00: aa
2015-02-17T15:56:24.630-05:00: 9c
2015-02-17T15:56:24.630-05:00: 88
2015-02-17T15:56:24.630-05:00: e0
2015-02-17T15:56:24.630-05:00: 18
2015-02-17T15:56:24.630-05:00: ff
2015-02-17T15:56:24.630-05:00: ff
2015-02-17T15:56:24.630-05:00: ff
2015-02-17T15:56:24.630-05:00: ff
2015-02-17T15:56:24.630-05:00: ff
2015-02-17T15:56:24.630-05:00: ff
2015-02-17T15:56:24.630-05:00: ff
2015-02-17T15:56:24.630-05:00: ff
2015-02-17T15:56:24.630-05:00: ff
2015-02-17T15:56:24.630-05:00: ff
2015-02-17T15:56:24.630-05:00: ff
2015-02-17T15:56:24.630-05:00: ff
2015-02-17T15:56:24.630-05:00: ff
2015-02-17T15:56:24.630-05:00: ff
2015-02-17T15:56:24.630-05:00: ff
2015-02-17T15:56:24.630-05:00: ff
2015-02-17T15:56:24.630-05:00: ff
2015-02-17T15:56:24.630-05:00: ff
2015-02-17T15:56:24.630-05:00: ff
2015-02-17T15:56:24.630-05:00: ff
2015-02-17T15:56:24.630-05:00: ff
2015-02-17T15:56:24.645-05:00: ff
2015-02-17T15:56:24.645-05:00: ff
2015-02-17T15:56:24.645-05:00: ff
2015-02-17T15:56:24.645-05:00: ff
2015-02-17T15:56:24.645-05:00: ff
2015-02-17T15:56:24.645-05:00: ff
2015-02-17T15:56:24.645-05:00: ff
2015-02-17T15:56:24.645-05:00: ff
2015-02-17T15:56:24.645-05:00: ff
2015-02-17T15:56:24.645-05:00: ff
2015-02-17T15:56:24.645-05:00: ff
2015-02-17T15:56:24.645-05:00: ff
2015-02-17T15:56:24.645-05:00: 01
2015-02-17T15:56:24.645-05:00: 00
2015-02-17T15:56:25.099-05:00: a89ea0a89ea0e18ea49eaa9c88e018ffffffffffffffffffffffffffffffffffffffffffffffffffffffffffffffffff0100
2015-02-17T15:56:25.099-05:00: a8
2015-02-17T15:56:25.099-05:00: 9e
2015-02-17T15:56:25.099-05:00: a0
2015-02-17T15:56:25.099-05:00: a8
2015-02-17T15:56:25.099-05:00: 9e
2015-02-17T15:56:25.099-05:00: a0
2015-02-17T15:56:25.099-05:00: e1
2015-02-17T15:56:25.099-05:00: 8e
2015-02-17T15:56:25.099-05:00: a4
2015-02-17T15:56:25.099-05:00: 9e
2015-02-17T15:56:25.099-05:00: aa
2015-02-17T15:56:25.099-05:00: 9c
2015-02-17T15:56:25.099-05:00: 88
2015-02-17T15:56:25.099-05:00: e0
2015-02-17T15:56:25.099-05:00: 18
2015-02-17T15:56:25.114-05:00: ff
2015-02-17T15:56:25.114-05:00: ff
2015-02-17T15:56:25.114-05:00: ff
2015-02-17T15:56:25.114-05:00: ff
2015-02-17T15:56:25.114-05:00: ff
2015-02-17T15:56:25.114-05:00: ff
2015-02-17T15:56:25.114-05:00: ff
2015-02-17T15:56:25.114-05:00: ff
2015-02-17T15:56:25.114-05:00: ff
2015-02-17T15:56:25.114-05:00: ff
2015-02-17T15:56:25.114-05:00: ff
2015-02-17T15:56:25.114-05:00: ff
2015-02-17T15:56:25.114-05:00: ff
2015-02-17T15:56:25.114-05:00: ff
2015-02-17T15:56:25.114-05:00: ff
2015-02-17T15:56:25.114-05:00: ff
2015-02-17T15:56:25.114-05:00: ff
2015-02-17T15:56:25.114-05:00: ff
2015-02-17T15:56:25.114-05:00: ff
2015-02-17T15:56:25.114-05:00: ff
2015-02-17T15:56:25.114-05:00: ff
2015-02-17T15:56:25.114-05:00: ff
2015-02-17T15:56:25.114-05:00: ff
2015-02-17T15:56:25.114-05:00: ff
2015-02-17T15:56:25.114-05:00: ff
2015-02-17T15:56:25.114-05:00: ff
2015-02-17T15:56:25.114-05:00: ff
2015-02-17T15:56:25.114-05:00: ff
2015-02-17T15:56:25.114-05:00: ff
2015-02-17T15:56:25.114-05:00: ff
2015-02-17T15:56:25.114-05:00: ff
2015-02-17T15:56:25.114-05:00: ff
2015-02-17T15:56:25.114-05:00: ff
2015-02-17T15:56:25.114-05:00: 01
2015-02-17T15:56:25.114-05:00: 00
2015-02-17T15:56:25.145-05:00: 3f WAIT 
2015-02-17T15:56:25.145-05:00: ?3b WAIT 
2015-02-17T15:56:25.145-05:00: ;