2015-02-09T15:02:51.803-05:00: Stable Library
2015-02-09T15:02:51.803-05:00: =========================================
2015-02-09T15:02:51.803-05:00: Native lib Version = RXTX-2.1-7
2015-02-09T15:02:51.803-05:00: Java lib Version   = RXTX-2.1-7
2015-02-09T15:03:02.350-05:00: Sending to TS-2000: SQ0050;
2015-02-09T15:03:02.350-05:00: Sending to TS-2000: DC;
2015-02-09T15:03:02.350-05:00: Sending to TS-2000: AG0155;
2015-02-09T15:03:02.366-05:00: Sending to TS-2000: FR;
2015-02-09T15:03:02.366-05:00: Sending to TS-2000: AG;
2015-02-09T15:03:02.366-05:00: Sending to TS-2000: FT;
2015-02-09T15:03:02.381-05:00: Sending to TS-2000: RG255;
2015-02-09T15:03:02.381-05:00: Sending to TS-2000: RG;
2015-02-09T15:03:02.381-05:00: Sending to TS-2000: FA;
2015-02-09T15:03:02.381-05:00: Sending to TS-2000: FR0;
2015-02-09T15:03:02.397-05:00: Sending to TS-2000: FR;
2015-02-09T15:03:02.397-05:00: Sending to TS-2000: FT1;
2015-02-09T15:03:02.397-05:00: Sending to TS-2000: FB;
2015-02-09T15:03:02.397-05:00: Sending to TS-2000: FT;
2015-02-09T15:03:02.412-05:00: Sending to TS-2000: FC;
2015-02-09T15:03:02.412-05:00: Sending to TS-2000: MD4;
2015-02-09T15:03:02.412-05:00: Sending to TS-2000: MD;
2015-02-09T15:03:02.412-05:00: Sending to TS-2000: MD;
2015-02-09T15:03:02.412-05:00: Sending to TS-2000: BY;
2015-02-09T15:03:02.428-05:00: Sending to TS-2000: FR1;
2015-02-09T15:03:02.428-05:00: Sending to TS-2000: SM0;
2015-02-09T15:03:02.428-05:00: Sending to TS-2000: FR;
2015-02-09T15:03:02.444-05:00: Sending to TS-2000: FT0;
2015-02-09T15:03:02.444-05:00: Sending to TS-2000: FT;
2015-02-09T15:03:02.444-05:00: Sending to TS-2000: MD4;
2015-02-09T15:03:02.444-05:00: Sending to TS-2000: MD;
2015-02-09T15:03:02.444-05:00: Sending to TS-2000: SQ0050;
2015-02-09T15:03:02.459-05:00: Sending to TS-2000: AG0155;
2015-02-09T15:03:02.459-05:00: Sending to TS-2000: AG;
2015-02-09T15:03:12.350-05:00: Sending to TS-2000: DC;
2015-02-09T15:03:12.350-05:00: Sending to TS-2000: FR;
2015-02-09T15:03:12.366-05:00: Sending to TS-2000: FT;
2015-02-09T15:03:12.366-05:00: Sending to TS-2000: FA;
2015-02-09T15:03:12.366-05:00: Sending to TS-2000: FB;
2015-02-09T15:03:12.366-05:00: Sending to TS-2000: FC;
2015-02-09T15:03:12.366-05:00: Sending to TS-2000: MD;
2015-02-09T15:03:12.381-05:00: Sending to TS-2000: BY;
2015-02-09T15:03:12.381-05:00: Sending to TS-2000: SM0;
2015-02-09T15:03:15.428-05:00: Sending to TS-2000: FR0;
2015-02-09T15:03:15.428-05:00: Sending to TS-2000: FR;
2015-02-09T15:03:15.428-05:00: Sending to TS-2000: FT1;
2015-02-09T15:03:15.428-05:00: Sending to TS-2000: FT;
2015-02-09T15:03:15.444-05:00: Sending to TS-2000: FB00437405000;
2015-02-09T15:03:15.444-05:00: Sending to TS-2000: FB;
2015-02-09T15:03:15.459-05:00: Sending to TS-2000: FA00437405000;
2015-02-09T15:03:15.459-05:00: Sending to TS-2000: FA;
2015-02-09T15:03:22.350-05:00: Sending to TS-2000: DC;
2015-02-09T15:03:22.350-05:00: Sending to TS-2000: FR;
2015-02-09T15:03:22.350-05:00: Sending to TS-2000: FT;
2015-02-09T15:03:22.350-05:00: Sending to TS-2000: FA;
2015-02-09T15:03:22.366-05:00: Sending to TS-2000: FB;
2015-02-09T15:03:22.366-05:00: Sending to TS-2000: FC;
2015-02-09T15:03:22.366-05:00: Sending to TS-2000: MD;
2015-02-09T15:03:22.366-05:00: Sending to TS-2000: BY;
2015-02-09T15:03:22.366-05:00: Sending to TS-2000: SM0;
2015-02-09T15:03:26.772-05:00: Sending to TS-2000: FR0;
2015-02-09T15:03:26.772-05:00: Sending to TS-2000: FR;
2015-02-09T15:03:26.787-05:00: Sending to TS-2000: FT1;
2015-02-09T15:03:26.787-05:00: Sending to TS-2000: FT;
2015-02-09T15:03:26.787-05:00: Sending to TS-2000: FB00437406000;
2015-02-09T15:03:26.787-05:00: Sending to TS-2000: FB;
2015-02-09T15:03:26.803-05:00: Sending to TS-2000: FA00437406000;
2015-02-09T15:03:26.819-05:00: Sending to TS-2000: FA;
2015-02-09T15:03:27.834-05:00: Sending to TS-2000: FR0;
2015-02-09T15:03:27.834-05:00: Sending to TS-2000: FR;
2015-02-09T15:03:27.834-05:00: Sending to TS-2000: FT1;
2015-02-09T15:03:27.834-05:00: Sending to TS-2000: FT;
2015-02-09T15:03:27.850-05:00: Sending to TS-2000: FB00437406000;
2015-02-09T15:03:27.850-05:00: Sending to TS-2000: FB;
2015-02-09T15:03:27.866-05:00: Sending to TS-2000: FA00437406000;
2015-02-09T15:03:27.866-05:00: Sending to TS-2000: FA;
2015-02-09T15:03:28.272-05:00: Sending to TS-2000: FR0;
2015-02-09T15:03:28.272-05:00: Sending to TS-2000: FR;
2015-02-09T15:03:28.272-05:00: Sending to TS-2000: FT1;
2015-02-09T15:03:28.272-05:00: Sending to TS-2000: FT;
2015-02-09T15:03:28.287-05:00: Sending to TS-2000: FB00437406000;
2015-02-09T15:03:28.287-05:00: Sending to TS-2000: FB;
2015-02-09T15:03:28.303-05:00: Sending to TS-2000: FA00437406000;
2015-02-09T15:03:28.303-05:00: Sending to TS-2000: FA;
2015-02-09T15:03:28.725-05:00: Sending to TS-2000: FR0;
2015-02-09T15:03:28.725-05:00: Sending to TS-2000: FR;
2015-02-09T15:03:28.725-05:00: Sending to TS-2000: FT1;
2015-02-09T15:03:28.741-05:00: Sending to TS-2000: FT;
2015-02-09T15:03:28.741-05:00: Sending to TS-2000: FB00437406000;
2015-02-09T15:03:28.741-05:00: Sending to TS-2000: FB;
2015-02-09T15:03:28.756-05:00: Sending to TS-2000: FA00437406000;
2015-02-09T15:03:28.756-05:00: Sending to TS-2000: FA;
2015-02-09T15:03:29.209-05:00: Sending to TS-2000: FR0;
2015-02-09T15:03:29.209-05:00: Sending to TS-2000: FR;
2015-02-09T15:03:29.209-05:00: Sending to TS-2000: FT1;
2015-02-09T15:03:29.225-05:00: Sending to TS-2000: FT;
2015-02-09T15:03:29.225-05:00: Sending to TS-2000: FB00437406000;
2015-02-09T15:03:29.225-05:00: Sending to TS-2000: FB;
2015-02-09T15:03:29.241-05:00: Sending to TS-2000: FA00437406000;
2015-02-09T15:03:29.241-05:00: Sending to TS-2000: FA;
2015-02-09T15:03:29.647-05:00: Sending to TS-2000: FR0;
2015-02-09T15:03:29.647-05:00: Sending to TS-2000: FR;
2015-02-09T15:03:29.662-05:00: Sending to TS-2000: FT1;
2015-02-09T15:03:29.662-05:00: Sending to TS-2000: FT;
2015-02-09T15:03:29.662-05:00: Sending to TS-2000: FB00437406000;
2015-02-09T15:03:29.662-05:00: Sending to TS-2000: FB;
2015-02-09T15:03:29.678-05:00: Sending to TS-2000: FA00437406000;
2015-02-09T15:03:29.678-05:00: Sending to TS-2000: FA;
2015-02-09T15:03:32.350-05:00: Sending to TS-2000: DC;
2015-02-09T15:03:32.350-05:00: Sending to TS-2000: FR;
2015-02-09T15:03:32.350-05:00: Sending to TS-2000: FT;
2015-02-09T15:03:32.350-05:00: Sending to TS-2000: FA;
2015-02-09T15:03:32.350-05:00: Sending to TS-2000: FB;
2015-02-09T15:03:32.350-05:00: Sending to TS-2000: FC;
2015-02-09T15:03:32.366-05:00: Sending to TS-2000: MD;
2015-02-09T15:03:32.366-05:00: Sending to TS-2000: BY;
2015-02-09T15:03:32.366-05:00: Sending to TS-2000: SM0;
